0, 0, 0.700, 0.504
0, 1, 0.695, 0.515
0, 2, 0.689, 0.541
0, 3, 0.685, 0.544
0, 4, 0.680, 0.567
0, 5, 0.680, 0.563
0, 6, 0.677, 0.567
0, 7, 0.673, 0.579
0, 8, 0.672, 0.575
0, 9, 0.669, 0.585
0, 10, 0.665, 0.591
0, 11, 0.662, 0.596
0, 12, 0.661, 0.594
0, 13, 0.660, 0.588
0, 14, 0.657, 0.599
0, 15, 0.653, 0.611
0, 16, 0.652, 0.610
0, 17, 0.649, 0.614
0, 18, 0.646, 0.619
0, 19, 0.644, 0.625
0, 20, 0.640, 0.624
0, 21, 0.637, 0.628
0, 22, 0.637, 0.632
0, 23, 0.634, 0.635
0, 24, 0.630, 0.638
0, 25, 0.633, 0.638
0, 26, 0.625, 0.648
0, 27, 0.626, 0.649
0, 28, 0.621, 0.656
0, 29, 0.625, 0.648
0, 30, 0.619, 0.654
0, 31, 0.614, 0.657
0, 32, 0.617, 0.657
0, 33, 0.612, 0.663
0, 34, 0.609, 0.668
0, 35, 0.608, 0.671
0, 36, 0.604, 0.676
0, 37, 0.600, 0.680
0, 38, 0.601, 0.677
0, 39, 0.600, 0.679
0, 40, 0.599, 0.678
0, 41, 0.595, 0.684
0, 42, 0.598, 0.677
0, 43, 0.592, 0.688
0, 44, 0.589, 0.690
0, 45, 0.585, 0.694
0, 46, 0.585, 0.692
0, 47, 0.583, 0.695
0, 48, 0.581, 0.693
0, 49, 0.580, 0.697
0, 50, 0.578, 0.701
0, 51, 0.578, 0.700
0, 52, 0.579, 0.697
0, 53, 0.570, 0.707
0, 54, 0.569, 0.713
0, 55, 0.565, 0.714
0, 56, 0.565, 0.712
0, 57, 0.563, 0.715
0, 58, 0.567, 0.709
0, 59, 0.563, 0.714
0, 60, 0.562, 0.716
0, 61, 0.559, 0.716
0, 62, 0.558, 0.719
0, 63, 0.556, 0.721
0, 64, 0.557, 0.715
0, 65, 0.552, 0.720
0, 66, 0.551, 0.725
0, 67, 0.549, 0.727
0, 68, 0.551, 0.723
0, 69, 0.546, 0.727
0, 70, 0.541, 0.731
0, 71, 0.542, 0.731
0, 72, 0.539, 0.735
0, 73, 0.538, 0.734
0, 74, 0.539, 0.736
0, 75, 0.535, 0.739
0, 76, 0.535, 0.736
0, 77, 0.534, 0.737
0, 78, 0.534, 0.736
0, 79, 0.531, 0.739
0, 80, 0.531, 0.735
0, 81, 0.523, 0.745
0, 82, 0.526, 0.741
0, 83, 0.524, 0.745
0, 84, 0.523, 0.745
0, 85, 0.520, 0.748
0, 86, 0.520, 0.747
0, 87, 0.517, 0.751
0, 88, 0.519, 0.747
0, 89, 0.515, 0.749
0, 90, 0.517, 0.749
0, 91, 0.515, 0.752
0, 92, 0.514, 0.751
0, 93, 0.512, 0.752
0, 94, 0.512, 0.754
0, 95, 0.509, 0.755
0, 96, 0.508, 0.756
0, 97, 0.507, 0.752
0, 98, 0.503, 0.759
0, 99, 0.500, 0.760
0, 100, 0.500, 0.761
0, 101, 0.499, 0.759
0, 102, 0.499, 0.761
0, 103, 0.495, 0.763
0, 104, 0.499, 0.762
0, 105, 0.492, 0.765
0, 106, 0.497, 0.762
0, 107, 0.493, 0.769
0, 108, 0.495, 0.763
0, 109, 0.494, 0.762
0, 110, 0.491, 0.766
0, 111, 0.488, 0.771
0, 112, 0.485, 0.771
0, 113, 0.485, 0.771
0, 114, 0.487, 0.769
0, 115, 0.481, 0.773
0, 116, 0.483, 0.772
0, 117, 0.480, 0.775
0, 118, 0.479, 0.775
0, 119, 0.480, 0.775
0, 120, 0.473, 0.781
0, 121, 0.479, 0.773
0, 122, 0.477, 0.778
0, 123, 0.476, 0.776
0, 124, 0.474, 0.777
0, 125, 0.471, 0.780
0, 126, 0.468, 0.786
0, 127, 0.474, 0.778
0, 128, 0.473, 0.779
0, 129, 0.461, 0.789
0, 130, 0.471, 0.781
0, 131, 0.459, 0.789
0, 132, 0.465, 0.786
0, 133, 0.459, 0.789
0, 134, 0.463, 0.784
0, 135, 0.459, 0.787
0, 136, 0.464, 0.787
0, 137, 0.464, 0.783
0, 138, 0.459, 0.788
0, 139, 0.455, 0.792
0, 140, 0.454, 0.791
0, 141, 0.453, 0.793
0, 142, 0.453, 0.793
0, 143, 0.459, 0.791
0, 144, 0.454, 0.790
0, 145, 0.449, 0.795
0, 146, 0.451, 0.793
0, 147, 0.448, 0.797
0, 148, 0.446, 0.798
0, 149, 0.446, 0.797
0, 150, 0.446, 0.796
0, 151, 0.452, 0.794
0, 152, 0.444, 0.800
0, 153, 0.441, 0.801
0, 154, 0.435, 0.806
0, 155, 0.436, 0.805
0, 156, 0.432, 0.805
0, 157, 0.436, 0.802
0, 158, 0.442, 0.798
0, 159, 0.441, 0.798
0, 160, 0.433, 0.803
0, 161, 0.431, 0.806
0, 162, 0.430, 0.807
0, 163, 0.431, 0.803
0, 164, 0.432, 0.806
0, 165, 0.431, 0.805
0, 166, 0.426, 0.809
0, 167, 0.429, 0.806
0, 168, 0.428, 0.809
0, 169, 0.420, 0.811
0, 170, 0.423, 0.810
0, 171, 0.417, 0.813
0, 172, 0.429, 0.806
0, 173, 0.420, 0.812
0, 174, 0.417, 0.814
0, 175, 0.415, 0.815
0, 176, 0.431, 0.803
0, 177, 0.413, 0.817
0, 178, 0.420, 0.810
0, 179, 0.414, 0.816
0, 180, 0.413, 0.816
0, 181, 0.407, 0.823
0, 182, 0.415, 0.815
0, 183, 0.410, 0.818
0, 184, 0.404, 0.823
0, 185, 0.405, 0.820
0, 186, 0.410, 0.818
0, 187, 0.408, 0.820
0, 188, 0.407, 0.819
0, 189, 0.413, 0.815
0, 190, 0.403, 0.823
0, 191, 0.406, 0.822
0, 192, 0.410, 0.818
0, 193, 0.406, 0.818
0, 194, 0.406, 0.818
0, 195, 0.406, 0.819
0, 196, 0.407, 0.819
0, 197, 0.399, 0.824
0, 198, 0.391, 0.829
0, 199, 0.412, 0.815
0, 200, 0.406, 0.820
0, 201, 0.398, 0.826
0, 202, 0.401, 0.822
0, 203, 0.403, 0.820
0, 204, 0.400, 0.823
0, 205, 0.404, 0.818
0, 206, 0.392, 0.829
0, 207, 0.393, 0.828
0, 208, 0.403, 0.821
0, 209, 0.389, 0.830
0, 210, 0.398, 0.822
0, 211, 0.398, 0.822
0, 212, 0.392, 0.827
0, 213, 0.381, 0.836
0, 214, 0.394, 0.826
0, 215, 0.385, 0.831
0, 216, 0.388, 0.830
0, 217, 0.387, 0.829
0, 218, 0.382, 0.833
0, 219, 0.392, 0.823
0, 220, 0.375, 0.835
0, 221, 0.378, 0.833
0, 222, 0.390, 0.826
0, 223, 0.387, 0.830
0, 224, 0.401, 0.820
0, 225, 0.395, 0.822
0, 226, 0.393, 0.823
0, 227, 0.385, 0.831
0, 228, 0.392, 0.824
0, 229, 0.378, 0.835
0, 230, 0.399, 0.821
0, 231, 0.383, 0.830
0, 232, 0.393, 0.825
0, 233, 0.380, 0.834
0, 234, 0.378, 0.833
0, 235, 0.386, 0.830
0, 236, 0.387, 0.828
0, 237, 0.391, 0.826
0, 238, 0.380, 0.831
0, 239, 0.389, 0.827
0, 240, 0.382, 0.831
0, 241, 0.386, 0.829
0, 242, 0.383, 0.830
0, 243, 0.377, 0.833
0, 244, 0.383, 0.830
0, 245, 0.376, 0.834
0, 246, 0.380, 0.831
0, 247, 0.371, 0.838
0, 248, 0.387, 0.827
0, 249, 0.369, 0.838
0, 250, 0.369, 0.839
0, 251, 0.372, 0.836
0, 252, 0.383, 0.831
0, 253, 0.382, 0.831
0, 254, 0.361, 0.842
0, 255, 0.371, 0.837
0, 256, 0.373, 0.837
0, 257, 0.375, 0.834
0, 258, 0.379, 0.832
0, 259, 0.376, 0.835
0, 260, 0.370, 0.838
0, 261, 0.372, 0.838
0, 262, 0.388, 0.827
0, 263, 0.387, 0.825
0, 264, 0.366, 0.839
0, 265, 0.369, 0.838
0, 266, 0.378, 0.832
0, 267, 0.368, 0.839
0, 268, 0.373, 0.836
0, 269, 0.357, 0.845
0, 270, 0.370, 0.836
0, 271, 0.366, 0.841
0, 272, 0.363, 0.840
0, 273, 0.370, 0.836
0, 274, 0.373, 0.835
0, 275, 0.365, 0.840
0, 276, 0.365, 0.839
0, 277, 0.361, 0.842
0, 278, 0.377, 0.832
0, 279, 0.371, 0.837
0, 280, 0.365, 0.840
0, 281, 0.354, 0.847
0, 282, 0.378, 0.832
0, 283, 0.380, 0.831
0, 284, 0.376, 0.832
0, 285, 0.362, 0.841
0, 286, 0.357, 0.844
0, 287, 0.380, 0.831
0, 288, 0.374, 0.832
0, 289, 0.367, 0.838
0, 290, 0.369, 0.836
0, 291, 0.372, 0.836
0, 292, 0.371, 0.835
0, 293, 0.372, 0.836
0, 294, 0.367, 0.836
0, 295, 0.368, 0.836
0, 296, 0.368, 0.836
0, 297, 0.362, 0.841
0, 298, 0.351, 0.848
0, 299, 0.360, 0.841
0, 300, 0.382, 0.831
0, 301, 0.356, 0.846
0, 302, 0.361, 0.840
0, 303, 0.358, 0.844
0, 304, 0.371, 0.836
0, 305, 0.364, 0.839
0, 306, 0.358, 0.845
0, 307, 0.362, 0.841
0, 308, 0.372, 0.835
0, 309, 0.360, 0.841
0, 310, 0.368, 0.837
0, 311, 0.366, 0.837
0, 312, 0.381, 0.829
0, 313, 0.374, 0.833
0, 314, 0.367, 0.837
0, 315, 0.354, 0.846
0, 316, 0.369, 0.835
0, 317, 0.361, 0.841
0, 318, 0.372, 0.835
0, 319, 0.365, 0.839
0, 320, 0.366, 0.839
0, 321, 0.369, 0.838
0, 322, 0.368, 0.836
0, 323, 0.367, 0.836
0, 324, 0.365, 0.839
0, 325, 0.355, 0.845
0, 326, 0.369, 0.838
0, 327, 0.360, 0.842
0, 328, 0.361, 0.840
0, 329, 0.358, 0.842
0, 330, 0.369, 0.837
0, 331, 0.360, 0.842
0, 332, 0.359, 0.841
0, 333, 0.364, 0.839
0, 334, 0.356, 0.844
0, 335, 0.363, 0.840
0, 336, 0.374, 0.832
0, 337, 0.364, 0.839
0, 338, 0.354, 0.845
0, 339, 0.358, 0.842
0, 340, 0.363, 0.840
0, 341, 0.355, 0.846
0, 342, 0.364, 0.838
0, 343, 0.348, 0.849
0, 344, 0.353, 0.846
0, 345, 0.361, 0.840
0, 346, 0.361, 0.842
0, 347, 0.356, 0.844
0, 348, 0.351, 0.847
0, 349, 0.347, 0.849
0, 350, 0.373, 0.834
0, 351, 0.367, 0.837
0, 352, 0.362, 0.842
0, 353, 0.362, 0.840
0, 354, 0.346, 0.848
0, 355, 0.344, 0.850
0, 356, 0.352, 0.845
0, 357, 0.361, 0.840
0, 358, 0.360, 0.841
0, 359, 0.360, 0.840
0, 360, 0.352, 0.847
0, 361, 0.355, 0.845
0, 362, 0.357, 0.843
0, 363, 0.364, 0.838
0, 364, 0.360, 0.842
0, 365, 0.359, 0.844
0, 366, 0.356, 0.842
0, 367, 0.350, 0.845
0, 368, 0.341, 0.851
0, 369, 0.340, 0.854
0, 370, 0.355, 0.846
0, 371, 0.345, 0.848
0, 372, 0.350, 0.846
0, 373, 0.361, 0.840
0, 374, 0.350, 0.848
0, 375, 0.352, 0.843
0, 376, 0.344, 0.851
0, 377, 0.345, 0.849
0, 378, 0.355, 0.843
0, 379, 0.356, 0.843
0, 380, 0.352, 0.846
0, 381, 0.352, 0.847
0, 382, 0.372, 0.833
0, 383, 0.358, 0.841
0, 384, 0.349, 0.847
0, 385, 0.342, 0.850
0, 386, 0.365, 0.839
0, 387, 0.350, 0.848
0, 388, 0.351, 0.847
0, 389, 0.354, 0.844
0, 390, 0.362, 0.842
0, 391, 0.360, 0.842
0, 392, 0.356, 0.843
0, 393, 0.350, 0.845
0, 394, 0.346, 0.848
0, 395, 0.342, 0.850
0, 396, 0.342, 0.852
0, 397, 0.353, 0.844
0, 398, 0.360, 0.839
0, 399, 0.350, 0.847
0, 400, 0.350, 0.847
0, 401, 0.345, 0.848
0, 402, 0.345, 0.849
0, 403, 0.353, 0.845
0, 404, 0.352, 0.844
0, 405, 0.357, 0.841
0, 406, 0.359, 0.841
0, 407, 0.352, 0.844
0, 408, 0.344, 0.847
0, 409, 0.352, 0.848
0, 410, 0.349, 0.846
0, 411, 0.348, 0.848
0, 412, 0.345, 0.849
0, 413, 0.341, 0.851
0, 414, 0.363, 0.839
0, 415, 0.359, 0.842
0, 416, 0.350, 0.846
0, 417, 0.350, 0.845
0, 418, 0.344, 0.849
0, 419, 0.346, 0.847
0, 420, 0.373, 0.834
0, 421, 0.358, 0.841
0, 422, 0.352, 0.843
0, 423, 0.355, 0.844
0, 424, 0.348, 0.847
0, 425, 0.365, 0.836
0, 426, 0.349, 0.847
0, 427, 0.353, 0.845
0, 428, 0.355, 0.844
0, 429, 0.354, 0.844
0, 430, 0.350, 0.848
0, 431, 0.350, 0.846
0, 432, 0.352, 0.846
0, 433, 0.348, 0.848
0, 434, 0.345, 0.849
0, 435, 0.352, 0.847
0, 436, 0.351, 0.845
0, 437, 0.352, 0.845
0, 438, 0.352, 0.846
0, 439, 0.349, 0.847
0, 440, 0.359, 0.841
0, 441, 0.353, 0.846
0, 442, 0.338, 0.854
0, 443, 0.346, 0.847
0, 444, 0.352, 0.844
0, 445, 0.351, 0.847
0, 446, 0.347, 0.849
0, 447, 0.336, 0.854
0, 448, 0.341, 0.851
0, 449, 0.361, 0.838
0, 450, 0.353, 0.844
0, 451, 0.357, 0.842
0, 452, 0.331, 0.855
0, 453, 0.352, 0.844
0, 454, 0.346, 0.848
0, 455, 0.358, 0.842
0, 456, 0.340, 0.853
0, 457, 0.346, 0.849
0, 458, 0.355, 0.843
0, 459, 0.353, 0.844
0, 460, 0.345, 0.849
0, 461, 0.352, 0.846
0, 462, 0.344, 0.850
0, 463, 0.351, 0.843
0, 464, 0.330, 0.856
0, 465, 0.354, 0.845
0, 466, 0.348, 0.847
0, 467, 0.356, 0.843
0, 468, 0.344, 0.850
0, 469, 0.345, 0.852
0, 470, 0.360, 0.840
0, 471, 0.337, 0.854
0, 472, 0.339, 0.851
0, 473, 0.354, 0.844
0, 474, 0.340, 0.850
0, 475, 0.351, 0.844
0, 476, 0.352, 0.843
0, 477, 0.345, 0.846
0, 478, 0.342, 0.850
0, 479, 0.349, 0.847
0, 480, 0.353, 0.846
0, 481, 0.343, 0.850
0, 482, 0.355, 0.842
0, 483, 0.349, 0.847
0, 484, 0.355, 0.844
0, 485, 0.342, 0.850
0, 486, 0.337, 0.854
0, 487, 0.336, 0.854
0, 488, 0.346, 0.850
0, 489, 0.346, 0.848
0, 490, 0.354, 0.843
0, 491, 0.331, 0.856
0, 492, 0.342, 0.851
0, 493, 0.337, 0.854
0, 494, 0.341, 0.850
0, 495, 0.361, 0.840
0, 496, 0.347, 0.848
0, 497, 0.341, 0.851
0, 498, 0.343, 0.848
0, 499, 0.356, 0.843
0, 500, 0.348, 0.847
0, 501, 0.350, 0.848
0, 502, 0.345, 0.848
0, 503, 0.352, 0.845
0, 504, 0.361, 0.840
0, 505, 0.342, 0.851
0, 506, 0.333, 0.854
0, 507, 0.351, 0.845
0, 508, 0.345, 0.848
0, 509, 0.348, 0.848
0, 510, 0.343, 0.850
0, 511, 0.344, 0.851
0, 512, 0.351, 0.845
0, 513, 0.344, 0.850
0, 514, 0.343, 0.850
0, 515, 0.353, 0.843
0, 516, 0.345, 0.849
0, 517, 0.347, 0.847
0, 518, 0.351, 0.847
0, 519, 0.338, 0.854
0, 520, 0.340, 0.853
0, 521, 0.335, 0.856
0, 522, 0.346, 0.849
0, 523, 0.348, 0.845
0, 524, 0.341, 0.851
0, 525, 0.344, 0.850
0, 526, 0.341, 0.850
0, 527, 0.350, 0.845
0, 528, 0.343, 0.850
0, 529, 0.338, 0.851
0, 530, 0.344, 0.850
0, 531, 0.344, 0.850
0, 532, 0.342, 0.849
0, 533, 0.343, 0.850
0, 534, 0.337, 0.853
0, 535, 0.350, 0.847
0, 536, 0.351, 0.844
0, 537, 0.348, 0.847
0, 538, 0.347, 0.848
0, 539, 0.336, 0.855
0, 540, 0.342, 0.851
0, 541, 0.336, 0.853
0, 542, 0.341, 0.851
0, 543, 0.339, 0.854
0, 544, 0.352, 0.845
0, 545, 0.344, 0.850
0, 546, 0.332, 0.857
0, 547, 0.334, 0.856
0, 548, 0.344, 0.850
0, 549, 0.341, 0.853
0, 550, 0.337, 0.853
0, 551, 0.352, 0.846
0, 552, 0.352, 0.845
0, 553, 0.332, 0.855
0, 554, 0.361, 0.840
0, 555, 0.355, 0.843
0, 556, 0.344, 0.850
0, 557, 0.345, 0.848
0, 558, 0.353, 0.844
0, 559, 0.343, 0.851
0, 560, 0.346, 0.848
0, 561, 0.337, 0.853
0, 562, 0.348, 0.847
0, 563, 0.350, 0.846
0, 564, 0.332, 0.856
0, 565, 0.346, 0.849
0, 566, 0.337, 0.852
0, 567, 0.348, 0.846
0, 568, 0.341, 0.849
0, 569, 0.339, 0.853
0, 570, 0.337, 0.853
0, 571, 0.330, 0.858
0, 572, 0.346, 0.848
0, 573, 0.342, 0.849
0, 574, 0.329, 0.858
0, 575, 0.343, 0.850
0, 576, 0.353, 0.845
0, 577, 0.336, 0.854
0, 578, 0.333, 0.857
0, 579, 0.341, 0.852
0, 580, 0.341, 0.852
0, 581, 0.344, 0.846
0, 582, 0.340, 0.853
0, 583, 0.347, 0.847
0, 584, 0.347, 0.846
0, 585, 0.334, 0.855
0, 586, 0.333, 0.856
0, 587, 0.343, 0.849
0, 588, 0.342, 0.850
0, 589, 0.335, 0.854
0, 590, 0.344, 0.848
0, 591, 0.358, 0.840
0, 592, 0.352, 0.845
0, 593, 0.341, 0.852
0, 594, 0.352, 0.844
0, 595, 0.349, 0.846
0, 596, 0.340, 0.851
0, 597, 0.336, 0.852
0, 598, 0.344, 0.850
0, 599, 0.349, 0.847
0, 600, 0.345, 0.847
0, 601, 0.351, 0.845
0, 602, 0.343, 0.849
0, 603, 0.349, 0.846
0, 604, 0.341, 0.852
0, 605, 0.339, 0.854
0, 606, 0.342, 0.850
0, 607, 0.338, 0.851
0, 608, 0.339, 0.851
0, 609, 0.342, 0.851
0, 610, 0.343, 0.849
0, 611, 0.337, 0.853
0, 612, 0.334, 0.856
0, 613, 0.330, 0.856
0, 614, 0.349, 0.846
0, 615, 0.338, 0.852
0, 616, 0.348, 0.848
0, 617, 0.340, 0.851
0, 618, 0.330, 0.857
0, 619, 0.352, 0.844
0, 620, 0.335, 0.853
0, 621, 0.341, 0.852
0, 622, 0.337, 0.853
0, 623, 0.349, 0.846
0, 624, 0.340, 0.851
0, 625, 0.337, 0.852
0, 626, 0.340, 0.852
0, 627, 0.333, 0.853
0, 628, 0.328, 0.856
0, 629, 0.345, 0.849
0, 630, 0.344, 0.850
0, 631, 0.345, 0.847
0, 632, 0.340, 0.851
0, 633, 0.338, 0.852
0, 634, 0.339, 0.851
0, 635, 0.353, 0.843
0, 636, 0.338, 0.852
0, 637, 0.331, 0.855
0, 638, 0.342, 0.852
0, 639, 0.337, 0.852
0, 640, 0.341, 0.849
0, 641, 0.337, 0.853
0, 642, 0.335, 0.855
0, 643, 0.346, 0.848
0, 644, 0.340, 0.851
0, 645, 0.332, 0.856
0, 646, 0.338, 0.852
0, 647, 0.341, 0.851
0, 648, 0.328, 0.856
0, 649, 0.338, 0.852
0, 650, 0.337, 0.854
0, 651, 0.341, 0.849
0, 652, 0.331, 0.856
0, 653, 0.346, 0.848
0, 654, 0.342, 0.849
0, 655, 0.339, 0.853
0, 656, 0.328, 0.858
0, 657, 0.345, 0.847
0, 658, 0.330, 0.856
0, 659, 0.339, 0.851
0, 660, 0.348, 0.845
0, 661, 0.328, 0.859
0, 662, 0.332, 0.858
0, 663, 0.331, 0.856
0, 664, 0.338, 0.852
0, 665, 0.335, 0.855
0, 666, 0.349, 0.845
0, 667, 0.347, 0.850
0, 668, 0.344, 0.849
0, 669, 0.332, 0.855
0, 670, 0.354, 0.844
0, 671, 0.336, 0.852
0, 672, 0.346, 0.848
0, 673, 0.343, 0.850
0, 674, 0.343, 0.849
0, 675, 0.335, 0.853
0, 676, 0.339, 0.853
0, 677, 0.342, 0.850
0, 678, 0.325, 0.858
0, 679, 0.344, 0.848
0, 680, 0.341, 0.851
0, 681, 0.332, 0.856
0, 682, 0.342, 0.850
0, 683, 0.339, 0.851
0, 684, 0.334, 0.855
0, 685, 0.349, 0.845
0, 686, 0.335, 0.855
0, 687, 0.334, 0.853
0, 688, 0.336, 0.853
0, 689, 0.328, 0.858
0, 690, 0.315, 0.865
0, 691, 0.332, 0.856
0, 692, 0.345, 0.847
0, 693, 0.338, 0.853
0, 694, 0.328, 0.860
0, 695, 0.347, 0.846
0, 696, 0.339, 0.853
0, 697, 0.331, 0.856
0, 698, 0.322, 0.862
0, 699, 0.338, 0.851
0, 700, 0.327, 0.858
0, 701, 0.343, 0.848
0, 702, 0.342, 0.850
0, 703, 0.345, 0.848
0, 704, 0.331, 0.855
0, 705, 0.334, 0.854
0, 706, 0.344, 0.849
0, 707, 0.335, 0.855
0, 708, 0.344, 0.850
0, 709, 0.338, 0.853
0, 710, 0.343, 0.849
0, 711, 0.329, 0.857
0, 712, 0.334, 0.855
0, 713, 0.341, 0.851
0, 714, 0.343, 0.850
0, 715, 0.322, 0.861
0, 716, 0.334, 0.854
0, 717, 0.341, 0.853
0, 718, 0.328, 0.858
0, 719, 0.333, 0.854
0, 720, 0.328, 0.857
0, 721, 0.347, 0.847
0, 722, 0.325, 0.859
0, 723, 0.331, 0.856
0, 724, 0.331, 0.855
0, 725, 0.323, 0.860
0, 726, 0.338, 0.851
0, 727, 0.341, 0.850
0, 728, 0.321, 0.861
0, 729, 0.342, 0.849
0, 730, 0.333, 0.854
0, 731, 0.334, 0.853
0, 732, 0.341, 0.851
0, 733, 0.328, 0.857
0, 734, 0.335, 0.854
0, 735, 0.327, 0.859
0, 736, 0.342, 0.850
0, 737, 0.341, 0.849
0, 738, 0.337, 0.852
0, 739, 0.346, 0.847
0, 740, 0.340, 0.851
0, 741, 0.303, 0.871
0, 742, 0.347, 0.845
0, 743, 0.337, 0.854
0, 744, 0.343, 0.850
0, 745, 0.336, 0.853
0, 746, 0.341, 0.850
0, 747, 0.328, 0.856
0, 748, 0.327, 0.857
0, 749, 0.329, 0.857
0, 750, 0.332, 0.856
0, 751, 0.321, 0.862
0, 752, 0.330, 0.855
0, 753, 0.337, 0.854
0, 754, 0.334, 0.856
0, 755, 0.331, 0.856
0, 756, 0.333, 0.856
0, 757, 0.324, 0.860
0, 758, 0.338, 0.853
0, 759, 0.329, 0.857
0, 760, 0.338, 0.852
0, 761, 0.341, 0.851
0, 762, 0.325, 0.860
0, 763, 0.336, 0.854
0, 764, 0.348, 0.847
0, 765, 0.327, 0.857
0, 766, 0.334, 0.854
0, 767, 0.331, 0.856
0, 768, 0.338, 0.853
0, 769, 0.336, 0.853
0, 770, 0.340, 0.852
0, 771, 0.355, 0.843
0, 772, 0.317, 0.865
0, 773, 0.342, 0.848
0, 774, 0.337, 0.855
0, 775, 0.329, 0.856
0, 776, 0.347, 0.845
0, 777, 0.328, 0.858
0, 778, 0.346, 0.848
0, 779, 0.336, 0.853
0, 780, 0.333, 0.853
0, 781, 0.338, 0.853
0, 782, 0.341, 0.849
0, 783, 0.330, 0.855
0, 784, 0.322, 0.860
0, 785, 0.327, 0.859
0, 786, 0.342, 0.851
0, 787, 0.341, 0.849
0, 788, 0.323, 0.860
0, 789, 0.338, 0.853
0, 790, 0.334, 0.853
0, 791, 0.325, 0.860
0, 792, 0.327, 0.857
0, 793, 0.329, 0.857
0, 794, 0.330, 0.856
0, 795, 0.327, 0.857
0, 796, 0.331, 0.857
0, 797, 0.329, 0.856
0, 798, 0.335, 0.853
0, 799, 0.328, 0.858
0, 800, 0.336, 0.853
0, 801, 0.343, 0.849
0, 802, 0.333, 0.853
0, 803, 0.339, 0.850
0, 804, 0.327, 0.859
0, 805, 0.329, 0.858
0, 806, 0.318, 0.865
0, 807, 0.331, 0.855
0, 808, 0.331, 0.855
0, 809, 0.322, 0.860
0, 810, 0.345, 0.849
0, 811, 0.322, 0.861
0, 812, 0.339, 0.851
0, 813, 0.339, 0.852
0, 814, 0.333, 0.856
0, 815, 0.323, 0.859
0, 816, 0.330, 0.855
0, 817, 0.334, 0.855
0, 818, 0.337, 0.854
0, 819, 0.339, 0.851
0, 820, 0.334, 0.854
0, 821, 0.345, 0.847
0, 822, 0.343, 0.848
0, 823, 0.331, 0.856
0, 824, 0.333, 0.855
0, 825, 0.333, 0.857
0, 826, 0.336, 0.852
0, 827, 0.328, 0.857
0, 828, 0.325, 0.858
0, 829, 0.343, 0.851
0, 830, 0.347, 0.847
0, 831, 0.338, 0.852
0, 832, 0.328, 0.855
0, 833, 0.330, 0.855
0, 834, 0.340, 0.850
0, 835, 0.345, 0.849
0, 836, 0.333, 0.856
0, 837, 0.333, 0.853
0, 838, 0.334, 0.855
0, 839, 0.329, 0.856
0, 840, 0.327, 0.858
0, 841, 0.346, 0.847
0, 842, 0.336, 0.854
0, 843, 0.337, 0.851
0, 844, 0.327, 0.857
0, 845, 0.328, 0.857
0, 846, 0.339, 0.852
0, 847, 0.315, 0.864
0, 848, 0.337, 0.852
0, 849, 0.328, 0.858
0, 850, 0.331, 0.855
0, 851, 0.336, 0.854
0, 852, 0.332, 0.856
0, 853, 0.333, 0.855
0, 854, 0.340, 0.852
0, 855, 0.333, 0.854
0, 856, 0.323, 0.860
0, 857, 0.340, 0.851
0, 858, 0.324, 0.860
0, 859, 0.333, 0.853
0, 860, 0.323, 0.860
0, 861, 0.319, 0.862
0, 862, 0.323, 0.860
0, 863, 0.326, 0.859
0, 864, 0.333, 0.855
0, 865, 0.330, 0.855
0, 866, 0.337, 0.853
0, 867, 0.331, 0.855
0, 868, 0.332, 0.855
0, 869, 0.328, 0.857
0, 870, 0.331, 0.857
0, 871, 0.333, 0.854
0, 872, 0.340, 0.851
0, 873, 0.326, 0.859
0, 874, 0.342, 0.850
0, 875, 0.323, 0.861
0, 876, 0.330, 0.858
0, 877, 0.338, 0.852
0, 878, 0.338, 0.853
0, 879, 0.335, 0.853
0, 880, 0.333, 0.854
0, 881, 0.336, 0.853
0, 882, 0.332, 0.855
0, 883, 0.326, 0.857
0, 884, 0.342, 0.851
0, 885, 0.336, 0.852
0, 886, 0.325, 0.859
0, 887, 0.320, 0.862
0, 888, 0.336, 0.853
0, 889, 0.317, 0.866
0, 890, 0.323, 0.860
0, 891, 0.331, 0.857
0, 892, 0.340, 0.851
0, 893, 0.337, 0.852
0, 894, 0.337, 0.853
0, 895, 0.328, 0.858
0, 896, 0.326, 0.858
0, 897, 0.337, 0.852
0, 898, 0.333, 0.854
0, 899, 0.314, 0.864
0, 900, 0.329, 0.857
0, 901, 0.318, 0.863
0, 902, 0.314, 0.864
0, 903, 0.333, 0.854
0, 904, 0.323, 0.859
0, 905, 0.332, 0.855
0, 906, 0.335, 0.854
0, 907, 0.331, 0.856
0, 908, 0.328, 0.857
0, 909, 0.318, 0.861
0, 910, 0.336, 0.854
0, 911, 0.330, 0.857
0, 912, 0.335, 0.854
0, 913, 0.326, 0.857
0, 914, 0.325, 0.860
0, 915, 0.325, 0.858
0, 916, 0.328, 0.858
0, 917, 0.341, 0.850
0, 918, 0.330, 0.857
0, 919, 0.339, 0.852
0, 920, 0.332, 0.856
0, 921, 0.322, 0.859
0, 922, 0.341, 0.850
0, 923, 0.330, 0.856
0, 924, 0.325, 0.859
0, 925, 0.335, 0.854
0, 926, 0.331, 0.856
0, 927, 0.337, 0.852
0, 928, 0.325, 0.859
0, 929, 0.333, 0.854
0, 930, 0.337, 0.853
0, 931, 0.331, 0.857
0, 932, 0.339, 0.850
0, 933, 0.329, 0.857
0, 934, 0.337, 0.852
0, 935, 0.343, 0.849
0, 936, 0.324, 0.859
0, 937, 0.335, 0.854
0, 938, 0.344, 0.849
0, 939, 0.317, 0.863
0, 940, 0.333, 0.855
0, 941, 0.322, 0.862
0, 942, 0.348, 0.848
0, 943, 0.324, 0.859
0, 944, 0.333, 0.856
0, 945, 0.340, 0.850
0, 946, 0.335, 0.851
0, 947, 0.321, 0.860
0, 948, 0.325, 0.859
0, 949, 0.331, 0.855
0, 950, 0.340, 0.851
0, 951, 0.331, 0.855
0, 952, 0.335, 0.855
0, 953, 0.328, 0.858
0, 954, 0.332, 0.855
0, 955, 0.337, 0.853
0, 956, 0.319, 0.862
0, 957, 0.320, 0.862
0, 958, 0.334, 0.853
0, 959, 0.329, 0.856
0, 960, 0.323, 0.860
0, 961, 0.335, 0.853
0, 962, 0.329, 0.856
0, 963, 0.323, 0.859
0, 964, 0.331, 0.856
0, 965, 0.329, 0.857
0, 966, 0.344, 0.848
0, 967, 0.332, 0.855
0, 968, 0.321, 0.861
0, 969, 0.330, 0.856
0, 970, 0.335, 0.854
0, 971, 0.314, 0.865
0, 972, 0.340, 0.850
0, 973, 0.319, 0.863
0, 974, 0.323, 0.860
0, 975, 0.341, 0.851
0, 976, 0.334, 0.854
0, 977, 0.336, 0.851
0, 978, 0.331, 0.857
0, 979, 0.324, 0.857
0, 980, 0.327, 0.858
0, 981, 0.332, 0.857
0, 982, 0.329, 0.856
0, 983, 0.320, 0.861
0, 984, 0.326, 0.857
0, 985, 0.333, 0.854
0, 986, 0.331, 0.855
0, 987, 0.327, 0.860
0, 988, 0.342, 0.851
0, 989, 0.329, 0.858
0, 990, 0.331, 0.856
0, 991, 0.330, 0.858
0, 992, 0.322, 0.860
0, 993, 0.330, 0.856
0, 994, 0.321, 0.861
0, 995, 0.331, 0.857
0, 996, 0.320, 0.862
0, 997, 0.340, 0.851
0, 998, 0.332, 0.854
0, 999, 0.329, 0.856
0, 1000, 0.334, 0.855
0, 1001, 0.332, 0.855
0, 1002, 0.307, 0.868
0, 1003, 0.335, 0.853
0, 1004, 0.330, 0.856
0, 1005, 0.331, 0.857
0, 1006, 0.338, 0.852
0, 1007, 0.326, 0.857
0, 1008, 0.341, 0.851
0, 1009, 0.338, 0.851
0, 1010, 0.332, 0.855
0, 1011, 0.334, 0.855
0, 1012, 0.333, 0.851
0, 1013, 0.325, 0.857
0, 1014, 0.334, 0.853
0, 1015, 0.337, 0.852
0, 1016, 0.331, 0.856
0, 1017, 0.332, 0.855
0, 1018, 0.333, 0.854
0, 1019, 0.330, 0.855
0, 1020, 0.328, 0.857
0, 1021, 0.331, 0.856
0, 1022, 0.329, 0.857
0, 1023, 0.332, 0.856
0, 1024, 0.312, 0.866
0, 1025, 0.329, 0.857
0, 1026, 0.337, 0.852
0, 1027, 0.337, 0.854
0, 1028, 0.324, 0.859
0, 1029, 0.306, 0.869
0, 1030, 0.327, 0.856
0, 1031, 0.334, 0.854
0, 1032, 0.323, 0.860
0, 1033, 0.338, 0.851
0, 1034, 0.324, 0.859
0, 1035, 0.315, 0.866
0, 1036, 0.335, 0.853
0, 1037, 0.332, 0.855
0, 1038, 0.328, 0.856
0, 1039, 0.332, 0.855
0, 1040, 0.315, 0.865
0, 1041, 0.318, 0.863
0, 1042, 0.320, 0.861
0, 1043, 0.311, 0.866
0, 1044, 0.330, 0.855
0, 1045, 0.326, 0.857
0, 1046, 0.347, 0.847
0, 1047, 0.338, 0.851
0, 1048, 0.321, 0.862
0, 1049, 0.320, 0.859
0, 1050, 0.324, 0.859
0, 1051, 0.329, 0.854
0, 1052, 0.320, 0.861
0, 1053, 0.330, 0.855
0, 1054, 0.322, 0.862
0, 1055, 0.330, 0.856
0, 1056, 0.320, 0.863
0, 1057, 0.332, 0.855
0, 1058, 0.336, 0.853
0, 1059, 0.336, 0.854
0, 1060, 0.332, 0.856
0, 1061, 0.329, 0.856
0, 1062, 0.329, 0.856
0, 1063, 0.319, 0.863
0, 1064, 0.324, 0.860
0, 1065, 0.329, 0.856
0, 1066, 0.332, 0.855
0, 1067, 0.328, 0.859
0, 1068, 0.324, 0.858
0, 1069, 0.318, 0.863
0, 1070, 0.327, 0.857
0, 1071, 0.326, 0.859
0, 1072, 0.328, 0.857
0, 1073, 0.331, 0.855
0, 1074, 0.332, 0.853
0, 1075, 0.331, 0.854
0, 1076, 0.328, 0.856
0, 1077, 0.326, 0.858
0, 1078, 0.325, 0.859
0, 1079, 0.320, 0.861
0, 1080, 0.319, 0.863
0, 1081, 0.318, 0.862
0, 1082, 0.329, 0.856
0, 1083, 0.334, 0.855
0, 1084, 0.325, 0.859
0, 1085, 0.327, 0.859
0, 1086, 0.331, 0.857
0, 1087, 0.337, 0.852
0, 1088, 0.336, 0.853
0, 1089, 0.331, 0.855
0, 1090, 0.322, 0.861
0, 1091, 0.331, 0.855
0, 1092, 0.337, 0.852
0, 1093, 0.316, 0.863
0, 1094, 0.343, 0.848
0, 1095, 0.335, 0.853
0, 1096, 0.329, 0.856
0, 1097, 0.332, 0.855
0, 1098, 0.329, 0.856
0, 1099, 0.336, 0.851
0, 1100, 0.330, 0.854
0, 1101, 0.320, 0.861
0, 1102, 0.332, 0.856
0, 1103, 0.329, 0.857
0, 1104, 0.318, 0.862
0, 1105, 0.318, 0.863
0, 1106, 0.319, 0.863
0, 1107, 0.332, 0.854
0, 1108, 0.319, 0.862
0, 1109, 0.326, 0.859
0, 1110, 0.341, 0.849
0, 1111, 0.322, 0.861
0, 1112, 0.313, 0.865
0, 1113, 0.326, 0.859
0, 1114, 0.343, 0.847
0, 1115, 0.319, 0.861
0, 1116, 0.320, 0.862
0, 1117, 0.327, 0.859
0, 1118, 0.335, 0.853
0, 1119, 0.306, 0.869
0, 1120, 0.324, 0.860
0, 1121, 0.323, 0.860
0, 1122, 0.331, 0.856
0, 1123, 0.322, 0.858
0, 1124, 0.328, 0.856
0, 1125, 0.338, 0.851
0, 1126, 0.342, 0.848
0, 1127, 0.336, 0.853
0, 1128, 0.328, 0.857
0, 1129, 0.330, 0.856
0, 1130, 0.324, 0.861
0, 1131, 0.331, 0.854
0, 1132, 0.332, 0.854
0, 1133, 0.325, 0.859
0, 1134, 0.323, 0.859
0, 1135, 0.335, 0.853
0, 1136, 0.327, 0.859
0, 1137, 0.323, 0.858
0, 1138, 0.306, 0.867
0, 1139, 0.316, 0.863
0, 1140, 0.325, 0.858
0, 1141, 0.326, 0.858
0, 1142, 0.329, 0.858
0, 1143, 0.321, 0.860
0, 1144, 0.320, 0.862
0, 1145, 0.324, 0.857
0, 1146, 0.331, 0.857
0, 1147, 0.330, 0.856
0, 1148, 0.329, 0.856
0, 1149, 0.329, 0.855
0, 1150, 0.328, 0.858
0, 1151, 0.326, 0.858
0, 1152, 0.331, 0.857
0, 1153, 0.332, 0.855
0, 1154, 0.330, 0.855
0, 1155, 0.332, 0.855
0, 1156, 0.323, 0.861
0, 1157, 0.319, 0.863
0, 1158, 0.323, 0.860
0, 1159, 0.324, 0.860
0, 1160, 0.316, 0.864
0, 1161, 0.328, 0.857
0, 1162, 0.332, 0.857
0, 1163, 0.324, 0.858
0, 1164, 0.323, 0.859
0, 1165, 0.334, 0.855
0, 1166, 0.329, 0.856
0, 1167, 0.326, 0.857
0, 1168, 0.316, 0.865
0, 1169, 0.323, 0.861
0, 1170, 0.329, 0.857
0, 1171, 0.347, 0.844
0, 1172, 0.326, 0.858
0, 1173, 0.321, 0.861
0, 1174, 0.331, 0.854
0, 1175, 0.330, 0.857
0, 1176, 0.326, 0.858
0, 1177, 0.315, 0.863
0, 1178, 0.329, 0.857
0, 1179, 0.323, 0.859
0, 1180, 0.322, 0.860
0, 1181, 0.326, 0.857
0, 1182, 0.320, 0.861
0, 1183, 0.336, 0.853
0, 1184, 0.317, 0.861
0, 1185, 0.333, 0.854
0, 1186, 0.325, 0.858
0, 1187, 0.331, 0.856
0, 1188, 0.327, 0.859
0, 1189, 0.332, 0.854
0, 1190, 0.317, 0.863
0, 1191, 0.330, 0.857
0, 1192, 0.325, 0.859
0, 1193, 0.317, 0.864
0, 1194, 0.324, 0.859
0, 1195, 0.329, 0.857
0, 1196, 0.322, 0.860
0, 1197, 0.326, 0.857
0, 1198, 0.322, 0.861
0, 1199, 0.333, 0.853
0, 1200, 0.326, 0.858
0, 1201, 0.311, 0.865
0, 1202, 0.317, 0.862
0, 1203, 0.332, 0.854
0, 1204, 0.312, 0.864
0, 1205, 0.327, 0.859
0, 1206, 0.319, 0.862
0, 1207, 0.320, 0.862
0, 1208, 0.326, 0.859
0, 1209, 0.332, 0.854
0, 1210, 0.330, 0.857
0, 1211, 0.324, 0.860
0, 1212, 0.326, 0.859
0, 1213, 0.317, 0.863
0, 1214, 0.321, 0.863
0, 1215, 0.327, 0.857
0, 1216, 0.322, 0.858
0, 1217, 0.313, 0.865
0, 1218, 0.325, 0.859
0, 1219, 0.319, 0.860
0, 1220, 0.317, 0.862
0, 1221, 0.327, 0.857
0, 1222, 0.315, 0.864
0, 1223, 0.322, 0.861
0, 1224, 0.321, 0.861
0, 1225, 0.318, 0.862
0, 1226, 0.332, 0.854
0, 1227, 0.323, 0.860
0, 1228, 0.329, 0.859
0, 1229, 0.329, 0.858
0, 1230, 0.318, 0.862
0, 1231, 0.323, 0.860
0, 1232, 0.318, 0.863
0, 1233, 0.318, 0.862
0, 1234, 0.327, 0.857
0, 1235, 0.334, 0.854
0, 1236, 0.325, 0.858
0, 1237, 0.317, 0.861
0, 1238, 0.338, 0.850
0, 1239, 0.327, 0.857
0, 1240, 0.331, 0.855
0, 1241, 0.322, 0.860
0, 1242, 0.320, 0.861
0, 1243, 0.328, 0.856
0, 1244, 0.333, 0.855
0, 1245, 0.324, 0.859
0, 1246, 0.324, 0.858
0, 1247, 0.327, 0.858
0, 1248, 0.333, 0.854
0, 1249, 0.316, 0.864
0, 1250, 0.308, 0.868
0, 1251, 0.325, 0.858
0, 1252, 0.321, 0.861
0, 1253, 0.320, 0.861
0, 1254, 0.326, 0.857
0, 1255, 0.339, 0.851
0, 1256, 0.310, 0.867
0, 1257, 0.309, 0.868
0, 1258, 0.322, 0.861
0, 1259, 0.334, 0.854
0, 1260, 0.319, 0.861
0, 1261, 0.317, 0.862
0, 1262, 0.328, 0.858
0, 1263, 0.329, 0.856
0, 1264, 0.318, 0.863
0, 1265, 0.317, 0.861
0, 1266, 0.321, 0.861
0, 1267, 0.322, 0.861
0, 1268, 0.322, 0.861
0, 1269, 0.332, 0.856
0, 1270, 0.320, 0.859
0, 1271, 0.324, 0.860
0, 1272, 0.327, 0.857
0, 1273, 0.323, 0.860
0, 1274, 0.308, 0.866
0, 1275, 0.327, 0.858
0, 1276, 0.324, 0.858
0, 1277, 0.330, 0.856
0, 1278, 0.318, 0.862
0, 1279, 0.312, 0.865
0, 1280, 0.337, 0.852
0, 1281, 0.327, 0.858
0, 1282, 0.318, 0.863
0, 1283, 0.324, 0.859
0, 1284, 0.319, 0.862
0, 1285, 0.308, 0.868
0, 1286, 0.316, 0.863
0, 1287, 0.320, 0.859
0, 1288, 0.327, 0.857
0, 1289, 0.332, 0.855
0, 1290, 0.325, 0.859
0, 1291, 0.328, 0.856
0, 1292, 0.325, 0.858
0, 1293, 0.326, 0.857
0, 1294, 0.332, 0.854
0, 1295, 0.317, 0.863
0, 1296, 0.318, 0.864
0, 1297, 0.325, 0.858
0, 1298, 0.322, 0.861
0, 1299, 0.322, 0.860
0, 1300, 0.330, 0.854
0, 1301, 0.326, 0.857
0, 1302, 0.320, 0.862
0, 1303, 0.322, 0.860
0, 1304, 0.333, 0.855
0, 1305, 0.321, 0.860
0, 1306, 0.320, 0.860
0, 1307, 0.338, 0.851
0, 1308, 0.324, 0.858
0, 1309, 0.327, 0.859
0, 1310, 0.319, 0.861
0, 1311, 0.329, 0.856
0, 1312, 0.322, 0.860
0, 1313, 0.308, 0.867
0, 1314, 0.316, 0.864
0, 1315, 0.308, 0.868
0, 1316, 0.329, 0.857
0, 1317, 0.333, 0.853
0, 1318, 0.332, 0.855
0, 1319, 0.308, 0.866
0, 1320, 0.324, 0.859
0, 1321, 0.330, 0.858
0, 1322, 0.323, 0.862
0, 1323, 0.318, 0.861
0, 1324, 0.324, 0.858
0, 1325, 0.319, 0.861
0, 1326, 0.333, 0.854
0, 1327, 0.304, 0.870
0, 1328, 0.316, 0.863
0, 1329, 0.317, 0.862
0, 1330, 0.319, 0.862
0, 1331, 0.320, 0.862
0, 1332, 0.330, 0.856
0, 1333, 0.341, 0.851
0, 1334, 0.331, 0.855
0, 1335, 0.326, 0.857
0, 1336, 0.315, 0.863
0, 1337, 0.326, 0.858
0, 1338, 0.319, 0.862
0, 1339, 0.318, 0.863
0, 1340, 0.312, 0.865
0, 1341, 0.330, 0.856
0, 1342, 0.322, 0.859
0, 1343, 0.310, 0.867
0, 1344, 0.322, 0.860
0, 1345, 0.328, 0.858
0, 1346, 0.312, 0.867
0, 1347, 0.336, 0.856
0, 1348, 0.329, 0.856
0, 1349, 0.317, 0.861
0, 1350, 0.320, 0.859
0, 1351, 0.333, 0.855
0, 1352, 0.329, 0.856
0, 1353, 0.327, 0.857
0, 1354, 0.324, 0.859
0, 1355, 0.327, 0.857
0, 1356, 0.337, 0.853
0, 1357, 0.321, 0.861
0, 1358, 0.331, 0.854
0, 1359, 0.317, 0.863
0, 1360, 0.316, 0.864
0, 1361, 0.328, 0.856
0, 1362, 0.330, 0.854
0, 1363, 0.318, 0.861
0, 1364, 0.322, 0.859
0, 1365, 0.322, 0.860
0, 1366, 0.318, 0.862
0, 1367, 0.314, 0.864
0, 1368, 0.334, 0.852
0, 1369, 0.323, 0.861
0, 1370, 0.329, 0.857
0, 1371, 0.322, 0.862
0, 1372, 0.317, 0.863
0, 1373, 0.322, 0.860
0, 1374, 0.322, 0.862
0, 1375, 0.317, 0.861
0, 1376, 0.325, 0.859
0, 1377, 0.326, 0.858
0, 1378, 0.320, 0.861
0, 1379, 0.326, 0.857
0, 1380, 0.315, 0.865
0, 1381, 0.324, 0.860
0, 1382, 0.325, 0.860
0, 1383, 0.328, 0.856
0, 1384, 0.326, 0.859
0, 1385, 0.320, 0.860
0, 1386, 0.331, 0.855
0, 1387, 0.333, 0.854
0, 1388, 0.317, 0.863
0, 1389, 0.326, 0.857
0, 1390, 0.328, 0.858
0, 1391, 0.326, 0.858
0, 1392, 0.333, 0.854
0, 1393, 0.316, 0.865
0, 1394, 0.315, 0.864
0, 1395, 0.323, 0.859
0, 1396, 0.318, 0.862
0, 1397, 0.335, 0.852
0, 1398, 0.330, 0.858
0, 1399, 0.322, 0.859
0, 1400, 0.315, 0.863
0, 1401, 0.321, 0.860
0, 1402, 0.326, 0.858
0, 1403, 0.314, 0.864
0, 1404, 0.321, 0.861
0, 1405, 0.331, 0.855
0, 1406, 0.321, 0.859
0, 1407, 0.321, 0.859
0, 1408, 0.331, 0.856
0, 1409, 0.331, 0.855
0, 1410, 0.330, 0.855
0, 1411, 0.321, 0.861
0, 1412, 0.323, 0.860
0, 1413, 0.305, 0.870
0, 1414, 0.327, 0.856
0, 1415, 0.324, 0.857
0, 1416, 0.323, 0.859
0, 1417, 0.317, 0.862
0, 1418, 0.322, 0.861
0, 1419, 0.324, 0.859
0, 1420, 0.326, 0.859
0, 1421, 0.321, 0.862
0, 1422, 0.333, 0.855
0, 1423, 0.316, 0.863
0, 1424, 0.319, 0.863
0, 1425, 0.333, 0.855
0, 1426, 0.321, 0.860
0, 1427, 0.325, 0.859
0, 1428, 0.316, 0.863
0, 1429, 0.321, 0.861
0, 1430, 0.312, 0.862
0, 1431, 0.320, 0.862
0, 1432, 0.316, 0.865
0, 1433, 0.311, 0.868
0, 1434, 0.327, 0.858
0, 1435, 0.312, 0.865
0, 1436, 0.322, 0.858
0, 1437, 0.313, 0.864
0, 1438, 0.327, 0.858
0, 1439, 0.322, 0.861
0, 1440, 0.323, 0.861
0, 1441, 0.318, 0.862
0, 1442, 0.329, 0.857
0, 1443, 0.323, 0.858
0, 1444, 0.316, 0.864
0, 1445, 0.321, 0.860
0, 1446, 0.326, 0.857
0, 1447, 0.325, 0.858
0, 1448, 0.318, 0.863
0, 1449, 0.324, 0.859
0, 1450, 0.314, 0.863
0, 1451, 0.316, 0.863
0, 1452, 0.331, 0.855
0, 1453, 0.333, 0.853
0, 1454, 0.331, 0.854
0, 1455, 0.328, 0.855
0, 1456, 0.333, 0.855
0, 1457, 0.310, 0.866
0, 1458, 0.313, 0.865
0, 1459, 0.315, 0.863
0, 1460, 0.317, 0.862
0, 1461, 0.327, 0.858
0, 1462, 0.325, 0.861
0, 1463, 0.325, 0.859
0, 1464, 0.315, 0.864
0, 1465, 0.316, 0.862
0, 1466, 0.322, 0.860
0, 1467, 0.320, 0.860
0, 1468, 0.314, 0.864
0, 1469, 0.330, 0.857
0, 1470, 0.326, 0.857
0, 1471, 0.318, 0.861
0, 1472, 0.322, 0.860
0, 1473, 0.322, 0.861
0, 1474, 0.323, 0.861
0, 1475, 0.309, 0.867
0, 1476, 0.332, 0.856
0, 1477, 0.328, 0.857
0, 1478, 0.316, 0.861
0, 1479, 0.307, 0.868
0, 1480, 0.327, 0.859
0, 1481, 0.306, 0.868
0, 1482, 0.327, 0.858
0, 1483, 0.323, 0.861
0, 1484, 0.334, 0.855
0, 1485, 0.325, 0.857
0, 1486, 0.316, 0.861
0, 1487, 0.336, 0.852
0, 1488, 0.319, 0.861
0, 1489, 0.320, 0.861
0, 1490, 0.324, 0.859
0, 1491, 0.324, 0.860
0, 1492, 0.311, 0.868
0, 1493, 0.319, 0.862
0, 1494, 0.316, 0.863
0, 1495, 0.328, 0.857
0, 1496, 0.309, 0.867
0, 1497, 0.321, 0.860
0, 1498, 0.333, 0.853
0, 1499, 0.333, 0.854
0, 1500, 0.320, 0.859
0, 1501, 0.311, 0.865
0, 1502, 0.321, 0.861
0, 1503, 0.333, 0.854
0, 1504, 0.321, 0.861
0, 1505, 0.306, 0.869
0, 1506, 0.315, 0.864
0, 1507, 0.318, 0.863
0, 1508, 0.326, 0.860
0, 1509, 0.319, 0.862
0, 1510, 0.312, 0.865
0, 1511, 0.321, 0.860
0, 1512, 0.308, 0.867
0, 1513, 0.317, 0.862
0, 1514, 0.324, 0.859
0, 1515, 0.322, 0.860
0, 1516, 0.316, 0.864
0, 1517, 0.319, 0.863
0, 1518, 0.331, 0.856
0, 1519, 0.321, 0.862
0, 1520, 0.328, 0.857
0, 1521, 0.313, 0.864
0, 1522, 0.313, 0.864
0, 1523, 0.315, 0.864
0, 1524, 0.325, 0.858
0, 1525, 0.314, 0.865
0, 1526, 0.323, 0.861
0, 1527, 0.311, 0.867
0, 1528, 0.325, 0.857
0, 1529, 0.320, 0.860
0, 1530, 0.320, 0.862
0, 1531, 0.306, 0.868
0, 1532, 0.320, 0.861
0, 1533, 0.319, 0.862
0, 1534, 0.325, 0.859
0, 1535, 0.309, 0.868
0, 1536, 0.327, 0.856
0, 1537, 0.318, 0.863
0, 1538, 0.319, 0.862
0, 1539, 0.318, 0.860
0, 1540, 0.324, 0.860
0, 1541, 0.317, 0.862
0, 1542, 0.309, 0.868
0, 1543, 0.321, 0.861
0, 1544, 0.316, 0.862
0, 1545, 0.316, 0.863
0, 1546, 0.320, 0.862
0, 1547, 0.316, 0.864
0, 1548, 0.319, 0.862
0, 1549, 0.320, 0.861
0, 1550, 0.308, 0.867
0, 1551, 0.325, 0.859
0, 1552, 0.319, 0.861
0, 1553, 0.325, 0.856
0, 1554, 0.315, 0.865
0, 1555, 0.312, 0.866
0, 1556, 0.307, 0.869
0, 1557, 0.318, 0.860
0, 1558, 0.314, 0.863
0, 1559, 0.327, 0.856
0, 1560, 0.320, 0.862
0, 1561, 0.316, 0.862
0, 1562, 0.313, 0.866
0, 1563, 0.316, 0.865
0, 1564, 0.316, 0.863
0, 1565, 0.325, 0.859
0, 1566, 0.323, 0.859
0, 1567, 0.331, 0.856
0, 1568, 0.320, 0.861
0, 1569, 0.321, 0.861
0, 1570, 0.317, 0.862
0, 1571, 0.325, 0.858
0, 1572, 0.322, 0.860
0, 1573, 0.319, 0.862
0, 1574, 0.333, 0.855
0, 1575, 0.323, 0.859
0, 1576, 0.321, 0.861
0, 1577, 0.310, 0.865
0, 1578, 0.318, 0.862
0, 1579, 0.320, 0.861
0, 1580, 0.315, 0.865
0, 1581, 0.319, 0.862
0, 1582, 0.316, 0.864
0, 1583, 0.315, 0.863
0, 1584, 0.321, 0.861
0, 1585, 0.321, 0.860
0, 1586, 0.324, 0.857
0, 1587, 0.324, 0.861
0, 1588, 0.312, 0.864
0, 1589, 0.322, 0.860
0, 1590, 0.323, 0.861
0, 1591, 0.326, 0.857
0, 1592, 0.319, 0.863
0, 1593, 0.314, 0.864
0, 1594, 0.314, 0.864
0, 1595, 0.312, 0.865
0, 1596, 0.337, 0.852
0, 1597, 0.312, 0.865
0, 1598, 0.326, 0.858
0, 1599, 0.321, 0.860
0, 1600, 0.319, 0.861
0, 1601, 0.316, 0.864
0, 1602, 0.330, 0.856
0, 1603, 0.315, 0.864
0, 1604, 0.320, 0.861
0, 1605, 0.312, 0.866
0, 1606, 0.307, 0.869
0, 1607, 0.323, 0.860
0, 1608, 0.332, 0.855
0, 1609, 0.320, 0.861
0, 1610, 0.326, 0.857
0, 1611, 0.315, 0.865
0, 1612, 0.315, 0.865
0, 1613, 0.317, 0.862
0, 1614, 0.310, 0.867
0, 1615, 0.313, 0.866
0, 1616, 0.327, 0.855
0, 1617, 0.316, 0.864
0, 1618, 0.312, 0.866
0, 1619, 0.318, 0.862
0, 1620, 0.324, 0.858
0, 1621, 0.327, 0.859
0, 1622, 0.317, 0.861
0, 1623, 0.326, 0.858
0, 1624, 0.318, 0.862
0, 1625, 0.305, 0.870
0, 1626, 0.318, 0.861
0, 1627, 0.319, 0.862
0, 1628, 0.329, 0.855
0, 1629, 0.329, 0.855
0, 1630, 0.308, 0.868
0, 1631, 0.309, 0.865
0, 1632, 0.320, 0.862
0, 1633, 0.321, 0.859
0, 1634, 0.328, 0.857
0, 1635, 0.312, 0.866
0, 1636, 0.322, 0.859
0, 1637, 0.318, 0.863
0, 1638, 0.313, 0.867
0, 1639, 0.311, 0.866
0, 1640, 0.329, 0.857
0, 1641, 0.327, 0.856
0, 1642, 0.317, 0.864
0, 1643, 0.326, 0.856
0, 1644, 0.316, 0.864
0, 1645, 0.331, 0.854
0, 1646, 0.318, 0.862
0, 1647, 0.317, 0.861
0, 1648, 0.326, 0.859
0, 1649, 0.321, 0.862
0, 1650, 0.308, 0.867
0, 1651, 0.325, 0.858
0, 1652, 0.319, 0.860
0, 1653, 0.321, 0.861
0, 1654, 0.318, 0.863
0, 1655, 0.319, 0.863
0, 1656, 0.316, 0.863
0, 1657, 0.316, 0.863
0, 1658, 0.320, 0.862
0, 1659, 0.317, 0.861
0, 1660, 0.329, 0.856
0, 1661, 0.311, 0.867
0, 1662, 0.330, 0.857
0, 1663, 0.314, 0.864
0, 1664, 0.315, 0.864
0, 1665, 0.314, 0.864
0, 1666, 0.320, 0.861
0, 1667, 0.314, 0.865
0, 1668, 0.318, 0.862
0, 1669, 0.316, 0.863
0, 1670, 0.305, 0.867
0, 1671, 0.330, 0.855
0, 1672, 0.331, 0.855
0, 1673, 0.312, 0.864
0, 1674, 0.324, 0.861
0, 1675, 0.319, 0.861
0, 1676, 0.315, 0.863
0, 1677, 0.319, 0.860
0, 1678, 0.316, 0.864
0, 1679, 0.322, 0.860
0, 1680, 0.312, 0.865
0, 1681, 0.323, 0.859
0, 1682, 0.327, 0.858
0, 1683, 0.323, 0.858
0, 1684, 0.338, 0.850
0, 1685, 0.321, 0.859
0, 1686, 0.309, 0.868
0, 1687, 0.326, 0.858
0, 1688, 0.315, 0.864
0, 1689, 0.330, 0.854
0, 1690, 0.315, 0.863
0, 1691, 0.326, 0.856
0, 1692, 0.317, 0.864
0, 1693, 0.311, 0.867
0, 1694, 0.329, 0.856
0, 1695, 0.326, 0.858
0, 1696, 0.305, 0.870
0, 1697, 0.330, 0.856
0, 1698, 0.314, 0.865
0, 1699, 0.318, 0.861
0, 1700, 0.304, 0.870
0, 1701, 0.318, 0.861
0, 1702, 0.328, 0.858
0, 1703, 0.327, 0.858
0, 1704, 0.317, 0.863
0, 1705, 0.334, 0.855
0, 1706, 0.318, 0.864
0, 1707, 0.314, 0.864
0, 1708, 0.324, 0.859
0, 1709, 0.320, 0.860
0, 1710, 0.321, 0.860
0, 1711, 0.322, 0.861
0, 1712, 0.318, 0.863
0, 1713, 0.316, 0.864
0, 1714, 0.317, 0.862
0, 1715, 0.324, 0.858
0, 1716, 0.312, 0.864
0, 1717, 0.315, 0.863
0, 1718, 0.314, 0.863
0, 1719, 0.312, 0.865
0, 1720, 0.333, 0.854
0, 1721, 0.324, 0.859
0, 1722, 0.309, 0.866
0, 1723, 0.315, 0.864
0, 1724, 0.313, 0.864
0, 1725, 0.320, 0.860
0, 1726, 0.325, 0.859
0, 1727, 0.316, 0.863
0, 1728, 0.311, 0.867
0, 1729, 0.308, 0.866
0, 1730, 0.325, 0.858
0, 1731, 0.317, 0.862
0, 1732, 0.335, 0.853
0, 1733, 0.322, 0.861
0, 1734, 0.328, 0.854
0, 1735, 0.321, 0.860
0, 1736, 0.323, 0.859
0, 1737, 0.313, 0.864
0, 1738, 0.322, 0.859
0, 1739, 0.322, 0.859
0, 1740, 0.322, 0.860
0, 1741, 0.312, 0.865
0, 1742, 0.327, 0.859
0, 1743, 0.308, 0.867
0, 1744, 0.312, 0.864
0, 1745, 0.311, 0.865
0, 1746, 0.326, 0.859
0, 1747, 0.325, 0.858
0, 1748, 0.316, 0.863
0, 1749, 0.319, 0.861
0, 1750, 0.318, 0.863
0, 1751, 0.304, 0.868
0, 1752, 0.310, 0.866
0, 1753, 0.327, 0.858
0, 1754, 0.311, 0.866
0, 1755, 0.317, 0.862
0, 1756, 0.314, 0.865
0, 1757, 0.319, 0.861
0, 1758, 0.313, 0.864
0, 1759, 0.303, 0.869
0, 1760, 0.333, 0.856
0, 1761, 0.302, 0.870
0, 1762, 0.311, 0.867
0, 1763, 0.315, 0.865
0, 1764, 0.319, 0.861
0, 1765, 0.303, 0.870
0, 1766, 0.330, 0.857
0, 1767, 0.326, 0.857
0, 1768, 0.326, 0.858
0, 1769, 0.320, 0.860
0, 1770, 0.309, 0.866
0, 1771, 0.311, 0.867
0, 1772, 0.311, 0.867
0, 1773, 0.313, 0.865
0, 1774, 0.325, 0.859
0, 1775, 0.321, 0.861
0, 1776, 0.327, 0.856
0, 1777, 0.325, 0.859
0, 1778, 0.315, 0.864
0, 1779, 0.316, 0.864
0, 1780, 0.318, 0.863
0, 1781, 0.317, 0.863
0, 1782, 0.323, 0.859
0, 1783, 0.323, 0.861
0, 1784, 0.328, 0.857
0, 1785, 0.321, 0.862
0, 1786, 0.321, 0.862
0, 1787, 0.308, 0.868
0, 1788, 0.320, 0.861
0, 1789, 0.316, 0.862
0, 1790, 0.313, 0.864
0, 1791, 0.311, 0.866
0, 1792, 0.310, 0.866
0, 1793, 0.323, 0.860
0, 1794, 0.314, 0.864
0, 1795, 0.316, 0.863
0, 1796, 0.324, 0.859
0, 1797, 0.323, 0.860
0, 1798, 0.319, 0.862
0, 1799, 0.319, 0.861
0, 1800, 0.320, 0.860
0, 1801, 0.317, 0.860
0, 1802, 0.314, 0.863
0, 1803, 0.313, 0.864
0, 1804, 0.303, 0.871
0, 1805, 0.310, 0.866
0, 1806, 0.319, 0.861
0, 1807, 0.317, 0.862
0, 1808, 0.317, 0.863
0, 1809, 0.326, 0.858
0, 1810, 0.323, 0.861
0, 1811, 0.305, 0.868
0, 1812, 0.305, 0.869
0, 1813, 0.322, 0.859
0, 1814, 0.309, 0.868
0, 1815, 0.324, 0.860
0, 1816, 0.321, 0.860
0, 1817, 0.325, 0.858
0, 1818, 0.321, 0.861
0, 1819, 0.323, 0.859
0, 1820, 0.313, 0.865
0, 1821, 0.320, 0.861
0, 1822, 0.310, 0.867
0, 1823, 0.316, 0.861
0, 1824, 0.311, 0.865
0, 1825, 0.311, 0.866
0, 1826, 0.323, 0.859
0, 1827, 0.322, 0.859
0, 1828, 0.317, 0.864
0, 1829, 0.319, 0.862
0, 1830, 0.313, 0.865
0, 1831, 0.321, 0.861
0, 1832, 0.316, 0.862
0, 1833, 0.321, 0.862
0, 1834, 0.322, 0.860
0, 1835, 0.322, 0.858
0, 1836, 0.302, 0.870
0, 1837, 0.322, 0.859
0, 1838, 0.312, 0.865
0, 1839, 0.330, 0.856
0, 1840, 0.323, 0.860
0, 1841, 0.313, 0.864
0, 1842, 0.315, 0.863
0, 1843, 0.325, 0.857
0, 1844, 0.327, 0.859
0, 1845, 0.331, 0.855
0, 1846, 0.325, 0.859
0, 1847, 0.313, 0.864
0, 1848, 0.316, 0.863
0, 1849, 0.318, 0.862
0, 1850, 0.316, 0.864
0, 1851, 0.320, 0.861
0, 1852, 0.328, 0.857
0, 1853, 0.320, 0.862
0, 1854, 0.310, 0.867
0, 1855, 0.316, 0.863
0, 1856, 0.333, 0.854
0, 1857, 0.311, 0.865
0, 1858, 0.328, 0.856
0, 1859, 0.328, 0.856
0, 1860, 0.322, 0.861
0, 1861, 0.305, 0.868
0, 1862, 0.321, 0.861
0, 1863, 0.322, 0.859
0, 1864, 0.317, 0.861
0, 1865, 0.319, 0.861
0, 1866, 0.316, 0.862
0, 1867, 0.313, 0.863
0, 1868, 0.314, 0.864
0, 1869, 0.306, 0.869
0, 1870, 0.323, 0.860
0, 1871, 0.315, 0.863
0, 1872, 0.323, 0.859
0, 1873, 0.321, 0.861
0, 1874, 0.319, 0.861
0, 1875, 0.299, 0.873
0, 1876, 0.331, 0.854
0, 1877, 0.312, 0.865
0, 1878, 0.317, 0.864
0, 1879, 0.323, 0.859
0, 1880, 0.326, 0.858
0, 1881, 0.323, 0.860
0, 1882, 0.325, 0.857
0, 1883, 0.321, 0.860
0, 1884, 0.316, 0.863
0, 1885, 0.302, 0.872
0, 1886, 0.332, 0.854
0, 1887, 0.319, 0.862
0, 1888, 0.317, 0.862
0, 1889, 0.328, 0.856
0, 1890, 0.313, 0.865
0, 1891, 0.310, 0.866
0, 1892, 0.317, 0.863
0, 1893, 0.313, 0.867
0, 1894, 0.315, 0.863
0, 1895, 0.325, 0.859
0, 1896, 0.323, 0.858
0, 1897, 0.319, 0.861
0, 1898, 0.303, 0.871
0, 1899, 0.316, 0.864
0, 1900, 0.329, 0.858
0, 1901, 0.334, 0.855
0, 1902, 0.310, 0.867
0, 1903, 0.303, 0.869
0, 1904, 0.313, 0.864
0, 1905, 0.325, 0.858
0, 1906, 0.320, 0.861
0, 1907, 0.307, 0.868
0, 1908, 0.316, 0.863
0, 1909, 0.319, 0.863
0, 1910, 0.315, 0.864
0, 1911, 0.324, 0.859
0, 1912, 0.316, 0.861
0, 1913, 0.328, 0.858
0, 1914, 0.328, 0.856
0, 1915, 0.319, 0.862
0, 1916, 0.320, 0.861
0, 1917, 0.324, 0.859
0, 1918, 0.322, 0.859
0, 1919, 0.306, 0.868
0, 1920, 0.327, 0.859
0, 1921, 0.318, 0.862
0, 1922, 0.323, 0.861
0, 1923, 0.314, 0.865
0, 1924, 0.324, 0.861
0, 1925, 0.334, 0.855
0, 1926, 0.311, 0.864
0, 1927, 0.308, 0.868
0, 1928, 0.317, 0.862
0, 1929, 0.309, 0.867
0, 1930, 0.313, 0.863
0, 1931, 0.319, 0.861
0, 1932, 0.329, 0.859
0, 1933, 0.313, 0.865
0, 1934, 0.316, 0.864
0, 1935, 0.314, 0.864
0, 1936, 0.322, 0.859
0, 1937, 0.312, 0.866
0, 1938, 0.300, 0.871
0, 1939, 0.314, 0.863
0, 1940, 0.320, 0.860
0, 1941, 0.302, 0.870
0, 1942, 0.319, 0.863
0, 1943, 0.314, 0.864
0, 1944, 0.323, 0.859
0, 1945, 0.318, 0.864
0, 1946, 0.316, 0.862
0, 1947, 0.319, 0.863
0, 1948, 0.322, 0.861
0, 1949, 0.311, 0.867
0, 1950, 0.315, 0.863
0, 1951, 0.322, 0.859
0, 1952, 0.316, 0.864
0, 1953, 0.312, 0.865
0, 1954, 0.319, 0.859
0, 1955, 0.315, 0.862
0, 1956, 0.320, 0.861
0, 1957, 0.317, 0.862
0, 1958, 0.331, 0.853
0, 1959, 0.324, 0.858
0, 1960, 0.315, 0.863
0, 1961, 0.321, 0.859
0, 1962, 0.312, 0.866
0, 1963, 0.312, 0.865
0, 1964, 0.315, 0.863
0, 1965, 0.309, 0.866
0, 1966, 0.311, 0.865
0, 1967, 0.332, 0.853
0, 1968, 0.318, 0.862
0, 1969, 0.321, 0.861
0, 1970, 0.322, 0.861
0, 1971, 0.309, 0.867
0, 1972, 0.329, 0.855
0, 1973, 0.318, 0.862
0, 1974, 0.319, 0.860
0, 1975, 0.308, 0.867
0, 1976, 0.323, 0.860
0, 1977, 0.319, 0.862
0, 1978, 0.331, 0.857
0, 1979, 0.307, 0.867
0, 1980, 0.324, 0.857
0, 1981, 0.320, 0.862
0, 1982, 0.323, 0.861
0, 1983, 0.314, 0.866
0, 1984, 0.309, 0.866
0, 1985, 0.317, 0.862
0, 1986, 0.306, 0.869
0, 1987, 0.307, 0.869
0, 1988, 0.306, 0.868
0, 1989, 0.318, 0.862
0, 1990, 0.317, 0.862
0, 1991, 0.312, 0.866
0, 1992, 0.306, 0.870
0, 1993, 0.313, 0.866
0, 1994, 0.316, 0.863
0, 1995, 0.297, 0.872
0, 1996, 0.315, 0.865
0, 1997, 0.324, 0.859
0, 1998, 0.320, 0.861
0, 1999, 0.321, 0.859
