[2025-09-17 01:58:35,927][argument.py][line:43][INFO] dataset          : imagenet1k
[2025-09-17 01:58:35,927][argument.py][line:43][INFO] data_root        : /data
[2025-09-17 01:58:35,927][argument.py][line:43][INFO] model_name       : resnet50
[2025-09-17 01:58:35,927][argument.py][line:43][INFO] num_epochs       : 5
[2025-09-17 01:58:35,927][argument.py][line:43][INFO] learning_rate    : 0.001
[2025-09-17 01:58:35,929][argument.py][line:43][INFO] batch_size       : 512
[2025-09-17 01:58:35,929][argument.py][line:43][INFO] optimizer_type   : Adam
[2025-09-17 01:58:35,929][argument.py][line:43][INFO] momentum         : 0.9
[2025-09-17 01:58:35,929][argument.py][line:43][INFO] print_frequency  : 1
[2025-09-17 01:58:35,929][argument.py][line:43][INFO] weight_decay     : 0.0001
[2025-09-17 01:58:35,929][argument.py][line:43][INFO] load_model       : None
[2025-09-17 01:58:35,930][argument.py][line:43][INFO] symbol_size      : 1000
[2025-09-17 01:58:35,930][argument.py][line:43][INFO] mlp_layers       : 3
[2025-09-17 01:58:35,930][argument.py][line:43][INFO] hidden_dim       : 100
[2025-09-17 01:58:35,930][argument.py][line:43][INFO] num_classes      : 1000
[2025-09-17 01:58:35,930][argument.py][line:43][INFO] p                : 0.5
[2025-09-17 01:58:35,930][argument.py][line:43][INFO] use_orthg        : False
[2025-09-17 01:58:35,930][argument.py][line:43][INFO] cntrst           : None
[2025-09-17 01:58:35,931][argument.py][line:43][INFO] worst_neg        : False
[2025-09-17 01:58:35,931][argument.py][line:43][INFO] metric           : euclidean
[2025-09-17 01:58:35,931][argument.py][line:43][INFO] fix_fe           : True
[2025-09-17 01:58:35,932][argument.py][line:43][INFO] loss_type        : CrossEntropyLoss
[2025-09-17 01:58:35,932][argument.py][line:43][INFO] use_pretrain     : True
[2025-09-17 01:58:35,932][argument.py][line:43][INFO] bidir            : False
[2025-09-17 01:58:35,932][argument.py][line:43][INFO] fix_ts           : False
[2025-09-17 01:58:35,932][argument.py][line:43][INFO] fix_ts_ca        : False
[2025-09-17 01:58:35,933][argument.py][line:43][INFO] exp_prefix       : None
[2025-09-17 01:58:35,933][argument.py][line:43][INFO] fix_symbol_set   : True
[2025-09-17 01:58:35,933][argument.py][line:43][INFO] symbol_init_type : one_hot
[2025-09-17 01:58:35,933][argument.py][line:43][INFO] custom_symbol_path : None
[2025-09-17 01:58:35,933][argument.py][line:43][INFO] joint_training   : False
[2025-09-17 01:58:35,934][main.py][line:64][INFO] Device is cuda
[2025-09-17 01:58:39,082][main.py][line:73][INFO] length of train is 1281167, length of test is 50000
[2025-09-17 01:58:39,612][main.py][line:88][INFO] Symbol set initialized with type: one_hot
[2025-09-17 02:26:05,633][utils.py][line:313][INFO] epoch 1, network phase, loss 0.0817, train acc 0.9696, test acc given symbol 0.9630
[2025-09-17 02:26:05,633][utils.py][line:314][INFO] total time 1644.096sec, IO 422.693sec, make batch 0.816sec, forward 16.712sec, backward 4.932sec, grad step 1.786sec, others stat 886.471sec, eval 69.768sec
[2025-09-17 02:55:45,207][utils.py][line:313][INFO] epoch 2, network phase, loss 0.0570, train acc 0.9803, test acc given symbol 0.9705
[2025-09-17 02:55:45,208][utils.py][line:314][INFO] total time 1774.825sec, IO 455.622sec, make batch 0.888sec, forward 15.848sec, backward 4.470sec, grad step 1.945sec, others stat 885.721sec, eval 70.659sec
[2025-09-17 03:24:43,073][utils.py][line:313][INFO] epoch 3, network phase, loss 0.0548, train acc 0.9810, test acc given symbol 0.9687
[2025-09-17 03:24:43,073][utils.py][line:314][INFO] total time 1733.556sec, IO 451.377sec, make batch 0.871sec, forward 15.516sec, backward 4.420sec, grad step 1.894sec, others stat 886.129sec, eval 71.088sec
[2025-09-17 03:53:19,528][utils.py][line:313][INFO] epoch 4, network phase, loss 0.0530, train acc 0.9815, test acc given symbol 0.9676
[2025-09-17 03:53:19,528][utils.py][line:314][INFO] total time 1711.963sec, IO 499.223sec, make batch 0.955sec, forward 16.178sec, backward 4.955sec, grad step 1.985sec, others stat 885.194sec, eval 72.844sec
[2025-09-17 04:22:49,208][utils.py][line:313][INFO] epoch 5, network phase, loss 0.0530, train acc 0.9816, test acc given symbol 0.9640
[2025-09-17 04:22:49,208][utils.py][line:314][INFO] total time 1769.086sec, IO 459.169sec, make batch 0.879sec, forward 15.593sec, backward 3.925sec, grad step 1.901sec, others stat 886.581sec, eval 65.162sec
[2025-09-17 04:22:50,400][main.py][line:121][INFO] Training done!
