[2024-04-12 18:59:03,940][argument.py][line:35][INFO] dataset          : imagenet1k
[2024-04-12 18:59:03,958][argument.py][line:35][INFO] data_root        : /data0/user/lxguo/Data
[2024-04-12 18:59:03,958][argument.py][line:35][INFO] model_name       : resnet50
[2024-04-12 18:59:03,958][argument.py][line:35][INFO] num_epochs       : 5
[2024-04-12 18:59:03,958][argument.py][line:35][INFO] learning_rate    : 0.001
[2024-04-12 18:59:03,958][argument.py][line:35][INFO] batch_size       : 512
[2024-04-12 18:59:03,959][argument.py][line:35][INFO] optimizer_type   : Adam
[2024-04-12 18:59:03,959][argument.py][line:35][INFO] momentum         : 0.9
[2024-04-12 18:59:03,959][argument.py][line:35][INFO] print_frequency  : 1
[2024-04-12 18:59:03,959][argument.py][line:35][INFO] weight_decay     : 0.0001
[2024-04-12 18:59:03,959][argument.py][line:35][INFO] load_model       : None
[2024-04-12 18:59:03,959][argument.py][line:35][INFO] symbol_size      : 20
[2024-04-12 18:59:03,959][argument.py][line:35][INFO] num_classes      : 1000
[2024-04-12 18:59:03,959][argument.py][line:35][INFO] p                : 0.5
[2024-04-12 18:59:03,959][argument.py][line:35][INFO] use_orthg        : False
[2024-04-12 18:59:03,959][argument.py][line:35][INFO] cntrst           : None
[2024-04-12 18:59:03,960][argument.py][line:35][INFO] worst_neg        : False
[2024-04-12 18:59:03,960][argument.py][line:35][INFO] metric           : euclidean
[2024-04-12 18:59:03,960][argument.py][line:35][INFO] fix_fe           : True
[2024-04-12 18:59:03,960][argument.py][line:35][INFO] loss_type        : CrossEntropyLoss
[2024-04-12 18:59:03,960][argument.py][line:35][INFO] no_train         : False
[2024-04-12 18:59:03,960][argument.py][line:35][INFO] use_pretrain     : True
[2024-04-12 18:59:03,960][argument.py][line:35][INFO] exp_prefix       : None
[2024-04-12 18:59:03,960][main.py][line:30][INFO] Device is cuda
[2024-04-12 18:59:40,628][main.py][line:34][INFO] length of train is 1281167, length of test is 50000
[2024-04-12 22:02:34,506][utils.py][line:226][INFO] epoch 1, network phase, loss 0.2225, train acc 0.9071, test acc given symbol 0.9178
[2024-04-12 22:02:34,507][utils.py][line:227][INFO] total time 10971.858sec, IO 444.401sec, make batch 0.797sec, forward 16.550sec, backward 3.087sec, grad step 1.651sec, others stat 886.626sec, eval 431.216sec
[2024-04-13 01:04:11,647][utils.py][line:285][INFO] epoch 1, network phase, loss 0.1283, train acc 0.9524, test acc given symbol 0.9498
[2024-04-13 01:04:11,647][utils.py][line:286][INFO] total time 10897.141sec, IO 421.569sec, make batch 1.169sec, forward 14.409sec, backward 3.100sec, grad step 0.857sec, others stat 886.861sec, eval 433.279sec
[2024-04-13 04:07:43,034][utils.py][line:226][INFO] epoch 2, network phase, loss 0.1127, train acc 0.9584, test acc given symbol 0.9411
[2024-04-13 04:07:43,034][utils.py][line:227][INFO] total time 11010.566sec, IO 419.336sec, make batch 0.793sec, forward 14.484sec, backward 3.130sec, grad step 1.631sec, others stat 886.214sec, eval 452.482sec
[2024-04-13 07:11:52,970][utils.py][line:285][INFO] epoch 2, network phase, loss 0.1089, train acc 0.9603, test acc given symbol 0.9584
[2024-04-13 07:11:52,970][utils.py][line:286][INFO] total time 11049.936sec, IO 424.637sec, make batch 1.179sec, forward 14.554sec, backward 3.226sec, grad step 0.856sec, others stat 886.600sec, eval 435.973sec
[2024-04-13 10:14:27,216][utils.py][line:226][INFO] epoch 3, network phase, loss 0.0992, train acc 0.9640, test acc given symbol 0.9510
[2024-04-13 10:14:27,216][utils.py][line:227][INFO] total time 10953.501sec, IO 422.893sec, make batch 0.808sec, forward 14.628sec, backward 3.179sec, grad step 1.652sec, others stat 885.998sec, eval 436.382sec
[2024-04-13 13:17:47,145][utils.py][line:285][INFO] epoch 3, network phase, loss 0.1031, train acc 0.9625, test acc given symbol 0.9605
[2024-04-13 13:17:47,146][utils.py][line:286][INFO] total time 10999.929sec, IO 420.741sec, make batch 1.172sec, forward 14.514sec, backward 3.105sec, grad step 0.868sec, others stat 886.794sec, eval 434.367sec
[2024-04-13 16:21:31,718][utils.py][line:226][INFO] epoch 4, network phase, loss 0.0924, train acc 0.9667, test acc given symbol 0.9530
[2024-04-13 16:21:31,718][utils.py][line:227][INFO] total time 11023.901sec, IO 409.338sec, make batch 0.788sec, forward 14.413sec, backward 3.199sec, grad step 1.609sec, others stat 886.260sec, eval 434.243sec
[2024-04-13 19:26:35,269][utils.py][line:285][INFO] epoch 4, network phase, loss 0.0991, train acc 0.9644, test acc given symbol 0.9605
[2024-04-13 19:26:35,270][utils.py][line:286][INFO] total time 11103.551sec, IO 399.762sec, make batch 1.154sec, forward 14.207sec, backward 3.062sec, grad step 0.863sec, others stat 887.161sec, eval 443.158sec
[2024-04-13 22:29:23,161][utils.py][line:226][INFO] epoch 5, network phase, loss 0.0884, train acc 0.9683, test acc given symbol 0.9537
[2024-04-13 22:29:23,161][utils.py][line:227][INFO] total time 10967.021sec, IO 406.417sec, make batch 0.786sec, forward 14.258sec, backward 3.109sec, grad step 1.618sec, others stat 886.637sec, eval 436.948sec
[2024-04-14 01:34:49,684][utils.py][line:285][INFO] epoch 5, network phase, loss 0.0954, train acc 0.9657, test acc given symbol 0.9625
[2024-04-14 01:34:49,684][utils.py][line:286][INFO] total time 11126.523sec, IO 417.077sec, make batch 1.188sec, forward 14.475sec, backward 3.117sec, grad step 0.867sec, others stat 886.751sec, eval 434.714sec
[2024-04-14 01:34:51,175][main.py][line:60][INFO] Training done!
