[2025-09-16 07:16:51,693][argument.py][line:43][INFO] dataset          : imagenet1k
[2025-09-16 07:16:51,694][argument.py][line:43][INFO] data_root        : /data
[2025-09-16 07:16:51,694][argument.py][line:43][INFO] model_name       : resnet50
[2025-09-16 07:16:51,694][argument.py][line:43][INFO] num_epochs       : 5
[2025-09-16 07:16:51,709][argument.py][line:43][INFO] learning_rate    : 0.001
[2025-09-16 07:16:51,709][argument.py][line:43][INFO] batch_size       : 512
[2025-09-16 07:16:51,709][argument.py][line:43][INFO] optimizer_type   : Adam
[2025-09-16 07:16:51,721][argument.py][line:43][INFO] momentum         : 0.9
[2025-09-16 07:16:51,721][argument.py][line:43][INFO] print_frequency  : 1
[2025-09-16 07:16:51,721][argument.py][line:43][INFO] weight_decay     : 0.0001
[2025-09-16 07:16:51,722][argument.py][line:43][INFO] load_model       : None
[2025-09-16 07:16:51,722][argument.py][line:43][INFO] symbol_size      : 10
[2025-09-16 07:16:51,723][argument.py][line:43][INFO] mlp_layers       : 3
[2025-09-16 07:16:51,723][argument.py][line:43][INFO] hidden_dim       : 100
[2025-09-16 07:16:51,723][argument.py][line:43][INFO] num_classes      : 1000
[2025-09-16 07:16:51,723][argument.py][line:43][INFO] p                : 0.5
[2025-09-16 07:16:51,723][argument.py][line:43][INFO] use_orthg        : False
[2025-09-16 07:16:51,724][argument.py][line:43][INFO] cntrst           : None
[2025-09-16 07:16:51,724][argument.py][line:43][INFO] worst_neg        : False
[2025-09-16 07:16:51,724][argument.py][line:43][INFO] metric           : euclidean
[2025-09-16 07:16:51,725][argument.py][line:43][INFO] fix_fe           : True
[2025-09-16 07:16:51,725][argument.py][line:43][INFO] loss_type        : CrossEntropyLoss
[2025-09-16 07:16:51,725][argument.py][line:43][INFO] use_pretrain     : True
[2025-09-16 07:16:51,726][argument.py][line:43][INFO] bidir            : False
[2025-09-16 07:16:51,726][argument.py][line:43][INFO] fix_ts           : False
[2025-09-16 07:16:51,726][argument.py][line:43][INFO] fix_ts_ca        : False
[2025-09-16 07:16:51,726][argument.py][line:43][INFO] exp_prefix       : None
[2025-09-16 07:16:51,726][argument.py][line:43][INFO] fix_symbol_set   : False
[2025-09-16 07:16:51,726][argument.py][line:43][INFO] symbol_init_type : random
[2025-09-16 07:16:51,728][argument.py][line:43][INFO] custom_symbol_path : None
[2025-09-16 07:16:51,728][argument.py][line:43][INFO] joint_training   : False
[2025-09-16 07:16:51,728][main.py][line:64][INFO] Device is cuda
[2025-09-16 07:16:54,806][main.py][line:73][INFO] length of train is 1281167, length of test is 50000
[2025-09-16 07:16:55,346][main.py][line:88][INFO] Symbol set initialized with type: random
[2025-09-16 07:45:23,048][utils.py][line:312][INFO] epoch 1, network phase, loss 0.2716, train acc 0.8840, test acc given symbol 0.9062
[2025-09-16 07:45:23,048][utils.py][line:313][INFO] total time 1705.640sec, IO 450.561sec, make batch 0.850sec, forward 17.038sec, backward 4.855sec, grad step 1.872sec, others stat 887.199sec, eval 65.771sec
[2025-09-16 08:13:37,823][utils.py][line:373][INFO] epoch 1, concept phase, loss 0.1760, train acc 0.9316, test acc given symbol 0.9290
[2025-09-16 08:13:37,823][utils.py][line:374][INFO] total time 1694.775sec, IO 486.366sec, make batch 1.243sec, forward 15.704sec, backward 4.917sec, grad step 1.019sec, others stat 887.431sec, eval 69.854sec
[2025-09-16 08:41:27,881][utils.py][line:312][INFO] epoch 2, network phase, loss 0.1444, train acc 0.9454, test acc given symbol 0.9322
[2025-09-16 08:41:27,881][utils.py][line:313][INFO] total time 1653.150sec, IO 508.801sec, make batch 0.889sec, forward 15.594sec, backward 5.310sec, grad step 1.773sec, others stat 886.059sec, eval 69.529sec
[2025-09-16 09:09:07,493][utils.py][line:373][INFO] epoch 2, concept phase, loss 0.1385, train acc 0.9477, test acc given symbol 0.9443
[2025-09-16 09:09:07,493][utils.py][line:374][INFO] total time 1659.612sec, IO 467.233sec, make batch 1.159sec, forward 14.845sec, backward 4.670sec, grad step 0.943sec, others stat 888.163sec, eval 67.987sec
[2025-09-16 09:37:05,920][utils.py][line:312][INFO] epoch 3, network phase, loss 0.1209, train acc 0.9551, test acc given symbol 0.9410
[2025-09-16 09:37:05,921][utils.py][line:313][INFO] total time 1674.071sec, IO 455.978sec, make batch 0.836sec, forward 14.895sec, backward 4.633sec, grad step 1.811sec, others stat 887.535sec, eval 68.490sec
[2025-09-16 10:04:55,584][utils.py][line:373][INFO] epoch 3, concept phase, loss 0.1251, train acc 0.9539, test acc given symbol 0.9510
[2025-09-16 10:04:55,585][utils.py][line:374][INFO] total time 1669.664sec, IO 454.155sec, make batch 1.129sec, forward 14.654sec, backward 4.585sec, grad step 0.951sec, others stat 888.652sec, eval 70.774sec
[2025-09-16 10:32:31,904][utils.py][line:312][INFO] epoch 4, network phase, loss 0.1110, train acc 0.9592, test acc given symbol 0.9462
[2025-09-16 10:32:31,904][utils.py][line:313][INFO] total time 1652.219sec, IO 452.369sec, make batch 0.819sec, forward 14.681sec, backward 4.108sec, grad step 1.763sec, others stat 888.556sec, eval 67.604sec
[2025-09-16 10:59:57,640][utils.py][line:373][INFO] epoch 4, concept phase, loss 0.1170, train acc 0.9575, test acc given symbol 0.9556
[2025-09-16 10:59:57,640][utils.py][line:374][INFO] total time 1645.737sec, IO 444.562sec, make batch 1.115sec, forward 14.543sec, backward 4.105sec, grad step 0.928sec, others stat 889.303sec, eval 67.504sec
[2025-09-16 11:27:32,283][utils.py][line:312][INFO] epoch 5, network phase, loss 0.1039, train acc 0.9622, test acc given symbol 0.9514
[2025-09-16 11:27:32,283][utils.py][line:313][INFO] total time 1650.589sec, IO 456.720sec, make batch 0.828sec, forward 14.791sec, backward 4.695sec, grad step 1.800sec, others stat 887.966sec, eval 67.551sec
[2025-09-16 11:54:42,980][utils.py][line:373][INFO] epoch 5, concept phase, loss 0.1140, train acc 0.9584, test acc given symbol 0.9552
[2025-09-16 11:54:42,981][utils.py][line:374][INFO] total time 1630.698sec, IO 447.909sec, make batch 1.111sec, forward 14.552sec, backward 4.704sec, grad step 0.926sec, others stat 888.799sec, eval 62.871sec
[2025-09-16 11:54:51,661][main.py][line:121][INFO] Training done!
