[2024-04-15 08:24:16,108][argument.py][line:35][INFO] dataset          : imagenet1k
[2024-04-15 08:24:16,109][argument.py][line:35][INFO] data_root        : /data0/user/lxguo/Data
[2024-04-15 08:24:16,109][argument.py][line:35][INFO] model_name       : resnet50
[2024-04-15 08:24:16,109][argument.py][line:35][INFO] num_epochs       : 5
[2024-04-15 08:24:16,109][argument.py][line:35][INFO] learning_rate    : 0.001
[2024-04-15 08:24:16,109][argument.py][line:35][INFO] batch_size       : 512
[2024-04-15 08:24:16,109][argument.py][line:35][INFO] optimizer_type   : Adam
[2024-04-15 08:24:16,109][argument.py][line:35][INFO] momentum         : 0.9
[2024-04-15 08:24:16,109][argument.py][line:35][INFO] print_frequency  : 1
[2024-04-15 08:24:16,109][argument.py][line:35][INFO] weight_decay     : 0.0001
[2024-04-15 08:24:16,110][argument.py][line:35][INFO] load_model       : None
[2024-04-15 08:24:16,110][argument.py][line:35][INFO] symbol_size      : 20
[2024-04-15 08:24:16,110][argument.py][line:35][INFO] num_classes      : 1000
[2024-04-15 08:24:16,110][argument.py][line:35][INFO] p                : 0.5
[2024-04-15 08:24:16,110][argument.py][line:35][INFO] use_orthg        : False
[2024-04-15 08:24:16,110][argument.py][line:35][INFO] cntrst           : None
[2024-04-15 08:24:16,110][argument.py][line:35][INFO] worst_neg        : False
[2024-04-15 08:24:16,110][argument.py][line:35][INFO] metric           : euclidean
[2024-04-15 08:24:16,110][argument.py][line:35][INFO] fix_fe           : True
[2024-04-15 08:24:16,110][argument.py][line:35][INFO] loss_type        : CrossEntropyLoss
[2024-04-15 08:24:16,111][argument.py][line:35][INFO] no_train         : False
[2024-04-15 08:24:16,111][argument.py][line:35][INFO] use_pretrain     : True
[2024-04-15 08:24:16,111][argument.py][line:35][INFO] exp_prefix       : None
[2024-04-15 08:24:16,111][main.py][line:30][INFO] Device is cuda
[2024-04-15 08:24:20,198][main.py][line:34][INFO] length of train is 1281167, length of test is 50000
[2024-04-15 10:24:37,864][utils.py][line:226][INFO] epoch 1, network phase, loss 0.2220, train acc 0.9077, test acc given symbol 0.9233
[2024-04-15 10:24:37,864][utils.py][line:227][INFO] total time 7215.778sec, IO 404.579sec, make batch 0.764sec, forward 15.705sec, backward 2.855sec, grad step 1.640sec, others stat 887.514sec, eval 287.775sec
[2024-04-15 12:57:16,222][utils.py][line:285][INFO] epoch 1, network phase, loss 0.1298, train acc 0.9516, test acc given symbol 0.9480
[2024-04-15 12:57:16,222][utils.py][line:286][INFO] total time 9158.358sec, IO 419.855sec, make batch 1.129sec, forward 14.000sec, backward 2.915sec, grad step 0.885sec, others stat 887.786sec, eval 340.267sec
[2024-04-15 15:21:03,070][utils.py][line:226][INFO] epoch 2, network phase, loss 0.1133, train acc 0.9584, test acc given symbol 0.9394
[2024-04-15 15:21:03,070][utils.py][line:227][INFO] total time 8626.236sec, IO 445.752sec, make batch 0.785sec, forward 14.421sec, backward 2.953sec, grad step 1.707sec, others stat 887.906sec, eval 340.492sec
[2024-04-15 17:44:42,072][utils.py][line:285][INFO] epoch 2, network phase, loss 0.1095, train acc 0.9599, test acc given symbol 0.9570
[2024-04-15 17:44:42,072][utils.py][line:286][INFO] total time 8619.003sec, IO 425.878sec, make batch 1.144sec, forward 14.089sec, backward 2.919sec, grad step 0.909sec, others stat 888.673sec, eval 342.858sec
[2024-04-15 20:06:11,998][utils.py][line:226][INFO] epoch 3, network phase, loss 0.0990, train acc 0.9642, test acc given symbol 0.9526
[2024-04-15 20:06:11,998][utils.py][line:227][INFO] total time 8489.254sec, IO 424.941sec, make batch 0.772sec, forward 14.081sec, backward 2.921sec, grad step 1.673sec, others stat 888.068sec, eval 340.086sec
[2024-04-15 22:26:52,236][utils.py][line:285][INFO] epoch 3, network phase, loss 0.1032, train acc 0.9626, test acc given symbol 0.9593
[2024-04-15 22:26:52,236][utils.py][line:286][INFO] total time 8440.238sec, IO 430.497sec, make batch 1.145sec, forward 14.101sec, backward 2.943sec, grad step 0.908sec, others stat 888.365sec, eval 333.814sec
[2024-04-16 00:42:02,818][utils.py][line:226][INFO] epoch 4, network phase, loss 0.0921, train acc 0.9671, test acc given symbol 0.9550
[2024-04-16 00:42:02,819][utils.py][line:227][INFO] total time 8109.903sec, IO 401.954sec, make batch 0.766sec, forward 14.036sec, backward 2.900sec, grad step 1.657sec, others stat 887.270sec, eval 319.992sec
[2024-04-16 02:56:07,504][utils.py][line:285][INFO] epoch 4, network phase, loss 0.0988, train acc 0.9644, test acc given symbol 0.9615
[2024-04-16 02:56:07,504][utils.py][line:286][INFO] total time 8044.686sec, IO 409.175sec, make batch 1.148sec, forward 14.269sec, backward 2.933sec, grad step 0.899sec, others stat 887.675sec, eval 319.617sec
[2024-04-16 05:10:17,594][utils.py][line:226][INFO] epoch 5, network phase, loss 0.0882, train acc 0.9687, test acc given symbol 0.9564
[2024-04-16 05:10:17,595][utils.py][line:227][INFO] total time 8049.402sec, IO 397.686sec, make batch 0.767sec, forward 14.001sec, backward 2.903sec, grad step 1.672sec, others stat 887.414sec, eval 321.497sec
[2024-04-16 07:24:34,548][utils.py][line:285][INFO] epoch 5, network phase, loss 0.0955, train acc 0.9660, test acc given symbol 0.9628
[2024-04-16 07:24:34,549][utils.py][line:286][INFO] total time 8056.954sec, IO 404.328sec, make batch 1.140sec, forward 14.088sec, backward 2.902sec, grad step 0.900sec, others stat 887.857sec, eval 325.418sec
[2024-04-16 07:24:35,867][main.py][line:60][INFO] Training done!
