[2025-09-12 07:22:25,941][argument.py][line:42][INFO] dataset          : imagenet1k
[2025-09-12 07:22:25,942][argument.py][line:42][INFO] data_root        : /data
[2025-09-12 07:22:25,963][argument.py][line:42][INFO] model_name       : resnet50
[2025-09-12 07:22:25,964][argument.py][line:42][INFO] num_epochs       : 5
[2025-09-12 07:22:25,965][argument.py][line:42][INFO] learning_rate    : 0.001
[2025-09-12 07:22:25,966][argument.py][line:42][INFO] batch_size       : 512
[2025-09-12 07:22:25,967][argument.py][line:42][INFO] optimizer_type   : Adam
[2025-09-12 07:22:25,968][argument.py][line:42][INFO] momentum         : 0.9
[2025-09-12 07:22:25,969][argument.py][line:42][INFO] print_frequency  : 1
[2025-09-12 07:22:25,970][argument.py][line:42][INFO] weight_decay     : 0.0001
[2025-09-12 07:22:25,980][argument.py][line:42][INFO] load_model       : None
[2025-09-12 07:22:25,981][argument.py][line:42][INFO] symbol_size      : 20
[2025-09-12 07:22:25,982][argument.py][line:42][INFO] mlp_layers       : 3
[2025-09-12 07:22:25,982][argument.py][line:42][INFO] hidden_dim       : 100
[2025-09-12 07:22:25,983][argument.py][line:42][INFO] num_classes      : 1000
[2025-09-12 07:22:25,999][argument.py][line:42][INFO] p                : 0.5
[2025-09-12 07:22:26,005][argument.py][line:42][INFO] use_orthg        : False
[2025-09-12 07:22:26,005][argument.py][line:42][INFO] cntrst           : None
[2025-09-12 07:22:26,006][argument.py][line:42][INFO] worst_neg        : False
[2025-09-12 07:22:26,007][argument.py][line:42][INFO] metric           : euclidean
[2025-09-12 07:22:26,008][argument.py][line:42][INFO] fix_fe           : True
[2025-09-12 07:22:26,024][argument.py][line:42][INFO] loss_type        : CrossEntropyLoss
[2025-09-12 07:22:26,048][argument.py][line:42][INFO] use_pretrain     : True
[2025-09-12 07:22:26,048][argument.py][line:42][INFO] bidir            : False
[2025-09-12 07:22:26,049][argument.py][line:42][INFO] fix_ts           : False
[2025-09-12 07:22:26,049][argument.py][line:42][INFO] fix_ts_ca        : True
[2025-09-12 07:22:26,050][argument.py][line:42][INFO] exp_prefix       : None
[2025-09-12 07:22:26,050][argument.py][line:42][INFO] fix_symbol_set   : False
[2025-09-12 07:22:26,050][argument.py][line:42][INFO] symbol_init_type : random
[2025-09-12 07:22:26,051][argument.py][line:42][INFO] custom_symbol_path : None
[2025-09-12 07:22:26,051][main.py][line:53][INFO] Device is cuda
[2025-09-12 07:22:29,264][main.py][line:62][INFO] length of train is 1281167, length of test is 50000
[2025-09-12 07:22:29,763][main.py][line:82][INFO] Symbol set initialized with type: random
[2025-09-12 07:49:59,154][utils.py][line:310][INFO] epoch 1, concept phase, loss 0.6485, train acc 0.6376, test acc given symbol 0.7033
[2025-09-12 07:49:59,155][utils.py][line:311][INFO] total time 1647.480sec, IO 482.667sec, make batch 1.360sec, forward 17.802sec, backward 5.669sec, grad step 0.989sec, others stat 889.141sec, eval 68.188sec
[2025-09-12 08:17:32,250][utils.py][line:310][INFO] epoch 2, concept phase, loss 0.6161, train acc 0.7119, test acc given symbol 0.7163
[2025-09-12 08:17:32,250][utils.py][line:311][INFO] total time 1652.467sec, IO 497.065sec, make batch 1.385sec, forward 16.016sec, backward 5.676sec, grad step 1.021sec, others stat 886.796sec, eval 69.598sec
[2025-09-12 08:44:53,605][utils.py][line:310][INFO] epoch 3, concept phase, loss 0.6130, train acc 0.7176, test acc given symbol 0.7219
[2025-09-12 08:44:53,605][utils.py][line:311][INFO] total time 1640.829sec, IO 448.789sec, make batch 1.321sec, forward 15.855sec, backward 5.654sec, grad step 0.981sec, others stat 886.878sec, eval 69.122sec
[2025-09-12 09:12:20,503][utils.py][line:310][INFO] epoch 4, concept phase, loss 0.6120, train acc 0.7206, test acc given symbol 0.7192
[2025-09-12 09:12:20,503][utils.py][line:311][INFO] total time 1646.224sec, IO 497.848sec, make batch 1.370sec, forward 15.975sec, backward 5.650sec, grad step 1.010sec, others stat 887.958sec, eval 67.752sec
[2025-09-12 09:39:32,021][utils.py][line:310][INFO] epoch 5, concept phase, loss 0.6118, train acc 0.7203, test acc given symbol 0.7198
[2025-09-12 09:39:32,021][utils.py][line:311][INFO] total time 1630.941sec, IO 453.368sec, make batch 1.325sec, forward 15.784sec, backward 5.713sec, grad step 0.969sec, others stat 888.052sec, eval 67.867sec
[2025-09-12 09:39:40,681][main.py][line:115][INFO] Training done!
