[2025-09-17 07:23:58,127][argument.py][line:43][INFO] dataset          : imagenet1k
[2025-09-17 07:23:58,127][argument.py][line:43][INFO] data_root        : /data
[2025-09-17 07:23:58,127][argument.py][line:43][INFO] model_name       : resnet50
[2025-09-17 07:23:58,127][argument.py][line:43][INFO] num_epochs       : 5
[2025-09-17 07:23:58,151][argument.py][line:43][INFO] learning_rate    : 0.001
[2025-09-17 07:23:58,151][argument.py][line:43][INFO] batch_size       : 512
[2025-09-17 07:23:58,152][argument.py][line:43][INFO] optimizer_type   : Adam
[2025-09-17 07:23:58,152][argument.py][line:43][INFO] momentum         : 0.9
[2025-09-17 07:23:58,152][argument.py][line:43][INFO] print_frequency  : 1
[2025-09-17 07:23:58,153][argument.py][line:43][INFO] weight_decay     : 0.0001
[2025-09-17 07:23:58,153][argument.py][line:43][INFO] load_model       : None
[2025-09-17 07:23:58,153][argument.py][line:43][INFO] symbol_size      : 20
[2025-09-17 07:23:58,155][argument.py][line:43][INFO] mlp_layers       : 1
[2025-09-17 07:23:58,155][argument.py][line:43][INFO] hidden_dim       : 100
[2025-09-17 07:23:58,155][argument.py][line:43][INFO] num_classes      : 1000
[2025-09-17 07:23:58,156][argument.py][line:43][INFO] p                : 0.5
[2025-09-17 07:23:58,156][argument.py][line:43][INFO] use_orthg        : False
[2025-09-17 07:23:58,156][argument.py][line:43][INFO] cntrst           : None
[2025-09-17 07:23:58,157][argument.py][line:43][INFO] worst_neg        : False
[2025-09-17 07:23:58,157][argument.py][line:43][INFO] metric           : euclidean
[2025-09-17 07:23:58,157][argument.py][line:43][INFO] fix_fe           : True
[2025-09-17 07:23:58,158][argument.py][line:43][INFO] loss_type        : CrossEntropyLoss
[2025-09-17 07:23:58,158][argument.py][line:43][INFO] use_pretrain     : True
[2025-09-17 07:23:58,158][argument.py][line:43][INFO] bidir            : False
[2025-09-17 07:23:58,159][argument.py][line:43][INFO] fix_ts           : False
[2025-09-17 07:23:58,159][argument.py][line:43][INFO] fix_ts_ca        : False
[2025-09-17 07:23:58,159][argument.py][line:43][INFO] exp_prefix       : None
[2025-09-17 07:23:58,160][argument.py][line:43][INFO] fix_symbol_set   : True
[2025-09-17 07:23:58,160][argument.py][line:43][INFO] symbol_init_type : random
[2025-09-17 07:23:58,160][argument.py][line:43][INFO] custom_symbol_path : None
[2025-09-17 07:23:58,179][argument.py][line:43][INFO] joint_training   : False
[2025-09-17 07:23:58,179][main.py][line:64][INFO] Device is cuda
[2025-09-17 07:24:01,352][main.py][line:73][INFO] length of train is 1281167, length of test is 50000
[2025-09-17 07:24:01,839][main.py][line:88][INFO] Symbol set initialized with type: random
[2025-09-17 07:51:11,515][utils.py][line:313][INFO] epoch 1, network phase, loss 0.5504, train acc 0.7200, test acc given symbol 0.7488
[2025-09-17 07:51:11,515][utils.py][line:314][INFO] total time 1627.894sec, IO 412.771sec, make batch 0.817sec, forward 15.369sec, backward 2.667sec, grad step 1.125sec, others stat 889.113sec, eval 69.025sec
[2025-09-17 08:20:12,235][utils.py][line:313][INFO] epoch 2, network phase, loss 0.4865, train acc 0.7704, test acc given symbol 0.7600
[2025-09-17 08:20:12,235][utils.py][line:314][INFO] total time 1737.393sec, IO 478.227sec, make batch 0.891sec, forward 14.365sec, backward 2.833sec, grad step 1.262sec, others stat 888.086sec, eval 72.868sec
[2025-09-17 08:49:43,833][utils.py][line:313][INFO] epoch 3, network phase, loss 0.4635, train acc 0.7847, test acc given symbol 0.7785
[2025-09-17 08:49:43,833][utils.py][line:314][INFO] total time 1766.735sec, IO 491.346sec, make batch 0.939sec, forward 14.738sec, backward 2.921sec, grad step 1.277sec, others stat 887.365sec, eval 71.959sec
[2025-09-17 09:19:23,653][utils.py][line:313][INFO] epoch 4, network phase, loss 0.4453, train acc 0.7954, test acc given symbol 0.7831
[2025-09-17 09:19:23,653][utils.py][line:314][INFO] total time 1773.968sec, IO 515.335sec, make batch 0.978sec, forward 15.153sec, backward 3.142sec, grad step 1.318sec, others stat 886.858sec, eval 74.750sec
[2025-09-17 09:48:35,514][utils.py][line:313][INFO] epoch 5, network phase, loss 0.4272, train acc 0.8063, test acc given symbol 0.7961
[2025-09-17 09:48:35,515][utils.py][line:314][INFO] total time 1747.482sec, IO 525.901sec, make batch 0.946sec, forward 14.744sec, backward 3.165sec, grad step 1.246sec, others stat 887.262sec, eval 68.609sec
[2025-09-17 09:48:41,461][main.py][line:121][INFO] Training done!
