[2025-09-11 08:06:02,566][argument.py][line:37][INFO] dataset          : imagenet1k
[2025-09-11 08:06:02,566][argument.py][line:37][INFO] data_root        : /data
[2025-09-11 08:06:02,566][argument.py][line:37][INFO] model_name       : resnet50
[2025-09-11 08:06:02,566][argument.py][line:37][INFO] num_epochs       : 5
[2025-09-11 08:06:02,566][argument.py][line:37][INFO] learning_rate    : 0.001
[2025-09-11 08:06:02,588][argument.py][line:37][INFO] batch_size       : 512
[2025-09-11 08:06:02,589][argument.py][line:37][INFO] optimizer_type   : Adam
[2025-09-11 08:06:02,589][argument.py][line:37][INFO] momentum         : 0.9
[2025-09-11 08:06:02,589][argument.py][line:37][INFO] print_frequency  : 1
[2025-09-11 08:06:02,590][argument.py][line:37][INFO] weight_decay     : 0.0001
[2025-09-11 08:06:02,590][argument.py][line:37][INFO] load_model       : None
[2025-09-11 08:06:02,590][argument.py][line:37][INFO] symbol_size      : 100
[2025-09-11 08:06:02,591][argument.py][line:37][INFO] num_classes      : 1000
[2025-09-11 08:06:02,591][argument.py][line:37][INFO] p                : 0.5
[2025-09-11 08:06:02,592][argument.py][line:37][INFO] use_orthg        : False
[2025-09-11 08:06:02,592][argument.py][line:37][INFO] cntrst           : None
[2025-09-11 08:06:02,592][argument.py][line:37][INFO] worst_neg        : False
[2025-09-11 08:06:02,592][argument.py][line:37][INFO] metric           : euclidean
[2025-09-11 08:06:02,592][argument.py][line:37][INFO] fix_fe           : True
[2025-09-11 08:06:02,593][argument.py][line:37][INFO] loss_type        : CrossEntropyLoss
[2025-09-11 08:06:02,593][argument.py][line:37][INFO] use_pretrain     : True
[2025-09-11 08:06:02,594][argument.py][line:37][INFO] bidir            : False
[2025-09-11 08:06:02,594][argument.py][line:37][INFO] random_ts        : False
[2025-09-11 08:06:02,595][argument.py][line:37][INFO] random_ts_cdp    : False
[2025-09-11 08:06:02,595][argument.py][line:37][INFO] exp_prefix       : None
[2025-09-11 08:06:02,596][main.py][line:41][INFO] Device is cuda
[2025-09-11 08:06:05,808][main.py][line:50][INFO] length of train is 1281167, length of test is 50000
[2025-09-11 08:33:11,863][utils.py][line:249][INFO] epoch 1, network phase, loss 0.1601, train acc 0.9359, test acc given symbol 0.9410
[2025-09-11 08:33:11,863][utils.py][line:250][INFO] total time 1623.172sec, IO 470.484sec, make batch 0.830sec, forward 16.869sec, backward 4.155sec, grad step 1.765sec, others stat 885.933sec, eval 67.206sec
[2025-09-11 09:00:01,324][utils.py][line:308][INFO] epoch 1, concept phase, loss 0.0857, train acc 0.9697, test acc given symbol 0.9645
[2025-09-11 09:00:01,325][utils.py][line:309][INFO] total time 1609.462sec, IO 464.253sec, make batch 1.989sec, forward 14.439sec, backward 4.041sec, grad step 0.895sec, others stat 887.294sec, eval 66.700sec
[2025-09-11 09:27:02,014][utils.py][line:249][INFO] epoch 2, network phase, loss 0.0799, train acc 0.9718, test acc given symbol 0.9591
[2025-09-11 09:27:02,014][utils.py][line:250][INFO] total time 1618.008sec, IO 475.837sec, make batch 0.802sec, forward 14.418sec, backward 4.168sec, grad step 1.716sec, others stat 886.407sec, eval 66.768sec
[2025-09-11 09:53:47,320][utils.py][line:308][INFO] epoch 2, concept phase, loss 0.0764, train acc 0.9731, test acc given symbol 0.9711
[2025-09-11 09:53:47,320][utils.py][line:309][INFO] total time 1605.306sec, IO 464.067sec, make batch 1.975sec, forward 14.339sec, backward 3.805sec, grad step 0.879sec, others stat 887.569sec, eval 66.352sec
[2025-09-11 10:20:48,242][utils.py][line:249][INFO] epoch 3, network phase, loss 0.0676, train acc 0.9763, test acc given symbol 0.9645
[2025-09-11 10:20:48,242][utils.py][line:250][INFO] total time 1616.740sec, IO 461.519sec, make batch 0.809sec, forward 14.520sec, backward 3.811sec, grad step 1.774sec, others stat 886.541sec, eval 66.130sec
[2025-09-11 10:47:41,256][utils.py][line:308][INFO] epoch 3, concept phase, loss 0.0738, train acc 0.9740, test acc given symbol 0.9719
[2025-09-11 10:47:41,257][utils.py][line:309][INFO] total time 1613.015sec, IO 459.798sec, make batch 1.976sec, forward 14.278sec, backward 3.819sec, grad step 0.886sec, others stat 887.606sec, eval 66.290sec
[2025-09-11 11:14:45,510][utils.py][line:249][INFO] epoch 4, network phase, loss 0.0602, train acc 0.9792, test acc given symbol 0.9658
[2025-09-11 11:14:45,511][utils.py][line:250][INFO] total time 1619.804sec, IO 459.063sec, make batch 0.809sec, forward 14.486sec, backward 4.151sec, grad step 1.726sec, others stat 886.381sec, eval 67.451sec
[2025-09-11 11:41:51,401][utils.py][line:308][INFO] epoch 4, concept phase, loss 0.0729, train acc 0.9745, test acc given symbol 0.9719
[2025-09-11 11:41:51,401][utils.py][line:309][INFO] total time 1625.891sec, IO 478.867sec, make batch 2.011sec, forward 14.487sec, backward 4.092sec, grad step 0.914sec, others stat 887.177sec, eval 67.212sec
[2025-09-11 12:09:02,202][utils.py][line:249][INFO] epoch 5, network phase, loss 0.0555, train acc 0.9809, test acc given symbol 0.9706
[2025-09-11 12:09:02,202][utils.py][line:250][INFO] total time 1625.976sec, IO 513.729sec, make batch 0.862sec, forward 14.876sec, backward 3.745sec, grad step 1.751sec, others stat 886.439sec, eval 69.437sec
[2025-09-11 12:36:18,509][utils.py][line:308][INFO] epoch 5, concept phase, loss 0.0684, train acc 0.9760, test acc given symbol 0.9720
[2025-09-11 12:36:18,509][utils.py][line:309][INFO] total time 1636.307sec, IO 462.524sec, make batch 2.002sec, forward 14.538sec, backward 4.116sec, grad step 0.908sec, others stat 887.102sec, eval 64.535sec
[2025-09-11 12:36:27,209][main.py][line:85][INFO] Training done!
