[2025-09-11 17:03:23,746][argument.py][line:39][INFO] dataset          : imagenet1k
[2025-09-11 17:03:23,746][argument.py][line:39][INFO] data_root        : /data
[2025-09-11 17:03:23,746][argument.py][line:39][INFO] model_name       : resnet50
[2025-09-11 17:03:23,746][argument.py][line:39][INFO] num_epochs       : 5
[2025-09-11 17:03:23,764][argument.py][line:39][INFO] learning_rate    : 0.001
[2025-09-11 17:03:23,765][argument.py][line:39][INFO] batch_size       : 512
[2025-09-11 17:03:23,765][argument.py][line:39][INFO] optimizer_type   : Adam
[2025-09-11 17:03:23,765][argument.py][line:39][INFO] momentum         : 0.9
[2025-09-11 17:03:23,765][argument.py][line:39][INFO] print_frequency  : 1
[2025-09-11 17:03:23,767][argument.py][line:39][INFO] weight_decay     : 0.0001
[2025-09-11 17:03:23,767][argument.py][line:39][INFO] load_model       : None
[2025-09-11 17:03:23,784][argument.py][line:39][INFO] symbol_size      : 20
[2025-09-11 17:03:23,784][argument.py][line:39][INFO] mlp_layers       : 5
[2025-09-11 17:03:23,784][argument.py][line:39][INFO] hidden_dim       : 100
[2025-09-11 17:03:23,785][argument.py][line:39][INFO] num_classes      : 1000
[2025-09-11 17:03:23,785][argument.py][line:39][INFO] p                : 0.5
[2025-09-11 17:03:23,786][argument.py][line:39][INFO] use_orthg        : False
[2025-09-11 17:03:23,786][argument.py][line:39][INFO] cntrst           : None
[2025-09-11 17:03:23,786][argument.py][line:39][INFO] worst_neg        : False
[2025-09-11 17:03:23,787][argument.py][line:39][INFO] metric           : euclidean
[2025-09-11 17:03:23,787][argument.py][line:39][INFO] fix_fe           : True
[2025-09-11 17:03:23,787][argument.py][line:39][INFO] loss_type        : CrossEntropyLoss
[2025-09-11 17:03:23,788][argument.py][line:39][INFO] use_pretrain     : True
[2025-09-11 17:03:23,788][argument.py][line:39][INFO] bidir            : False
[2025-09-11 17:03:23,788][argument.py][line:39][INFO] random_ts        : False
[2025-09-11 17:03:23,796][argument.py][line:39][INFO] random_ts_cdp    : False
[2025-09-11 17:03:23,796][argument.py][line:39][INFO] exp_prefix       : None
[2025-09-11 17:03:23,796][main.py][line:41][INFO] Device is cuda
[2025-09-11 17:03:26,918][main.py][line:50][INFO] length of train is 1281167, length of test is 50000
[2025-09-11 17:30:43,077][utils.py][line:249][INFO] epoch 1, network phase, loss 0.2036, train acc 0.9160, test acc given symbol 0.9358
[2025-09-11 17:30:43,077][utils.py][line:250][INFO] total time 1633.645sec, IO 487.441sec, make batch 0.882sec, forward 18.405sec, backward 5.789sec, grad step 2.406sec, others stat 882.598sec, eval 66.278sec
[2025-09-11 17:56:52,544][utils.py][line:308][INFO] epoch 1, concept phase, loss 0.1202, train acc 0.9559, test acc given symbol 0.9540
[2025-09-11 17:56:52,544][utils.py][line:309][INFO] total time 1569.467sec, IO 416.954sec, make batch 1.225sec, forward 16.217sec, backward 7.778sec, grad step 0.904sec, others stat 882.225sec, eval 66.658sec
[2025-09-11 18:24:47,041][utils.py][line:249][INFO] epoch 2, network phase, loss 0.1124, train acc 0.9592, test acc given symbol 0.9461
[2025-09-11 18:24:47,042][utils.py][line:250][INFO] total time 1672.164sec, IO 464.364sec, make batch 0.875sec, forward 16.787sec, backward 7.762sec, grad step 2.421sec, others stat 880.211sec, eval 71.626sec
[2025-09-11 18:52:15,630][utils.py][line:308][INFO] epoch 2, concept phase, loss 0.1079, train acc 0.9608, test acc given symbol 0.9587
[2025-09-11 18:52:15,630][utils.py][line:309][INFO] total time 1648.589sec, IO 492.556sec, make batch 1.294sec, forward 16.026sec, backward 6.173sec, grad step 0.933sec, others stat 883.631sec, eval 68.729sec
[2025-09-11 19:19:28,285][utils.py][line:249][INFO] epoch 3, network phase, loss 0.1015, train acc 0.9635, test acc given symbol 0.9517
[2025-09-11 19:19:28,285][utils.py][line:250][INFO] total time 1632.025sec, IO 489.922sec, make batch 0.855sec, forward 15.660sec, backward 4.911sec, grad step 2.326sec, others stat 883.990sec, eval 68.580sec
[2025-09-11 19:46:25,422][utils.py][line:308][INFO] epoch 3, concept phase, loss 0.1021, train acc 0.9631, test acc given symbol 0.9600
[2025-09-11 19:46:25,422][utils.py][line:309][INFO] total time 1617.137sec, IO 487.889sec, make batch 1.264sec, forward 15.581sec, backward 5.021sec, grad step 0.936sec, others stat 885.097sec, eval 67.340sec
[2025-09-11 20:13:11,813][utils.py][line:249][INFO] epoch 4, network phase, loss 0.0955, train acc 0.9658, test acc given symbol 0.9528
[2025-09-11 20:13:11,814][utils.py][line:250][INFO] total time 1605.920sec, IO 469.575sec, make batch 0.851sec, forward 15.666sec, backward 4.569sec, grad step 2.292sec, others stat 884.369sec, eval 66.455sec
[2025-09-11 20:39:58,487][utils.py][line:308][INFO] epoch 4, concept phase, loss 0.1000, train acc 0.9641, test acc given symbol 0.9619
[2025-09-11 20:39:58,487][utils.py][line:309][INFO] total time 1606.673sec, IO 492.136sec, make batch 1.319sec, forward 16.325sec, backward 5.847sec, grad step 0.951sec, others stat 883.786sec, eval 67.670sec
[2025-09-11 21:07:14,595][utils.py][line:249][INFO] epoch 5, network phase, loss 0.0911, train acc 0.9677, test acc given symbol 0.9573
[2025-09-11 21:07:14,595][utils.py][line:250][INFO] total time 1635.625sec, IO 447.737sec, make batch 0.847sec, forward 15.751sec, backward 5.019sec, grad step 2.313sec, others stat 883.792sec, eval 67.926sec
[2025-09-11 21:34:32,102][utils.py][line:308][INFO] epoch 5, concept phase, loss 0.0975, train acc 0.9654, test acc given symbol 0.9643
[2025-09-11 21:34:32,103][utils.py][line:309][INFO] total time 1637.507sec, IO 449.621sec, make batch 1.255sec, forward 15.781sec, backward 5.124sec, grad step 0.951sec, others stat 884.786sec, eval 65.373sec
[2025-09-11 21:34:33,061][main.py][line:87][INFO] Training done!
