[2025-09-16 07:15:42,575][argument.py][line:43][INFO] dataset          : imagenet1k
[2025-09-16 07:15:42,576][argument.py][line:43][INFO] data_root        : /data
[2025-09-16 07:15:42,576][argument.py][line:43][INFO] model_name       : resnet50
[2025-09-16 07:15:42,577][argument.py][line:43][INFO] num_epochs       : 5
[2025-09-16 07:15:42,577][argument.py][line:43][INFO] learning_rate    : 0.001
[2025-09-16 07:15:42,578][argument.py][line:43][INFO] batch_size       : 512
[2025-09-16 07:15:42,578][argument.py][line:43][INFO] optimizer_type   : Adam
[2025-09-16 07:15:42,579][argument.py][line:43][INFO] momentum         : 0.9
[2025-09-16 07:15:42,579][argument.py][line:43][INFO] print_frequency  : 1
[2025-09-16 07:15:42,580][argument.py][line:43][INFO] weight_decay     : 0.0001
[2025-09-16 07:15:42,580][argument.py][line:43][INFO] load_model       : None
[2025-09-16 07:15:42,581][argument.py][line:43][INFO] symbol_size      : 100
[2025-09-16 07:15:42,581][argument.py][line:43][INFO] mlp_layers       : 3
[2025-09-16 07:15:42,581][argument.py][line:43][INFO] hidden_dim       : 100
[2025-09-16 07:15:42,582][argument.py][line:43][INFO] num_classes      : 1000
[2025-09-16 07:15:42,582][argument.py][line:43][INFO] p                : 0.5
[2025-09-16 07:15:42,583][argument.py][line:43][INFO] use_orthg        : False
[2025-09-16 07:15:42,584][argument.py][line:43][INFO] cntrst           : None
[2025-09-16 07:15:42,585][argument.py][line:43][INFO] worst_neg        : False
[2025-09-16 07:15:42,585][argument.py][line:43][INFO] metric           : euclidean
[2025-09-16 07:15:42,586][argument.py][line:43][INFO] fix_fe           : True
[2025-09-16 07:15:42,586][argument.py][line:43][INFO] loss_type        : CrossEntropyLoss
[2025-09-16 07:15:42,588][argument.py][line:43][INFO] use_pretrain     : True
[2025-09-16 07:15:42,588][argument.py][line:43][INFO] bidir            : False
[2025-09-16 07:15:42,589][argument.py][line:43][INFO] fix_ts           : False
[2025-09-16 07:15:42,589][argument.py][line:43][INFO] fix_ts_ca        : False
[2025-09-16 07:15:42,589][argument.py][line:43][INFO] exp_prefix       : None
[2025-09-16 07:15:42,589][argument.py][line:43][INFO] fix_symbol_set   : False
[2025-09-16 07:15:42,590][argument.py][line:43][INFO] symbol_init_type : random
[2025-09-16 07:15:42,591][argument.py][line:43][INFO] custom_symbol_path : None
[2025-09-16 07:15:42,591][argument.py][line:43][INFO] joint_training   : False
[2025-09-16 07:15:42,592][main.py][line:64][INFO] Device is cuda
[2025-09-16 07:15:45,734][main.py][line:73][INFO] length of train is 1281167, length of test is 50000
[2025-09-16 07:15:46,253][main.py][line:88][INFO] Symbol set initialized with type: random
[2025-09-16 07:44:25,494][utils.py][line:312][INFO] epoch 1, network phase, loss 0.1587, train acc 0.9368, test acc given symbol 0.9397
[2025-09-16 07:44:25,495][utils.py][line:313][INFO] total time 1717.377sec, IO 448.636sec, make batch 0.921sec, forward 17.358sec, backward 4.985sec, grad step 1.887sec, others stat 883.992sec, eval 68.260sec
[2025-09-16 08:12:05,972][utils.py][line:373][INFO] epoch 1, concept phase, loss 0.0861, train acc 0.9693, test acc given symbol 0.9668
[2025-09-16 08:12:05,972][utils.py][line:374][INFO] total time 1660.478sec, IO 480.351sec, make batch 2.178sec, forward 15.621sec, backward 5.017sec, grad step 1.003sec, others stat 884.959sec, eval 66.945sec
[2025-09-16 08:39:57,040][utils.py][line:312][INFO] epoch 2, network phase, loss 0.0794, train acc 0.9720, test acc given symbol 0.9597
[2025-09-16 08:39:57,040][utils.py][line:313][INFO] total time 1665.628sec, IO 482.065sec, make batch 0.884sec, forward 15.200sec, backward 4.774sec, grad step 1.809sec, others stat 884.857sec, eval 70.255sec
[2025-09-16 09:06:05,823][utils.py][line:373][INFO] epoch 2, concept phase, loss 0.0774, train acc 0.9728, test acc given symbol 0.9691
[2025-09-16 09:06:05,823][utils.py][line:374][INFO] total time 1568.783sec, IO 451.675sec, make batch 2.066sec, forward 15.072sec, backward 5.316sec, grad step 0.897sec, others stat 885.382sec, eval 66.944sec
[2025-09-16 09:34:27,444][utils.py][line:312][INFO] epoch 3, network phase, loss 0.0675, train acc 0.9765, test acc given symbol 0.9646
[2025-09-16 09:34:27,444][utils.py][line:313][INFO] total time 1693.223sec, IO 508.500sec, make batch 0.939sec, forward 15.838sec, backward 5.502sec, grad step 1.812sec, others stat 883.681sec, eval 74.101sec
[2025-09-16 10:00:18,401][utils.py][line:373][INFO] epoch 3, concept phase, loss 0.0735, train acc 0.9743, test acc given symbol 0.9705
[2025-09-16 10:00:18,401][utils.py][line:374][INFO] total time 1550.957sec, IO 450.222sec, make batch 2.063sec, forward 15.071sec, backward 5.333sec, grad step 0.883sec, others stat 885.372sec, eval 63.440sec
[2025-09-16 10:26:13,638][utils.py][line:312][INFO] epoch 4, network phase, loss 0.0598, train acc 0.9793, test acc given symbol 0.9688
[2025-09-16 10:26:13,638][utils.py][line:313][INFO] total time 1551.069sec, IO 446.572sec, make batch 0.858sec, forward 15.028sec, backward 5.025sec, grad step 1.698sec, others stat 884.976sec, eval 64.675sec
[2025-09-16 10:52:17,911][utils.py][line:373][INFO] epoch 4, concept phase, loss 0.0718, train acc 0.9749, test acc given symbol 0.9728
[2025-09-16 10:52:17,911][utils.py][line:374][INFO] total time 1564.273sec, IO 449.875sec, make batch 2.064sec, forward 15.087sec, backward 5.198sec, grad step 0.886sec, others stat 885.521sec, eval 69.735sec
[2025-09-16 11:18:29,076][utils.py][line:312][INFO] epoch 5, network phase, loss 0.0552, train acc 0.9809, test acc given symbol 0.9678
[2025-09-16 11:18:29,076][utils.py][line:313][INFO] total time 1567.205sec, IO 450.012sec, make batch 0.859sec, forward 15.169sec, backward 5.254sec, grad step 1.692sec, others stat 884.640sec, eval 65.552sec
[2025-09-16 11:44:39,476][utils.py][line:373][INFO] epoch 5, concept phase, loss 0.0695, train acc 0.9756, test acc given symbol 0.9726
[2025-09-16 11:44:39,476][utils.py][line:374][INFO] total time 1570.400sec, IO 458.752sec, make batch 2.084sec, forward 15.214sec, backward 5.420sec, grad step 0.900sec, others stat 885.199sec, eval 64.630sec
[2025-09-16 11:44:47,820][main.py][line:121][INFO] Training done!
