[2025-09-11 13:59:50,029][argument.py][line:39][INFO] dataset          : imagenet1k
[2025-09-11 13:59:50,030][argument.py][line:39][INFO] data_root        : /data
[2025-09-11 13:59:50,072][argument.py][line:39][INFO] model_name       : resnet50
[2025-09-11 13:59:50,073][argument.py][line:39][INFO] num_epochs       : 5
[2025-09-11 13:59:50,074][argument.py][line:39][INFO] learning_rate    : 0.001
[2025-09-11 13:59:50,075][argument.py][line:39][INFO] batch_size       : 512
[2025-09-11 13:59:50,075][argument.py][line:39][INFO] optimizer_type   : Adam
[2025-09-11 13:59:50,076][argument.py][line:39][INFO] momentum         : 0.9
[2025-09-11 13:59:50,077][argument.py][line:39][INFO] print_frequency  : 1
[2025-09-11 13:59:50,077][argument.py][line:39][INFO] weight_decay     : 0.0001
[2025-09-11 13:59:50,085][argument.py][line:39][INFO] load_model       : None
[2025-09-11 13:59:50,086][argument.py][line:39][INFO] symbol_size      : 20
[2025-09-11 13:59:50,086][argument.py][line:39][INFO] mlp_layers       : 1
[2025-09-11 13:59:50,087][argument.py][line:39][INFO] hidden_dim       : 100
[2025-09-11 13:59:50,088][argument.py][line:39][INFO] num_classes      : 1000
[2025-09-11 13:59:50,089][argument.py][line:39][INFO] p                : 0.5
[2025-09-11 13:59:50,090][argument.py][line:39][INFO] use_orthg        : False
[2025-09-11 13:59:50,090][argument.py][line:39][INFO] cntrst           : None
[2025-09-11 13:59:50,102][argument.py][line:39][INFO] worst_neg        : False
[2025-09-11 13:59:50,103][argument.py][line:39][INFO] metric           : euclidean
[2025-09-11 13:59:50,103][argument.py][line:39][INFO] fix_fe           : True
[2025-09-11 13:59:50,104][argument.py][line:39][INFO] loss_type        : CrossEntropyLoss
[2025-09-11 13:59:50,105][argument.py][line:39][INFO] use_pretrain     : True
[2025-09-11 13:59:50,106][argument.py][line:39][INFO] bidir            : False
[2025-09-11 13:59:50,106][argument.py][line:39][INFO] random_ts        : False
[2025-09-11 13:59:50,107][argument.py][line:39][INFO] random_ts_cdp    : False
[2025-09-11 13:59:50,108][argument.py][line:39][INFO] exp_prefix       : None
[2025-09-11 13:59:50,109][main.py][line:41][INFO] Device is cuda
[2025-09-11 13:59:53,313][main.py][line:50][INFO] length of train is 1281167, length of test is 50000
[2025-09-11 14:26:44,325][utils.py][line:249][INFO] epoch 1, network phase, loss 0.5532, train acc 0.7174, test acc given symbol 0.7451
[2025-09-11 14:26:44,325][utils.py][line:250][INFO] total time 1608.318sec, IO 436.004sec, make batch 0.814sec, forward 15.860sec, backward 2.276sec, grad step 1.099sec, others stat 888.200sec, eval 67.059sec
[2025-09-11 14:53:55,388][utils.py][line:308][INFO] epoch 1, concept phase, loss 0.3803, train acc 0.8388, test acc given symbol 0.8595
[2025-09-11 14:53:55,388][utils.py][line:309][INFO] total time 1631.063sec, IO 449.545sec, make batch 1.227sec, forward 13.775sec, backward 2.133sec, grad step 0.876sec, others stat 888.525sec, eval 67.446sec
[2025-09-11 15:20:38,394][utils.py][line:249][INFO] epoch 2, network phase, loss 0.2094, train acc 0.9211, test acc given symbol 0.9103
[2025-09-11 15:20:38,394][utils.py][line:250][INFO] total time 1602.555sec, IO 439.276sec, make batch 0.817sec, forward 13.824sec, backward 2.153sec, grad step 1.093sec, others stat 888.381sec, eval 66.615sec
[2025-09-11 15:47:14,225][utils.py][line:308][INFO] epoch 2, concept phase, loss 0.1701, train acc 0.9371, test acc given symbol 0.9390
[2025-09-11 15:47:14,225][utils.py][line:309][INFO] total time 1595.831sec, IO 435.265sec, make batch 1.223sec, forward 13.798sec, backward 2.368sec, grad step 0.875sec, others stat 888.273sec, eval 66.062sec
[2025-09-11 16:13:57,839][utils.py][line:249][INFO] epoch 3, network phase, loss 0.1315, train acc 0.9529, test acc given symbol 0.9432
[2025-09-11 16:13:57,839][utils.py][line:250][INFO] total time 1599.015sec, IO 438.159sec, make batch 0.815sec, forward 13.829sec, backward 2.169sec, grad step 1.088sec, others stat 888.159sec, eval 66.107sec
[2025-09-11 16:40:34,541][utils.py][line:308][INFO] epoch 3, concept phase, loss 0.1364, train acc 0.9509, test acc given symbol 0.9484
[2025-09-11 16:40:34,541][utils.py][line:309][INFO] total time 1596.702sec, IO 434.702sec, make batch 1.228sec, forward 13.762sec, backward 2.130sec, grad step 0.874sec, others stat 888.611sec, eval 65.943sec
[2025-09-11 17:07:11,320][utils.py][line:249][INFO] epoch 4, network phase, loss 0.1158, train acc 0.9589, test acc given symbol 0.9492
[2025-09-11 17:07:11,321][utils.py][line:250][INFO] total time 1596.303sec, IO 439.182sec, make batch 0.821sec, forward 13.857sec, backward 2.159sec, grad step 1.097sec, others stat 888.361sec, eval 66.281sec
[2025-09-11 17:34:19,122][utils.py][line:308][INFO] epoch 4, concept phase, loss 0.1292, train acc 0.9537, test acc given symbol 0.9529
[2025-09-11 17:34:19,122][utils.py][line:309][INFO] total time 1627.802sec, IO 449.411sec, make batch 1.226sec, forward 13.780sec, backward 2.111sec, grad step 0.876sec, others stat 888.661sec, eval 68.866sec
[2025-09-11 18:01:05,220][utils.py][line:249][INFO] epoch 5, network phase, loss 0.1090, train acc 0.9615, test acc given symbol 0.9503
[2025-09-11 18:01:05,220][utils.py][line:250][INFO] total time 1605.624sec, IO 445.443sec, make batch 0.822sec, forward 13.793sec, backward 2.362sec, grad step 1.104sec, others stat 888.200sec, eval 66.673sec
[2025-09-11 18:28:37,662][utils.py][line:308][INFO] epoch 5, concept phase, loss 0.1275, train acc 0.9545, test acc given symbol 0.9519
[2025-09-11 18:28:37,662][utils.py][line:309][INFO] total time 1652.442sec, IO 496.565sec, make batch 1.286sec, forward 14.141sec, backward 2.512sec, grad step 0.936sec, others stat 887.794sec, eval 69.009sec
[2025-09-11 18:28:38,623][main.py][line:87][INFO] Training done!
