[2025-09-17 04:30:51,254][argument.py][line:43][INFO] dataset          : imagenet1k
[2025-09-17 04:30:51,254][argument.py][line:43][INFO] data_root        : /data
[2025-09-17 04:30:51,254][argument.py][line:43][INFO] model_name       : resnet50
[2025-09-17 04:30:51,270][argument.py][line:43][INFO] num_epochs       : 5
[2025-09-17 04:30:51,270][argument.py][line:43][INFO] learning_rate    : 0.001
[2025-09-17 04:30:51,270][argument.py][line:43][INFO] batch_size       : 512
[2025-09-17 04:30:51,271][argument.py][line:43][INFO] optimizer_type   : Adam
[2025-09-17 04:30:51,271][argument.py][line:43][INFO] momentum         : 0.9
[2025-09-17 04:30:51,271][argument.py][line:43][INFO] print_frequency  : 1
[2025-09-17 04:30:51,272][argument.py][line:43][INFO] weight_decay     : 0.0001
[2025-09-17 04:30:51,272][argument.py][line:43][INFO] load_model       : None
[2025-09-17 04:30:51,272][argument.py][line:43][INFO] symbol_size      : 20
[2025-09-17 04:30:51,273][argument.py][line:43][INFO] mlp_layers       : 3
[2025-09-17 04:30:51,273][argument.py][line:43][INFO] hidden_dim       : 100
[2025-09-17 04:30:51,284][argument.py][line:43][INFO] num_classes      : 1000
[2025-09-17 04:30:51,284][argument.py][line:43][INFO] p                : 0.5
[2025-09-17 04:30:51,285][argument.py][line:43][INFO] use_orthg        : False
[2025-09-17 04:30:51,300][argument.py][line:43][INFO] cntrst           : None
[2025-09-17 04:30:51,300][argument.py][line:43][INFO] worst_neg        : False
[2025-09-17 04:30:51,300][argument.py][line:43][INFO] metric           : euclidean
[2025-09-17 04:30:51,301][argument.py][line:43][INFO] fix_fe           : True
[2025-09-17 04:30:51,301][argument.py][line:43][INFO] loss_type        : CrossEntropyLoss
[2025-09-17 04:30:51,301][argument.py][line:43][INFO] use_pretrain     : True
[2025-09-17 04:30:51,302][argument.py][line:43][INFO] bidir            : False
[2025-09-17 04:30:51,302][argument.py][line:43][INFO] fix_ts           : False
[2025-09-17 04:30:51,302][argument.py][line:43][INFO] fix_ts_ca        : True
[2025-09-17 04:30:51,303][argument.py][line:43][INFO] exp_prefix       : None
[2025-09-17 04:30:51,303][argument.py][line:43][INFO] fix_symbol_set   : False
[2025-09-17 04:30:51,303][argument.py][line:43][INFO] symbol_init_type : random
[2025-09-17 04:30:51,304][argument.py][line:43][INFO] custom_symbol_path : None
[2025-09-17 04:30:51,304][argument.py][line:43][INFO] joint_training   : False
[2025-09-17 04:30:51,304][main.py][line:64][INFO] Device is cuda
[2025-09-17 04:30:54,393][main.py][line:73][INFO] length of train is 1281167, length of test is 50000
[2025-09-17 04:30:54,854][main.py][line:88][INFO] Symbol set initialized with type: random
[2025-09-17 04:56:56,070][utils.py][line:374][INFO] epoch 1, concept phase, loss 0.6443, train acc 0.6666, test acc given symbol 0.7568
[2025-09-17 04:56:56,070][utils.py][line:375][INFO] total time 1559.133sec, IO 443.766sec, make batch 1.278sec, forward 16.504sec, backward 3.593sec, grad step 0.849sec, others stat 887.564sec, eval 63.884sec
[2025-09-17 05:22:43,524][utils.py][line:374][INFO] epoch 2, concept phase, loss 0.6096, train acc 0.7591, test acc given symbol 0.7748
[2025-09-17 05:22:43,524][utils.py][line:375][INFO] total time 1547.038sec, IO 478.463sec, make batch 1.293sec, forward 14.756sec, backward 3.329sec, grad step 0.840sec, others stat 887.950sec, eval 63.482sec
[2025-09-17 05:48:15,520][utils.py][line:374][INFO] epoch 3, concept phase, loss 0.6061, train acc 0.7668, test acc given symbol 0.7782
[2025-09-17 05:48:15,520][utils.py][line:375][INFO] total time 1531.447sec, IO 501.673sec, make batch 1.287sec, forward 14.669sec, backward 3.270sec, grad step 0.823sec, others stat 888.166sec, eval 63.539sec
[2025-09-17 06:14:06,065][utils.py][line:374][INFO] epoch 4, concept phase, loss 0.6051, train acc 0.7684, test acc given symbol 0.7822
[2025-09-17 06:14:06,065][utils.py][line:375][INFO] total time 1550.064sec, IO 438.779sec, make batch 1.269sec, forward 14.759sec, backward 3.240sec, grad step 0.841sec, others stat 887.981sec, eval 63.989sec
[2025-09-17 06:40:05,208][utils.py][line:374][INFO] epoch 5, concept phase, loss 0.6049, train acc 0.7696, test acc given symbol 0.7790
[2025-09-17 06:40:05,209][utils.py][line:375][INFO] total time 1558.632sec, IO 437.378sec, make batch 1.269sec, forward 14.712sec, backward 3.287sec, grad step 0.840sec, others stat 887.929sec, eval 66.098sec
[2025-09-17 06:40:06,220][main.py][line:121][INFO] Training done!
