[2025-09-16 11:58:47,158][argument.py][line:43][INFO] dataset          : imagenet1k
[2025-09-16 11:58:47,158][argument.py][line:43][INFO] data_root        : /data
[2025-09-16 11:58:47,158][argument.py][line:43][INFO] model_name       : resnet50
[2025-09-16 11:58:47,180][argument.py][line:43][INFO] num_epochs       : 5
[2025-09-16 11:58:47,181][argument.py][line:43][INFO] learning_rate    : 0.001
[2025-09-16 11:58:47,181][argument.py][line:43][INFO] batch_size       : 512
[2025-09-16 11:58:47,181][argument.py][line:43][INFO] optimizer_type   : Adam
[2025-09-16 11:58:47,182][argument.py][line:43][INFO] momentum         : 0.9
[2025-09-16 11:58:47,182][argument.py][line:43][INFO] print_frequency  : 1
[2025-09-16 11:58:47,183][argument.py][line:43][INFO] weight_decay     : 0.0001
[2025-09-16 11:58:47,183][argument.py][line:43][INFO] load_model       : None
[2025-09-16 11:58:47,183][argument.py][line:43][INFO] symbol_size      : 20
[2025-09-16 11:58:47,184][argument.py][line:43][INFO] mlp_layers       : 1
[2025-09-16 11:58:47,184][argument.py][line:43][INFO] hidden_dim       : 100
[2025-09-16 11:58:47,185][argument.py][line:43][INFO] num_classes      : 1000
[2025-09-16 11:58:47,185][argument.py][line:43][INFO] p                : 0.5
[2025-09-16 11:58:47,185][argument.py][line:43][INFO] use_orthg        : False
[2025-09-16 11:58:47,185][argument.py][line:43][INFO] cntrst           : None
[2025-09-16 11:58:47,186][argument.py][line:43][INFO] worst_neg        : False
[2025-09-16 11:58:47,187][argument.py][line:43][INFO] metric           : euclidean
[2025-09-16 11:58:47,187][argument.py][line:43][INFO] fix_fe           : True
[2025-09-16 11:58:47,187][argument.py][line:43][INFO] loss_type        : CrossEntropyLoss
[2025-09-16 11:58:47,187][argument.py][line:43][INFO] use_pretrain     : True
[2025-09-16 11:58:47,189][argument.py][line:43][INFO] bidir            : False
[2025-09-16 11:58:47,189][argument.py][line:43][INFO] fix_ts           : False
[2025-09-16 11:58:47,207][argument.py][line:43][INFO] fix_ts_ca        : False
[2025-09-16 11:58:47,207][argument.py][line:43][INFO] exp_prefix       : None
[2025-09-16 11:58:47,208][argument.py][line:43][INFO] fix_symbol_set   : False
[2025-09-16 11:58:47,208][argument.py][line:43][INFO] symbol_init_type : random
[2025-09-16 11:58:47,209][argument.py][line:43][INFO] custom_symbol_path : None
[2025-09-16 11:58:47,209][argument.py][line:43][INFO] joint_training   : False
[2025-09-16 11:58:47,209][main.py][line:64][INFO] Device is cuda
[2025-09-16 11:58:50,295][main.py][line:73][INFO] length of train is 1281167, length of test is 50000
[2025-09-16 11:58:50,771][main.py][line:88][INFO] Symbol set initialized with type: random
[2025-09-16 12:26:06,256][utils.py][line:313][INFO] epoch 1, network phase, loss 0.5509, train acc 0.7189, test acc given symbol 0.7459
[2025-09-16 12:26:06,256][utils.py][line:314][INFO] total time 1633.586sec, IO 417.555sec, make batch 0.823sec, forward 15.541sec, backward 2.855sec, grad step 1.136sec, others stat 887.807sec, eval 68.207sec
[2025-09-16 12:54:28,658][utils.py][line:374][INFO] epoch 1, concept phase, loss 0.3913, train acc 0.8288, test acc given symbol 0.8459
[2025-09-16 12:54:28,659][utils.py][line:375][INFO] total time 1702.402sec, IO 443.529sec, make batch 1.262sec, forward 13.911sec, backward 2.735sec, grad step 0.964sec, others stat 887.712sec, eval 69.713sec
[2025-09-16 13:22:23,717][utils.py][line:313][INFO] epoch 2, network phase, loss 0.2128, train acc 0.9197, test acc given symbol 0.9064
[2025-09-16 13:22:23,717][utils.py][line:314][INFO] total time 1671.417sec, IO 431.161sec, make batch 0.819sec, forward 13.603sec, backward 2.569sec, grad step 1.148sec, others stat 888.053sec, eval 68.267sec
[2025-09-16 13:50:20,112][utils.py][line:374][INFO] epoch 2, concept phase, loss 0.1897, train acc 0.9273, test acc given symbol 0.9329
[2025-09-16 13:50:20,113][utils.py][line:375][INFO] total time 1676.395sec, IO 440.830sec, make batch 1.236sec, forward 13.583sec, backward 2.443sec, grad step 0.917sec, others stat 888.310sec, eval 69.130sec
[2025-09-16 14:18:21,822][utils.py][line:313][INFO] epoch 3, network phase, loss 0.1390, train acc 0.9495, test acc given symbol 0.9427
[2025-09-16 14:18:21,823][utils.py][line:314][INFO] total time 1681.220sec, IO 433.190sec, make batch 0.827sec, forward 13.631sec, backward 2.213sec, grad step 1.155sec, others stat 888.315sec, eval 69.064sec
[2025-09-16 14:46:27,228][utils.py][line:374][INFO] epoch 3, concept phase, loss 0.1432, train acc 0.9479, test acc given symbol 0.9493
[2025-09-16 14:46:27,228][utils.py][line:375][INFO] total time 1685.406sec, IO 448.417sec, make batch 1.264sec, forward 13.804sec, backward 2.540sec, grad step 0.948sec, others stat 888.115sec, eval 68.211sec
[2025-09-16 15:13:52,182][utils.py][line:313][INFO] epoch 4, network phase, loss 0.1181, train acc 0.9580, test acc given symbol 0.9489
[2025-09-16 15:13:52,183][utils.py][line:314][INFO] total time 1640.113sec, IO 518.123sec, make batch 0.903sec, forward 14.319sec, backward 3.117sec, grad step 1.147sec, others stat 887.135sec, eval 69.376sec
[2025-09-16 15:40:09,223][utils.py][line:374][INFO] epoch 4, concept phase, loss 0.1334, train acc 0.9519, test acc given symbol 0.9507
[2025-09-16 15:40:09,223][utils.py][line:375][INFO] total time 1577.041sec, IO 451.238sec, make batch 1.269sec, forward 13.804sec, backward 2.925sec, grad step 0.854sec, others stat 887.905sec, eval 64.333sec
[2025-09-16 16:06:09,402][utils.py][line:313][INFO] epoch 5, network phase, loss 0.1093, train acc 0.9613, test acc given symbol 0.9507
[2025-09-16 16:06:09,403][utils.py][line:314][INFO] total time 1555.708sec, IO 451.538sec, make batch 0.860sec, forward 13.946sec, backward 2.890sec, grad step 1.086sec, others stat 887.621sec, eval 64.517sec
[2025-09-16 16:32:12,530][utils.py][line:374][INFO] epoch 5, concept phase, loss 0.1252, train acc 0.9556, test acc given symbol 0.9539
[2025-09-16 16:32:12,530][utils.py][line:375][INFO] total time 1563.127sec, IO 451.919sec, make batch 1.276sec, forward 13.903sec, backward 3.030sec, grad step 0.869sec, others stat 887.664sec, eval 67.813sec
[2025-09-16 16:32:20,968][main.py][line:121][INFO] Training done!
