[2024-04-14 05:42:35,450][argument.py][line:35][INFO] dataset          : imagenet1k
[2024-04-14 05:42:35,468][argument.py][line:35][INFO] data_root        : /data0/user/lxguo/Data
[2024-04-14 05:42:35,468][argument.py][line:35][INFO] model_name       : resnet50
[2024-04-14 05:42:35,468][argument.py][line:35][INFO] num_epochs       : 5
[2024-04-14 05:42:35,468][argument.py][line:35][INFO] learning_rate    : 0.001
[2024-04-14 05:42:35,468][argument.py][line:35][INFO] batch_size       : 512
[2024-04-14 05:42:35,468][argument.py][line:35][INFO] optimizer_type   : Adam
[2024-04-14 05:42:35,468][argument.py][line:35][INFO] momentum         : 0.9
[2024-04-14 05:42:35,468][argument.py][line:35][INFO] print_frequency  : 1
[2024-04-14 05:42:35,468][argument.py][line:35][INFO] weight_decay     : 0.0001
[2024-04-14 05:42:35,468][argument.py][line:35][INFO] load_model       : None
[2024-04-14 05:42:35,468][argument.py][line:35][INFO] symbol_size      : 20
[2024-04-14 05:42:35,469][argument.py][line:35][INFO] num_classes      : 1000
[2024-04-14 05:42:35,469][argument.py][line:35][INFO] p                : 0.5
[2024-04-14 05:42:35,469][argument.py][line:35][INFO] use_orthg        : False
[2024-04-14 05:42:35,469][argument.py][line:35][INFO] cntrst           : None
[2024-04-14 05:42:35,469][argument.py][line:35][INFO] worst_neg        : False
[2024-04-14 05:42:35,469][argument.py][line:35][INFO] metric           : euclidean
[2024-04-14 05:42:35,469][argument.py][line:35][INFO] fix_fe           : True
[2024-04-14 05:42:35,469][argument.py][line:35][INFO] loss_type        : CrossEntropyLoss
[2024-04-14 05:42:35,469][argument.py][line:35][INFO] no_train         : False
[2024-04-14 05:42:35,469][argument.py][line:35][INFO] use_pretrain     : True
[2024-04-14 05:42:35,469][argument.py][line:35][INFO] exp_prefix       : None
[2024-04-14 05:42:35,469][main.py][line:30][INFO] Device is cuda
[2024-04-14 05:43:09,817][main.py][line:34][INFO] length of train is 1281167, length of test is 50000
[2024-04-14 08:46:09,692][utils.py][line:226][INFO] epoch 1, network phase, loss 0.2223, train acc 0.9072, test acc given symbol 0.9267
[2024-04-14 08:46:09,692][utils.py][line:227][INFO] total time 10977.930sec, IO 419.499sec, make batch 0.777sec, forward 16.015sec, backward 3.103sec, grad step 1.582sec, others stat 885.472sec, eval 436.755sec
[2024-04-14 11:26:32,503][utils.py][line:285][INFO] epoch 1, network phase, loss 0.1287, train acc 0.9522, test acc given symbol 0.9496
[2024-04-14 11:26:32,503][utils.py][line:286][INFO] total time 9622.811sec, IO 431.936sec, make batch 1.151sec, forward 14.398sec, backward 3.067sec, grad step 0.859sec, others stat 886.195sec, eval 359.213sec
[2024-04-14 14:01:11,238][utils.py][line:226][INFO] epoch 2, network phase, loss 0.1129, train acc 0.9587, test acc given symbol 0.9385
[2024-04-14 14:01:11,238][utils.py][line:227][INFO] total time 9278.057sec, IO 424.645sec, make batch 0.771sec, forward 14.284sec, backward 3.004sec, grad step 1.633sec, others stat 885.836sec, eval 366.954sec
[2024-04-14 16:36:40,053][utils.py][line:285][INFO] epoch 2, network phase, loss 0.1097, train acc 0.9600, test acc given symbol 0.9570
[2024-04-14 16:36:40,053][utils.py][line:286][INFO] total time 9328.815sec, IO 411.132sec, make batch 1.119sec, forward 13.988sec, backward 2.940sec, grad step 0.865sec, others stat 886.749sec, eval 369.305sec
[2024-04-14 19:59:37,570][utils.py][line:226][INFO] epoch 3, network phase, loss 0.0987, train acc 0.9643, test acc given symbol 0.9508
[2024-04-14 19:59:37,570][utils.py][line:227][INFO] total time 12176.960sec, IO 417.638sec, make batch 0.775sec, forward 14.264sec, backward 2.985sec, grad step 1.652sec, others stat 885.771sec, eval 513.341sec
[2024-04-14 22:34:31,453][utils.py][line:285][INFO] epoch 3, network phase, loss 0.1022, train acc 0.9632, test acc given symbol 0.9601
[2024-04-14 22:34:31,453][utils.py][line:286][INFO] total time 9293.882sec, IO 422.743sec, make batch 1.142sec, forward 14.372sec, backward 3.037sec, grad step 0.864sec, others stat 886.582sec, eval 357.233sec
[2024-04-15 01:08:11,002][utils.py][line:226][INFO] epoch 4, network phase, loss 0.0924, train acc 0.9670, test acc given symbol 0.9541
[2024-04-15 01:08:11,002][utils.py][line:227][INFO] total time 9218.978sec, IO 434.362sec, make batch 0.772sec, forward 14.223sec, backward 2.962sec, grad step 1.651sec, others stat 886.061sec, eval 369.755sec
[2024-04-15 03:42:51,572][utils.py][line:285][INFO] epoch 4, network phase, loss 0.0984, train acc 0.9647, test acc given symbol 0.9611
[2024-04-15 03:42:51,572][utils.py][line:286][INFO] total time 9280.570sec, IO 428.754sec, make batch 1.136sec, forward 14.114sec, backward 2.929sec, grad step 0.884sec, others stat 887.388sec, eval 368.353sec
[2024-04-15 06:10:08,317][utils.py][line:226][INFO] epoch 5, network phase, loss 0.0881, train acc 0.9685, test acc given symbol 0.9579
[2024-04-15 06:10:08,317][utils.py][line:227][INFO] total time 8836.062sec, IO 421.325sec, make batch 0.768sec, forward 14.179sec, backward 2.928sec, grad step 1.667sec, others stat 886.573sec, eval 324.696sec
[2024-04-15 08:23:27,568][utils.py][line:285][INFO] epoch 5, network phase, loss 0.0956, train acc 0.9658, test acc given symbol 0.9633
[2024-04-15 08:23:27,568][utils.py][line:286][INFO] total time 7999.251sec, IO 414.398sec, make batch 1.119sec, forward 14.066sec, backward 2.866sec, grad step 0.871sec, others stat 887.007sec, eval 318.870sec
[2024-04-15 08:23:28,840][main.py][line:60][INFO] Training done!
