[2024-04-08 14:00:57,736][argument.py][line:35][INFO] dataset          : imagenet1k
[2024-04-08 14:00:57,744][argument.py][line:35][INFO] data_root        : /data0/user/lxguo/Data
[2024-04-08 14:00:57,744][argument.py][line:35][INFO] model_name       : resnet50
[2024-04-08 14:00:57,744][argument.py][line:35][INFO] num_epochs       : 5
[2024-04-08 14:00:57,744][argument.py][line:35][INFO] learning_rate    : 0.001
[2024-04-08 14:00:57,744][argument.py][line:35][INFO] batch_size       : 512
[2024-04-08 14:00:57,744][argument.py][line:35][INFO] optimizer_type   : Adam
[2024-04-08 14:00:57,744][argument.py][line:35][INFO] momentum         : 0.9
[2024-04-08 14:00:57,744][argument.py][line:35][INFO] print_frequency  : 1
[2024-04-08 14:00:57,744][argument.py][line:35][INFO] weight_decay     : 0.0001
[2024-04-08 14:00:57,744][argument.py][line:35][INFO] load_model       : None
[2024-04-08 14:00:57,744][argument.py][line:35][INFO] symbol_size      : 20
[2024-04-08 14:00:57,744][argument.py][line:35][INFO] num_classes      : 1000
[2024-04-08 14:00:57,744][argument.py][line:35][INFO] p                : 0.5
[2024-04-08 14:00:57,744][argument.py][line:35][INFO] use_orthg        : False
[2024-04-08 14:00:57,744][argument.py][line:35][INFO] cntrst           : None
[2024-04-08 14:00:57,744][argument.py][line:35][INFO] worst_neg        : False
[2024-04-08 14:00:57,744][argument.py][line:35][INFO] metric           : euclidean
[2024-04-08 14:00:57,744][argument.py][line:35][INFO] fix_fe           : True
[2024-04-08 14:00:57,744][argument.py][line:35][INFO] loss_type        : CrossEntropyLoss
[2024-04-08 14:00:57,744][argument.py][line:35][INFO] no_train         : False
[2024-04-08 14:00:57,745][argument.py][line:35][INFO] use_pretrain     : True
[2024-04-08 14:00:57,745][argument.py][line:35][INFO] exp_prefix       : None
[2024-04-08 14:00:57,745][main.py][line:30][INFO] Device is cuda
[2024-04-08 14:01:01,073][main.py][line:34][INFO] length of train is 1281167, length of test is 50000
[2024-04-08 16:04:59,960][utils.py][line:226][INFO] epoch 1, network phase, loss 0.2226, train acc 0.9075, test acc given symbol 0.9243
[2024-04-08 16:04:59,960][utils.py][line:227][INFO] total time 7437.060sec, IO 418.973sec, make batch 0.793sec, forward 16.167sec, backward 2.976sec, grad step 1.730sec, others stat 886.255sec, eval 304.967sec
[2024-04-08 18:09:02,457][utils.py][line:285][INFO] epoch 1, network phase, loss 0.1280, train acc 0.9525, test acc given symbol 0.9485
[2024-04-08 18:09:02,457][utils.py][line:286][INFO] total time 7442.497sec, IO 409.949sec, make batch 1.161sec, forward 14.235sec, backward 2.944sec, grad step 0.930sec, others stat 887.130sec, eval 295.810sec
[2024-04-08 20:11:04,465][utils.py][line:226][INFO] epoch 2, network phase, loss 0.1127, train acc 0.9585, test acc given symbol 0.9448
[2024-04-08 20:11:04,465][utils.py][line:227][INFO] total time 7321.490sec, IO 410.287sec, make batch 0.781sec, forward 14.323sec, backward 2.935sec, grad step 1.720sec, others stat 886.657sec, eval 291.505sec
[2024-04-08 22:26:19,176][utils.py][line:285][INFO] epoch 2, network phase, loss 0.1082, train acc 0.9604, test acc given symbol 0.9575
[2024-04-08 22:26:19,176][utils.py][line:286][INFO] total time 8114.711sec, IO 469.707sec, make batch 1.177sec, forward 14.434sec, backward 2.987sec, grad step 0.932sec, others stat 887.209sec, eval 358.449sec
[2024-04-09 00:39:33,606][utils.py][line:226][INFO] epoch 3, network phase, loss 0.0990, train acc 0.9643, test acc given symbol 0.9503
[2024-04-09 00:39:33,606][utils.py][line:227][INFO] total time 7993.860sec, IO 444.763sec, make batch 0.823sec, forward 14.699sec, backward 3.041sec, grad step 1.800sec, others stat 886.606sec, eval 304.791sec
[2024-04-09 02:43:32,645][utils.py][line:285][INFO] epoch 3, network phase, loss 0.1007, train acc 0.9637, test acc given symbol 0.9595
[2024-04-09 02:43:32,645][utils.py][line:286][INFO] total time 7439.039sec, IO 430.078sec, make batch 1.159sec, forward 14.231sec, backward 2.955sec, grad step 0.924sec, others stat 887.453sec, eval 285.420sec
[2024-04-09 04:41:20,061][utils.py][line:226][INFO] epoch 4, network phase, loss 0.0920, train acc 0.9670, test acc given symbol 0.9531
[2024-04-09 04:41:20,061][utils.py][line:227][INFO] total time 7066.850sec, IO 415.893sec, make batch 0.775sec, forward 14.180sec, backward 2.904sec, grad step 1.692sec, others stat 887.202sec, eval 285.449sec
[2024-04-09 06:38:23,768][utils.py][line:285][INFO] epoch 4, network phase, loss 0.0986, train acc 0.9647, test acc given symbol 0.9625
[2024-04-09 06:38:23,769][utils.py][line:286][INFO] total time 7023.707sec, IO 418.397sec, make batch 1.145sec, forward 14.122sec, backward 2.899sec, grad step 0.911sec, others stat 887.770sec, eval 283.230sec
[2024-04-09 08:34:56,879][utils.py][line:226][INFO] epoch 5, network phase, loss 0.0879, train acc 0.9686, test acc given symbol 0.9561
[2024-04-09 08:34:56,879][utils.py][line:227][INFO] total time 6992.533sec, IO 417.104sec, make batch 0.775sec, forward 14.193sec, backward 2.906sec, grad step 1.693sec, others stat 887.163sec, eval 282.717sec
[2024-04-09 10:37:03,854][utils.py][line:285][INFO] epoch 5, network phase, loss 0.0953, train acc 0.9659, test acc given symbol 0.9642
[2024-04-09 10:37:03,854][utils.py][line:286][INFO] total time 7326.975sec, IO 474.821sec, make batch 1.187sec, forward 14.585sec, backward 2.997sec, grad step 0.963sec, others stat 887.320sec, eval 293.850sec
[2024-04-09 10:37:04,852][main.py][line:60][INFO] Training done!
