[2024-04-06 17:57:28,895][argument.py][line:35][INFO] dataset          : imagenet1k
[2024-04-06 17:57:28,896][argument.py][line:35][INFO] data_root        : /data0/user/lxguo/Data
[2024-04-06 17:57:28,896][argument.py][line:35][INFO] model_name       : resnet50
[2024-04-06 17:57:28,896][argument.py][line:35][INFO] num_epochs       : 5
[2024-04-06 17:57:28,896][argument.py][line:35][INFO] learning_rate    : 0.001
[2024-04-06 17:57:28,896][argument.py][line:35][INFO] batch_size       : 512
[2024-04-06 17:57:28,896][argument.py][line:35][INFO] optimizer_type   : Adam
[2024-04-06 17:57:28,897][argument.py][line:35][INFO] momentum         : 0.9
[2024-04-06 17:57:28,897][argument.py][line:35][INFO] print_frequency  : 1
[2024-04-06 17:57:28,897][argument.py][line:35][INFO] weight_decay     : 0.0001
[2024-04-06 17:57:28,897][argument.py][line:35][INFO] load_model       : None
[2024-04-06 17:57:28,897][argument.py][line:35][INFO] symbol_size      : 20
[2024-04-06 17:57:28,897][argument.py][line:35][INFO] num_classes      : 1000
[2024-04-06 17:57:28,897][argument.py][line:35][INFO] p                : 0.5
[2024-04-06 17:57:28,897][argument.py][line:35][INFO] use_orthg        : False
[2024-04-06 17:57:28,897][argument.py][line:35][INFO] cntrst           : None
[2024-04-06 17:57:28,897][argument.py][line:35][INFO] worst_neg        : False
[2024-04-06 17:57:28,898][argument.py][line:35][INFO] metric           : euclidean
[2024-04-06 17:57:28,898][argument.py][line:35][INFO] fix_fe           : True
[2024-04-06 17:57:28,898][argument.py][line:35][INFO] loss_type        : CrossEntropyLoss
[2024-04-06 17:57:28,898][argument.py][line:35][INFO] no_train         : False
[2024-04-06 17:57:28,898][argument.py][line:35][INFO] use_pretrain     : True
[2024-04-06 17:57:28,898][argument.py][line:35][INFO] exp_prefix       : None
[2024-04-06 17:57:28,898][main.py][line:30][INFO] Device is cuda
[2024-04-06 18:02:57,023][main.py][line:34][INFO] length of train is 1281167, length of test is 50000
[2024-04-07 02:06:48,003][utils.py][line:226][INFO] epoch 1, network phase, loss 0.2227, train acc 0.9073, test acc given symbol 0.9239
[2024-04-07 02:06:48,003][utils.py][line:227][INFO] total time 29024.208sec, IO 482.044sec, make batch 0.910sec, forward 25.692sec, backward 3.292sec, grad step 1.793sec, others stat 886.948sec, eval 966.660sec
[2024-04-07 07:01:18,390][utils.py][line:285][INFO] epoch 1, network phase, loss 0.1297, train acc 0.9518, test acc given symbol 0.9492
[2024-04-07 07:01:18,390][utils.py][line:286][INFO] total time 17670.387sec, IO 428.138sec, make batch 1.231sec, forward 14.571sec, backward 3.100sec, grad step 0.945sec, others stat 888.240sec, eval 286.142sec
[2024-04-07 08:58:28,469][utils.py][line:226][INFO] epoch 2, network phase, loss 0.1131, train acc 0.9584, test acc given symbol 0.9449
[2024-04-07 08:58:28,469][utils.py][line:227][INFO] total time 7029.593sec, IO 396.599sec, make batch 0.811sec, forward 14.186sec, backward 2.943sec, grad step 1.715sec, others stat 888.108sec, eval 274.904sec
[2024-04-07 10:55:59,206][utils.py][line:285][INFO] epoch 2, network phase, loss 0.1092, train acc 0.9600, test acc given symbol 0.9578
[2024-04-07 10:55:59,206][utils.py][line:286][INFO] total time 7050.737sec, IO 402.788sec, make batch 1.184sec, forward 14.255sec, backward 2.933sec, grad step 0.923sec, others stat 888.784sec, eval 274.778sec
[2024-04-07 12:54:06,395][utils.py][line:226][INFO] epoch 3, network phase, loss 0.0992, train acc 0.9641, test acc given symbol 0.9526
[2024-04-07 12:54:06,395][utils.py][line:227][INFO] total time 7086.684sec, IO 404.053sec, make batch 0.816sec, forward 14.287sec, backward 2.938sec, grad step 1.733sec, others stat 888.111sec, eval 277.091sec
[2024-04-07 14:51:09,123][utils.py][line:285][INFO] epoch 3, network phase, loss 0.1021, train acc 0.9633, test acc given symbol 0.9603
[2024-04-07 14:51:09,123][utils.py][line:286][INFO] total time 7022.728sec, IO 405.689sec, make batch 1.184sec, forward 14.241sec, backward 2.930sec, grad step 0.924sec, others stat 888.824sec, eval 275.356sec
[2024-04-07 16:48:13,305][utils.py][line:226][INFO] epoch 4, network phase, loss 0.0924, train acc 0.9668, test acc given symbol 0.9525
[2024-04-07 16:48:13,305][utils.py][line:227][INFO] total time 7023.660sec, IO 402.702sec, make batch 0.812sec, forward 14.262sec, backward 2.940sec, grad step 1.732sec, others stat 888.239sec, eval 275.231sec
[2024-04-07 18:46:19,394][utils.py][line:285][INFO] epoch 4, network phase, loss 0.0988, train acc 0.9644, test acc given symbol 0.9601
[2024-04-07 18:46:19,394][utils.py][line:286][INFO] total time 7086.089sec, IO 399.928sec, make batch 1.194sec, forward 14.332sec, backward 2.946sec, grad step 0.930sec, others stat 888.616sec, eval 284.075sec
[2024-04-07 20:43:47,381][utils.py][line:226][INFO] epoch 5, network phase, loss 0.0883, train acc 0.9684, test acc given symbol 0.9559
[2024-04-07 20:43:47,382][utils.py][line:227][INFO] total time 7047.432sec, IO 409.375sec, make batch 0.817sec, forward 14.444sec, backward 2.961sec, grad step 1.731sec, others stat 887.879sec, eval 282.229sec
[2024-04-07 22:41:01,245][utils.py][line:285][INFO] epoch 5, network phase, loss 0.0968, train acc 0.9656, test acc given symbol 0.9639
[2024-04-07 22:41:01,245][utils.py][line:286][INFO] total time 7033.863sec, IO 409.819sec, make batch 1.196sec, forward 14.454sec, backward 2.950sec, grad step 0.932sec, others stat 888.683sec, eval 287.273sec
[2024-04-07 22:41:02,240][main.py][line:60][INFO] Training done!
