Epoch, Loss, Acc
0, 0.727,  50.459%
1, 0.693,  53.663%
2, 0.683,  54.923%
3, 0.663,  59.186%
4, 0.652,  60.994%
5, 0.644,  62.022%
6, 0.634,  64.103%
7, 0.627,  64.998%
8, 0.617,  66.089%
9, 0.614,  66.242%
10, 0.609,  66.826%
11, 0.603,  67.970%
12, 0.597,  68.160%
13, 0.591,  68.968%
14, 0.586,  69.630%
15, 0.579,  70.083%
16, 0.571,  71.590%
17, 0.573,  70.477%
18, 0.569,  70.889%
19, 0.560,  71.630%
20, 0.557,  71.949%
21, 0.551,  72.444%
22, 0.544,  72.794%
23, 0.541,  73.226%
24, 0.539,  73.448%
25, 0.534,  73.709%
26, 0.526,  74.651%
27, 0.526,  74.331%
28, 0.520,  74.800%
29, 0.518,  74.855%
30, 0.512,  75.093%
31, 0.508,  75.834%
32, 0.505,  75.481%
33, 0.504,  75.853%
34, 0.499,  76.485%
35, 0.496,  76.451%
36, 0.493,  76.509%
37, 0.489,  76.990%
38, 0.484,  77.036%
39, 0.487,  76.776%
40, 0.483,  77.248%
41, 0.478,  77.602%
42, 0.477,  77.646%
43, 0.469,  78.113%
44, 0.464,  78.533%
45, 0.472,  77.794%
46, 0.468,  78.206%
47, 0.462,  78.794%
48, 0.458,  78.477%
49, 0.467,  78.281%
50, 0.452,  79.279%
51, 0.451,  79.253%
52, 0.450,  79.135%
53, 0.450,  79.309%
54, 0.444,  79.620%
55, 0.450,  79.129%
56, 0.440,  79.752%
57, 0.440,  79.816%
58, 0.434,  80.402%
59, 0.436,  80.107%
60, 0.439,  79.679%
61, 0.433,  80.214%
62, 0.433,  80.067%
63, 0.435,  79.857%
64, 0.438,  79.669%
65, 0.423,  80.446%
66, 0.428,  80.426%
67, 0.425,  80.715%
68, 0.424,  80.648%
69, 0.426,  80.531%
70, 0.427,  80.661%
71, 0.420,  81.026%
72, 0.422,  80.756%
73, 0.416,  81.137%
74, 0.411,  81.461%
75, 0.416,  81.069%
76, 0.415,  81.222%
77, 0.401,  82.034%
78, 0.416,  81.012%
79, 0.414,  81.180%
80, 0.414,  81.202%
81, 0.405,  81.731%
82, 0.405,  81.677%
83, 0.411,  81.364%
84, 0.410,  81.386%
85, 0.410,  81.374%
86, 0.401,  81.859%
87, 0.404,  81.711%
88, 0.405,  81.517%
89, 0.403,  81.749%
90, 0.399,  81.923%
91, 0.406,  81.491%
92, 0.399,  81.919%
93, 0.394,  82.198%
94, 0.394,  82.168%
95, 0.397,  82.277%
96, 0.401,  81.927%
97, 0.396,  82.317%
98, 0.399,  81.935%
99, 0.396,  82.226%
100, 0.404,  81.816%
101, 0.399,  81.994%
102, 0.393,  82.030%
103, 0.393,  82.287%
104, 0.404,  81.679%
105, 0.388,  82.588%
106, 0.394,  82.180%
107, 0.392,  82.527%
108, 0.388,  82.248%
109, 0.397,  82.085%
110, 0.391,  82.257%
111, 0.388,  82.331%
112, 0.391,  82.448%
113, 0.387,  82.590%
114, 0.388,  82.677%
115, 0.390,  82.606%
116, 0.381,  83.038%
117, 0.378,  83.141%
118, 0.401,  81.822%
119, 0.392,  82.414%
120, 0.389,  82.701%
121, 0.392,  82.287%
122, 0.390,  82.442%
123, 0.389,  82.519%
124, 0.382,  82.972%
125, 0.391,  82.424%
126, 0.391,  82.513%
127, 0.385,  82.602%
128, 0.389,  82.580%
129, 0.373,  83.519%
130, 0.383,  82.848%
131, 0.379,  83.048%
132, 0.373,  83.499%
133, 0.379,  83.087%
134, 0.385,  82.576%
135, 0.371,  83.505%
136, 0.378,  83.143%
137, 0.387,  82.699%
138, 0.386,  82.689%
139, 0.391,  82.329%
140, 0.377,  83.390%
141, 0.386,  82.705%
142, 0.377,  83.253%
143, 0.384,  82.620%
144, 0.380,  83.139%
145, 0.383,  82.659%
146, 0.379,  83.010%
147, 0.380,  82.943%
148, 0.382,  82.937%
149, 0.371,  83.523%
150, 0.380,  83.196%
151, 0.374,  83.448%
152, 0.371,  83.549%
153, 0.370,  83.479%
154, 0.379,  82.857%
155, 0.386,  82.626%
156, 0.381,  82.842%
157, 0.381,  83.040%
158, 0.377,  83.073%
159, 0.376,  83.212%
160, 0.360,  84.131%
161, 0.371,  83.448%
162, 0.376,  83.390%
163, 0.374,  83.238%
164, 0.371,  83.547%
165, 0.372,  83.317%
166, 0.371,  83.382%
167, 0.371,  83.432%
168, 0.376,  83.135%
169, 0.373,  83.307%
170, 0.372,  83.477%
171, 0.374,  83.442%
172, 0.366,  83.768%
173, 0.370,  83.562%
174, 0.373,  83.321%
175, 0.365,  83.707%
176, 0.378,  83.016%
177, 0.358,  84.240%
178, 0.365,  83.859%
179, 0.365,  83.780%
180, 0.371,  83.491%
181, 0.373,  83.497%
182, 0.373,  83.273%
183, 0.373,  83.240%
184, 0.356,  84.222%
185, 0.374,  83.329%
186, 0.366,  83.673%
187, 0.373,  83.481%
188, 0.360,  84.046%
189, 0.365,  83.572%
190, 0.374,  83.307%
191, 0.370,  83.448%
192, 0.368,  83.725%
193, 0.369,  83.535%
194, 0.368,  83.580%
195, 0.368,  83.507%
196, 0.363,  84.057%
197, 0.353,  84.430%
198, 0.365,  83.774%
199, 0.363,  83.889%
200, 0.364,  83.857%
201, 0.363,  84.008%
202, 0.377,  83.156%
203, 0.364,  84.101%
204, 0.375,  83.131%
205, 0.366,  83.681%
206, 0.359,  84.166%
207, 0.361,  84.042%
208, 0.367,  83.612%
209, 0.360,  83.970%
210, 0.361,  83.927%
211, 0.367,  83.527%
212, 0.369,  83.491%
213, 0.369,  83.610%
214, 0.359,  84.109%
215, 0.362,  83.933%
216, 0.372,  83.311%
217, 0.362,  83.941%
218, 0.378,  82.794%
219, 0.360,  84.097%
220, 0.373,  83.240%
221, 0.358,  84.287%
222, 0.359,  84.113%
223, 0.365,  83.745%
224, 0.372,  83.246%
225, 0.372,  83.451%
226, 0.357,  84.283%
227, 0.354,  84.362%
228, 0.359,  84.087%
229, 0.372,  83.325%
230, 0.367,  83.873%
231, 0.366,  83.794%
232, 0.366,  83.588%
233, 0.360,  84.158%
234, 0.364,  83.844%
235, 0.365,  83.723%
236, 0.373,  83.194%
237, 0.360,  84.133%
238, 0.353,  84.432%
239, 0.363,  83.960%
240, 0.359,  84.156%
241, 0.362,  84.089%
242, 0.361,  83.855%
243, 0.355,  84.343%
244, 0.355,  84.483%
245, 0.350,  84.644%
246, 0.365,  83.764%
247, 0.357,  84.277%
248, 0.364,  83.756%
249, 0.362,  83.949%
250, 0.364,  83.481%
251, 0.360,  84.257%
252, 0.363,  83.931%
253, 0.361,  83.984%
254, 0.364,  83.913%
255, 0.360,  84.057%
256, 0.348,  84.689%
257, 0.357,  84.075%
258, 0.349,  84.663%
259, 0.352,  84.398%
260, 0.356,  84.238%
261, 0.357,  84.255%
262, 0.364,  83.792%
263, 0.353,  84.398%
264, 0.353,  84.349%
265, 0.360,  84.188%
266, 0.355,  84.368%
267, 0.355,  84.562%
268, 0.346,  84.836%
269, 0.357,  84.182%
270, 0.358,  84.048%
271, 0.363,  83.717%
272, 0.358,  84.077%
273, 0.358,  84.032%
274, 0.362,  84.010%
275, 0.355,  84.289%
276, 0.365,  83.677%
277, 0.348,  84.661%
278, 0.359,  84.119%
279, 0.356,  84.253%
280, 0.357,  84.182%
281, 0.368,  83.634%
282, 0.351,  84.630%
283, 0.361,  84.095%
284, 0.359,  84.232%
285, 0.357,  84.238%
286, 0.359,  84.069%
287, 0.351,  84.554%
288, 0.353,  84.594%
289, 0.349,  84.610%
290, 0.359,  84.000%
291, 0.368,  83.420%
292, 0.361,  83.919%
293, 0.358,  83.952%
294, 0.353,  84.620%
295, 0.346,  84.709%
296, 0.359,  84.133%
297, 0.360,  83.865%
298, 0.359,  84.117%
299, 0.349,  84.475%
300, 0.355,  84.303%
301, 0.352,  84.416%
302, 0.359,  84.079%
303, 0.362,  83.826%
304, 0.356,  84.354%
305, 0.356,  84.386%
306, 0.357,  84.168%
307, 0.344,  84.992%
308, 0.358,  84.160%
309, 0.363,  83.808%
310, 0.356,  84.327%
311, 0.346,  84.768%
312, 0.344,  84.857%
313, 0.359,  84.133%
314, 0.358,  84.125%
315, 0.356,  84.279%
316, 0.358,  84.044%
317, 0.360,  84.018%
318, 0.353,  84.535%
319, 0.356,  84.196%
320, 0.355,  84.289%
321, 0.344,  84.838%
322, 0.350,  84.713%
323, 0.354,  84.224%
324, 0.355,  84.325%
325, 0.355,  84.145%
326, 0.347,  84.768%
327, 0.353,  84.202%
328, 0.353,  84.446%
329, 0.352,  84.523%
330, 0.349,  84.689%
331, 0.361,  83.907%
332, 0.353,  84.360%
333, 0.352,  84.622%
334, 0.343,  85.051%
335, 0.342,  85.210%
336, 0.354,  84.289%
337, 0.350,  84.752%
338, 0.352,  84.459%
339, 0.345,  84.798%
340, 0.350,  84.408%
341, 0.349,  84.699%
342, 0.345,  84.954%
343, 0.346,  84.683%
344, 0.347,  84.786%
345, 0.345,  84.907%
346, 0.339,  85.263%
347, 0.340,  84.974%
348, 0.349,  84.541%
349, 0.356,  84.158%
350, 0.350,  84.622%
351, 0.353,  84.329%
352, 0.345,  84.798%
353, 0.350,  84.655%
354, 0.348,  84.776%
355, 0.345,  84.818%
356, 0.349,  84.618%
357, 0.344,  84.798%
358, 0.347,  84.941%
359, 0.349,  84.661%
360, 0.350,  84.503%
361, 0.345,  84.741%
362, 0.339,  85.079%
363, 0.354,  84.228%
364, 0.352,  84.521%
365, 0.348,  84.473%
366, 0.356,  84.186%
367, 0.339,  85.032%
368, 0.344,  84.782%
369, 0.346,  84.618%
370, 0.355,  84.253%
371, 0.345,  84.931%
372, 0.350,  84.618%
373, 0.336,  85.046%
374, 0.348,  84.824%
375, 0.347,  84.590%
376, 0.356,  84.194%
377, 0.358,  84.147%
378, 0.347,  84.703%
379, 0.344,  84.826%
380, 0.345,  84.923%
381, 0.358,  84.099%
382, 0.346,  84.671%
383, 0.344,  85.022%
384, 0.348,  84.570%
385, 0.340,  85.012%
386, 0.354,  84.279%
387, 0.344,  84.830%
388, 0.356,  84.269%
389, 0.348,  84.608%
390, 0.341,  85.022%
391, 0.352,  84.400%
392, 0.343,  85.032%
393, 0.350,  84.483%
394, 0.344,  84.778%
395, 0.355,  84.222%
396, 0.343,  84.964%
397, 0.344,  84.818%
398, 0.343,  84.669%
399, 0.342,  84.828%
400, 0.348,  84.560%
401, 0.358,  83.838%
402, 0.345,  84.798%
403, 0.350,  84.483%
404, 0.346,  84.673%
405, 0.342,  85.030%
406, 0.342,  84.796%
407, 0.349,  84.798%
408, 0.340,  85.212%
409, 0.337,  85.220%
410, 0.360,  84.014%
411, 0.349,  84.701%
412, 0.346,  84.857%
413, 0.345,  84.802%
414, 0.348,  84.568%
415, 0.354,  84.208%
416, 0.347,  84.741%
417, 0.349,  84.461%
418, 0.360,  83.780%
419, 0.344,  84.804%
420, 0.347,  84.739%
421, 0.354,  84.198%
422, 0.352,  84.507%
423, 0.349,  84.651%
424, 0.357,  84.170%
425, 0.346,  84.826%
426, 0.354,  84.448%
427, 0.346,  84.655%
428, 0.339,  85.008%
429, 0.352,  84.333%
430, 0.350,  84.463%
431, 0.347,  84.725%
432, 0.347,  84.693%
433, 0.345,  84.717%
434, 0.339,  85.046%
435, 0.348,  84.594%
436, 0.337,  85.228%
437, 0.348,  84.554%
438, 0.348,  84.568%
439, 0.350,  84.665%
440, 0.343,  84.925%
441, 0.336,  85.251%
442, 0.355,  84.156%
443, 0.336,  85.287%
444, 0.347,  84.735%
445, 0.349,  84.525%
446, 0.346,  84.646%
447, 0.345,  84.632%
448, 0.349,  84.648%
449, 0.346,  84.863%
450, 0.346,  84.917%
451, 0.333,  85.519%
452, 0.346,  84.966%
453, 0.346,  84.606%
454, 0.352,  84.503%
455, 0.346,  84.741%
456, 0.332,  85.636%
457, 0.342,  85.095%
458, 0.344,  84.954%
459, 0.343,  84.972%
460, 0.348,  84.683%
461, 0.351,  84.556%
462, 0.335,  85.343%
463, 0.345,  84.806%
464, 0.336,  85.279%
465, 0.347,  84.594%
466, 0.342,  84.947%
467, 0.340,  84.893%
468, 0.346,  84.697%
469, 0.343,  84.818%
470, 0.342,  84.749%
471, 0.343,  84.945%
472, 0.338,  85.273%
473, 0.347,  84.810%
474, 0.344,  84.871%
475, 0.335,  85.263%
476, 0.344,  84.972%
477, 0.342,  85.044%
478, 0.335,  85.303%
479, 0.342,  84.844%
480, 0.342,  84.907%
481, 0.339,  85.141%
482, 0.350,  84.477%
483, 0.338,  85.083%
484, 0.340,  85.222%
485, 0.342,  84.861%
486, 0.346,  84.669%
487, 0.345,  84.711%
488, 0.341,  84.818%
489, 0.342,  84.766%
490, 0.341,  85.119%
491, 0.339,  85.036%
492, 0.342,  85.016%
493, 0.342,  84.885%
494, 0.346,  84.606%
495, 0.336,  85.218%
496, 0.345,  84.754%
497, 0.348,  84.398%
498, 0.340,  85.246%
499, 0.341,  84.966%
500, 0.339,  85.186%
501, 0.342,  84.996%
502, 0.344,  84.770%
503, 0.335,  85.374%
504, 0.335,  85.453%
505, 0.341,  85.016%
506, 0.343,  84.980%
507, 0.340,  84.863%
508, 0.342,  84.899%
509, 0.350,  84.404%
510, 0.350,  84.624%
511, 0.333,  85.489%
512, 0.341,  85.069%
513, 0.341,  84.952%
514, 0.343,  84.869%
515, 0.350,  84.600%
516, 0.348,  84.648%
517, 0.350,  84.426%
518, 0.345,  84.804%
519, 0.333,  85.422%
520, 0.347,  84.727%
521, 0.338,  85.117%
522, 0.343,  84.842%
523, 0.346,  84.685%
524, 0.339,  85.158%
525, 0.351,  84.547%
526, 0.345,  84.863%
527, 0.344,  84.901%
528, 0.339,  85.071%
529, 0.342,  84.873%
530, 0.335,  85.356%
531, 0.339,  85.099%
532, 0.347,  84.681%
533, 0.353,  84.277%
534, 0.341,  85.040%
535, 0.343,  84.911%
536, 0.334,  85.505%
537, 0.343,  84.838%
538, 0.337,  85.061%
539, 0.345,  84.901%
540, 0.335,  85.263%
541, 0.353,  84.295%
542, 0.341,  84.925%
543, 0.342,  84.859%
544, 0.340,  85.016%
545, 0.341,  85.067%
546, 0.344,  84.939%
547, 0.336,  85.198%
548, 0.340,  85.028%
549, 0.344,  84.897%
550, 0.332,  85.469%
551, 0.337,  85.224%
552, 0.339,  84.994%
553, 0.342,  84.964%
554, 0.342,  84.754%
555, 0.339,  85.212%
556, 0.339,  85.040%
557, 0.336,  85.281%
558, 0.330,  85.646%
559, 0.346,  84.610%
560, 0.334,  85.408%
561, 0.339,  85.137%
562, 0.340,  85.085%
563, 0.344,  84.834%
564, 0.339,  85.158%
565, 0.340,  85.012%
566, 0.339,  84.949%
567, 0.346,  84.846%
568, 0.337,  85.319%
569, 0.344,  84.756%
570, 0.343,  84.879%
571, 0.338,  85.061%
572, 0.341,  84.966%
573, 0.339,  85.180%
574, 0.344,  84.622%
575, 0.336,  85.277%
576, 0.326,  85.901%
577, 0.337,  85.236%
578, 0.337,  85.109%
579, 0.340,  85.172%
580, 0.340,  84.998%
581, 0.350,  84.428%
582, 0.340,  85.303%
583, 0.334,  85.345%
584, 0.338,  85.188%
585, 0.342,  84.945%
586, 0.336,  85.333%
587, 0.344,  84.822%
588, 0.341,  84.810%
589, 0.334,  85.386%
590, 0.340,  85.103%
591, 0.345,  84.762%
592, 0.337,  85.178%
593, 0.333,  85.436%
594, 0.332,  85.349%
595, 0.341,  84.733%
596, 0.337,  85.311%
597, 0.334,  85.347%
598, 0.350,  84.541%
599, 0.336,  85.152%
600, 0.345,  84.741%
601, 0.347,  84.776%
602, 0.327,  85.588%
603, 0.333,  85.368%
604, 0.340,  85.162%
605, 0.344,  84.733%
606, 0.338,  85.081%
607, 0.342,  84.873%
608, 0.337,  85.295%
609, 0.335,  85.281%
610, 0.333,  85.434%
611, 0.338,  85.137%
612, 0.336,  85.236%
613, 0.343,  84.770%
614, 0.332,  85.507%
615, 0.337,  85.277%
616, 0.344,  84.667%
617, 0.334,  85.554%
618, 0.339,  85.063%
619, 0.331,  85.438%
620, 0.345,  84.754%
621, 0.341,  85.075%
622, 0.337,  85.194%
623, 0.330,  85.438%
624, 0.348,  84.515%
625, 0.330,  85.693%
626, 0.344,  84.519%
627, 0.358,  84.042%
628, 0.344,  84.731%
629, 0.343,  84.840%
630, 0.337,  85.255%
631, 0.341,  84.998%
632, 0.341,  84.931%
633, 0.339,  84.923%
634, 0.327,  85.713%
635, 0.344,  84.855%
636, 0.348,  84.752%
637, 0.338,  85.162%
638, 0.343,  84.711%
639, 0.348,  84.574%
640, 0.342,  85.109%
641, 0.339,  84.998%
642, 0.343,  84.994%
643, 0.341,  85.000%
644, 0.342,  84.887%
645, 0.347,  84.634%
646, 0.336,  85.339%
647, 0.340,  85.032%
648, 0.323,  85.949%
649, 0.339,  84.982%
650, 0.342,  84.737%
651, 0.331,  85.572%
652, 0.337,  85.127%
653, 0.342,  84.846%
654, 0.338,  85.220%
655, 0.342,  84.952%
656, 0.341,  84.915%
657, 0.341,  84.978%
658, 0.338,  85.147%
659, 0.342,  84.832%
660, 0.338,  85.208%
661, 0.336,  85.194%
662, 0.339,  85.042%
663, 0.336,  85.240%
664, 0.334,  85.339%
665, 0.340,  84.943%
666, 0.336,  85.133%
667, 0.341,  85.105%
668, 0.333,  85.521%
669, 0.331,  85.632%
670, 0.340,  85.040%
671, 0.340,  84.994%
672, 0.342,  84.768%
673, 0.337,  85.190%
674, 0.338,  85.101%
675, 0.331,  85.420%
676, 0.336,  85.255%
677, 0.338,  85.156%
678, 0.328,  85.608%
679, 0.344,  84.964%
680, 0.325,  85.917%
681, 0.341,  84.990%
682, 0.331,  85.485%
683, 0.330,  85.527%
684, 0.334,  85.214%
685, 0.334,  85.400%
686, 0.334,  85.255%
687, 0.339,  84.994%
688, 0.341,  84.800%
689, 0.335,  85.313%
690, 0.342,  84.729%
691, 0.336,  85.293%
692, 0.329,  85.533%
693, 0.330,  85.598%
694, 0.333,  85.455%
695, 0.333,  85.426%
696, 0.341,  85.095%
697, 0.339,  85.044%
698, 0.333,  85.356%
699, 0.337,  85.164%
700, 0.328,  85.610%
701, 0.341,  84.804%
702, 0.341,  84.820%
703, 0.328,  85.598%
704, 0.325,  85.774%
705, 0.332,  85.297%
706, 0.333,  85.424%
707, 0.336,  85.129%
708, 0.332,  85.392%
709, 0.332,  85.428%
710, 0.337,  85.192%
711, 0.330,  85.725%
712, 0.329,  85.729%
713, 0.345,  84.727%
714, 0.338,  85.119%
715, 0.330,  85.727%
716, 0.331,  85.475%
717, 0.333,  85.602%
718, 0.336,  85.145%
719, 0.338,  85.044%
720, 0.332,  85.578%
721, 0.331,  85.325%
722, 0.341,  84.929%
723, 0.323,  86.075%
724, 0.338,  85.283%
725, 0.335,  85.198%
726, 0.323,  85.992%
727, 0.340,  85.147%
728, 0.330,  85.586%
729, 0.329,  85.448%
730, 0.330,  85.764%
731, 0.333,  85.271%
732, 0.341,  85.079%
733, 0.343,  84.788%
734, 0.341,  84.885%
735, 0.336,  85.253%
736, 0.347,  84.770%
737, 0.327,  85.721%
738, 0.331,  85.412%
739, 0.347,  84.745%
740, 0.338,  85.168%
741, 0.338,  85.186%
742, 0.330,  85.594%
743, 0.338,  85.149%
744, 0.330,  85.630%
745, 0.336,  85.111%
746, 0.339,  85.083%
747, 0.334,  85.451%
748, 0.332,  85.471%
749, 0.335,  85.137%
750, 0.333,  85.281%
751, 0.338,  85.251%
752, 0.338,  85.154%
753, 0.331,  85.626%
754, 0.333,  85.396%
755, 0.334,  85.295%
756, 0.332,  85.436%
757, 0.335,  85.301%
758, 0.337,  85.202%
759, 0.327,  85.814%
760, 0.336,  85.113%
761, 0.332,  85.301%
762, 0.340,  84.998%
763, 0.337,  85.242%
764, 0.325,  85.826%
765, 0.337,  85.242%
766, 0.338,  85.143%
767, 0.326,  85.943%
768, 0.337,  85.069%
769, 0.336,  85.319%
770, 0.324,  86.057%
771, 0.351,  84.479%
772, 0.339,  85.152%
773, 0.342,  84.945%
774, 0.335,  85.139%
775, 0.331,  85.501%
776, 0.342,  84.879%
777, 0.338,  85.107%
778, 0.332,  85.311%
779, 0.336,  85.057%
780, 0.333,  85.366%
781, 0.331,  85.517%
782, 0.339,  85.145%
783, 0.336,  85.202%
784, 0.339,  85.125%
785, 0.330,  85.499%
786, 0.334,  85.323%
787, 0.331,  85.638%
788, 0.344,  84.774%
789, 0.340,  85.008%
790, 0.334,  85.285%
791, 0.336,  85.317%
792, 0.333,  85.465%
793, 0.336,  85.459%
794, 0.335,  85.261%
795, 0.329,  85.677%
796, 0.326,  85.721%
797, 0.327,  85.588%
798, 0.336,  85.465%
799, 0.332,  85.404%
800, 0.343,  85.006%
801, 0.330,  85.709%
802, 0.332,  85.275%
803, 0.339,  85.075%
804, 0.331,  85.487%
805, 0.324,  86.016%
806, 0.329,  85.594%
807, 0.331,  85.586%
808, 0.337,  84.980%
809, 0.331,  85.511%
810, 0.326,  85.792%
811, 0.329,  85.485%
812, 0.331,  85.572%
813, 0.337,  85.253%
814, 0.331,  85.440%
815, 0.330,  85.410%
816, 0.333,  85.362%
817, 0.334,  85.287%
818, 0.328,  85.679%
819, 0.337,  85.192%
820, 0.336,  85.042%
821, 0.328,  85.608%
822, 0.334,  85.317%
823, 0.332,  85.422%
824, 0.336,  85.089%
825, 0.335,  85.168%
826, 0.318,  86.269%
827, 0.340,  85.014%
828, 0.340,  84.972%
829, 0.329,  85.693%
830, 0.331,  85.364%
831, 0.339,  85.065%
832, 0.341,  84.909%
833, 0.346,  84.503%
834, 0.332,  85.491%
835, 0.335,  85.299%
836, 0.325,  85.832%
837, 0.340,  84.962%
838, 0.330,  85.618%
839, 0.328,  85.770%
840, 0.329,  85.547%
841, 0.337,  85.321%
842, 0.338,  85.135%
843, 0.326,  85.810%
844, 0.348,  84.570%
845, 0.333,  85.394%
846, 0.322,  86.020%
847, 0.346,  84.685%
848, 0.326,  85.715%
849, 0.331,  85.263%
850, 0.336,  85.164%
851, 0.334,  85.121%
852, 0.337,  85.061%
853, 0.334,  85.331%
854, 0.331,  85.576%
855, 0.334,  85.366%
856, 0.339,  85.008%
857, 0.331,  85.525%
858, 0.326,  85.766%
859, 0.322,  85.889%
860, 0.334,  85.400%
861, 0.337,  85.105%
862, 0.332,  85.428%
863, 0.327,  85.677%
864, 0.335,  85.374%
865, 0.331,  85.614%
866, 0.343,  84.758%
867, 0.327,  85.477%
868, 0.335,  85.354%
869, 0.333,  85.376%
870, 0.344,  84.808%
871, 0.333,  85.384%
872, 0.333,  85.432%
873, 0.331,  85.511%
874, 0.326,  85.790%
875, 0.328,  85.749%
876, 0.331,  85.556%
877, 0.331,  85.622%
878, 0.331,  85.541%
879, 0.334,  85.388%
880, 0.331,  85.331%
881, 0.335,  85.315%
882, 0.321,  86.087%
883, 0.337,  85.075%
884, 0.329,  85.745%
885, 0.328,  85.655%
886, 0.344,  84.653%
887, 0.327,  85.562%
888, 0.342,  85.028%
889, 0.324,  85.873%
890, 0.328,  85.743%
891, 0.340,  84.907%
892, 0.339,  85.230%
893, 0.330,  85.628%
894, 0.327,  85.665%
895, 0.334,  85.392%
896, 0.337,  85.059%
897, 0.336,  85.198%
898, 0.334,  85.339%
899, 0.334,  85.307%
900, 0.329,  85.592%
901, 0.334,  85.244%
902, 0.329,  85.705%
903, 0.332,  85.465%
904, 0.350,  84.479%
905, 0.335,  85.202%
906, 0.329,  85.562%
907, 0.339,  85.115%
908, 0.329,  85.768%
909, 0.331,  85.491%
910, 0.334,  85.337%
911, 0.332,  85.467%
912, 0.335,  85.248%
913, 0.336,  85.349%
914, 0.332,  85.610%
915, 0.327,  85.588%
916, 0.326,  85.784%
917, 0.327,  85.840%
918, 0.331,  85.618%
919, 0.324,  85.947%
920, 0.336,  85.317%
921, 0.332,  85.570%
922, 0.329,  85.564%
923, 0.340,  84.901%
924, 0.333,  85.309%
925, 0.335,  85.238%
926, 0.332,  85.519%
927, 0.330,  85.673%
928, 0.333,  85.327%
929, 0.329,  85.808%
930, 0.329,  85.669%
931, 0.334,  85.293%
932, 0.332,  85.495%
933, 0.333,  85.283%
934, 0.333,  85.396%
935, 0.336,  85.206%
936, 0.327,  85.527%
937, 0.323,  85.895%
938, 0.325,  85.848%
939, 0.339,  85.107%
940, 0.325,  85.945%
941, 0.327,  85.772%
942, 0.332,  85.436%
943, 0.342,  84.911%
944, 0.322,  85.923%
945, 0.318,  86.162%
946, 0.335,  85.313%
947, 0.326,  85.885%
948, 0.327,  85.501%
949, 0.327,  85.604%
950, 0.332,  85.537%
951, 0.318,  86.194%
952, 0.336,  85.105%
953, 0.326,  85.590%
954, 0.335,  85.158%
955, 0.322,  86.024%
956, 0.334,  85.188%
957, 0.330,  85.523%
958, 0.326,  85.733%
959, 0.320,  86.057%
960, 0.336,  85.277%
961, 0.330,  85.634%
962, 0.327,  85.642%
963, 0.336,  85.182%
964, 0.329,  85.600%
965, 0.337,  85.271%
966, 0.331,  85.527%
967, 0.325,  85.772%
968, 0.337,  85.160%
969, 0.333,  85.410%
970, 0.328,  85.697%
971, 0.334,  85.255%
972, 0.329,  85.644%
973, 0.324,  85.846%
974, 0.341,  85.075%
975, 0.335,  85.087%
976, 0.333,  85.339%
977, 0.330,  85.428%
978, 0.335,  85.248%
979, 0.336,  85.188%
980, 0.336,  85.137%
981, 0.327,  85.552%
982, 0.331,  85.426%
983, 0.324,  85.929%
984, 0.328,  85.501%
985, 0.327,  85.667%
986, 0.331,  85.463%
987, 0.326,  85.766%
988, 0.330,  85.723%
989, 0.322,  86.040%
990, 0.330,  85.521%
991, 0.326,  85.711%
992, 0.328,  85.703%
993, 0.331,  85.362%
994, 0.328,  85.705%
995, 0.334,  85.228%
996, 0.332,  85.354%
997, 0.335,  85.230%
998, 0.325,  85.610%
999, 0.330,  85.556%
