Epoch, Loss, Acc
0, 0.689,  53.436%
1, 0.671,  58.798%
2, 0.663,  59.564%
3, 0.653,  62.331%
4, 0.644,  63.133%
5, 0.637,  64.024%
6, 0.628,  65.061%
7, 0.621,  65.638%
8, 0.615,  66.590%
9, 0.611,  66.974%
10, 0.601,  68.006%
11, 0.595,  68.754%
12, 0.590,  69.301%
13, 0.582,  69.436%
14, 0.579,  70.499%
15, 0.571,  70.729%
16, 0.566,  71.297%
17, 0.561,  71.622%
18, 0.556,  71.830%
19, 0.547,  72.612%
20, 0.547,  72.513%
21, 0.543,  72.976%
22, 0.536,  73.459%
23, 0.533,  73.533%
24, 0.529,  73.927%
25, 0.524,  74.473%
26, 0.521,  74.531%
27, 0.520,  74.622%
28, 0.508,  75.798%
29, 0.508,  75.442%
30, 0.505,  75.606%
31, 0.500,  76.032%
32, 0.501,  75.881%
33, 0.494,  76.244%
34, 0.496,  76.089%
35, 0.487,  76.838%
36, 0.482,  77.356%
37, 0.481,  77.406%
38, 0.478,  77.461%
39, 0.473,  78.103%
40, 0.474,  77.651%
41, 0.465,  78.006%
42, 0.461,  78.642%
43, 0.468,  77.887%
44, 0.457,  78.665%
45, 0.461,  78.554%
46, 0.454,  78.800%
47, 0.453,  78.956%
48, 0.450,  79.216%
49, 0.451,  79.158%
50, 0.446,  79.560%
51, 0.445,  79.475%
52, 0.444,  79.376%
53, 0.434,  80.309%
54, 0.438,  79.889%
55, 0.437,  80.020%
56, 0.439,  79.810%
57, 0.430,  80.388%
58, 0.424,  80.535%
59, 0.432,  79.990%
60, 0.428,  80.354%
61, 0.426,  80.683%
62, 0.418,  81.113%
63, 0.427,  80.253%
64, 0.423,  80.644%
65, 0.416,  81.113%
66, 0.419,  80.834%
67, 0.410,  81.554%
68, 0.419,  80.903%
69, 0.408,  81.556%
70, 0.420,  80.800%
71, 0.408,  81.303%
72, 0.418,  81.004%
73, 0.405,  81.695%
74, 0.410,  81.473%
75, 0.414,  81.097%
76, 0.419,  80.901%
77, 0.406,  81.691%
78, 0.415,  81.079%
79, 0.403,  81.788%
80, 0.396,  82.275%
81, 0.403,  81.863%
82, 0.397,  82.204%
83, 0.407,  81.549%
84, 0.399,  81.949%
85, 0.390,  82.556%
86, 0.409,  81.295%
87, 0.399,  81.988%
88, 0.393,  82.313%
89, 0.395,  82.127%
90, 0.397,  82.073%
91, 0.391,  82.481%
92, 0.391,  82.299%
93, 0.401,  81.699%
94, 0.389,  82.414%
95, 0.390,  82.549%
96, 0.382,  83.067%
97, 0.389,  82.620%
98, 0.390,  82.497%
99, 0.392,  82.303%
100, 0.390,  82.592%
101, 0.383,  82.897%
102, 0.387,  82.739%
103, 0.389,  82.663%
104, 0.385,  82.733%
105, 0.387,  82.653%
106, 0.390,  82.547%
107, 0.389,  82.509%
108, 0.388,  82.309%
109, 0.384,  82.984%
110, 0.381,  82.962%
111, 0.384,  82.772%
112, 0.389,  82.325%
113, 0.384,  82.729%
114, 0.390,  82.388%
115, 0.376,  83.156%
116, 0.383,  82.857%
117, 0.385,  82.776%
118, 0.385,  82.586%
119, 0.374,  83.519%
120, 0.384,  82.673%
121, 0.385,  82.713%
122, 0.381,  82.909%
123, 0.378,  83.176%
124, 0.371,  83.455%
125, 0.380,  83.129%
126, 0.375,  83.085%
127, 0.383,  82.717%
128, 0.378,  83.141%
129, 0.386,  82.677%
130, 0.382,  82.679%
131, 0.372,  83.416%
132, 0.382,  82.966%
133, 0.386,  82.545%
134, 0.375,  83.244%
135, 0.383,  82.873%
136, 0.376,  83.253%
137, 0.380,  82.838%
138, 0.371,  83.545%
139, 0.384,  82.531%
140, 0.372,  83.499%
141, 0.375,  83.269%
142, 0.373,  83.398%
143, 0.374,  83.238%
144, 0.380,  82.901%
145, 0.369,  83.620%
146, 0.371,  83.576%
147, 0.383,  82.838%
148, 0.376,  83.123%
149, 0.373,  83.265%
150, 0.371,  83.537%
151, 0.376,  83.386%
152, 0.378,  83.028%
153, 0.371,  83.420%
154, 0.371,  83.174%
155, 0.361,  84.036%
156, 0.380,  82.780%
157, 0.370,  83.382%
158, 0.372,  83.341%
159, 0.370,  83.572%
160, 0.369,  83.588%
161, 0.364,  83.863%
162, 0.369,  83.442%
163, 0.368,  83.448%
164, 0.369,  83.630%
165, 0.375,  83.309%
166, 0.364,  83.844%
167, 0.363,  83.749%
168, 0.375,  83.337%
169, 0.366,  83.705%
170, 0.372,  83.279%
171, 0.374,  83.265%
172, 0.371,  83.374%
173, 0.363,  84.000%
174, 0.371,  83.463%
175, 0.373,  83.343%
176, 0.362,  83.913%
177, 0.369,  83.626%
178, 0.370,  83.479%
179, 0.372,  83.297%
180, 0.368,  83.648%
181, 0.362,  83.958%
182, 0.362,  84.046%
183, 0.360,  84.083%
184, 0.365,  83.923%
185, 0.367,  83.859%
186, 0.365,  83.786%
187, 0.351,  84.768%
188, 0.365,  83.881%
189, 0.357,  84.319%
190, 0.361,  84.089%
191, 0.371,  83.382%
192, 0.374,  83.323%
193, 0.364,  83.871%
194, 0.370,  83.655%
195, 0.361,  83.840%
196, 0.360,  84.044%
197, 0.363,  83.939%
198, 0.367,  83.715%
199, 0.364,  83.737%
200, 0.371,  83.356%
201, 0.366,  83.671%
202, 0.363,  83.723%
203, 0.372,  83.196%
204, 0.365,  83.917%
205, 0.364,  83.826%
206, 0.351,  84.493%
207, 0.365,  83.865%
208, 0.361,  84.196%
209, 0.359,  84.198%
210, 0.358,  84.166%
211, 0.357,  84.095%
212, 0.367,  83.590%
213, 0.356,  84.273%
214, 0.363,  83.901%
215, 0.365,  83.735%
216, 0.366,  83.614%
217, 0.360,  84.079%
218, 0.365,  83.840%
219, 0.369,  83.586%
220, 0.357,  84.079%
221, 0.364,  83.749%
222, 0.354,  84.329%
223, 0.360,  83.899%
224, 0.367,  83.648%
225, 0.366,  83.481%
226, 0.357,  84.315%
227, 0.354,  84.285%
228, 0.366,  83.667%
229, 0.365,  83.653%
230, 0.364,  84.020%
231, 0.355,  84.321%
232, 0.363,  83.725%
233, 0.359,  84.055%
234, 0.351,  84.432%
235, 0.370,  83.406%
236, 0.356,  84.406%
237, 0.358,  84.325%
238, 0.361,  83.881%
239, 0.349,  84.547%
240, 0.357,  84.129%
241, 0.359,  84.016%
242, 0.350,  84.624%
243, 0.365,  83.739%
244, 0.346,  84.863%
245, 0.351,  84.570%
246, 0.354,  84.337%
247, 0.362,  83.883%
248, 0.361,  84.067%
249, 0.354,  84.267%
250, 0.353,  84.372%
251, 0.361,  83.853%
252, 0.356,  84.242%
253, 0.353,  84.299%
254, 0.358,  83.962%
255, 0.361,  83.978%
256, 0.360,  84.091%
257, 0.362,  83.956%
258, 0.359,  84.156%
259, 0.360,  84.046%
260, 0.365,  83.693%
261, 0.349,  84.691%
262, 0.366,  83.735%
263, 0.355,  84.315%
264, 0.361,  83.960%
265, 0.355,  84.277%
266, 0.352,  84.291%
267, 0.353,  84.398%
268, 0.353,  84.521%
269, 0.347,  84.701%
270, 0.358,  84.053%
271, 0.360,  83.962%
272, 0.359,  84.117%
273, 0.359,  84.141%
274, 0.354,  84.398%
275, 0.359,  84.117%
276, 0.348,  84.774%
277, 0.360,  84.022%
278, 0.349,  84.440%
279, 0.357,  84.034%
280, 0.356,  84.198%
281, 0.354,  84.210%
282, 0.361,  83.972%
283, 0.355,  84.218%
284, 0.357,  84.168%
285, 0.355,  84.293%
286, 0.358,  84.079%
287, 0.345,  85.040%
288, 0.357,  84.188%
289, 0.357,  84.366%
290, 0.353,  84.194%
291, 0.354,  84.240%
292, 0.365,  83.731%
293, 0.346,  84.770%
294, 0.357,  84.263%
295, 0.353,  84.372%
296, 0.349,  84.622%
297, 0.343,  85.030%
298, 0.355,  84.400%
299, 0.352,  84.620%
300, 0.352,  84.396%
301, 0.351,  84.473%
302, 0.352,  84.319%
303, 0.353,  84.368%
304, 0.343,  84.905%
305, 0.358,  84.246%
306, 0.341,  84.964%
307, 0.339,  85.293%
308, 0.360,  84.093%
309, 0.350,  84.485%
310, 0.359,  84.012%
311, 0.350,  84.552%
312, 0.356,  84.143%
313, 0.362,  83.859%
314, 0.347,  84.762%
315, 0.355,  84.432%
316, 0.342,  84.990%
317, 0.346,  84.972%
318, 0.350,  84.529%
319, 0.354,  84.289%
320, 0.358,  84.036%
321, 0.352,  84.380%
322, 0.358,  83.917%
323, 0.356,  84.208%
324, 0.351,  84.424%
325, 0.343,  85.026%
326, 0.355,  84.305%
327, 0.351,  84.600%
328, 0.355,  84.295%
329, 0.350,  84.277%
330, 0.348,  84.426%
331, 0.359,  83.998%
332, 0.355,  84.073%
333, 0.337,  85.394%
334, 0.354,  84.251%
335, 0.356,  84.149%
336, 0.353,  84.440%
337, 0.346,  84.703%
338, 0.349,  84.640%
339, 0.348,  84.620%
340, 0.354,  84.291%
341, 0.346,  84.976%
342, 0.349,  84.693%
343, 0.355,  84.178%
344, 0.341,  85.261%
345, 0.354,  84.287%
346, 0.355,  84.182%
347, 0.351,  84.491%
348, 0.340,  85.248%
349, 0.347,  84.812%
350, 0.354,  84.204%
351, 0.350,  84.408%
352, 0.347,  84.984%
353, 0.344,  84.887%
354, 0.342,  85.018%
355, 0.344,  85.000%
356, 0.349,  84.560%
357, 0.342,  84.893%
358, 0.344,  84.802%
359, 0.336,  85.356%
360, 0.353,  84.291%
361, 0.346,  84.770%
362, 0.346,  84.741%
363, 0.342,  84.968%
364, 0.357,  84.186%
365, 0.350,  84.537%
366, 0.345,  84.899%
367, 0.352,  84.394%
368, 0.341,  85.046%
369, 0.354,  84.374%
370, 0.341,  84.840%
371, 0.353,  84.349%
372, 0.346,  84.725%
373, 0.351,  84.410%
374, 0.348,  84.804%
375, 0.362,  83.729%
376, 0.341,  85.093%
377, 0.355,  84.145%
378, 0.341,  84.927%
379, 0.350,  84.440%
380, 0.350,  84.240%
381, 0.348,  84.739%
382, 0.346,  84.786%
383, 0.351,  84.301%
384, 0.347,  84.582%
385, 0.356,  83.982%
386, 0.346,  84.566%
387, 0.344,  84.717%
388, 0.356,  84.188%
389, 0.354,  84.255%
390, 0.344,  84.834%
391, 0.342,  84.988%
392, 0.351,  84.594%
393, 0.350,  84.556%
394, 0.361,  83.923%
395, 0.346,  84.715%
396, 0.342,  84.863%
397, 0.350,  84.315%
398, 0.346,  84.937%
399, 0.335,  85.388%
400, 0.347,  84.756%
401, 0.339,  85.204%
402, 0.351,  84.651%
403, 0.353,  84.368%
404, 0.341,  85.046%
405, 0.344,  84.952%
406, 0.353,  84.376%
407, 0.347,  84.646%
408, 0.347,  84.547%
409, 0.338,  85.228%
410, 0.351,  84.398%
411, 0.334,  85.246%
412, 0.345,  84.580%
413, 0.347,  84.727%
414, 0.342,  85.024%
415, 0.342,  84.830%
416, 0.344,  84.927%
417, 0.346,  84.580%
418, 0.341,  85.010%
419, 0.346,  84.651%
420, 0.336,  85.248%
421, 0.352,  84.469%
422, 0.347,  84.705%
423, 0.355,  84.349%
424, 0.345,  84.921%
425, 0.341,  85.105%
426, 0.344,  84.701%
427, 0.350,  84.503%
428, 0.357,  84.085%
429, 0.352,  84.360%
430, 0.337,  85.255%
431, 0.345,  84.776%
432, 0.347,  84.754%
433, 0.347,  84.780%
434, 0.335,  85.451%
435, 0.342,  84.994%
436, 0.352,  84.402%
437, 0.348,  84.632%
438, 0.340,  84.972%
439, 0.341,  85.040%
440, 0.341,  85.051%
441, 0.352,  84.642%
442, 0.344,  84.962%
443, 0.342,  84.879%
444, 0.339,  84.923%
445, 0.349,  84.537%
446, 0.330,  85.513%
447, 0.343,  84.911%
448, 0.343,  85.073%
449, 0.338,  85.079%
450, 0.342,  84.952%
451, 0.347,  84.626%
452, 0.358,  84.028%
453, 0.337,  85.234%
454, 0.343,  84.861%
455, 0.342,  84.776%
456, 0.333,  85.461%
457, 0.333,  85.479%
458, 0.346,  84.661%
459, 0.348,  84.543%
460, 0.348,  84.701%
461, 0.345,  84.802%
462, 0.349,  84.646%
463, 0.345,  84.786%
464, 0.351,  84.418%
465, 0.343,  84.954%
466, 0.340,  85.004%
467, 0.356,  84.202%
468, 0.351,  84.487%
469, 0.348,  84.695%
470, 0.348,  84.648%
471, 0.340,  85.012%
472, 0.344,  84.903%
473, 0.339,  85.042%
474, 0.336,  85.358%
475, 0.350,  84.564%
476, 0.342,  84.972%
477, 0.347,  84.754%
478, 0.348,  84.640%
479, 0.351,  84.711%
480, 0.344,  84.824%
481, 0.349,  84.600%
482, 0.344,  84.939%
483, 0.350,  84.610%
484, 0.342,  84.810%
485, 0.334,  85.432%
486, 0.345,  84.853%
487, 0.344,  84.897%
488, 0.339,  85.073%
489, 0.346,  84.644%
490, 0.341,  85.059%
491, 0.348,  84.523%
492, 0.332,  85.499%
493, 0.333,  85.418%
494, 0.342,  84.980%
495, 0.339,  85.048%
496, 0.342,  85.053%
497, 0.335,  85.453%
498, 0.342,  85.081%
499, 0.338,  85.259%
500, 0.339,  85.164%
501, 0.346,  84.717%
502, 0.339,  85.022%
503, 0.346,  84.727%
504, 0.337,  85.135%
505, 0.339,  85.145%
506, 0.336,  85.133%
507, 0.337,  85.093%
508, 0.341,  84.885%
509, 0.340,  84.897%
510, 0.340,  85.305%
511, 0.347,  84.749%
512, 0.351,  84.333%
513, 0.335,  85.343%
514, 0.340,  84.952%
515, 0.349,  84.331%
516, 0.348,  84.461%
517, 0.352,  84.368%
518, 0.342,  84.877%
519, 0.352,  84.408%
520, 0.328,  85.715%
521, 0.343,  84.895%
522, 0.332,  85.354%
523, 0.343,  84.887%
524, 0.342,  84.899%
525, 0.334,  85.570%
526, 0.341,  85.020%
527, 0.342,  84.848%
528, 0.346,  84.782%
529, 0.335,  85.329%
530, 0.353,  84.267%
531, 0.344,  84.709%
532, 0.326,  85.812%
533, 0.332,  85.457%
534, 0.338,  85.081%
535, 0.339,  85.119%
536, 0.344,  84.986%
537, 0.339,  84.966%
538, 0.343,  84.804%
539, 0.339,  85.048%
540, 0.338,  85.042%
541, 0.337,  85.156%
542, 0.333,  85.420%
543, 0.343,  84.814%
544, 0.347,  84.863%
545, 0.338,  85.168%
546, 0.340,  85.081%
547, 0.341,  85.048%
548, 0.341,  84.994%
549, 0.338,  85.453%
550, 0.344,  84.814%
551, 0.337,  85.190%
552, 0.340,  84.899%
553, 0.342,  84.836%
554, 0.335,  85.354%
555, 0.338,  85.313%
556, 0.347,  84.646%
557, 0.344,  84.709%
558, 0.336,  85.459%
559, 0.343,  84.865%
560, 0.347,  84.638%
561, 0.337,  85.119%
562, 0.340,  84.905%
563, 0.341,  85.127%
564, 0.345,  84.778%
565, 0.337,  85.085%
566, 0.343,  84.889%
567, 0.332,  85.404%
568, 0.344,  84.713%
569, 0.343,  84.851%
570, 0.335,  85.293%
571, 0.332,  85.455%
572, 0.346,  84.634%
573, 0.335,  85.364%
574, 0.341,  85.081%
575, 0.324,  85.867%
576, 0.343,  84.756%
577, 0.347,  84.695%
578, 0.340,  85.055%
579, 0.339,  84.954%
580, 0.330,  85.600%
581, 0.337,  85.279%
582, 0.330,  85.505%
583, 0.335,  85.408%
584, 0.340,  85.061%
585, 0.341,  85.077%
586, 0.342,  85.030%
587, 0.341,  84.879%
588, 0.333,  85.382%
589, 0.328,  85.745%
590, 0.334,  85.552%
591, 0.335,  85.315%
592, 0.333,  85.400%
593, 0.340,  85.014%
594, 0.334,  85.166%
595, 0.334,  85.448%
596, 0.344,  84.848%
597, 0.331,  85.499%
598, 0.334,  85.347%
599, 0.335,  85.356%
600, 0.338,  85.065%
601, 0.331,  85.584%
602, 0.341,  84.927%
603, 0.341,  84.851%
604, 0.333,  85.362%
605, 0.332,  85.535%
606, 0.333,  85.558%
607, 0.342,  84.998%
608, 0.338,  85.265%
609, 0.339,  85.057%
610, 0.339,  84.927%
611, 0.339,  85.117%
612, 0.340,  85.055%
613, 0.338,  85.172%
614, 0.339,  85.119%
615, 0.350,  84.549%
616, 0.330,  85.659%
617, 0.343,  84.853%
618, 0.343,  84.873%
619, 0.331,  85.614%
620, 0.339,  84.966%
621, 0.340,  85.143%
622, 0.344,  84.949%
623, 0.335,  85.127%
624, 0.340,  84.941%
625, 0.336,  85.119%
626, 0.333,  85.327%
627, 0.350,  84.301%
628, 0.346,  84.594%
629, 0.327,  85.655%
630, 0.341,  84.887%
631, 0.334,  85.321%
632, 0.336,  85.317%
633, 0.335,  85.238%
634, 0.344,  84.689%
635, 0.342,  84.873%
636, 0.329,  85.592%
637, 0.342,  84.980%
638, 0.325,  85.927%
639, 0.343,  84.881%
640, 0.338,  85.075%
641, 0.349,  84.497%
642, 0.339,  85.079%
643, 0.323,  85.851%
644, 0.335,  85.238%
645, 0.336,  85.255%
646, 0.342,  84.980%
647, 0.343,  84.853%
648, 0.338,  85.048%
649, 0.342,  84.814%
650, 0.329,  85.648%
651, 0.338,  85.089%
652, 0.334,  85.347%
653, 0.335,  85.356%
654, 0.346,  84.653%
655, 0.338,  85.190%
656, 0.329,  85.519%
657, 0.332,  85.331%
658, 0.336,  85.156%
659, 0.332,  85.491%
660, 0.346,  84.731%
661, 0.339,  85.216%
662, 0.332,  85.426%
663, 0.332,  85.360%
664, 0.331,  85.483%
665, 0.332,  85.303%
666, 0.330,  85.537%
667, 0.331,  85.560%
668, 0.333,  85.442%
669, 0.341,  85.038%
670, 0.337,  85.372%
671, 0.338,  85.143%
672, 0.344,  84.798%
673, 0.342,  84.838%
674, 0.327,  85.509%
675, 0.340,  85.026%
676, 0.338,  85.149%
677, 0.341,  84.935%
678, 0.344,  84.657%
679, 0.324,  85.871%
680, 0.332,  85.376%
681, 0.343,  85.030%
682, 0.333,  85.372%
683, 0.339,  85.145%
684, 0.346,  84.828%
685, 0.346,  84.766%
686, 0.339,  85.172%
687, 0.335,  85.299%
688, 0.331,  85.659%
689, 0.334,  85.410%
690, 0.329,  85.531%
691, 0.326,  85.539%
692, 0.333,  85.329%
693, 0.335,  85.125%
694, 0.337,  85.279%
695, 0.345,  84.733%
696, 0.334,  85.269%
697, 0.345,  84.653%
698, 0.342,  84.962%
699, 0.329,  85.691%
700, 0.338,  85.168%
701, 0.336,  85.303%
702, 0.337,  85.261%
703, 0.338,  85.087%
704, 0.329,  85.549%
705, 0.328,  85.865%
706, 0.334,  85.394%
707, 0.336,  85.105%
708, 0.334,  85.279%
709, 0.333,  85.396%
710, 0.339,  85.204%
711, 0.334,  85.477%
712, 0.335,  85.174%
713, 0.328,  85.491%
714, 0.331,  85.549%
715, 0.335,  85.228%
716, 0.330,  85.483%
717, 0.337,  85.154%
718, 0.329,  85.737%
719, 0.334,  85.325%
720, 0.336,  85.323%
721, 0.332,  85.442%
722, 0.329,  85.622%
723, 0.335,  85.400%
724, 0.335,  85.291%
725, 0.330,  85.655%
726, 0.336,  85.257%
727, 0.339,  85.347%
728, 0.336,  85.194%
729, 0.352,  84.473%
730, 0.332,  85.620%
731, 0.327,  85.857%
732, 0.333,  85.255%
733, 0.342,  84.919%
734, 0.338,  84.853%
735, 0.335,  85.343%
736, 0.327,  85.616%
737, 0.334,  85.343%
738, 0.334,  85.214%
739, 0.337,  85.244%
740, 0.332,  85.564%
741, 0.334,  85.418%
742, 0.335,  85.255%
743, 0.335,  85.356%
744, 0.337,  85.198%
745, 0.337,  85.251%
746, 0.325,  85.911%
747, 0.335,  85.061%
748, 0.327,  85.669%
749, 0.330,  85.499%
750, 0.327,  85.792%
751, 0.333,  85.305%
752, 0.331,  85.418%
753, 0.337,  85.022%
754, 0.337,  85.135%
755, 0.336,  85.392%
756, 0.334,  85.265%
757, 0.331,  85.440%
758, 0.326,  85.859%
759, 0.334,  85.113%
760, 0.330,  85.717%
761, 0.330,  85.469%
762, 0.331,  85.390%
763, 0.328,  85.828%
764, 0.330,  85.644%
765, 0.327,  85.592%
766, 0.336,  85.166%
767, 0.330,  85.566%
768, 0.332,  85.410%
769, 0.331,  85.572%
770, 0.335,  85.402%
771, 0.335,  85.184%
772, 0.332,  85.610%
773, 0.336,  85.196%
774, 0.333,  85.600%
775, 0.326,  85.729%
776, 0.337,  85.285%
777, 0.341,  84.976%
778, 0.328,  85.857%
779, 0.332,  85.339%
780, 0.311,  86.681%
781, 0.333,  85.305%
782, 0.332,  85.515%
783, 0.330,  85.487%
784, 0.328,  85.590%
785, 0.342,  84.788%
786, 0.333,  85.337%
787, 0.333,  85.408%
788, 0.332,  85.507%
789, 0.327,  85.717%
790, 0.338,  85.127%
791, 0.334,  85.204%
792, 0.331,  85.479%
793, 0.330,  85.501%
794, 0.325,  85.723%
795, 0.327,  85.610%
796, 0.323,  85.863%
797, 0.339,  85.141%
798, 0.328,  85.584%
799, 0.326,  85.800%
800, 0.338,  85.248%
801, 0.338,  84.996%
802, 0.337,  85.277%
803, 0.330,  85.646%
804, 0.329,  85.475%
805, 0.328,  85.648%
806, 0.320,  86.103%
807, 0.325,  85.758%
808, 0.340,  85.121%
809, 0.329,  85.491%
810, 0.336,  85.107%
811, 0.330,  85.315%
812, 0.329,  85.568%
813, 0.333,  85.523%
814, 0.328,  85.719%
815, 0.335,  85.154%
816, 0.328,  85.636%
817, 0.333,  85.414%
818, 0.339,  85.014%
819, 0.334,  85.388%
820, 0.333,  85.543%
821, 0.328,  85.513%
822, 0.326,  85.756%
823, 0.327,  85.552%
824, 0.330,  85.596%
825, 0.331,  85.501%
826, 0.329,  85.515%
827, 0.334,  85.255%
828, 0.329,  85.602%
829, 0.333,  85.305%
830, 0.329,  85.558%
831, 0.335,  85.212%
832, 0.336,  85.051%
833, 0.326,  85.687%
834, 0.330,  85.503%
835, 0.340,  84.986%
836, 0.338,  85.087%
837, 0.328,  85.552%
838, 0.325,  85.853%
839, 0.336,  85.174%
840, 0.340,  85.002%
841, 0.338,  84.855%
842, 0.322,  86.093%
843, 0.323,  85.901%
844, 0.333,  85.388%
845, 0.331,  85.596%
846, 0.324,  85.798%
847, 0.326,  85.770%
848, 0.336,  85.212%
849, 0.326,  85.800%
850, 0.334,  85.259%
851, 0.330,  85.527%
852, 0.337,  85.123%
853, 0.324,  85.905%
854, 0.332,  85.303%
855, 0.335,  85.234%
856, 0.324,  86.006%
857, 0.332,  85.382%
858, 0.331,  85.501%
859, 0.334,  85.315%
860, 0.325,  85.853%
861, 0.329,  85.651%
862, 0.330,  85.471%
863, 0.336,  85.248%
864, 0.317,  86.404%
865, 0.335,  85.263%
866, 0.343,  84.958%
867, 0.330,  85.483%
868, 0.333,  85.402%
869, 0.333,  85.446%
870, 0.337,  85.222%
871, 0.334,  85.442%
872, 0.342,  84.689%
873, 0.336,  85.222%
874, 0.325,  85.935%
875, 0.334,  85.428%
876, 0.324,  85.834%
877, 0.318,  86.099%
878, 0.327,  85.531%
879, 0.333,  85.277%
880, 0.337,  85.248%
881, 0.330,  85.626%
882, 0.331,  85.341%
883, 0.323,  86.071%
884, 0.334,  85.234%
885, 0.325,  85.760%
886, 0.333,  85.416%
887, 0.328,  85.739%
888, 0.324,  85.935%
889, 0.316,  86.133%
890, 0.338,  84.974%
891, 0.318,  86.287%
892, 0.341,  84.931%
893, 0.331,  85.432%
894, 0.336,  85.232%
895, 0.338,  85.170%
896, 0.337,  85.206%
897, 0.325,  85.933%
898, 0.339,  85.085%
899, 0.328,  85.735%
900, 0.332,  85.293%
901, 0.325,  85.893%
902, 0.335,  85.277%
903, 0.344,  84.859%
904, 0.334,  85.242%
905, 0.334,  85.376%
906, 0.329,  85.572%
907, 0.331,  85.232%
908, 0.339,  85.259%
909, 0.325,  85.943%
910, 0.333,  85.354%
911, 0.331,  85.459%
912, 0.340,  85.232%
913, 0.339,  84.947%
914, 0.324,  85.974%
915, 0.330,  85.576%
916, 0.337,  85.198%
917, 0.332,  85.307%
918, 0.328,  85.612%
919, 0.332,  85.295%
920, 0.332,  85.386%
921, 0.332,  85.394%
922, 0.328,  85.598%
923, 0.322,  86.030%
924, 0.342,  84.824%
925, 0.329,  85.774%
926, 0.320,  86.170%
927, 0.330,  85.586%
928, 0.333,  85.493%
929, 0.333,  85.545%
930, 0.330,  85.594%
931, 0.339,  84.891%
932, 0.324,  85.945%
933, 0.330,  85.624%
934, 0.335,  85.299%
935, 0.325,  85.642%
936, 0.323,  85.705%
937, 0.327,  85.687%
938, 0.321,  86.196%
939, 0.330,  85.517%
940, 0.335,  85.261%
941, 0.329,  85.469%
942, 0.333,  85.343%
943, 0.328,  85.319%
944, 0.337,  85.168%
945, 0.332,  85.501%
946, 0.322,  86.018%
947, 0.331,  85.465%
948, 0.326,  85.598%
949, 0.329,  85.673%
950, 0.328,  85.545%
951, 0.340,  85.115%
952, 0.329,  85.790%
953, 0.329,  85.663%
954, 0.334,  85.192%
955, 0.339,  85.109%
956, 0.326,  85.711%
957, 0.326,  85.731%
958, 0.322,  85.887%
959, 0.326,  85.630%
960, 0.334,  85.382%
961, 0.328,  85.638%
962, 0.326,  85.899%
963, 0.332,  85.453%
964, 0.336,  85.101%
965, 0.328,  85.675%
966, 0.325,  85.808%
967, 0.328,  85.547%
968, 0.333,  85.412%
969, 0.332,  85.556%
970, 0.333,  85.420%
971, 0.327,  85.705%
972, 0.328,  85.665%
973, 0.329,  85.606%
974, 0.335,  85.218%
975, 0.333,  85.372%
976, 0.323,  85.723%
977, 0.337,  85.059%
978, 0.331,  85.501%
979, 0.330,  85.560%
980, 0.329,  85.661%
981, 0.334,  85.303%
982, 0.331,  85.465%
983, 0.321,  85.830%
984, 0.319,  86.022%
985, 0.331,  85.525%
986, 0.330,  85.446%
987, 0.328,  85.816%
988, 0.320,  85.954%
989, 0.326,  85.913%
990, 0.328,  85.762%
991, 0.342,  85.182%
992, 0.333,  85.259%
993, 0.325,  85.735%
994, 0.322,  85.994%
995, 0.338,  85.164%
996, 0.334,  85.541%
997, 0.330,  85.432%
998, 0.334,  85.469%
999, 0.324,  85.986%
