Epoch, Loss, Acc
0, 0.686,  54.240%
1, 0.664,  59.158%
2, 0.652,  61.354%
3, 0.645,  62.313%
4, 0.636,  63.675%
5, 0.629,  64.465%
6, 0.622,  65.364%
7, 0.613,  66.446%
8, 0.609,  66.556%
9, 0.603,  67.269%
10, 0.598,  68.198%
11, 0.593,  68.234%
12, 0.583,  69.697%
13, 0.583,  69.648%
14, 0.575,  70.863%
15, 0.572,  70.523%
16, 0.566,  70.505%
17, 0.558,  71.871%
18, 0.554,  72.055%
19, 0.551,  72.131%
20, 0.547,  72.598%
21, 0.541,  72.964%
22, 0.540,  73.329%
23, 0.534,  73.921%
24, 0.526,  74.226%
25, 0.523,  74.436%
26, 0.520,  74.832%
27, 0.513,  75.178%
28, 0.512,  75.133%
29, 0.509,  75.362%
30, 0.505,  75.776%
31, 0.502,  75.954%
32, 0.505,  75.489%
33, 0.496,  76.572%
34, 0.494,  76.341%
35, 0.487,  76.978%
36, 0.484,  77.147%
37, 0.480,  77.246%
38, 0.476,  77.626%
39, 0.476,  77.711%
40, 0.475,  77.590%
41, 0.471,  77.792%
42, 0.473,  77.782%
43, 0.463,  78.541%
44, 0.458,  78.907%
45, 0.465,  78.174%
46, 0.459,  78.814%
47, 0.454,  78.909%
48, 0.455,  78.719%
49, 0.451,  79.000%
50, 0.452,  79.040%
51, 0.451,  79.069%
52, 0.445,  79.455%
53, 0.443,  79.632%
54, 0.447,  79.299%
55, 0.441,  79.915%
56, 0.438,  79.901%
57, 0.450,  79.061%
58, 0.436,  79.958%
59, 0.429,  80.368%
60, 0.430,  80.378%
61, 0.435,  79.917%
62, 0.426,  80.673%
63, 0.431,  80.174%
64, 0.430,  80.206%
65, 0.416,  81.269%
66, 0.428,  80.412%
67, 0.423,  80.693%
68, 0.422,  80.673%
69, 0.421,  80.844%
70, 0.425,  80.418%
71, 0.406,  81.768%
72, 0.415,  81.224%
73, 0.421,  80.590%
74, 0.417,  81.087%
75, 0.420,  80.812%
76, 0.415,  81.101%
77, 0.414,  81.154%
78, 0.414,  81.101%
79, 0.410,  81.343%
80, 0.416,  80.952%
81, 0.407,  81.630%
82, 0.406,  81.778%
83, 0.412,  81.396%
84, 0.401,  81.982%
85, 0.405,  81.853%
86, 0.413,  81.216%
87, 0.398,  82.051%
88, 0.404,  81.871%
89, 0.403,  81.687%
90, 0.403,  81.663%
91, 0.398,  82.103%
92, 0.399,  82.042%
93, 0.391,  82.626%
94, 0.400,  81.838%
95, 0.398,  82.032%
96, 0.398,  82.109%
97, 0.392,  82.475%
98, 0.394,  82.212%
99, 0.396,  82.154%
100, 0.393,  82.374%
101, 0.399,  81.834%
102, 0.394,  82.273%
103, 0.388,  82.626%
104, 0.392,  82.303%
105, 0.385,  82.867%
106, 0.401,  81.952%
107, 0.391,  82.390%
108, 0.394,  82.337%
109, 0.395,  82.164%
110, 0.388,  82.463%
111, 0.389,  82.653%
112, 0.390,  82.442%
113, 0.391,  82.481%
114, 0.398,  81.851%
115, 0.384,  82.826%
116, 0.381,  82.972%
117, 0.382,  82.919%
118, 0.383,  82.935%
119, 0.379,  83.053%
120, 0.388,  82.380%
121, 0.388,  82.754%
122, 0.386,  82.657%
123, 0.373,  83.356%
124, 0.392,  82.309%
125, 0.380,  83.081%
126, 0.387,  82.616%
127, 0.379,  82.986%
128, 0.377,  83.307%
129, 0.391,  82.307%
130, 0.379,  83.119%
131, 0.390,  82.238%
132, 0.380,  82.919%
133, 0.391,  82.321%
134, 0.383,  82.731%
135, 0.382,  82.962%
136, 0.382,  82.826%
137, 0.385,  82.588%
138, 0.382,  82.879%
139, 0.386,  82.701%
140, 0.385,  82.628%
141, 0.376,  83.265%
142, 0.374,  83.295%
143, 0.381,  82.949%
144, 0.379,  82.998%
145, 0.377,  83.022%
146, 0.384,  82.842%
147, 0.372,  83.503%
148, 0.378,  83.097%
149, 0.377,  82.840%
150, 0.381,  82.857%
151, 0.372,  83.289%
152, 0.376,  83.267%
153, 0.376,  83.293%
154, 0.375,  83.329%
155, 0.365,  83.834%
156, 0.383,  82.572%
157, 0.370,  83.509%
158, 0.374,  83.410%
159, 0.377,  83.172%
160, 0.379,  83.222%
161, 0.380,  82.998%
162, 0.372,  83.479%
163, 0.382,  82.780%
164, 0.376,  83.149%
165, 0.366,  83.782%
166, 0.360,  84.014%
167, 0.363,  83.933%
168, 0.376,  83.119%
169, 0.371,  83.430%
170, 0.370,  83.527%
171, 0.379,  83.063%
172, 0.373,  83.162%
173, 0.374,  83.374%
174, 0.365,  83.842%
175, 0.369,  83.624%
176, 0.368,  83.634%
177, 0.366,  83.867%
178, 0.377,  83.188%
179, 0.374,  83.269%
180, 0.369,  83.473%
181, 0.361,  84.075%
182, 0.362,  84.220%
183, 0.373,  83.442%
184, 0.375,  83.030%
185, 0.360,  84.040%
186, 0.367,  83.808%
187, 0.357,  84.275%
188, 0.362,  84.036%
189, 0.366,  83.636%
190, 0.364,  83.784%
191, 0.364,  83.814%
192, 0.364,  83.776%
193, 0.364,  83.790%
194, 0.351,  84.602%
195, 0.369,  83.691%
196, 0.373,  83.251%
197, 0.364,  83.832%
198, 0.361,  83.798%
199, 0.363,  83.848%
200, 0.361,  84.004%
201, 0.366,  83.648%
202, 0.377,  83.105%
203, 0.366,  83.624%
204, 0.370,  83.396%
205, 0.370,  83.523%
206, 0.368,  83.786%
207, 0.368,  83.644%
208, 0.371,  83.440%
209, 0.356,  84.267%
210, 0.363,  83.899%
211, 0.361,  83.907%
212, 0.368,  83.768%
213, 0.368,  83.430%
214, 0.359,  84.046%
215, 0.366,  83.657%
216, 0.359,  84.089%
217, 0.361,  84.087%
218, 0.354,  84.434%
219, 0.366,  83.451%
220, 0.355,  84.208%
221, 0.358,  84.141%
222, 0.367,  83.602%
223, 0.371,  83.479%
224, 0.367,  83.687%
225, 0.363,  83.986%
226, 0.364,  83.675%
227, 0.364,  83.703%
228, 0.368,  83.780%
229, 0.369,  83.691%
230, 0.361,  83.990%
231, 0.356,  84.188%
232, 0.362,  83.796%
233, 0.365,  83.485%
234, 0.367,  83.588%
235, 0.347,  84.848%
236, 0.358,  84.204%
237, 0.356,  84.143%
238, 0.361,  83.956%
239, 0.362,  83.998%
240, 0.355,  84.271%
241, 0.365,  83.897%
242, 0.364,  83.737%
243, 0.354,  84.370%
244, 0.350,  84.596%
245, 0.363,  83.830%
246, 0.351,  84.434%
247, 0.358,  84.020%
248, 0.354,  84.329%
249, 0.357,  84.236%
250, 0.359,  84.236%
251, 0.355,  84.307%
252, 0.359,  84.127%
253, 0.356,  84.174%
254, 0.353,  84.628%
255, 0.363,  83.838%
256, 0.353,  84.446%
257, 0.356,  84.491%
258, 0.357,  84.230%
259, 0.349,  84.675%
260, 0.365,  83.731%
261, 0.361,  84.109%
262, 0.353,  84.408%
263, 0.356,  84.131%
264, 0.358,  84.297%
265, 0.352,  84.483%
266, 0.361,  83.873%
267, 0.365,  83.873%
268, 0.353,  84.319%
269, 0.364,  83.695%
270, 0.348,  84.820%
271, 0.356,  84.240%
272, 0.356,  84.251%
273, 0.363,  83.933%
274, 0.356,  84.232%
275, 0.341,  85.099%
276, 0.360,  84.044%
277, 0.354,  84.261%
278, 0.354,  84.533%
279, 0.353,  84.481%
280, 0.360,  83.917%
281, 0.357,  84.222%
282, 0.360,  84.018%
283, 0.360,  84.192%
284, 0.354,  84.380%
285, 0.359,  83.956%
286, 0.358,  84.024%
287, 0.355,  84.380%
288, 0.353,  84.434%
289, 0.347,  84.497%
290, 0.356,  84.259%
291, 0.364,  83.776%
292, 0.353,  84.236%
293, 0.344,  84.877%
294, 0.355,  83.996%
295, 0.344,  84.879%
296, 0.352,  84.584%
297, 0.347,  84.741%
298, 0.357,  84.030%
299, 0.361,  83.895%
300, 0.352,  84.521%
301, 0.359,  83.937%
302, 0.355,  84.349%
303, 0.353,  84.501%
304, 0.347,  84.873%
305, 0.352,  84.507%
306, 0.356,  84.255%
307, 0.355,  84.307%
308, 0.357,  84.063%
309, 0.357,  84.079%
310, 0.342,  85.139%
311, 0.362,  83.917%
312, 0.358,  84.073%
313, 0.358,  83.996%
314, 0.351,  84.618%
315, 0.346,  84.707%
316, 0.355,  84.152%
317, 0.348,  84.790%
318, 0.357,  83.931%
319, 0.351,  84.471%
320, 0.352,  84.531%
321, 0.353,  84.273%
322, 0.349,  84.566%
323, 0.362,  83.842%
324, 0.354,  84.238%
325, 0.357,  84.143%
326, 0.360,  83.952%
327, 0.350,  84.691%
328, 0.356,  84.178%
329, 0.355,  84.398%
330, 0.342,  85.156%
331, 0.350,  84.541%
332, 0.361,  83.917%
333, 0.354,  84.109%
334, 0.355,  84.147%
335, 0.351,  84.582%
336, 0.353,  84.358%
337, 0.342,  85.117%
338, 0.343,  84.885%
339, 0.342,  85.103%
340, 0.355,  84.467%
341, 0.356,  84.075%
342, 0.352,  84.467%
343, 0.351,  84.438%
344, 0.346,  84.758%
345, 0.355,  84.206%
346, 0.345,  84.709%
347, 0.342,  85.028%
348, 0.356,  84.135%
349, 0.355,  84.297%
350, 0.344,  84.822%
351, 0.349,  84.655%
352, 0.355,  84.222%
353, 0.359,  83.867%
354, 0.344,  84.768%
355, 0.352,  84.426%
356, 0.341,  84.897%
357, 0.353,  84.311%
358, 0.338,  85.269%
359, 0.337,  85.121%
360, 0.332,  85.562%
361, 0.347,  84.723%
362, 0.347,  84.556%
363, 0.355,  84.095%
364, 0.349,  84.549%
365, 0.342,  85.038%
366, 0.351,  84.687%
367, 0.345,  84.774%
368, 0.348,  84.596%
369, 0.348,  84.586%
370, 0.353,  84.430%
371, 0.343,  85.044%
372, 0.351,  84.487%
373, 0.351,  84.349%
374, 0.350,  84.606%
375, 0.348,  84.495%
376, 0.353,  84.244%
377, 0.344,  84.945%
378, 0.355,  84.202%
379, 0.347,  84.818%
380, 0.348,  84.537%
381, 0.349,  84.596%
382, 0.359,  84.398%
383, 0.342,  84.976%
384, 0.344,  84.745%
385, 0.342,  84.929%
386, 0.348,  84.598%
387, 0.349,  84.648%
388, 0.345,  84.968%
389, 0.347,  84.703%
390, 0.345,  84.770%
391, 0.353,  84.329%
392, 0.353,  84.166%
393, 0.344,  84.937%
394, 0.343,  84.949%
395, 0.347,  84.687%
396, 0.347,  84.721%
397, 0.345,  84.798%
398, 0.335,  85.178%
399, 0.339,  85.048%
400, 0.348,  84.628%
401, 0.345,  84.842%
402, 0.355,  84.206%
403, 0.350,  84.606%
404, 0.332,  85.368%
405, 0.344,  84.780%
406, 0.347,  84.653%
407, 0.345,  84.976%
408, 0.341,  84.935%
409, 0.351,  84.489%
410, 0.351,  84.451%
411, 0.344,  84.655%
412, 0.350,  84.588%
413, 0.347,  84.701%
414, 0.355,  84.131%
415, 0.345,  84.925%
416, 0.353,  84.451%
417, 0.341,  84.960%
418, 0.338,  85.111%
419, 0.343,  84.731%
420, 0.355,  84.119%
421, 0.347,  84.594%
422, 0.353,  84.315%
423, 0.343,  84.929%
424, 0.351,  84.541%
425, 0.348,  84.529%
426, 0.347,  84.741%
427, 0.345,  84.754%
428, 0.338,  85.127%
429, 0.356,  84.358%
430, 0.343,  85.109%
431, 0.345,  84.735%
432, 0.351,  84.390%
433, 0.341,  85.014%
434, 0.331,  85.721%
435, 0.347,  84.665%
436, 0.351,  84.428%
437, 0.338,  85.135%
438, 0.351,  84.529%
439, 0.345,  84.780%
440, 0.344,  84.834%
441, 0.346,  84.822%
442, 0.346,  84.812%
443, 0.340,  84.879%
444, 0.349,  84.574%
445, 0.349,  84.701%
446, 0.344,  84.842%
447, 0.343,  85.051%
448, 0.347,  84.477%
449, 0.350,  84.549%
450, 0.340,  85.218%
451, 0.336,  85.263%
452, 0.347,  84.723%
453, 0.338,  85.149%
454, 0.352,  84.442%
455, 0.346,  84.675%
456, 0.336,  85.392%
457, 0.336,  85.208%
458, 0.341,  84.931%
459, 0.337,  85.137%
460, 0.349,  84.717%
461, 0.341,  85.198%
462, 0.337,  85.141%
463, 0.345,  84.840%
464, 0.344,  84.935%
465, 0.343,  84.921%
466, 0.345,  84.824%
467, 0.337,  85.083%
468, 0.342,  84.877%
469, 0.341,  84.980%
470, 0.340,  85.053%
471, 0.343,  84.768%
472, 0.349,  84.541%
473, 0.344,  84.851%
474, 0.341,  84.982%
475, 0.346,  84.865%
476, 0.338,  85.263%
477, 0.340,  85.212%
478, 0.341,  85.160%
479, 0.350,  84.374%
480, 0.347,  84.659%
481, 0.343,  84.826%
482, 0.333,  85.451%
483, 0.336,  85.218%
484, 0.350,  84.657%
485, 0.348,  84.669%
486, 0.332,  85.556%
487, 0.345,  84.535%
488, 0.340,  85.048%
489, 0.337,  85.279%
490, 0.333,  85.297%
491, 0.343,  85.046%
492, 0.336,  85.216%
493, 0.350,  84.517%
494, 0.344,  84.828%
495, 0.345,  84.717%
496, 0.339,  84.846%
497, 0.344,  84.687%
498, 0.339,  85.147%
499, 0.352,  84.376%
500, 0.348,  84.610%
501, 0.342,  84.911%
502, 0.344,  84.739%
503, 0.334,  85.408%
504, 0.343,  84.931%
505, 0.341,  85.133%
506, 0.345,  84.683%
507, 0.349,  84.337%
508, 0.344,  84.982%
509, 0.347,  84.618%
510, 0.345,  84.604%
511, 0.335,  85.301%
512, 0.347,  84.671%
513, 0.336,  85.042%
514, 0.333,  85.349%
515, 0.335,  85.238%
516, 0.347,  84.695%
517, 0.339,  85.030%
518, 0.336,  85.424%
519, 0.342,  84.905%
520, 0.341,  84.990%
521, 0.337,  85.208%
522, 0.346,  84.891%
523, 0.342,  84.978%
524, 0.336,  85.194%
525, 0.333,  85.388%
526, 0.342,  84.952%
527, 0.342,  84.927%
528, 0.334,  85.228%
529, 0.338,  85.063%
530, 0.341,  85.061%
531, 0.336,  85.087%
532, 0.332,  85.511%
533, 0.345,  84.788%
534, 0.337,  85.196%
535, 0.340,  85.145%
536, 0.346,  84.685%
537, 0.336,  85.079%
538, 0.346,  84.745%
539, 0.332,  85.499%
540, 0.345,  84.768%
541, 0.344,  84.743%
542, 0.337,  85.333%
543, 0.340,  85.160%
544, 0.346,  84.737%
545, 0.342,  84.998%
546, 0.348,  84.440%
547, 0.345,  84.865%
548, 0.339,  85.065%
549, 0.334,  85.432%
550, 0.337,  85.273%
551, 0.334,  85.428%
552, 0.338,  85.210%
553, 0.341,  85.111%
554, 0.338,  85.311%
555, 0.333,  85.275%
556, 0.347,  84.907%
557, 0.324,  86.103%
558, 0.337,  85.020%
559, 0.341,  85.123%
560, 0.338,  85.220%
561, 0.335,  85.543%
562, 0.343,  84.851%
563, 0.341,  85.022%
564, 0.330,  85.754%
565, 0.327,  85.747%
566, 0.339,  85.174%
567, 0.331,  85.404%
568, 0.345,  84.741%
569, 0.343,  84.903%
570, 0.332,  85.511%
571, 0.347,  84.842%
572, 0.339,  84.960%
573, 0.343,  84.887%
574, 0.345,  84.683%
575, 0.344,  84.735%
576, 0.339,  85.085%
577, 0.347,  84.584%
578, 0.334,  85.440%
579, 0.334,  85.248%
580, 0.339,  85.111%
581, 0.336,  85.370%
582, 0.341,  84.885%
583, 0.342,  85.069%
584, 0.340,  84.960%
585, 0.346,  84.659%
586, 0.337,  85.275%
587, 0.325,  85.941%
588, 0.335,  85.257%
589, 0.341,  84.885%
590, 0.336,  85.242%
591, 0.344,  84.812%
592, 0.341,  84.861%
593, 0.341,  85.131%
594, 0.342,  84.960%
595, 0.343,  84.881%
596, 0.337,  85.366%
597, 0.348,  84.477%
598, 0.349,  84.590%
599, 0.346,  84.620%
600, 0.335,  85.265%
601, 0.346,  84.695%
602, 0.341,  85.127%
603, 0.340,  85.093%
604, 0.340,  85.008%
605, 0.333,  85.325%
606, 0.337,  85.257%
607, 0.344,  84.954%
608, 0.334,  85.677%
609, 0.344,  84.962%
610, 0.335,  85.343%
611, 0.338,  85.240%
612, 0.330,  85.451%
613, 0.336,  85.129%
614, 0.345,  84.822%
615, 0.331,  85.570%
616, 0.334,  85.257%
617, 0.333,  85.451%
618, 0.338,  85.040%
619, 0.332,  85.438%
620, 0.336,  85.242%
621, 0.335,  85.206%
622, 0.337,  85.202%
623, 0.335,  85.137%
624, 0.344,  84.788%
625, 0.341,  84.986%
626, 0.334,  85.374%
627, 0.336,  85.244%
628, 0.336,  85.345%
629, 0.340,  84.994%
630, 0.340,  84.949%
631, 0.339,  85.152%
632, 0.343,  84.739%
633, 0.344,  84.703%
634, 0.343,  84.798%
635, 0.346,  84.622%
636, 0.341,  84.978%
637, 0.339,  85.202%
638, 0.338,  85.158%
639, 0.341,  84.917%
640, 0.335,  85.158%
641, 0.349,  84.616%
642, 0.336,  85.152%
643, 0.327,  85.735%
644, 0.338,  85.182%
645, 0.344,  84.725%
646, 0.339,  84.988%
647, 0.340,  85.061%
648, 0.330,  85.584%
649, 0.335,  85.394%
650, 0.337,  85.145%
651, 0.335,  85.297%
652, 0.334,  85.392%
653, 0.340,  85.020%
654, 0.336,  85.321%
655, 0.332,  85.432%
656, 0.338,  85.024%
657, 0.326,  85.842%
658, 0.337,  85.196%
659, 0.334,  85.317%
660, 0.335,  85.224%
661, 0.338,  85.063%
662, 0.331,  85.707%
663, 0.326,  85.590%
664, 0.335,  85.204%
665, 0.348,  84.566%
666, 0.335,  85.333%
667, 0.344,  84.800%
668, 0.334,  85.386%
669, 0.331,  85.515%
670, 0.334,  85.220%
671, 0.342,  84.931%
672, 0.322,  85.960%
673, 0.340,  85.046%
674, 0.332,  85.679%
675, 0.335,  85.287%
676, 0.336,  85.444%
677, 0.337,  85.131%
678, 0.337,  84.972%
679, 0.337,  85.374%
680, 0.339,  85.059%
681, 0.338,  84.853%
682, 0.342,  84.794%
683, 0.344,  84.873%
684, 0.334,  85.356%
685, 0.337,  85.176%
686, 0.336,  85.293%
687, 0.335,  85.255%
688, 0.330,  85.624%
689, 0.338,  85.251%
690, 0.346,  84.590%
691, 0.336,  85.295%
692, 0.341,  85.089%
693, 0.342,  84.891%
694, 0.335,  85.269%
695, 0.331,  85.495%
696, 0.341,  84.964%
697, 0.334,  85.477%
698, 0.340,  84.909%
699, 0.342,  84.988%
700, 0.328,  85.574%
701, 0.335,  85.305%
702, 0.329,  85.594%
703, 0.333,  85.471%
704, 0.334,  85.376%
705, 0.334,  85.380%
706, 0.332,  85.295%
707, 0.331,  85.570%
708, 0.337,  85.083%
709, 0.344,  84.824%
710, 0.335,  85.414%
711, 0.338,  85.184%
712, 0.334,  85.238%
713, 0.324,  86.053%
714, 0.334,  85.242%
715, 0.334,  85.366%
716, 0.326,  85.774%
717, 0.337,  85.212%
718, 0.331,  85.398%
719, 0.341,  84.893%
720, 0.334,  85.335%
721, 0.340,  85.022%
722, 0.339,  84.891%
723, 0.329,  85.576%
724, 0.337,  85.289%
725, 0.333,  85.360%
726, 0.336,  85.093%
727, 0.339,  85.141%
728, 0.335,  85.293%
729, 0.335,  85.105%
730, 0.339,  85.040%
731, 0.337,  85.129%
732, 0.342,  84.990%
733, 0.336,  85.141%
734, 0.330,  85.646%
735, 0.337,  85.251%
736, 0.338,  85.127%
737, 0.333,  85.568%
738, 0.328,  85.640%
739, 0.332,  85.331%
740, 0.340,  84.869%
741, 0.340,  85.065%
742, 0.327,  85.711%
743, 0.332,  85.543%
744, 0.333,  85.261%
745, 0.340,  84.956%
746, 0.329,  85.560%
747, 0.336,  85.317%
748, 0.340,  85.038%
749, 0.322,  86.053%
750, 0.337,  85.051%
751, 0.325,  85.921%
752, 0.327,  85.580%
753, 0.343,  84.933%
754, 0.341,  85.038%
755, 0.345,  84.814%
756, 0.328,  85.632%
757, 0.335,  85.218%
758, 0.335,  85.232%
759, 0.331,  85.511%
760, 0.330,  85.382%
761, 0.334,  85.386%
762, 0.341,  84.838%
763, 0.338,  85.030%
764, 0.332,  85.398%
765, 0.322,  86.166%
766, 0.337,  84.917%
767, 0.340,  84.954%
768, 0.331,  85.497%
769, 0.337,  85.242%
770, 0.334,  85.420%
771, 0.334,  85.392%
772, 0.334,  85.347%
773, 0.332,  85.556%
774, 0.330,  85.547%
775, 0.333,  85.440%
776, 0.332,  85.418%
777, 0.340,  85.036%
778, 0.338,  85.057%
779, 0.325,  85.806%
780, 0.337,  85.184%
781, 0.330,  85.614%
782, 0.331,  85.432%
783, 0.335,  85.455%
784, 0.331,  85.525%
785, 0.330,  85.556%
786, 0.333,  85.426%
787, 0.330,  85.436%
788, 0.331,  85.515%
789, 0.337,  85.208%
790, 0.342,  84.861%
791, 0.341,  84.945%
792, 0.331,  85.523%
793, 0.331,  85.475%
794, 0.340,  85.143%
795, 0.340,  85.036%
796, 0.338,  85.109%
797, 0.328,  85.653%
798, 0.334,  85.386%
799, 0.333,  85.299%
800, 0.338,  85.212%
801, 0.337,  85.168%
802, 0.333,  85.172%
803, 0.337,  85.214%
804, 0.321,  85.919%
805, 0.336,  85.135%
806, 0.337,  85.335%
807, 0.326,  85.776%
808, 0.343,  84.846%
809, 0.328,  85.622%
810, 0.337,  85.279%
811, 0.342,  84.941%
812, 0.338,  85.147%
813, 0.323,  86.176%
814, 0.333,  85.343%
815, 0.330,  85.378%
816, 0.345,  84.566%
817, 0.331,  85.376%
818, 0.335,  85.354%
819, 0.339,  85.014%
820, 0.340,  85.036%
821, 0.335,  85.428%
822, 0.337,  85.109%
823, 0.327,  85.689%
824, 0.321,  86.075%
825, 0.330,  85.586%
826, 0.330,  85.432%
827, 0.328,  85.596%
828, 0.325,  85.913%
829, 0.332,  85.442%
830, 0.338,  85.160%
831, 0.340,  85.055%
832, 0.331,  85.594%
833, 0.326,  85.768%
834, 0.334,  85.400%
835, 0.328,  85.614%
836, 0.328,  85.737%
837, 0.328,  85.651%
838, 0.330,  85.535%
839, 0.329,  85.515%
840, 0.329,  85.739%
841, 0.328,  85.620%
842, 0.329,  85.669%
843, 0.326,  85.576%
844, 0.335,  85.368%
845, 0.331,  85.440%
846, 0.330,  85.598%
847, 0.326,  85.717%
848, 0.326,  85.863%
849, 0.327,  85.768%
850, 0.334,  85.315%
851, 0.332,  85.325%
852, 0.327,  85.608%
853, 0.331,  85.539%
854, 0.330,  85.580%
855, 0.344,  84.810%
856, 0.337,  85.297%
857, 0.329,  85.434%
858, 0.332,  85.354%
859, 0.328,  85.523%
860, 0.332,  85.408%
861, 0.335,  85.188%
862, 0.325,  85.861%
863, 0.330,  85.481%
864, 0.339,  85.026%
865, 0.332,  85.327%
866, 0.336,  85.242%
867, 0.324,  85.907%
868, 0.327,  85.545%
869, 0.321,  85.907%
870, 0.329,  85.636%
871, 0.328,  85.707%
872, 0.335,  85.287%
873, 0.329,  85.642%
874, 0.332,  85.509%
875, 0.330,  85.402%
876, 0.336,  85.182%
877, 0.336,  85.234%
878, 0.329,  85.644%
879, 0.347,  84.651%
880, 0.329,  85.444%
881, 0.333,  85.261%
882, 0.323,  85.980%
883, 0.338,  85.131%
884, 0.332,  85.475%
885, 0.326,  85.586%
886, 0.337,  84.972%
887, 0.330,  85.515%
888, 0.323,  85.798%
889, 0.333,  85.368%
890, 0.323,  85.966%
891, 0.339,  85.073%
892, 0.338,  85.242%
893, 0.328,  85.762%
894, 0.337,  85.297%
895, 0.328,  85.517%
896, 0.335,  85.216%
897, 0.331,  85.497%
898, 0.327,  85.796%
899, 0.330,  85.723%
900, 0.330,  85.602%
901, 0.320,  86.135%
902, 0.331,  85.731%
903, 0.324,  85.855%
904, 0.333,  85.539%
905, 0.338,  85.200%
906, 0.330,  85.655%
907, 0.324,  85.842%
908, 0.330,  85.471%
909, 0.327,  85.552%
910, 0.333,  85.436%
911, 0.330,  85.707%
912, 0.327,  85.570%
913, 0.332,  85.457%
914, 0.329,  85.667%
915, 0.336,  85.192%
916, 0.334,  85.556%
917, 0.327,  85.685%
918, 0.337,  85.091%
919, 0.332,  85.382%
920, 0.331,  85.438%
921, 0.338,  84.986%
922, 0.331,  85.440%
923, 0.331,  85.420%
924, 0.332,  85.554%
925, 0.330,  85.556%
926, 0.331,  85.644%
927, 0.335,  85.372%
928, 0.323,  86.000%
929, 0.335,  85.345%
930, 0.328,  85.735%
931, 0.332,  85.352%
932, 0.319,  86.277%
933, 0.330,  85.582%
934, 0.332,  85.448%
935, 0.334,  85.184%
936, 0.329,  85.475%
937, 0.321,  85.840%
938, 0.325,  85.776%
939, 0.339,  84.873%
940, 0.328,  85.618%
941, 0.329,  85.590%
942, 0.330,  85.499%
943, 0.334,  85.224%
944, 0.331,  85.588%
945, 0.332,  85.319%
946, 0.336,  85.186%
947, 0.328,  85.792%
948, 0.337,  85.198%
949, 0.333,  85.307%
950, 0.332,  85.517%
951, 0.333,  85.453%
952, 0.333,  85.465%
953, 0.326,  85.525%
954, 0.329,  85.503%
955, 0.332,  85.240%
956, 0.337,  85.137%
957, 0.331,  85.608%
958, 0.328,  85.715%
959, 0.328,  85.747%
960, 0.339,  85.095%
961, 0.335,  85.297%
962, 0.321,  86.139%
963, 0.329,  85.527%
964, 0.330,  85.392%
965, 0.327,  85.820%
966, 0.333,  85.293%
967, 0.330,  85.529%
968, 0.326,  85.661%
969, 0.323,  85.917%
970, 0.321,  86.044%
971, 0.334,  85.119%
972, 0.320,  86.190%
973, 0.342,  84.879%
974, 0.334,  85.335%
975, 0.331,  85.529%
976, 0.331,  85.444%
977, 0.336,  85.152%
978, 0.345,  84.954%
979, 0.339,  85.143%
980, 0.323,  85.895%
981, 0.334,  85.291%
982, 0.331,  85.402%
983, 0.336,  85.044%
984, 0.338,  84.954%
985, 0.335,  85.283%
986, 0.342,  84.764%
987, 0.340,  85.051%
988, 0.330,  85.564%
989, 0.328,  85.604%
990, 0.328,  85.798%
991, 0.325,  85.917%
992, 0.329,  85.699%
993, 0.321,  85.933%
994, 0.331,  85.584%
995, 0.329,  85.491%
996, 0.330,  85.747%
997, 0.328,  85.636%
998, 0.332,  85.455%
999, 0.332,  85.527%
