Epoch, Loss, Acc
0, 0.745,  49.988%
1, 0.704,  52.271%
2, 0.694,  52.115%
3, 0.675,  55.865%
4, 0.672,  56.509%
5, 0.658,  59.465%
6, 0.642,  62.709%
7, 0.640,  62.604%
8, 0.632,  63.907%
9, 0.627,  64.554%
10, 0.617,  66.358%
11, 0.609,  67.002%
12, 0.603,  67.741%
13, 0.598,  68.046%
14, 0.596,  68.459%
15, 0.590,  68.790%
16, 0.583,  69.842%
17, 0.580,  69.667%
18, 0.575,  70.240%
19, 0.569,  70.802%
20, 0.567,  71.038%
21, 0.561,  71.368%
22, 0.554,  71.921%
23, 0.554,  72.343%
24, 0.545,  72.869%
25, 0.545,  72.810%
26, 0.538,  73.337%
27, 0.535,  73.691%
28, 0.530,  73.689%
29, 0.523,  74.372%
30, 0.523,  74.327%
31, 0.516,  75.067%
32, 0.515,  74.909%
33, 0.514,  74.968%
34, 0.505,  75.657%
35, 0.503,  75.812%
36, 0.501,  75.822%
37, 0.495,  76.440%
38, 0.493,  76.653%
39, 0.490,  76.729%
40, 0.486,  76.814%
41, 0.490,  76.574%
42, 0.484,  77.073%
43, 0.475,  77.774%
44, 0.480,  77.279%
45, 0.471,  77.834%
46, 0.470,  77.996%
47, 0.467,  78.026%
48, 0.468,  78.034%
49, 0.461,  78.497%
50, 0.459,  78.851%
51, 0.458,  78.683%
52, 0.454,  78.941%
53, 0.455,  78.749%
54, 0.456,  78.822%
55, 0.447,  79.705%
56, 0.447,  79.434%
57, 0.440,  79.881%
58, 0.443,  79.535%
59, 0.445,  79.465%
60, 0.435,  80.242%
61, 0.440,  79.721%
62, 0.437,  79.964%
63, 0.434,  80.121%
64, 0.441,  79.648%
65, 0.435,  80.032%
66, 0.430,  80.204%
67, 0.427,  80.558%
68, 0.429,  80.345%
69, 0.425,  80.695%
70, 0.427,  80.533%
71, 0.425,  80.535%
72, 0.412,  81.220%
73, 0.423,  80.754%
74, 0.419,  80.717%
75, 0.415,  81.048%
76, 0.423,  80.471%
77, 0.415,  80.863%
78, 0.411,  81.269%
79, 0.420,  80.679%
80, 0.414,  81.107%
81, 0.409,  81.402%
82, 0.406,  81.487%
83, 0.414,  81.152%
84, 0.412,  81.317%
85, 0.405,  81.713%
86, 0.415,  81.212%
87, 0.407,  81.337%
88, 0.407,  81.630%
89, 0.395,  82.069%
90, 0.414,  81.261%
91, 0.400,  81.968%
92, 0.404,  81.689%
93, 0.393,  82.319%
94, 0.404,  81.917%
95, 0.399,  82.127%
96, 0.400,  82.004%
97, 0.406,  81.651%
98, 0.398,  82.067%
99, 0.395,  82.208%
100, 0.402,  81.889%
101, 0.387,  82.731%
102, 0.390,  82.457%
103, 0.402,  81.705%
104, 0.399,  81.947%
105, 0.394,  82.455%
106, 0.391,  82.554%
107, 0.392,  82.307%
108, 0.395,  82.291%
109, 0.398,  81.842%
110, 0.384,  82.824%
111, 0.391,  82.446%
112, 0.396,  82.313%
113, 0.389,  82.648%
114, 0.386,  82.927%
115, 0.390,  82.588%
116, 0.390,  82.422%
117, 0.397,  82.053%
118, 0.388,  82.683%
119, 0.386,  82.737%
120, 0.382,  82.929%
121, 0.385,  82.788%
122, 0.379,  83.293%
123, 0.388,  82.634%
124, 0.378,  83.109%
125, 0.383,  82.937%
126, 0.393,  82.396%
127, 0.378,  83.026%
128, 0.379,  83.059%
129, 0.392,  82.386%
130, 0.380,  83.053%
131, 0.385,  82.737%
132, 0.386,  82.653%
133, 0.388,  82.537%
134, 0.388,  82.560%
135, 0.384,  82.782%
136, 0.389,  82.618%
137, 0.382,  82.925%
138, 0.387,  82.552%
139, 0.379,  83.097%
140, 0.379,  83.048%
141, 0.375,  83.347%
142, 0.376,  83.222%
143, 0.378,  83.099%
144, 0.378,  83.046%
145, 0.375,  83.107%
146, 0.380,  82.925%
147, 0.384,  82.737%
148, 0.376,  83.123%
149, 0.379,  83.038%
150, 0.378,  83.230%
151, 0.379,  82.915%
152, 0.366,  83.721%
153, 0.380,  82.978%
154, 0.378,  83.077%
155, 0.373,  83.358%
156, 0.385,  82.552%
157, 0.377,  83.438%
158, 0.374,  83.255%
159, 0.379,  83.053%
160, 0.373,  83.390%
161, 0.372,  83.463%
162, 0.379,  83.121%
163, 0.374,  83.341%
164, 0.371,  83.501%
165, 0.375,  83.131%
166, 0.372,  83.303%
167, 0.377,  83.188%
168, 0.372,  83.442%
169, 0.375,  83.164%
170, 0.369,  83.545%
171, 0.377,  83.220%
172, 0.368,  83.663%
173, 0.370,  83.659%
174, 0.378,  82.960%
175, 0.372,  83.176%
176, 0.373,  83.442%
177, 0.361,  84.097%
178, 0.363,  83.739%
179, 0.366,  83.477%
180, 0.363,  83.679%
181, 0.364,  83.697%
182, 0.363,  83.901%
183, 0.376,  82.865%
184, 0.372,  83.335%
185, 0.377,  83.079%
186, 0.361,  84.139%
187, 0.368,  83.594%
188, 0.377,  82.994%
189, 0.375,  83.341%
190, 0.372,  83.483%
191, 0.369,  83.525%
192, 0.364,  83.808%
193, 0.369,  83.638%
194, 0.377,  83.075%
195, 0.361,  84.145%
196, 0.371,  83.285%
197, 0.364,  83.865%
198, 0.369,  83.463%
199, 0.371,  83.467%
200, 0.364,  83.788%
201, 0.368,  83.697%
202, 0.367,  83.614%
203, 0.372,  83.497%
204, 0.369,  83.768%
205, 0.358,  84.206%
206, 0.355,  84.394%
207, 0.367,  83.741%
208, 0.365,  83.752%
209, 0.372,  83.315%
210, 0.367,  83.691%
211, 0.370,  83.507%
212, 0.368,  83.568%
213, 0.367,  83.628%
214, 0.368,  83.499%
215, 0.363,  83.832%
216, 0.368,  83.667%
217, 0.361,  83.887%
218, 0.365,  83.806%
219, 0.362,  83.972%
220, 0.361,  84.051%
221, 0.366,  83.535%
222, 0.365,  83.701%
223, 0.368,  83.511%
224, 0.373,  83.257%
225, 0.360,  83.976%
226, 0.361,  83.966%
227, 0.361,  83.834%
228, 0.358,  83.976%
229, 0.363,  84.002%
230, 0.370,  83.457%
231, 0.354,  84.048%
232, 0.374,  83.127%
233, 0.358,  84.307%
234, 0.361,  84.109%
235, 0.359,  83.952%
236, 0.367,  83.685%
237, 0.360,  84.016%
238, 0.379,  83.044%
239, 0.358,  84.111%
240, 0.367,  83.406%
241, 0.366,  83.792%
242, 0.355,  84.343%
243, 0.357,  84.234%
244, 0.375,  83.277%
245, 0.358,  84.145%
246, 0.356,  84.103%
247, 0.359,  83.962%
248, 0.364,  83.889%
249, 0.359,  84.101%
250, 0.362,  83.731%
251, 0.361,  83.877%
252, 0.364,  83.804%
253, 0.366,  83.709%
254, 0.359,  84.099%
255, 0.357,  84.283%
256, 0.368,  83.618%
257, 0.346,  84.723%
258, 0.365,  83.695%
259, 0.365,  83.703%
260, 0.363,  84.000%
261, 0.366,  83.644%
262, 0.353,  84.614%
263, 0.365,  83.669%
264, 0.360,  83.895%
265, 0.357,  84.133%
266, 0.368,  83.733%
267, 0.353,  84.440%
268, 0.365,  83.661%
269, 0.353,  84.541%
270, 0.358,  84.152%
271, 0.356,  84.246%
272, 0.360,  83.925%
273, 0.357,  84.024%
274, 0.352,  84.497%
275, 0.361,  84.061%
276, 0.357,  84.244%
277, 0.362,  83.794%
278, 0.361,  83.911%
279, 0.357,  84.055%
280, 0.357,  84.127%
281, 0.358,  84.200%
282, 0.361,  83.909%
283, 0.365,  83.756%
284, 0.357,  84.212%
285, 0.353,  84.568%
286, 0.352,  84.424%
287, 0.355,  84.269%
288, 0.354,  84.226%
289, 0.360,  84.071%
290, 0.359,  84.095%
291, 0.346,  84.970%
292, 0.362,  83.992%
293, 0.343,  84.941%
294, 0.362,  83.844%
295, 0.370,  83.527%
296, 0.359,  83.808%
297, 0.364,  83.737%
298, 0.352,  84.426%
299, 0.360,  84.158%
300, 0.355,  84.123%
301, 0.350,  84.640%
302, 0.349,  84.358%
303, 0.364,  83.893%
304, 0.354,  84.293%
305, 0.356,  84.212%
306, 0.347,  84.685%
307, 0.366,  83.669%
308, 0.348,  84.626%
309, 0.352,  84.358%
310, 0.350,  84.560%
311, 0.357,  84.036%
312, 0.356,  84.327%
313, 0.354,  84.475%
314, 0.355,  84.392%
315, 0.354,  84.364%
316, 0.349,  84.610%
317, 0.359,  83.984%
318, 0.350,  84.329%
319, 0.361,  83.956%
320, 0.361,  83.848%
321, 0.354,  84.378%
322, 0.352,  84.562%
323, 0.354,  84.238%
324, 0.353,  84.277%
325, 0.361,  83.996%
326, 0.354,  84.323%
327, 0.350,  84.471%
328, 0.359,  83.994%
329, 0.359,  83.909%
330, 0.352,  84.438%
331, 0.353,  84.374%
332, 0.358,  84.129%
333, 0.350,  84.624%
334, 0.364,  83.762%
335, 0.361,  83.913%
336, 0.356,  84.093%
337, 0.352,  84.457%
338, 0.352,  84.333%
339, 0.347,  84.820%
340, 0.354,  84.446%
341, 0.343,  84.897%
342, 0.348,  84.747%
343, 0.351,  84.624%
344, 0.355,  84.404%
345, 0.351,  84.323%
346, 0.354,  84.327%
347, 0.336,  85.337%
348, 0.347,  84.909%
349, 0.352,  84.418%
350, 0.360,  83.964%
351, 0.351,  84.422%
352, 0.356,  84.105%
353, 0.359,  84.147%
354, 0.354,  84.194%
355, 0.348,  84.741%
356, 0.355,  84.004%
357, 0.356,  84.147%
358, 0.357,  84.212%
359, 0.347,  84.701%
360, 0.351,  84.366%
361, 0.354,  84.465%
362, 0.344,  84.998%
363, 0.349,  84.560%
364, 0.351,  84.533%
365, 0.352,  84.459%
366, 0.349,  84.616%
367, 0.350,  84.446%
368, 0.362,  83.844%
369, 0.348,  84.618%
370, 0.350,  84.679%
371, 0.345,  85.073%
372, 0.347,  84.640%
373, 0.348,  84.766%
374, 0.348,  84.764%
375, 0.354,  84.319%
376, 0.359,  83.917%
377, 0.360,  84.083%
378, 0.356,  84.343%
379, 0.355,  84.263%
380, 0.352,  84.471%
381, 0.351,  84.562%
382, 0.367,  83.434%
383, 0.348,  84.741%
384, 0.351,  84.368%
385, 0.352,  84.481%
386, 0.350,  84.820%
387, 0.349,  84.816%
388, 0.363,  83.768%
389, 0.343,  84.867%
390, 0.355,  84.174%
391, 0.348,  84.628%
392, 0.352,  84.515%
393, 0.342,  85.014%
394, 0.351,  84.426%
395, 0.345,  84.939%
396, 0.366,  83.576%
397, 0.338,  85.093%
398, 0.350,  84.798%
399, 0.357,  84.024%
400, 0.347,  84.695%
401, 0.350,  84.628%
402, 0.337,  85.376%
403, 0.344,  84.844%
404, 0.352,  84.560%
405, 0.345,  84.836%
406, 0.351,  84.505%
407, 0.353,  84.483%
408, 0.345,  84.661%
409, 0.358,  84.016%
410, 0.352,  84.602%
411, 0.349,  84.604%
412, 0.347,  84.552%
413, 0.348,  84.729%
414, 0.350,  84.533%
415, 0.350,  84.432%
416, 0.349,  84.584%
417, 0.350,  84.485%
418, 0.350,  84.677%
419, 0.357,  84.309%
420, 0.349,  84.719%
421, 0.351,  84.523%
422, 0.356,  84.133%
423, 0.346,  84.624%
424, 0.351,  84.507%
425, 0.353,  84.451%
426, 0.346,  84.584%
427, 0.351,  84.578%
428, 0.345,  84.810%
429, 0.339,  85.170%
430, 0.352,  84.273%
431, 0.346,  84.549%
432, 0.354,  84.202%
433, 0.357,  84.232%
434, 0.348,  84.780%
435, 0.345,  84.840%
436, 0.351,  84.461%
437, 0.359,  84.061%
438, 0.354,  84.418%
439, 0.350,  84.598%
440, 0.347,  84.628%
441, 0.346,  84.903%
442, 0.352,  84.226%
443, 0.341,  85.133%
444, 0.345,  84.869%
445, 0.349,  84.576%
446, 0.343,  84.935%
447, 0.344,  84.931%
448, 0.344,  84.986%
449, 0.347,  84.616%
450, 0.352,  84.505%
451, 0.351,  84.578%
452, 0.337,  85.125%
453, 0.342,  85.020%
454, 0.334,  85.453%
455, 0.347,  84.893%
456, 0.346,  84.887%
457, 0.345,  84.889%
458, 0.355,  84.275%
459, 0.344,  84.790%
460, 0.353,  84.301%
461, 0.352,  84.251%
462, 0.347,  84.820%
463, 0.351,  84.537%
464, 0.342,  84.893%
465, 0.345,  84.737%
466, 0.346,  84.879%
467, 0.344,  85.002%
468, 0.356,  84.176%
469, 0.350,  84.426%
470, 0.346,  84.800%
471, 0.345,  84.873%
472, 0.344,  84.679%
473, 0.339,  84.994%
474, 0.349,  84.467%
475, 0.340,  84.859%
476, 0.346,  84.707%
477, 0.350,  84.562%
478, 0.350,  84.604%
479, 0.344,  84.889%
480, 0.348,  84.467%
481, 0.342,  84.998%
482, 0.347,  84.632%
483, 0.337,  85.335%
484, 0.360,  83.941%
485, 0.342,  84.921%
486, 0.342,  84.929%
487, 0.341,  84.939%
488, 0.345,  84.863%
489, 0.349,  84.614%
490, 0.348,  84.604%
491, 0.350,  84.442%
492, 0.342,  84.846%
493, 0.340,  84.952%
494, 0.352,  84.533%
495, 0.342,  84.832%
496, 0.339,  84.871%
497, 0.354,  84.273%
498, 0.350,  84.448%
499, 0.336,  85.255%
500, 0.353,  84.180%
501, 0.337,  85.200%
502, 0.350,  84.527%
503, 0.341,  84.897%
504, 0.339,  85.095%
505, 0.344,  84.836%
506, 0.342,  85.214%
507, 0.343,  84.925%
508, 0.347,  84.780%
509, 0.343,  84.962%
510, 0.343,  84.947%
511, 0.341,  84.921%
512, 0.341,  85.141%
513, 0.340,  84.897%
514, 0.334,  85.285%
515, 0.348,  84.602%
516, 0.337,  85.188%
517, 0.344,  84.691%
518, 0.343,  84.711%
519, 0.334,  85.349%
520, 0.342,  84.873%
521, 0.339,  85.022%
522, 0.340,  85.323%
523, 0.345,  84.774%
524, 0.343,  84.937%
525, 0.347,  84.590%
526, 0.344,  85.053%
527, 0.349,  84.562%
528, 0.344,  84.780%
529, 0.343,  84.594%
530, 0.345,  84.899%
531, 0.346,  84.653%
532, 0.342,  84.913%
533, 0.338,  85.265%
534, 0.343,  84.830%
535, 0.337,  85.083%
536, 0.340,  85.014%
537, 0.348,  84.519%
538, 0.348,  84.693%
539, 0.350,  84.491%
540, 0.336,  85.238%
541, 0.339,  85.073%
542, 0.342,  84.990%
543, 0.340,  84.970%
544, 0.343,  84.729%
545, 0.359,  84.143%
546, 0.342,  84.794%
547, 0.348,  84.574%
548, 0.343,  84.828%
549, 0.343,  84.893%
550, 0.347,  84.731%
551, 0.338,  85.101%
552, 0.342,  84.952%
553, 0.345,  84.679%
554, 0.334,  85.333%
555, 0.338,  85.067%
556, 0.337,  85.273%
557, 0.341,  84.923%
558, 0.343,  84.873%
559, 0.344,  84.731%
560, 0.337,  85.174%
561, 0.340,  85.123%
562, 0.345,  84.699%
563, 0.339,  85.147%
564, 0.354,  84.261%
565, 0.337,  85.053%
566, 0.348,  84.606%
567, 0.341,  84.857%
568, 0.343,  84.990%
569, 0.335,  85.295%
570, 0.338,  85.044%
571, 0.344,  84.707%
572, 0.338,  85.111%
573, 0.340,  85.087%
574, 0.352,  84.339%
575, 0.338,  85.184%
576, 0.335,  85.236%
577, 0.343,  84.964%
578, 0.343,  84.786%
579, 0.345,  84.830%
580, 0.337,  85.154%
581, 0.344,  84.762%
582, 0.341,  85.055%
583, 0.349,  84.590%
584, 0.343,  84.903%
585, 0.335,  85.263%
586, 0.335,  85.319%
587, 0.341,  85.190%
588, 0.339,  84.935%
589, 0.345,  84.826%
590, 0.335,  85.216%
591, 0.341,  84.976%
592, 0.335,  85.271%
593, 0.339,  85.202%
594, 0.342,  84.998%
595, 0.351,  84.356%
596, 0.336,  85.216%
597, 0.339,  85.111%
598, 0.339,  85.158%
599, 0.344,  84.782%
600, 0.344,  84.770%
601, 0.336,  85.279%
602, 0.341,  84.954%
603, 0.327,  85.784%
604, 0.337,  85.289%
605, 0.347,  84.735%
606, 0.339,  85.301%
607, 0.348,  84.669%
608, 0.338,  85.135%
609, 0.346,  84.887%
610, 0.339,  85.046%
611, 0.332,  85.580%
612, 0.335,  85.370%
613, 0.336,  85.105%
614, 0.330,  85.642%
615, 0.339,  85.000%
616, 0.340,  85.010%
617, 0.335,  85.283%
618, 0.338,  85.238%
619, 0.344,  84.846%
620, 0.337,  85.236%
621, 0.343,  84.709%
622, 0.343,  84.842%
623, 0.344,  84.958%
624, 0.340,  85.085%
625, 0.337,  85.236%
626, 0.332,  85.428%
627, 0.342,  84.887%
628, 0.339,  85.087%
629, 0.336,  85.422%
630, 0.334,  85.436%
631, 0.343,  84.705%
632, 0.336,  85.079%
633, 0.335,  85.109%
634, 0.336,  85.352%
635, 0.335,  85.275%
636, 0.351,  84.299%
637, 0.336,  85.143%
638, 0.346,  84.616%
639, 0.344,  84.758%
640, 0.356,  83.988%
641, 0.342,  85.004%
642, 0.337,  85.178%
643, 0.341,  85.055%
644, 0.341,  85.010%
645, 0.337,  85.214%
646, 0.341,  85.059%
647, 0.335,  85.285%
648, 0.337,  85.168%
649, 0.348,  84.523%
650, 0.345,  84.681%
651, 0.335,  85.281%
652, 0.340,  85.071%
653, 0.347,  84.562%
654, 0.341,  85.109%
655, 0.337,  85.246%
656, 0.341,  84.919%
657, 0.336,  85.129%
658, 0.337,  85.139%
659, 0.343,  84.935%
660, 0.340,  85.085%
661, 0.332,  85.519%
662, 0.343,  84.893%
663, 0.340,  84.891%
664, 0.334,  85.325%
665, 0.336,  85.295%
666, 0.344,  84.717%
667, 0.341,  84.970%
668, 0.349,  84.400%
669, 0.336,  85.261%
670, 0.341,  84.998%
671, 0.334,  85.303%
672, 0.342,  84.937%
673, 0.339,  85.103%
674, 0.338,  84.986%
675, 0.335,  85.366%
676, 0.335,  85.333%
677, 0.343,  84.836%
678, 0.335,  85.216%
679, 0.339,  85.152%
680, 0.337,  85.081%
681, 0.345,  84.727%
682, 0.331,  85.370%
683, 0.341,  84.877%
684, 0.342,  84.923%
685, 0.332,  85.358%
686, 0.336,  85.222%
687, 0.337,  85.160%
688, 0.335,  85.220%
689, 0.336,  85.230%
690, 0.340,  85.166%
691, 0.338,  85.176%
692, 0.334,  85.137%
693, 0.334,  85.404%
694, 0.340,  85.137%
695, 0.338,  85.067%
696, 0.332,  85.438%
697, 0.340,  84.964%
698, 0.334,  85.497%
699, 0.332,  85.428%
700, 0.343,  84.802%
701, 0.332,  85.285%
702, 0.337,  85.253%
703, 0.333,  85.386%
704, 0.335,  85.283%
705, 0.343,  84.853%
706, 0.334,  85.448%
707, 0.335,  85.477%
708, 0.335,  85.190%
709, 0.332,  85.440%
710, 0.340,  85.170%
711, 0.330,  85.675%
712, 0.333,  85.469%
713, 0.335,  85.208%
714, 0.341,  84.834%
715, 0.343,  84.830%
716, 0.328,  85.838%
717, 0.325,  85.772%
718, 0.338,  85.053%
719, 0.334,  85.469%
720, 0.340,  84.962%
721, 0.345,  84.717%
722, 0.337,  85.424%
723, 0.348,  84.535%
724, 0.339,  85.166%
725, 0.345,  84.810%
726, 0.336,  85.186%
727, 0.339,  84.986%
728, 0.336,  85.253%
729, 0.340,  85.012%
730, 0.325,  85.820%
731, 0.335,  85.337%
732, 0.334,  85.352%
733, 0.338,  85.303%
734, 0.341,  84.853%
735, 0.333,  85.192%
736, 0.339,  85.214%
737, 0.334,  85.166%
738, 0.350,  84.560%
739, 0.340,  84.935%
740, 0.336,  85.257%
741, 0.337,  85.145%
742, 0.335,  85.335%
743, 0.343,  85.137%
744, 0.341,  84.962%
745, 0.335,  85.267%
746, 0.338,  85.002%
747, 0.341,  84.956%
748, 0.341,  85.012%
749, 0.345,  84.901%
750, 0.344,  84.778%
751, 0.333,  85.416%
752, 0.341,  85.048%
753, 0.329,  85.689%
754, 0.335,  85.259%
755, 0.342,  84.822%
756, 0.337,  85.315%
757, 0.337,  85.453%
758, 0.342,  84.952%
759, 0.339,  84.949%
760, 0.335,  85.317%
761, 0.332,  85.303%
762, 0.342,  84.931%
763, 0.341,  84.947%
764, 0.344,  84.853%
765, 0.340,  85.121%
766, 0.334,  85.200%
767, 0.328,  85.741%
768, 0.339,  84.851%
769, 0.340,  84.913%
770, 0.340,  84.952%
771, 0.331,  85.683%
772, 0.341,  84.949%
773, 0.333,  85.402%
774, 0.331,  85.446%
775, 0.346,  84.836%
776, 0.337,  85.263%
777, 0.330,  85.618%
778, 0.332,  85.588%
779, 0.331,  85.507%
780, 0.337,  85.222%
781, 0.320,  86.075%
782, 0.338,  85.051%
783, 0.334,  85.337%
784, 0.331,  85.521%
785, 0.335,  85.519%
786, 0.338,  85.182%
787, 0.327,  85.745%
788, 0.339,  85.073%
789, 0.324,  85.937%
790, 0.341,  85.057%
791, 0.340,  84.980%
792, 0.342,  84.952%
793, 0.334,  85.398%
794, 0.335,  85.174%
795, 0.333,  85.234%
796, 0.338,  85.018%
797, 0.337,  85.166%
798, 0.342,  84.958%
799, 0.346,  84.632%
800, 0.346,  84.758%
801, 0.332,  85.384%
802, 0.335,  85.442%
803, 0.329,  85.648%
804, 0.336,  85.141%
805, 0.331,  85.527%
806, 0.328,  85.681%
807, 0.338,  85.123%
808, 0.341,  84.937%
809, 0.332,  85.376%
810, 0.330,  85.547%
811, 0.341,  85.063%
812, 0.339,  85.014%
813, 0.332,  85.396%
814, 0.333,  85.343%
815, 0.329,  85.717%
816, 0.342,  84.879%
817, 0.340,  85.040%
818, 0.338,  85.172%
819, 0.341,  84.927%
820, 0.339,  85.174%
821, 0.332,  85.461%
822, 0.332,  85.285%
823, 0.333,  85.416%
824, 0.337,  85.101%
825, 0.333,  85.331%
826, 0.338,  85.194%
827, 0.328,  85.448%
828, 0.329,  85.675%
829, 0.326,  85.832%
830, 0.339,  85.093%
831, 0.336,  85.154%
832, 0.334,  85.471%
833, 0.336,  85.273%
834, 0.342,  84.889%
835, 0.340,  84.964%
836, 0.325,  85.628%
837, 0.340,  85.063%
838, 0.330,  85.396%
839, 0.339,  85.105%
840, 0.337,  85.198%
841, 0.333,  85.119%
842, 0.329,  85.715%
843, 0.341,  84.990%
844, 0.345,  84.762%
845, 0.325,  85.844%
846, 0.327,  85.644%
847, 0.341,  85.071%
848, 0.336,  85.238%
849, 0.331,  85.477%
850, 0.337,  85.226%
851, 0.332,  85.408%
852, 0.335,  85.242%
853, 0.322,  85.834%
854, 0.330,  85.543%
855, 0.330,  85.606%
856, 0.337,  85.125%
857, 0.337,  85.028%
858, 0.341,  85.006%
859, 0.340,  84.992%
860, 0.343,  84.962%
861, 0.334,  85.305%
862, 0.335,  85.253%
863, 0.342,  84.788%
864, 0.324,  85.705%
865, 0.335,  85.253%
866, 0.336,  85.329%
867, 0.340,  85.129%
868, 0.330,  85.655%
869, 0.327,  85.543%
870, 0.333,  85.448%
871, 0.332,  85.663%
872, 0.326,  85.754%
873, 0.329,  85.552%
874, 0.339,  85.119%
875, 0.341,  84.778%
876, 0.334,  85.333%
877, 0.335,  85.200%
878, 0.339,  85.044%
879, 0.325,  85.758%
880, 0.327,  85.851%
881, 0.343,  84.980%
882, 0.334,  85.269%
883, 0.331,  85.596%
884, 0.332,  85.388%
885, 0.335,  85.133%
886, 0.339,  84.784%
887, 0.340,  84.879%
888, 0.335,  85.160%
889, 0.326,  85.764%
890, 0.345,  84.776%
891, 0.333,  85.240%
892, 0.321,  86.101%
893, 0.337,  85.178%
894, 0.342,  84.964%
895, 0.341,  84.887%
896, 0.337,  85.040%
897, 0.333,  85.509%
898, 0.333,  85.376%
899, 0.341,  84.972%
900, 0.333,  85.289%
901, 0.334,  85.382%
902, 0.336,  85.198%
903, 0.332,  85.331%
904, 0.333,  85.459%
905, 0.337,  85.077%
906, 0.335,  85.158%
907, 0.336,  85.158%
908, 0.323,  85.927%
909, 0.335,  85.275%
910, 0.337,  85.053%
911, 0.325,  85.853%
912, 0.338,  84.915%
913, 0.348,  84.570%
914, 0.335,  85.285%
915, 0.338,  85.301%
916, 0.331,  85.493%
917, 0.327,  85.723%
918, 0.328,  85.598%
919, 0.337,  85.180%
920, 0.334,  85.354%
921, 0.341,  84.901%
922, 0.331,  85.513%
923, 0.329,  85.531%
924, 0.334,  85.408%
925, 0.333,  85.552%
926, 0.332,  85.533%
927, 0.335,  85.448%
928, 0.339,  84.935%
929, 0.329,  85.752%
930, 0.336,  85.180%
931, 0.336,  85.083%
932, 0.339,  85.101%
933, 0.327,  85.699%
934, 0.322,  85.840%
935, 0.334,  85.503%
936, 0.341,  85.081%
937, 0.321,  85.830%
938, 0.336,  85.275%
939, 0.332,  85.699%
940, 0.340,  84.970%
941, 0.335,  85.188%
942, 0.339,  84.917%
943, 0.337,  85.119%
944, 0.339,  85.012%
945, 0.329,  85.717%
946, 0.328,  85.828%
947, 0.338,  85.012%
948, 0.337,  85.388%
949, 0.334,  85.283%
950, 0.328,  85.600%
951, 0.333,  85.156%
952, 0.329,  85.610%
953, 0.327,  85.762%
954, 0.333,  85.388%
955, 0.338,  85.141%
956, 0.330,  85.622%
957, 0.336,  85.182%
958, 0.335,  85.337%
959, 0.329,  85.705%
960, 0.343,  84.861%
961, 0.323,  85.871%
962, 0.329,  85.562%
963, 0.332,  85.325%
964, 0.329,  85.459%
965, 0.338,  85.232%
966, 0.334,  85.238%
967, 0.333,  85.428%
968, 0.335,  85.426%
969, 0.330,  85.489%
970, 0.331,  85.515%
971, 0.334,  85.406%
972, 0.336,  85.192%
973, 0.337,  85.372%
974, 0.330,  85.535%
975, 0.330,  85.697%
976, 0.328,  85.723%
977, 0.331,  85.527%
978, 0.340,  84.974%
979, 0.335,  85.236%
980, 0.323,  85.891%
981, 0.327,  85.921%
982, 0.330,  85.507%
983, 0.333,  85.404%
984, 0.330,  85.386%
985, 0.329,  85.697%
986, 0.341,  85.095%
987, 0.334,  85.265%
988, 0.324,  85.905%
989, 0.345,  84.646%
990, 0.334,  85.345%
991, 0.337,  85.160%
992, 0.337,  85.123%
993, 0.326,  85.935%
994, 0.342,  84.877%
995, 0.326,  85.857%
996, 0.322,  86.030%
997, 0.331,  85.537%
998, 0.343,  84.745%
999, 0.337,  85.079%
