Epoch, Loss, Acc
0, 0.686,  54.101%
1, 0.668,  58.246%
2, 0.657,  59.927%
3, 0.648,  61.691%
4, 0.640,  63.162%
5, 0.633,  64.046%
6, 0.629,  64.521%
7, 0.618,  65.887%
8, 0.611,  66.786%
9, 0.607,  66.715%
10, 0.603,  67.079%
11, 0.598,  67.584%
12, 0.593,  68.560%
13, 0.587,  69.360%
14, 0.582,  69.107%
15, 0.576,  69.907%
16, 0.572,  70.451%
17, 0.569,  70.485%
18, 0.564,  71.404%
19, 0.560,  71.364%
20, 0.558,  71.503%
21, 0.549,  72.406%
22, 0.547,  72.893%
23, 0.544,  73.123%
24, 0.539,  73.410%
25, 0.534,  73.362%
26, 0.531,  73.893%
27, 0.528,  73.844%
28, 0.521,  74.646%
29, 0.521,  74.525%
30, 0.516,  74.913%
31, 0.515,  75.160%
32, 0.513,  75.234%
33, 0.504,  75.960%
34, 0.503,  75.687%
35, 0.499,  76.190%
36, 0.497,  76.036%
37, 0.491,  76.804%
38, 0.499,  75.840%
39, 0.487,  77.212%
40, 0.483,  77.000%
41, 0.486,  76.863%
42, 0.481,  77.343%
43, 0.482,  77.160%
44, 0.473,  77.913%
45, 0.475,  77.517%
46, 0.475,  77.840%
47, 0.472,  77.885%
48, 0.465,  78.509%
49, 0.467,  78.194%
50, 0.455,  79.040%
51, 0.466,  77.956%
52, 0.457,  78.978%
53, 0.451,  79.194%
54, 0.453,  79.048%
55, 0.447,  79.576%
56, 0.451,  79.283%
57, 0.445,  79.659%
58, 0.449,  79.053%
59, 0.450,  79.123%
60, 0.444,  79.646%
61, 0.452,  79.032%
62, 0.438,  79.828%
63, 0.442,  79.618%
64, 0.437,  79.848%
65, 0.433,  80.121%
66, 0.437,  80.099%
67, 0.432,  80.333%
68, 0.433,  79.968%
69, 0.431,  80.362%
70, 0.427,  80.560%
71, 0.429,  80.531%
72, 0.431,  80.236%
73, 0.431,  80.251%
74, 0.425,  80.762%
75, 0.425,  80.525%
76, 0.421,  80.988%
77, 0.425,  80.430%
78, 0.416,  81.095%
79, 0.419,  80.899%
80, 0.422,  80.725%
81, 0.416,  81.147%
82, 0.419,  80.909%
83, 0.416,  80.915%
84, 0.420,  80.715%
85, 0.406,  81.851%
86, 0.415,  81.137%
87, 0.405,  81.863%
88, 0.401,  82.107%
89, 0.402,  81.921%
90, 0.411,  81.202%
91, 0.407,  81.499%
92, 0.408,  81.218%
93, 0.402,  81.899%
94, 0.403,  81.667%
95, 0.401,  82.164%
96, 0.406,  81.685%
97, 0.409,  81.487%
98, 0.393,  82.293%
99, 0.401,  81.855%
100, 0.398,  82.164%
101, 0.393,  82.455%
102, 0.406,  81.515%
103, 0.393,  82.210%
104, 0.392,  82.489%
105, 0.393,  82.370%
106, 0.394,  82.477%
107, 0.397,  82.127%
108, 0.398,  81.980%
109, 0.395,  82.180%
110, 0.396,  82.166%
111, 0.396,  82.321%
112, 0.399,  81.905%
113, 0.387,  82.731%
114, 0.391,  82.531%
115, 0.392,  82.362%
116, 0.395,  82.263%
117, 0.388,  82.349%
118, 0.384,  83.014%
119, 0.393,  82.376%
120, 0.395,  82.343%
121, 0.385,  82.620%
122, 0.388,  82.370%
123, 0.389,  82.572%
124, 0.382,  83.044%
125, 0.385,  82.836%
126, 0.389,  82.388%
127, 0.387,  82.697%
128, 0.377,  83.206%
129, 0.383,  82.885%
130, 0.378,  83.273%
131, 0.390,  82.273%
132, 0.392,  82.059%
133, 0.380,  83.038%
134, 0.376,  83.212%
135, 0.376,  83.036%
136, 0.388,  82.681%
137, 0.389,  82.543%
138, 0.368,  83.889%
139, 0.383,  82.893%
140, 0.391,  82.339%
141, 0.385,  82.760%
142, 0.376,  83.453%
143, 0.382,  82.846%
144, 0.368,  83.743%
145, 0.374,  83.406%
146, 0.368,  83.653%
147, 0.380,  83.069%
148, 0.380,  83.034%
149, 0.382,  82.808%
150, 0.379,  83.055%
151, 0.386,  82.828%
152, 0.368,  83.812%
153, 0.370,  83.491%
154, 0.377,  83.087%
155, 0.378,  83.038%
156, 0.368,  83.438%
157, 0.372,  83.414%
158, 0.369,  83.717%
159, 0.378,  83.097%
160, 0.373,  83.354%
161, 0.386,  82.651%
162, 0.382,  82.762%
163, 0.364,  83.808%
164, 0.368,  83.580%
165, 0.371,  83.624%
166, 0.382,  82.836%
167, 0.376,  83.362%
168, 0.375,  83.162%
169, 0.370,  83.414%
170, 0.381,  83.061%
171, 0.372,  83.444%
172, 0.371,  83.455%
173, 0.378,  83.085%
174, 0.363,  83.851%
175, 0.366,  83.602%
176, 0.369,  83.578%
177, 0.380,  82.826%
178, 0.377,  83.014%
179, 0.376,  83.190%
180, 0.366,  83.691%
181, 0.379,  82.968%
182, 0.366,  83.768%
183, 0.364,  83.891%
184, 0.368,  83.703%
185, 0.373,  83.192%
186, 0.373,  83.473%
187, 0.364,  83.780%
188, 0.378,  83.168%
189, 0.368,  83.598%
190, 0.364,  84.018%
191, 0.367,  83.630%
192, 0.370,  83.513%
193, 0.369,  83.497%
194, 0.365,  83.873%
195, 0.360,  84.097%
196, 0.368,  83.388%
197, 0.367,  83.578%
198, 0.363,  83.810%
199, 0.371,  83.400%
200, 0.379,  82.990%
201, 0.364,  83.818%
202, 0.366,  83.669%
203, 0.363,  84.135%
204, 0.371,  83.392%
205, 0.359,  84.147%
206, 0.361,  83.966%
207, 0.375,  83.329%
208, 0.370,  83.495%
209, 0.368,  83.535%
210, 0.365,  83.875%
211, 0.356,  84.319%
212, 0.354,  84.428%
213, 0.362,  83.990%
214, 0.359,  84.103%
215, 0.366,  83.655%
216, 0.373,  83.147%
217, 0.364,  83.832%
218, 0.363,  84.073%
219, 0.357,  84.301%
220, 0.358,  84.117%
221, 0.365,  83.683%
222, 0.355,  84.297%
223, 0.367,  83.762%
224, 0.358,  84.347%
225, 0.363,  84.042%
226, 0.361,  83.976%
227, 0.357,  84.329%
228, 0.358,  84.127%
229, 0.369,  83.646%
230, 0.363,  83.949%
231, 0.366,  83.535%
232, 0.358,  84.208%
233, 0.354,  84.378%
234, 0.365,  83.626%
235, 0.354,  84.331%
236, 0.362,  83.661%
237, 0.350,  84.725%
238, 0.356,  84.297%
239, 0.359,  84.178%
240, 0.356,  84.218%
241, 0.360,  84.081%
242, 0.365,  83.741%
243, 0.364,  83.766%
244, 0.365,  83.580%
245, 0.357,  84.305%
246, 0.359,  84.020%
247, 0.368,  83.543%
248, 0.358,  83.911%
249, 0.370,  83.576%
250, 0.364,  83.552%
251, 0.362,  83.848%
252, 0.356,  84.364%
253, 0.355,  84.325%
254, 0.363,  83.863%
255, 0.354,  84.414%
256, 0.359,  84.111%
257, 0.361,  83.863%
258, 0.365,  83.651%
259, 0.352,  84.329%
260, 0.357,  84.220%
261, 0.364,  83.543%
262, 0.366,  83.653%
263, 0.360,  83.949%
264, 0.358,  84.081%
265, 0.357,  84.170%
266, 0.351,  84.473%
267, 0.360,  84.071%
268, 0.362,  83.792%
269, 0.358,  84.048%
270, 0.357,  84.166%
271, 0.362,  83.911%
272, 0.355,  84.339%
273, 0.354,  84.220%
274, 0.352,  84.380%
275, 0.357,  84.220%
276, 0.360,  83.859%
277, 0.350,  84.628%
278, 0.363,  83.762%
279, 0.355,  84.275%
280, 0.351,  84.378%
281, 0.351,  84.602%
282, 0.360,  83.986%
283, 0.359,  84.107%
284, 0.360,  84.040%
285, 0.361,  83.945%
286, 0.351,  84.410%
287, 0.361,  83.814%
288, 0.357,  84.271%
289, 0.357,  84.172%
290, 0.354,  84.465%
291, 0.355,  84.307%
292, 0.354,  84.349%
293, 0.358,  84.174%
294, 0.356,  84.053%
295, 0.356,  84.030%
296, 0.354,  84.448%
297, 0.365,  83.871%
298, 0.347,  84.883%
299, 0.350,  84.586%
300, 0.344,  84.810%
301, 0.346,  84.877%
302, 0.353,  84.576%
303, 0.361,  83.846%
304, 0.341,  85.178%
305, 0.351,  84.412%
306, 0.352,  84.335%
307, 0.348,  84.632%
308, 0.353,  84.305%
309, 0.360,  84.028%
310, 0.354,  84.323%
311, 0.345,  84.830%
312, 0.355,  84.311%
313, 0.356,  84.168%
314, 0.353,  84.467%
315, 0.354,  84.297%
316, 0.353,  84.289%
317, 0.350,  84.616%
318, 0.362,  83.776%
319, 0.342,  85.032%
320, 0.357,  84.198%
321, 0.360,  84.032%
322, 0.350,  84.501%
323, 0.363,  83.800%
324, 0.345,  84.883%
325, 0.343,  84.903%
326, 0.354,  84.325%
327, 0.341,  85.075%
328, 0.350,  84.586%
329, 0.347,  84.671%
330, 0.352,  84.382%
331, 0.349,  84.533%
332, 0.354,  84.331%
333, 0.355,  84.147%
334, 0.345,  84.941%
335, 0.360,  83.982%
336, 0.343,  84.893%
337, 0.356,  84.166%
338, 0.342,  84.974%
339, 0.353,  84.372%
340, 0.341,  85.089%
341, 0.352,  84.527%
342, 0.355,  84.319%
343, 0.357,  84.412%
344, 0.355,  84.321%
345, 0.352,  84.319%
346, 0.346,  84.717%
347, 0.356,  84.085%
348, 0.348,  84.545%
349, 0.349,  84.440%
350, 0.352,  84.608%
351, 0.346,  84.806%
352, 0.359,  83.949%
353, 0.353,  84.372%
354, 0.363,  83.816%
355, 0.350,  84.606%
356, 0.355,  84.343%
357, 0.354,  84.337%
358, 0.347,  84.790%
359, 0.357,  84.129%
360, 0.343,  85.079%
361, 0.345,  84.911%
362, 0.348,  84.644%
363, 0.349,  84.584%
364, 0.350,  84.580%
365, 0.363,  83.648%
366, 0.349,  84.436%
367, 0.349,  84.525%
368, 0.350,  84.469%
369, 0.348,  84.735%
370, 0.343,  84.871%
371, 0.353,  84.261%
372, 0.358,  84.069%
373, 0.344,  84.881%
374, 0.343,  84.935%
375, 0.344,  85.071%
376, 0.345,  84.727%
377, 0.344,  84.956%
378, 0.346,  84.671%
379, 0.353,  84.448%
380, 0.345,  84.925%
381, 0.345,  84.903%
382, 0.353,  84.339%
383, 0.341,  85.103%
384, 0.335,  85.347%
385, 0.353,  84.390%
386, 0.349,  84.659%
387, 0.344,  84.812%
388, 0.347,  84.596%
389, 0.345,  84.869%
390, 0.344,  84.814%
391, 0.346,  84.675%
392, 0.342,  84.974%
393, 0.345,  84.521%
394, 0.360,  84.121%
395, 0.342,  84.935%
396, 0.339,  85.253%
397, 0.345,  84.873%
398, 0.349,  84.604%
399, 0.338,  85.301%
400, 0.341,  84.905%
401, 0.338,  85.188%
402, 0.356,  84.194%
403, 0.341,  85.184%
404, 0.345,  84.861%
405, 0.343,  84.972%
406, 0.346,  84.832%
407, 0.344,  84.826%
408, 0.354,  84.335%
409, 0.339,  85.170%
410, 0.345,  85.046%
411, 0.342,  84.893%
412, 0.344,  84.830%
413, 0.345,  84.545%
414, 0.351,  84.475%
415, 0.352,  84.370%
416, 0.337,  85.265%
417, 0.349,  84.608%
418, 0.342,  85.085%
419, 0.343,  84.939%
420, 0.348,  84.630%
421, 0.346,  84.681%
422, 0.339,  85.042%
423, 0.342,  85.016%
424, 0.343,  84.853%
425, 0.350,  84.612%
426, 0.341,  85.178%
427, 0.343,  85.008%
428, 0.348,  84.659%
429, 0.341,  85.117%
430, 0.351,  84.699%
431, 0.351,  84.545%
432, 0.344,  84.776%
433, 0.350,  84.406%
434, 0.341,  84.838%
435, 0.348,  84.608%
436, 0.339,  85.139%
437, 0.349,  84.644%
438, 0.355,  84.077%
439, 0.341,  85.012%
440, 0.351,  84.364%
441, 0.346,  84.743%
442, 0.349,  84.537%
443, 0.348,  84.685%
444, 0.347,  84.507%
445, 0.339,  85.063%
446, 0.349,  84.505%
447, 0.341,  85.218%
448, 0.340,  85.046%
449, 0.346,  84.632%
450, 0.340,  84.907%
451, 0.337,  85.319%
452, 0.334,  85.337%
453, 0.336,  85.329%
454, 0.344,  85.008%
455, 0.347,  84.673%
456, 0.343,  84.907%
457, 0.342,  85.081%
458, 0.340,  84.982%
459, 0.339,  85.238%
460, 0.353,  84.341%
461, 0.338,  85.208%
462, 0.348,  84.562%
463, 0.351,  84.477%
464, 0.344,  84.683%
465, 0.338,  85.273%
466, 0.346,  84.758%
467, 0.339,  85.194%
468, 0.343,  84.865%
469, 0.329,  85.770%
470, 0.338,  85.253%
471, 0.339,  84.968%
472, 0.348,  84.683%
473, 0.348,  84.564%
474, 0.340,  84.998%
475, 0.343,  84.798%
476, 0.351,  84.521%
477, 0.348,  84.574%
478, 0.345,  85.059%
479, 0.346,  84.747%
480, 0.342,  84.895%
481, 0.346,  84.739%
482, 0.348,  84.723%
483, 0.339,  85.024%
484, 0.341,  85.044%
485, 0.358,  83.923%
486, 0.345,  84.774%
487, 0.343,  84.927%
488, 0.336,  85.259%
489, 0.333,  85.364%
490, 0.338,  85.206%
491, 0.349,  84.414%
492, 0.348,  84.574%
493, 0.353,  84.242%
494, 0.345,  84.786%
495, 0.350,  84.489%
496, 0.330,  85.521%
497, 0.344,  84.923%
498, 0.338,  85.125%
499, 0.341,  84.964%
500, 0.337,  84.982%
501, 0.343,  84.782%
502, 0.345,  84.820%
503, 0.344,  84.792%
504, 0.339,  85.143%
505, 0.341,  85.002%
506, 0.340,  84.905%
507, 0.335,  85.208%
508, 0.337,  85.180%
509, 0.335,  85.479%
510, 0.348,  84.592%
511, 0.338,  85.283%
512, 0.352,  84.402%
513, 0.338,  85.360%
514, 0.345,  84.614%
515, 0.345,  84.881%
516, 0.346,  84.812%
517, 0.342,  84.881%
518, 0.336,  85.311%
519, 0.340,  85.087%
520, 0.343,  84.822%
521, 0.343,  84.901%
522, 0.354,  84.343%
523, 0.345,  84.774%
524, 0.340,  85.135%
525, 0.340,  84.952%
526, 0.351,  84.366%
527, 0.340,  85.040%
528, 0.331,  85.638%
529, 0.346,  84.644%
530, 0.332,  85.420%
531, 0.339,  85.204%
532, 0.343,  84.822%
533, 0.343,  84.986%
534, 0.345,  84.729%
535, 0.331,  85.566%
536, 0.346,  84.661%
537, 0.343,  84.723%
538, 0.338,  85.323%
539, 0.336,  85.315%
540, 0.345,  84.366%
541, 0.341,  85.020%
542, 0.335,  85.394%
543, 0.335,  85.307%
544, 0.345,  84.642%
545, 0.331,  85.535%
546, 0.346,  84.745%
547, 0.337,  85.222%
548, 0.340,  85.083%
549, 0.343,  84.939%
550, 0.335,  85.309%
551, 0.333,  85.394%
552, 0.342,  84.846%
553, 0.340,  85.170%
554, 0.339,  85.030%
555, 0.336,  85.234%
556, 0.344,  84.875%
557, 0.341,  84.913%
558, 0.341,  85.020%
559, 0.338,  85.036%
560, 0.339,  85.055%
561, 0.346,  84.604%
562, 0.346,  84.764%
563, 0.341,  85.028%
564, 0.328,  85.721%
565, 0.338,  85.145%
566, 0.344,  84.877%
567, 0.334,  85.489%
568, 0.331,  85.416%
569, 0.331,  85.354%
570, 0.330,  85.606%
571, 0.343,  84.838%
572, 0.338,  85.067%
573, 0.341,  85.166%
574, 0.339,  84.998%
575, 0.343,  84.897%
576, 0.341,  84.816%
577, 0.342,  85.002%
578, 0.351,  84.505%
579, 0.333,  85.376%
580, 0.330,  85.495%
581, 0.340,  84.947%
582, 0.342,  85.107%
583, 0.338,  85.002%
584, 0.335,  85.261%
585, 0.343,  84.717%
586, 0.320,  86.117%
587, 0.326,  85.778%
588, 0.329,  85.475%
589, 0.348,  84.556%
590, 0.332,  85.412%
591, 0.340,  85.004%
592, 0.345,  84.832%
593, 0.335,  85.137%
594, 0.337,  85.101%
595, 0.342,  84.921%
596, 0.336,  85.285%
597, 0.339,  85.020%
598, 0.323,  86.125%
599, 0.341,  84.869%
600, 0.330,  85.503%
601, 0.328,  85.760%
602, 0.352,  84.230%
603, 0.333,  85.307%
604, 0.337,  85.048%
605, 0.343,  84.879%
606, 0.346,  84.889%
607, 0.343,  84.903%
608, 0.332,  85.499%
609, 0.329,  85.651%
610, 0.336,  85.089%
611, 0.335,  85.358%
612, 0.340,  85.095%
613, 0.335,  85.212%
614, 0.333,  85.364%
615, 0.334,  85.253%
616, 0.335,  85.481%
617, 0.338,  85.127%
618, 0.334,  85.356%
619, 0.338,  84.962%
620, 0.342,  85.133%
621, 0.339,  85.125%
622, 0.335,  85.232%
623, 0.333,  85.489%
624, 0.335,  85.210%
625, 0.337,  85.232%
626, 0.339,  85.156%
627, 0.339,  85.030%
628, 0.342,  84.608%
629, 0.333,  85.372%
630, 0.346,  84.737%
631, 0.333,  85.408%
632, 0.337,  85.160%
633, 0.329,  85.614%
634, 0.346,  84.644%
635, 0.339,  85.034%
636, 0.345,  84.917%
637, 0.331,  85.311%
638, 0.339,  85.335%
639, 0.333,  85.386%
640, 0.342,  85.038%
641, 0.337,  85.238%
642, 0.336,  85.236%
643, 0.341,  85.099%
644, 0.328,  85.663%
645, 0.344,  84.834%
646, 0.333,  85.323%
647, 0.344,  84.610%
648, 0.335,  85.154%
649, 0.346,  84.612%
650, 0.338,  85.069%
651, 0.340,  85.079%
652, 0.331,  85.586%
653, 0.337,  85.190%
654, 0.324,  86.065%
655, 0.338,  85.287%
656, 0.332,  85.386%
657, 0.344,  84.836%
658, 0.340,  85.147%
659, 0.322,  85.982%
660, 0.338,  85.180%
661, 0.337,  85.149%
662, 0.329,  85.545%
663, 0.331,  85.459%
664, 0.335,  85.269%
665, 0.342,  85.018%
666, 0.334,  85.149%
667, 0.325,  85.925%
668, 0.337,  85.111%
669, 0.336,  85.285%
670, 0.337,  85.089%
671, 0.335,  85.309%
672, 0.330,  85.618%
673, 0.334,  85.382%
674, 0.335,  85.390%
675, 0.339,  84.943%
676, 0.338,  84.871%
677, 0.337,  85.287%
678, 0.340,  84.887%
679, 0.338,  85.275%
680, 0.329,  85.648%
681, 0.344,  84.899%
682, 0.328,  85.614%
683, 0.337,  85.038%
684, 0.337,  85.352%
685, 0.339,  85.002%
686, 0.332,  85.461%
687, 0.339,  85.261%
688, 0.344,  84.832%
689, 0.321,  86.085%
690, 0.335,  85.182%
691, 0.329,  85.741%
692, 0.342,  84.992%
693, 0.339,  85.008%
694, 0.331,  85.315%
695, 0.339,  85.042%
696, 0.333,  85.255%
697, 0.333,  85.360%
698, 0.342,  84.929%
699, 0.337,  85.190%
700, 0.348,  84.602%
701, 0.329,  85.570%
702, 0.334,  85.271%
703, 0.332,  85.374%
704, 0.331,  85.446%
705, 0.339,  85.006%
706, 0.334,  85.442%
707, 0.341,  84.867%
708, 0.330,  85.604%
709, 0.332,  85.556%
710, 0.341,  84.907%
711, 0.336,  85.135%
712, 0.328,  85.628%
713, 0.324,  85.820%
714, 0.344,  84.887%
715, 0.328,  85.632%
716, 0.324,  85.939%
717, 0.334,  85.331%
718, 0.339,  85.166%
719, 0.339,  85.196%
720, 0.339,  85.089%
721, 0.335,  85.374%
722, 0.328,  85.687%
723, 0.328,  85.596%
724, 0.339,  85.079%
725, 0.332,  85.584%
726, 0.323,  85.939%
727, 0.335,  85.234%
728, 0.332,  85.356%
729, 0.329,  85.590%
730, 0.333,  85.246%
731, 0.347,  84.604%
732, 0.335,  85.432%
733, 0.330,  85.588%
734, 0.343,  85.022%
735, 0.336,  85.246%
736, 0.332,  85.380%
737, 0.335,  85.180%
738, 0.344,  84.867%
739, 0.335,  85.234%
740, 0.325,  85.840%
741, 0.333,  85.402%
742, 0.335,  85.255%
743, 0.337,  85.180%
744, 0.347,  84.620%
745, 0.330,  85.713%
746, 0.325,  85.665%
747, 0.325,  85.830%
748, 0.335,  85.364%
749, 0.328,  85.642%
750, 0.340,  84.893%
751, 0.337,  85.327%
752, 0.332,  85.277%
753, 0.332,  85.610%
754, 0.333,  85.244%
755, 0.333,  85.311%
756, 0.332,  85.572%
757, 0.328,  85.655%
758, 0.328,  85.568%
759, 0.335,  85.325%
760, 0.328,  85.479%
761, 0.335,  85.331%
762, 0.338,  85.242%
763, 0.319,  86.234%
764, 0.338,  85.040%
765, 0.342,  84.952%
766, 0.331,  85.477%
767, 0.332,  85.499%
768, 0.325,  85.727%
769, 0.331,  85.537%
770, 0.335,  85.081%
771, 0.332,  85.549%
772, 0.333,  85.176%
773, 0.331,  85.541%
774, 0.350,  84.562%
775, 0.348,  84.602%
776, 0.326,  85.840%
777, 0.326,  85.861%
778, 0.337,  85.194%
779, 0.339,  85.204%
780, 0.330,  85.497%
781, 0.319,  86.135%
782, 0.336,  85.202%
783, 0.334,  85.358%
784, 0.322,  86.097%
785, 0.339,  85.048%
786, 0.340,  84.842%
787, 0.332,  85.331%
788, 0.336,  85.202%
789, 0.332,  85.632%
790, 0.336,  85.168%
791, 0.325,  85.747%
792, 0.326,  85.877%
793, 0.329,  85.667%
794, 0.341,  84.905%
795, 0.334,  85.352%
796, 0.340,  84.994%
797, 0.327,  85.695%
798, 0.341,  85.077%
799, 0.335,  85.232%
800, 0.326,  85.844%
801, 0.334,  85.370%
802, 0.326,  85.733%
803, 0.337,  85.220%
804, 0.326,  85.529%
805, 0.338,  85.111%
806, 0.332,  85.434%
807, 0.337,  85.149%
808, 0.333,  85.356%
809, 0.332,  85.392%
810, 0.331,  85.640%
811, 0.341,  85.139%
812, 0.336,  85.352%
813, 0.324,  86.012%
814, 0.336,  85.261%
815, 0.340,  84.915%
816, 0.337,  85.174%
817, 0.340,  84.952%
818, 0.336,  85.356%
819, 0.336,  85.040%
820, 0.335,  85.123%
821, 0.328,  85.788%
822, 0.333,  85.640%
823, 0.337,  85.123%
824, 0.332,  85.471%
825, 0.326,  85.790%
826, 0.330,  85.503%
827, 0.335,  85.202%
828, 0.331,  85.566%
829, 0.338,  85.208%
830, 0.336,  85.305%
831, 0.330,  85.626%
832, 0.335,  85.453%
833, 0.331,  85.366%
834, 0.336,  85.242%
835, 0.333,  85.493%
836, 0.339,  85.238%
837, 0.323,  85.883%
838, 0.342,  85.061%
839, 0.337,  85.085%
840, 0.335,  85.432%
841, 0.328,  85.638%
842, 0.334,  85.293%
843, 0.337,  84.990%
844, 0.333,  85.295%
845, 0.336,  85.224%
846, 0.345,  84.689%
847, 0.338,  85.067%
848, 0.325,  85.764%
849, 0.327,  85.725%
850, 0.337,  85.154%
851, 0.333,  85.499%
852, 0.324,  85.826%
853, 0.328,  85.683%
854, 0.325,  85.743%
855, 0.325,  85.869%
856, 0.332,  85.572%
857, 0.336,  85.248%
858, 0.330,  85.525%
859, 0.331,  85.319%
860, 0.330,  85.469%
861, 0.325,  85.806%
862, 0.332,  85.412%
863, 0.325,  85.745%
864, 0.339,  85.119%
865, 0.328,  85.543%
866, 0.333,  85.321%
867, 0.340,  85.042%
868, 0.330,  85.426%
869, 0.319,  86.166%
870, 0.337,  85.147%
871, 0.322,  86.192%
872, 0.331,  85.675%
873, 0.337,  85.105%
874, 0.338,  85.028%
875, 0.327,  85.782%
876, 0.336,  85.303%
877, 0.323,  85.964%
878, 0.327,  85.776%
879, 0.332,  85.319%
880, 0.328,  85.586%
881, 0.330,  85.642%
882, 0.332,  85.428%
883, 0.327,  85.661%
884, 0.336,  85.121%
885, 0.339,  85.036%
886, 0.324,  85.895%
887, 0.332,  85.333%
888, 0.329,  85.679%
889, 0.334,  85.234%
890, 0.333,  85.493%
891, 0.330,  85.582%
892, 0.327,  85.762%
893, 0.334,  85.327%
894, 0.331,  85.321%
895, 0.329,  85.558%
896, 0.341,  84.970%
897, 0.335,  85.303%
898, 0.329,  85.463%
899, 0.327,  85.743%
900, 0.335,  85.354%
901, 0.323,  85.848%
902, 0.325,  85.679%
903, 0.326,  85.735%
904, 0.338,  84.921%
905, 0.333,  85.392%
906, 0.329,  85.671%
907, 0.327,  85.638%
908, 0.335,  85.356%
909, 0.327,  85.685%
910, 0.337,  85.305%
911, 0.326,  85.903%
912, 0.330,  85.679%
913, 0.334,  85.422%
914, 0.330,  85.568%
915, 0.334,  85.281%
916, 0.336,  85.400%
917, 0.333,  85.293%
918, 0.330,  85.655%
919, 0.327,  85.705%
920, 0.338,  85.115%
921, 0.334,  85.311%
922, 0.334,  85.283%
923, 0.336,  85.242%
924, 0.332,  85.408%
925, 0.335,  85.277%
926, 0.335,  85.384%
927, 0.322,  86.135%
928, 0.331,  85.604%
929, 0.329,  85.509%
930, 0.331,  85.705%
931, 0.340,  85.113%
932, 0.334,  85.265%
933, 0.321,  86.103%
934, 0.333,  85.386%
935, 0.326,  85.713%
936, 0.337,  85.158%
937, 0.334,  85.200%
938, 0.317,  86.206%
939, 0.336,  85.277%
940, 0.322,  85.960%
941, 0.326,  85.709%
942, 0.329,  85.685%
943, 0.332,  85.471%
944, 0.330,  85.461%
945, 0.322,  85.881%
946, 0.333,  85.368%
947, 0.333,  85.392%
948, 0.322,  85.913%
949, 0.328,  85.539%
950, 0.339,  85.135%
951, 0.329,  85.556%
952, 0.328,  85.681%
953, 0.337,  85.131%
954, 0.324,  85.713%
955, 0.327,  85.818%
956, 0.335,  85.354%
957, 0.336,  85.105%
958, 0.327,  85.568%
959, 0.321,  86.079%
960, 0.337,  85.123%
961, 0.321,  85.923%
962, 0.329,  85.661%
963, 0.322,  85.958%
964, 0.338,  85.190%
965, 0.333,  85.331%
966, 0.338,  85.271%
967, 0.330,  85.471%
968, 0.319,  86.210%
969, 0.338,  84.848%
970, 0.331,  85.362%
971, 0.340,  84.859%
972, 0.327,  85.671%
973, 0.326,  85.737%
974, 0.334,  85.406%
975, 0.329,  85.588%
976, 0.332,  85.503%
977, 0.326,  85.913%
978, 0.332,  85.459%
979, 0.331,  85.497%
980, 0.333,  85.414%
981, 0.327,  85.780%
982, 0.331,  85.578%
983, 0.330,  85.428%
984, 0.340,  84.927%
985, 0.333,  85.194%
986, 0.330,  85.539%
987, 0.333,  85.289%
988, 0.326,  85.855%
989, 0.328,  85.679%
990, 0.333,  85.325%
991, 0.332,  85.574%
992, 0.327,  85.741%
993, 0.329,  85.644%
994, 0.327,  85.620%
995, 0.333,  85.436%
996, 0.327,  85.545%
997, 0.335,  85.170%
998, 0.324,  85.697%
999, 0.326,  85.705%
