Epoch, Loss, Acc
0, 0.687,  53.366%
1, 0.673,  57.883%
2, 0.663,  60.784%
3, 0.655,  61.618%
4, 0.647,  62.665%
5, 0.639,  63.818%
6, 0.631,  64.335%
7, 0.624,  65.707%
8, 0.622,  66.061%
9, 0.617,  66.444%
10, 0.605,  67.016%
11, 0.603,  67.339%
12, 0.600,  68.394%
13, 0.594,  68.917%
14, 0.588,  68.824%
15, 0.584,  69.941%
16, 0.582,  70.412%
17, 0.578,  70.012%
18, 0.572,  70.994%
19, 0.566,  71.222%
20, 0.565,  71.745%
21, 0.553,  72.162%
22, 0.554,  72.499%
23, 0.553,  72.968%
24, 0.549,  72.956%
25, 0.542,  73.410%
26, 0.541,  73.438%
27, 0.536,  74.394%
28, 0.530,  74.477%
29, 0.530,  74.311%
30, 0.525,  74.756%
31, 0.523,  74.980%
32, 0.526,  74.792%
33, 0.517,  75.596%
34, 0.511,  75.558%
35, 0.513,  75.798%
36, 0.509,  76.129%
37, 0.506,  76.083%
38, 0.504,  76.620%
39, 0.503,  76.414%
40, 0.497,  76.949%
41, 0.496,  77.022%
42, 0.492,  77.313%
43, 0.487,  77.428%
44, 0.494,  77.097%
45, 0.480,  78.145%
46, 0.484,  77.776%
47, 0.478,  78.448%
48, 0.477,  77.974%
49, 0.481,  77.923%
50, 0.470,  78.624%
51, 0.472,  78.099%
52, 0.467,  78.776%
53, 0.466,  78.745%
54, 0.465,  78.701%
55, 0.464,  78.756%
56, 0.460,  79.034%
57, 0.457,  79.497%
58, 0.467,  78.853%
59, 0.455,  79.055%
60, 0.453,  79.477%
61, 0.462,  78.905%
62, 0.451,  79.657%
63, 0.456,  78.996%
64, 0.453,  79.497%
65, 0.456,  78.925%
66, 0.452,  79.677%
67, 0.446,  79.764%
68, 0.443,  79.958%
69, 0.440,  80.232%
70, 0.444,  80.204%
71, 0.439,  80.154%
72, 0.437,  80.406%
73, 0.433,  80.743%
74, 0.432,  80.958%
75, 0.437,  80.186%
76, 0.436,  80.289%
77, 0.429,  80.521%
78, 0.433,  80.562%
79, 0.428,  80.851%
80, 0.423,  81.129%
81, 0.429,  80.382%
82, 0.428,  80.547%
83, 0.423,  81.135%
84, 0.426,  80.855%
85, 0.425,  80.863%
86, 0.429,  80.430%
87, 0.419,  81.240%
88, 0.420,  81.226%
89, 0.423,  80.901%
90, 0.419,  81.410%
91, 0.413,  81.483%
92, 0.423,  80.917%
93, 0.412,  81.669%
94, 0.415,  81.848%
95, 0.410,  81.960%
96, 0.412,  81.624%
97, 0.415,  81.473%
98, 0.421,  81.061%
99, 0.416,  81.313%
100, 0.416,  81.457%
101, 0.421,  81.085%
102, 0.413,  81.380%
103, 0.412,  81.756%
104, 0.405,  81.974%
105, 0.408,  81.784%
106, 0.407,  81.974%
107, 0.406,  81.737%
108, 0.415,  81.257%
109, 0.404,  82.119%
110, 0.409,  81.758%
111, 0.413,  81.388%
112, 0.407,  81.790%
113, 0.404,  81.935%
114, 0.393,  82.733%
115, 0.403,  82.109%
116, 0.400,  81.927%
117, 0.400,  82.040%
118, 0.398,  82.400%
119, 0.409,  81.683%
120, 0.395,  82.499%
121, 0.395,  82.586%
122, 0.400,  82.184%
123, 0.398,  82.269%
124, 0.393,  82.473%
125, 0.402,  81.853%
126, 0.394,  82.517%
127, 0.389,  82.697%
128, 0.399,  82.275%
129, 0.398,  82.125%
130, 0.396,  82.317%
131, 0.387,  82.653%
132, 0.389,  82.566%
133, 0.383,  83.095%
134, 0.393,  82.319%
135, 0.391,  82.612%
136, 0.379,  83.360%
137, 0.387,  82.632%
138, 0.386,  82.937%
139, 0.384,  83.038%
140, 0.395,  82.390%
141, 0.388,  82.711%
142, 0.389,  82.745%
143, 0.382,  82.911%
144, 0.396,  82.152%
145, 0.385,  83.008%
146, 0.393,  82.505%
147, 0.380,  83.297%
148, 0.387,  82.877%
149, 0.382,  83.073%
150, 0.385,  82.796%
151, 0.394,  82.313%
152, 0.377,  83.240%
153, 0.377,  83.374%
154, 0.378,  83.410%
155, 0.389,  82.570%
156, 0.388,  82.620%
157, 0.383,  83.178%
158, 0.382,  82.943%
159, 0.389,  82.711%
160, 0.394,  82.339%
161, 0.381,  83.024%
162, 0.385,  82.867%
163, 0.381,  83.160%
164, 0.386,  82.768%
165, 0.377,  83.269%
166, 0.379,  83.166%
167, 0.386,  82.897%
168, 0.386,  82.723%
169, 0.375,  83.451%
170, 0.370,  83.695%
171, 0.384,  82.790%
172, 0.380,  83.236%
173, 0.384,  83.004%
174, 0.381,  82.905%
175, 0.369,  83.711%
176, 0.369,  83.733%
177, 0.381,  83.032%
178, 0.385,  82.812%
179, 0.380,  83.024%
180, 0.382,  82.899%
181, 0.369,  83.871%
182, 0.364,  84.315%
183, 0.378,  83.281%
184, 0.374,  83.202%
185, 0.375,  83.545%
186, 0.379,  83.345%
187, 0.365,  84.057%
188, 0.376,  83.170%
189, 0.368,  83.685%
190, 0.380,  83.071%
191, 0.378,  83.145%
192, 0.375,  83.386%
193, 0.371,  83.558%
194, 0.377,  83.347%
195, 0.372,  83.414%
196, 0.359,  84.265%
197, 0.374,  83.556%
198, 0.369,  83.604%
199, 0.374,  83.513%
200, 0.369,  83.727%
201, 0.375,  83.438%
202, 0.372,  83.679%
203, 0.372,  83.473%
204, 0.373,  83.537%
205, 0.377,  83.269%
206, 0.368,  83.683%
207, 0.368,  83.754%
208, 0.361,  84.071%
209, 0.372,  83.519%
210, 0.374,  83.202%
211, 0.361,  84.156%
212, 0.366,  83.816%
213, 0.367,  83.887%
214, 0.367,  83.828%
215, 0.376,  83.196%
216, 0.368,  83.754%
217, 0.365,  83.893%
218, 0.369,  83.612%
219, 0.360,  84.125%
220, 0.372,  83.309%
221, 0.369,  83.630%
222, 0.360,  84.147%
223, 0.365,  83.816%
224, 0.363,  83.929%
225, 0.372,  83.398%
226, 0.372,  83.410%
227, 0.374,  83.525%
228, 0.370,  83.412%
229, 0.367,  83.735%
230, 0.363,  83.796%
231, 0.370,  83.507%
232, 0.367,  83.780%
233, 0.370,  83.354%
234, 0.363,  83.937%
235, 0.354,  84.507%
236, 0.369,  83.471%
237, 0.364,  83.941%
238, 0.370,  83.594%
239, 0.375,  83.267%
240, 0.370,  83.438%
241, 0.374,  83.364%
242, 0.357,  84.141%
243, 0.363,  83.863%
244, 0.359,  84.192%
245, 0.365,  83.749%
246, 0.369,  83.572%
247, 0.366,  83.661%
248, 0.364,  84.016%
249, 0.375,  83.299%
250, 0.371,  83.467%
251, 0.366,  83.747%
252, 0.368,  83.634%
253, 0.361,  84.202%
254, 0.360,  84.265%
255, 0.365,  83.760%
256, 0.364,  83.897%
257, 0.351,  84.699%
258, 0.369,  83.594%
259, 0.362,  84.289%
260, 0.363,  83.818%
261, 0.365,  83.857%
262, 0.360,  84.095%
263, 0.362,  83.905%
264, 0.365,  83.758%
265, 0.360,  84.095%
266, 0.360,  84.030%
267, 0.352,  84.414%
268, 0.364,  83.834%
269, 0.363,  84.006%
270, 0.363,  83.976%
271, 0.362,  83.935%
272, 0.365,  83.790%
273, 0.350,  84.576%
274, 0.353,  84.374%
275, 0.349,  84.798%
276, 0.365,  83.939%
277, 0.357,  84.303%
278, 0.360,  84.061%
279, 0.361,  84.024%
280, 0.353,  84.469%
281, 0.372,  83.356%
282, 0.362,  84.079%
283, 0.351,  84.752%
284, 0.364,  83.832%
285, 0.357,  84.347%
286, 0.362,  83.929%
287, 0.354,  84.273%
288, 0.364,  83.772%
289, 0.355,  84.380%
290, 0.362,  83.903%
291, 0.361,  83.952%
292, 0.352,  84.485%
293, 0.353,  84.428%
294, 0.351,  84.705%
295, 0.350,  84.515%
296, 0.367,  83.644%
297, 0.366,  83.806%
298, 0.366,  83.875%
299, 0.365,  83.863%
300, 0.358,  84.137%
301, 0.349,  84.782%
302, 0.363,  83.717%
303, 0.359,  84.133%
304, 0.354,  84.325%
305, 0.354,  84.483%
306, 0.360,  84.109%
307, 0.361,  84.038%
308, 0.363,  83.784%
309, 0.358,  84.077%
310, 0.349,  84.602%
311, 0.359,  83.976%
312, 0.361,  83.895%
313, 0.354,  84.418%
314, 0.359,  84.222%
315, 0.358,  84.186%
316, 0.365,  83.867%
317, 0.350,  84.651%
318, 0.351,  84.578%
319, 0.359,  84.034%
320, 0.356,  84.501%
321, 0.366,  83.893%
322, 0.353,  84.453%
323, 0.353,  84.289%
324, 0.358,  84.168%
325, 0.354,  84.198%
326, 0.348,  84.703%
327, 0.348,  84.758%
328, 0.357,  84.287%
329, 0.351,  84.485%
330, 0.363,  83.691%
331, 0.355,  84.434%
332, 0.353,  84.388%
333, 0.353,  84.202%
334, 0.348,  84.838%
335, 0.363,  83.889%
336, 0.350,  84.418%
337, 0.358,  84.232%
338, 0.359,  84.121%
339, 0.353,  84.517%
340, 0.352,  84.537%
341, 0.355,  84.269%
342, 0.356,  84.410%
343, 0.346,  84.818%
344, 0.349,  84.552%
345, 0.359,  83.939%
346, 0.354,  84.335%
347, 0.358,  84.170%
348, 0.355,  84.402%
349, 0.362,  83.814%
350, 0.352,  84.568%
351, 0.354,  84.305%
352, 0.352,  84.517%
353, 0.345,  84.834%
354, 0.353,  84.388%
355, 0.361,  83.964%
356, 0.351,  84.511%
357, 0.343,  84.877%
358, 0.356,  84.170%
359, 0.346,  84.699%
360, 0.352,  84.515%
361, 0.353,  84.406%
362, 0.352,  84.517%
363, 0.361,  83.754%
364, 0.362,  83.731%
365, 0.352,  84.358%
366, 0.350,  84.600%
367, 0.345,  84.695%
368, 0.358,  84.164%
369, 0.355,  84.317%
370, 0.347,  84.752%
371, 0.354,  84.448%
372, 0.358,  84.006%
373, 0.341,  84.774%
374, 0.342,  85.099%
375, 0.346,  84.905%
376, 0.351,  84.535%
377, 0.351,  84.566%
378, 0.350,  84.622%
379, 0.354,  84.303%
380, 0.349,  84.665%
381, 0.350,  84.638%
382, 0.356,  84.071%
383, 0.346,  84.754%
384, 0.354,  84.297%
385, 0.339,  85.303%
386, 0.354,  84.398%
387, 0.354,  84.426%
388, 0.349,  84.568%
389, 0.348,  84.574%
390, 0.350,  84.552%
391, 0.358,  84.117%
392, 0.350,  84.469%
393, 0.357,  84.127%
394, 0.349,  84.687%
395, 0.348,  84.630%
396, 0.358,  84.145%
397, 0.341,  84.994%
398, 0.350,  84.582%
399, 0.351,  84.608%
400, 0.351,  84.608%
401, 0.353,  84.356%
402, 0.336,  85.422%
403, 0.349,  84.608%
404, 0.346,  84.780%
405, 0.349,  84.733%
406, 0.359,  84.063%
407, 0.356,  84.218%
408, 0.346,  84.768%
409, 0.348,  84.723%
410, 0.353,  84.489%
411, 0.353,  84.289%
412, 0.350,  84.600%
413, 0.351,  84.535%
414, 0.343,  84.913%
415, 0.344,  84.802%
416, 0.349,  84.537%
417, 0.347,  84.921%
418, 0.347,  84.810%
419, 0.351,  84.432%
420, 0.351,  84.620%
421, 0.344,  85.057%
422, 0.350,  84.576%
423, 0.362,  84.071%
424, 0.353,  84.321%
425, 0.354,  84.396%
426, 0.346,  84.636%
427, 0.345,  84.754%
428, 0.358,  84.073%
429, 0.354,  84.424%
430, 0.346,  84.794%
431, 0.348,  84.675%
432, 0.353,  84.337%
433, 0.350,  84.648%
434, 0.346,  84.663%
435, 0.349,  84.762%
436, 0.353,  84.323%
437, 0.342,  85.113%
438, 0.346,  84.618%
439, 0.349,  84.636%
440, 0.349,  84.586%
441, 0.345,  84.768%
442, 0.340,  85.046%
443, 0.356,  84.253%
444, 0.337,  85.236%
445, 0.347,  84.711%
446, 0.343,  84.958%
447, 0.344,  84.857%
448, 0.343,  85.028%
449, 0.356,  84.321%
450, 0.348,  84.586%
451, 0.347,  84.558%
452, 0.354,  84.311%
453, 0.350,  84.438%
454, 0.342,  85.081%
455, 0.345,  84.844%
456, 0.351,  84.467%
457, 0.347,  84.693%
458, 0.345,  84.776%
459, 0.347,  84.784%
460, 0.357,  84.174%
461, 0.346,  84.869%
462, 0.343,  84.933%
463, 0.345,  84.984%
464, 0.354,  84.313%
465, 0.357,  84.018%
466, 0.344,  84.883%
467, 0.350,  84.444%
468, 0.341,  85.036%
469, 0.335,  85.386%
470, 0.348,  84.737%
471, 0.346,  84.598%
472, 0.347,  84.770%
473, 0.347,  84.659%
474, 0.345,  84.818%
475, 0.343,  84.840%
476, 0.345,  84.570%
477, 0.346,  84.778%
478, 0.346,  84.665%
479, 0.347,  84.848%
480, 0.342,  85.099%
481, 0.354,  84.168%
482, 0.346,  84.616%
483, 0.334,  85.465%
484, 0.340,  85.097%
485, 0.344,  84.964%
486, 0.348,  84.628%
487, 0.345,  84.917%
488, 0.353,  84.529%
489, 0.348,  84.511%
490, 0.332,  85.475%
491, 0.352,  84.251%
492, 0.334,  85.475%
493, 0.340,  85.281%
494, 0.343,  84.984%
495, 0.343,  84.919%
496, 0.343,  84.824%
497, 0.341,  85.137%
498, 0.337,  85.360%
499, 0.345,  84.758%
500, 0.338,  85.008%
501, 0.346,  84.762%
502, 0.347,  84.762%
503, 0.350,  84.509%
504, 0.340,  85.014%
505, 0.344,  84.818%
506, 0.345,  84.691%
507, 0.348,  84.642%
508, 0.339,  85.069%
509, 0.354,  84.238%
510, 0.343,  84.826%
511, 0.349,  84.612%
512, 0.332,  85.491%
513, 0.351,  84.430%
514, 0.348,  84.501%
515, 0.333,  85.392%
516, 0.343,  84.968%
517, 0.342,  84.960%
518, 0.349,  84.529%
519, 0.346,  84.851%
520, 0.343,  84.887%
521, 0.341,  84.960%
522, 0.345,  84.822%
523, 0.338,  85.131%
524, 0.344,  84.770%
525, 0.343,  84.869%
526, 0.335,  85.184%
527, 0.337,  85.188%
528, 0.343,  84.962%
529, 0.346,  84.747%
530, 0.345,  85.026%
531, 0.345,  84.778%
532, 0.345,  84.760%
533, 0.351,  84.323%
534, 0.340,  84.996%
535, 0.350,  84.541%
536, 0.341,  84.964%
537, 0.342,  84.958%
538, 0.339,  85.069%
539, 0.347,  84.709%
540, 0.345,  84.772%
541, 0.343,  84.962%
542, 0.340,  85.038%
543, 0.346,  84.594%
544, 0.343,  84.949%
545, 0.346,  84.764%
546, 0.342,  85.073%
547, 0.336,  85.362%
548, 0.343,  84.939%
549, 0.338,  85.057%
550, 0.346,  84.804%
551, 0.339,  85.204%
552, 0.337,  85.178%
553, 0.346,  84.794%
554, 0.343,  84.915%
555, 0.339,  84.941%
556, 0.339,  85.168%
557, 0.338,  85.224%
558, 0.340,  85.065%
559, 0.348,  84.545%
560, 0.334,  85.392%
561, 0.354,  84.109%
562, 0.346,  84.770%
563, 0.342,  84.810%
564, 0.351,  84.394%
565, 0.344,  84.630%
566, 0.345,  84.727%
567, 0.340,  84.978%
568, 0.335,  85.384%
569, 0.345,  84.745%
570, 0.344,  84.705%
571, 0.339,  85.107%
572, 0.345,  84.729%
573, 0.341,  85.059%
574, 0.339,  84.921%
575, 0.342,  84.921%
576, 0.342,  84.873%
577, 0.341,  84.992%
578, 0.346,  84.632%
579, 0.347,  84.824%
580, 0.336,  85.190%
581, 0.352,  84.388%
582, 0.337,  85.291%
583, 0.335,  85.339%
584, 0.334,  85.198%
585, 0.327,  85.816%
586, 0.337,  85.313%
587, 0.337,  85.390%
588, 0.337,  85.109%
589, 0.343,  84.828%
590, 0.335,  85.448%
591, 0.347,  84.572%
592, 0.348,  84.612%
593, 0.328,  85.588%
594, 0.341,  85.008%
595, 0.338,  85.246%
596, 0.335,  85.418%
597, 0.339,  85.067%
598, 0.342,  84.899%
599, 0.336,  85.319%
600, 0.345,  84.695%
601, 0.351,  84.497%
602, 0.345,  84.691%
603, 0.343,  84.871%
604, 0.343,  85.036%
605, 0.351,  84.398%
606, 0.343,  84.719%
607, 0.340,  85.119%
608, 0.333,  85.451%
609, 0.334,  85.527%
610, 0.343,  84.842%
611, 0.344,  84.865%
612, 0.346,  84.804%
613, 0.338,  85.030%
614, 0.345,  84.752%
615, 0.344,  84.814%
616, 0.334,  85.426%
617, 0.350,  84.596%
618, 0.341,  85.053%
619, 0.349,  84.461%
620, 0.341,  84.964%
621, 0.345,  84.467%
622, 0.341,  84.846%
623, 0.341,  84.994%
624, 0.348,  84.725%
625, 0.341,  85.103%
626, 0.348,  84.610%
627, 0.337,  85.133%
628, 0.350,  84.400%
629, 0.341,  84.984%
630, 0.335,  85.372%
631, 0.333,  85.374%
632, 0.334,  85.469%
633, 0.337,  85.451%
634, 0.339,  85.172%
635, 0.336,  85.408%
636, 0.338,  85.186%
637, 0.339,  85.158%
638, 0.345,  84.826%
639, 0.340,  84.921%
640, 0.339,  85.137%
641, 0.342,  84.822%
642, 0.351,  84.541%
643, 0.342,  84.897%
644, 0.339,  85.006%
645, 0.342,  85.087%
646, 0.343,  85.075%
647, 0.339,  84.899%
648, 0.339,  85.057%
649, 0.346,  84.616%
650, 0.338,  85.196%
651, 0.338,  85.248%
652, 0.326,  85.709%
653, 0.335,  85.269%
654, 0.334,  85.422%
655, 0.343,  84.719%
656, 0.339,  84.820%
657, 0.337,  85.356%
658, 0.336,  85.085%
659, 0.330,  85.422%
660, 0.333,  85.481%
661, 0.335,  85.244%
662, 0.329,  85.745%
663, 0.332,  85.384%
664, 0.343,  84.883%
665, 0.332,  85.562%
666, 0.338,  84.949%
667, 0.339,  85.059%
668, 0.335,  85.303%
669, 0.343,  84.867%
670, 0.343,  84.921%
671, 0.328,  85.709%
672, 0.339,  85.127%
673, 0.337,  85.141%
674, 0.347,  84.655%
675, 0.342,  84.949%
676, 0.330,  85.622%
677, 0.341,  84.986%
678, 0.345,  84.582%
679, 0.335,  85.444%
680, 0.336,  85.178%
681, 0.335,  85.212%
682, 0.342,  85.081%
683, 0.338,  85.251%
684, 0.342,  85.180%
685, 0.326,  85.877%
686, 0.338,  85.008%
687, 0.343,  84.958%
688, 0.343,  84.848%
689, 0.341,  84.877%
690, 0.341,  84.915%
691, 0.340,  84.966%
692, 0.334,  85.317%
693, 0.330,  85.564%
694, 0.335,  85.259%
695, 0.335,  85.208%
696, 0.322,  86.101%
697, 0.344,  84.745%
698, 0.336,  85.362%
699, 0.344,  84.634%
700, 0.341,  84.828%
701, 0.341,  85.038%
702, 0.332,  85.503%
703, 0.339,  85.093%
704, 0.341,  84.980%
705, 0.336,  85.269%
706, 0.334,  85.457%
707, 0.334,  85.289%
708, 0.334,  85.440%
709, 0.337,  85.277%
710, 0.344,  84.836%
711, 0.332,  85.416%
712, 0.343,  84.935%
713, 0.338,  85.166%
714, 0.340,  85.006%
715, 0.332,  85.416%
716, 0.338,  85.141%
717, 0.343,  84.927%
718, 0.341,  84.947%
719, 0.342,  84.978%
720, 0.344,  84.945%
721, 0.342,  85.010%
722, 0.342,  84.919%
723, 0.326,  85.685%
724, 0.339,  85.008%
725, 0.335,  85.392%
726, 0.347,  84.699%
727, 0.343,  84.816%
728, 0.334,  85.224%
729, 0.331,  85.418%
730, 0.338,  85.343%
731, 0.335,  85.198%
732, 0.352,  84.166%
733, 0.339,  85.032%
734, 0.339,  85.135%
735, 0.335,  85.242%
736, 0.336,  85.158%
737, 0.331,  85.453%
738, 0.328,  85.634%
739, 0.337,  85.224%
740, 0.341,  84.887%
741, 0.340,  84.945%
742, 0.334,  85.412%
743, 0.324,  85.677%
744, 0.334,  85.289%
745, 0.333,  85.349%
746, 0.342,  84.960%
747, 0.330,  85.479%
748, 0.335,  85.147%
749, 0.334,  85.261%
750, 0.336,  85.103%
751, 0.345,  84.683%
752, 0.338,  85.048%
753, 0.341,  85.020%
754, 0.329,  85.758%
755, 0.328,  85.453%
756, 0.330,  85.507%
757, 0.334,  85.412%
758, 0.332,  85.475%
759, 0.340,  85.036%
760, 0.325,  85.764%
761, 0.342,  84.885%
762, 0.331,  85.499%
763, 0.323,  85.895%
764, 0.338,  85.186%
765, 0.340,  85.030%
766, 0.330,  85.455%
767, 0.333,  85.180%
768, 0.333,  85.311%
769, 0.339,  85.129%
770, 0.326,  85.945%
771, 0.343,  84.816%
772, 0.335,  85.137%
773, 0.340,  85.036%
774, 0.328,  85.671%
775, 0.349,  84.600%
776, 0.335,  85.382%
777, 0.337,  85.174%
778, 0.325,  85.715%
779, 0.337,  85.111%
780, 0.334,  85.313%
781, 0.329,  85.673%
782, 0.334,  85.255%
783, 0.339,  85.006%
784, 0.338,  85.182%
785, 0.344,  84.788%
786, 0.336,  85.182%
787, 0.333,  85.608%
788, 0.336,  85.119%
789, 0.341,  84.899%
790, 0.337,  85.240%
791, 0.341,  84.881%
792, 0.323,  85.945%
793, 0.336,  85.333%
794, 0.333,  85.507%
795, 0.333,  85.331%
796, 0.333,  85.432%
797, 0.336,  85.418%
798, 0.340,  85.178%
799, 0.336,  85.333%
800, 0.330,  85.614%
801, 0.331,  85.527%
802, 0.334,  85.384%
803, 0.339,  84.968%
804, 0.337,  85.051%
805, 0.336,  85.323%
806, 0.337,  85.267%
807, 0.338,  85.228%
808, 0.329,  85.632%
809, 0.332,  85.366%
810, 0.334,  85.424%
811, 0.332,  85.366%
812, 0.342,  84.917%
813, 0.335,  85.279%
814, 0.326,  85.756%
815, 0.340,  85.010%
816, 0.332,  85.376%
817, 0.336,  85.182%
818, 0.340,  84.982%
819, 0.326,  85.883%
820, 0.320,  86.099%
821, 0.347,  84.711%
822, 0.337,  85.164%
823, 0.331,  85.362%
824, 0.331,  85.434%
825, 0.324,  85.968%
826, 0.331,  85.382%
827, 0.334,  85.388%
828, 0.331,  85.515%
829, 0.340,  85.059%
830, 0.331,  85.293%
831, 0.326,  85.889%
832, 0.332,  85.537%
833, 0.334,  85.432%
834, 0.339,  85.014%
835, 0.330,  85.675%
836, 0.338,  85.196%
837, 0.329,  85.582%
838, 0.337,  85.172%
839, 0.329,  85.741%
840, 0.336,  85.232%
841, 0.326,  85.772%
842, 0.326,  85.867%
843, 0.329,  85.543%
844, 0.332,  85.580%
845, 0.335,  85.273%
846, 0.335,  85.303%
847, 0.327,  85.590%
848, 0.339,  85.238%
849, 0.332,  85.430%
850, 0.333,  85.455%
851, 0.332,  85.521%
852, 0.329,  85.552%
853, 0.323,  85.887%
854, 0.331,  85.430%
855, 0.339,  85.016%
856, 0.334,  85.477%
857, 0.323,  85.901%
858, 0.342,  84.808%
859, 0.336,  85.202%
860, 0.325,  85.772%
861, 0.330,  85.537%
862, 0.337,  85.291%
863, 0.344,  84.539%
864, 0.339,  85.097%
865, 0.322,  85.881%
866, 0.343,  84.962%
867, 0.327,  85.741%
868, 0.323,  86.016%
869, 0.333,  85.378%
870, 0.333,  85.487%
871, 0.330,  85.467%
872, 0.338,  85.109%
873, 0.335,  85.210%
874, 0.331,  85.426%
875, 0.338,  85.131%
876, 0.344,  84.705%
877, 0.321,  85.921%
878, 0.334,  85.315%
879, 0.331,  85.533%
880, 0.339,  85.160%
881, 0.332,  85.380%
882, 0.330,  85.687%
883, 0.330,  85.374%
884, 0.333,  85.453%
885, 0.339,  85.034%
886, 0.335,  85.293%
887, 0.333,  85.329%
888, 0.320,  86.085%
889, 0.332,  85.459%
890, 0.326,  85.784%
891, 0.337,  85.020%
892, 0.344,  84.830%
893, 0.339,  85.303%
894, 0.330,  85.592%
895, 0.334,  85.178%
896, 0.332,  85.406%
897, 0.336,  85.253%
898, 0.325,  85.806%
899, 0.337,  85.196%
900, 0.337,  85.236%
901, 0.325,  85.844%
902, 0.332,  85.501%
903, 0.330,  85.681%
904, 0.331,  85.345%
905, 0.330,  85.438%
906, 0.337,  85.172%
907, 0.329,  85.360%
908, 0.331,  85.594%
909, 0.336,  85.103%
910, 0.339,  85.010%
911, 0.331,  85.382%
912, 0.332,  85.469%
913, 0.335,  85.392%
914, 0.331,  85.533%
915, 0.330,  85.653%
916, 0.330,  85.572%
917, 0.329,  85.471%
918, 0.333,  85.356%
919, 0.330,  85.604%
920, 0.334,  85.558%
921, 0.334,  85.349%
922, 0.336,  85.220%
923, 0.337,  85.137%
924, 0.334,  85.269%
925, 0.327,  85.743%
926, 0.322,  85.937%
927, 0.323,  85.812%
928, 0.332,  85.404%
929, 0.334,  85.457%
930, 0.318,  86.135%
931, 0.328,  85.731%
932, 0.330,  85.745%
933, 0.338,  85.028%
934, 0.326,  85.974%
935, 0.331,  85.273%
936, 0.332,  85.362%
937, 0.319,  86.214%
938, 0.338,  85.115%
939, 0.329,  85.412%
940, 0.329,  85.505%
941, 0.332,  85.384%
942, 0.324,  85.873%
943, 0.335,  85.206%
944, 0.330,  85.432%
945, 0.330,  85.545%
946, 0.343,  84.867%
947, 0.329,  85.493%
948, 0.336,  85.370%
949, 0.334,  85.251%
950, 0.331,  85.556%
951, 0.337,  85.141%
952, 0.335,  85.424%
953, 0.335,  85.166%
954, 0.339,  85.036%
955, 0.326,  85.699%
956, 0.334,  85.301%
957, 0.333,  85.234%
958, 0.325,  85.840%
959, 0.334,  85.261%
960, 0.329,  85.632%
961, 0.329,  85.705%
962, 0.332,  85.418%
963, 0.331,  85.467%
964, 0.330,  85.430%
965, 0.332,  85.349%
966, 0.339,  85.172%
967, 0.329,  85.402%
968, 0.328,  85.626%
969, 0.336,  85.192%
970, 0.322,  85.974%
971, 0.332,  85.457%
972, 0.330,  85.418%
973, 0.337,  85.069%
974, 0.320,  85.994%
975, 0.330,  85.549%
976, 0.325,  85.974%
977, 0.334,  85.244%
978, 0.341,  85.038%
979, 0.332,  85.384%
980, 0.336,  85.370%
981, 0.324,  85.895%
982, 0.336,  85.234%
983, 0.331,  85.517%
984, 0.328,  85.521%
985, 0.332,  85.440%
986, 0.332,  85.307%
987, 0.333,  85.277%
988, 0.331,  85.440%
989, 0.323,  85.766%
990, 0.337,  85.192%
991, 0.327,  85.747%
992, 0.322,  85.974%
993, 0.326,  85.800%
994, 0.344,  84.713%
995, 0.328,  85.636%
996, 0.336,  85.020%
997, 0.326,  85.804%
998, 0.327,  85.689%
999, 0.343,  84.752%
