Epoch, Loss, Acc
0, 0.689,  52.261%
1, 0.675,  56.891%
2, 0.665,  59.297%
3, 0.658,  60.495%
4, 0.650,  62.147%
5, 0.642,  63.036%
6, 0.634,  64.362%
7, 0.629,  64.307%
8, 0.621,  65.537%
9, 0.616,  65.861%
10, 0.608,  66.822%
11, 0.603,  67.182%
12, 0.598,  67.760%
13, 0.594,  68.364%
14, 0.586,  68.784%
15, 0.582,  69.329%
16, 0.576,  69.743%
17, 0.572,  70.481%
18, 0.564,  70.903%
19, 0.561,  71.281%
20, 0.556,  71.319%
21, 0.553,  71.752%
22, 0.548,  72.152%
23, 0.543,  72.610%
24, 0.539,  72.739%
25, 0.536,  72.996%
26, 0.531,  73.519%
27, 0.530,  73.501%
28, 0.524,  73.931%
29, 0.520,  74.285%
30, 0.516,  74.414%
31, 0.518,  74.202%
32, 0.510,  74.812%
33, 0.507,  75.168%
34, 0.503,  75.473%
35, 0.507,  75.198%
36, 0.502,  75.576%
37, 0.502,  75.515%
38, 0.496,  75.947%
39, 0.495,  75.958%
40, 0.489,  76.471%
41, 0.484,  76.648%
42, 0.477,  77.386%
43, 0.482,  76.800%
44, 0.473,  77.471%
45, 0.472,  77.459%
46, 0.470,  77.699%
47, 0.469,  77.729%
48, 0.462,  78.028%
49, 0.466,  77.887%
50, 0.466,  78.073%
51, 0.455,  78.816%
52, 0.459,  78.420%
53, 0.454,  78.929%
54, 0.454,  78.891%
55, 0.451,  79.123%
56, 0.450,  78.865%
57, 0.447,  79.265%
58, 0.443,  79.523%
59, 0.438,  79.933%
60, 0.444,  79.434%
61, 0.444,  79.366%
62, 0.437,  79.905%
63, 0.444,  79.507%
64, 0.437,  79.824%
65, 0.433,  79.933%
66, 0.432,  80.218%
67, 0.436,  79.840%
68, 0.438,  79.756%
69, 0.428,  80.307%
70, 0.428,  80.451%
71, 0.424,  80.770%
72, 0.427,  80.113%
73, 0.419,  80.844%
74, 0.425,  80.543%
75, 0.421,  80.828%
76, 0.417,  81.036%
77, 0.411,  81.315%
78, 0.416,  81.055%
79, 0.418,  80.921%
80, 0.417,  80.857%
81, 0.425,  80.271%
82, 0.416,  80.915%
83, 0.410,  81.410%
84, 0.415,  81.152%
85, 0.403,  81.806%
86, 0.408,  81.354%
87, 0.408,  81.412%
88, 0.408,  81.630%
89, 0.411,  81.166%
90, 0.400,  81.869%
91, 0.409,  81.541%
92, 0.405,  81.691%
93, 0.404,  81.739%
94, 0.398,  82.077%
95, 0.405,  81.578%
96, 0.401,  82.087%
97, 0.399,  81.810%
98, 0.406,  81.448%
99, 0.403,  81.606%
100, 0.408,  81.388%
101, 0.405,  81.752%
102, 0.394,  82.160%
103, 0.392,  82.459%
104, 0.396,  82.038%
105, 0.393,  82.362%
106, 0.392,  82.253%
107, 0.386,  82.709%
108, 0.389,  82.467%
109, 0.401,  81.721%
110, 0.392,  82.307%
111, 0.393,  82.269%
112, 0.391,  82.535%
113, 0.389,  82.697%
114, 0.396,  82.024%
115, 0.391,  82.541%
116, 0.389,  82.582%
117, 0.379,  83.107%
118, 0.381,  83.012%
119, 0.400,  81.917%
120, 0.385,  82.899%
121, 0.387,  82.669%
122, 0.387,  82.610%
123, 0.389,  82.465%
124, 0.392,  82.107%
125, 0.387,  82.659%
126, 0.392,  82.224%
127, 0.394,  82.111%
128, 0.384,  82.673%
129, 0.384,  82.715%
130, 0.392,  82.303%
131, 0.391,  82.313%
132, 0.383,  82.824%
133, 0.390,  82.313%
134, 0.386,  82.665%
135, 0.376,  83.352%
136, 0.381,  82.970%
137, 0.382,  82.826%
138, 0.381,  82.873%
139, 0.384,  82.648%
140, 0.386,  82.479%
141, 0.380,  82.871%
142, 0.383,  82.655%
143, 0.384,  82.675%
144, 0.383,  82.721%
145, 0.381,  83.020%
146, 0.388,  82.305%
147, 0.374,  83.281%
148, 0.377,  83.093%
149, 0.382,  82.978%
150, 0.378,  83.095%
151, 0.371,  83.420%
152, 0.384,  82.861%
153, 0.374,  83.307%
154, 0.383,  82.691%
155, 0.377,  83.226%
156, 0.365,  83.733%
157, 0.376,  83.166%
158, 0.376,  83.016%
159, 0.378,  83.077%
160, 0.373,  83.444%
161, 0.383,  82.794%
162, 0.379,  83.149%
163, 0.374,  83.152%
164, 0.381,  82.994%
165, 0.377,  83.190%
166, 0.371,  83.451%
167, 0.373,  83.238%
168, 0.374,  83.147%
169, 0.378,  83.053%
170, 0.381,  82.903%
171, 0.373,  83.293%
172, 0.375,  83.317%
173, 0.378,  82.935%
174, 0.371,  83.448%
175, 0.377,  83.123%
176, 0.376,  83.117%
177, 0.375,  83.186%
178, 0.366,  83.802%
179, 0.377,  83.311%
180, 0.371,  83.428%
181, 0.367,  83.691%
182, 0.376,  83.168%
183, 0.379,  82.889%
184, 0.369,  83.432%
185, 0.368,  83.828%
186, 0.375,  83.224%
187, 0.370,  83.473%
188, 0.368,  83.547%
189, 0.369,  83.552%
190, 0.385,  82.727%
191, 0.367,  83.824%
192, 0.373,  83.358%
193, 0.375,  83.246%
194, 0.380,  82.956%
195, 0.361,  83.800%
196, 0.369,  83.541%
197, 0.370,  83.477%
198, 0.374,  83.081%
199, 0.369,  83.552%
200, 0.360,  83.964%
201, 0.365,  83.824%
202, 0.359,  84.188%
203, 0.378,  82.814%
204, 0.361,  83.945%
205, 0.370,  83.636%
206, 0.369,  83.539%
207, 0.374,  83.485%
208, 0.376,  83.152%
209, 0.377,  82.990%
210, 0.370,  83.493%
211, 0.373,  83.418%
212, 0.366,  83.800%
213, 0.359,  84.079%
214, 0.366,  83.717%
215, 0.364,  83.810%
216, 0.368,  83.683%
217, 0.358,  84.257%
218, 0.357,  84.372%
219, 0.363,  83.891%
220, 0.371,  83.622%
221, 0.366,  83.812%
222, 0.357,  84.362%
223, 0.360,  84.057%
224, 0.367,  83.646%
225, 0.366,  83.891%
226, 0.359,  84.164%
227, 0.359,  83.982%
228, 0.371,  83.479%
229, 0.382,  82.661%
230, 0.367,  83.560%
231, 0.366,  83.541%
232, 0.368,  83.762%
233, 0.368,  83.594%
234, 0.371,  83.537%
235, 0.356,  84.305%
236, 0.365,  83.772%
237, 0.365,  83.939%
238, 0.364,  83.834%
239, 0.373,  83.279%
240, 0.367,  83.606%
241, 0.362,  83.846%
242, 0.351,  84.610%
243, 0.372,  83.343%
244, 0.363,  83.885%
245, 0.376,  83.285%
246, 0.371,  83.493%
247, 0.364,  83.893%
248, 0.366,  83.556%
249, 0.366,  83.774%
250, 0.365,  83.927%
251, 0.350,  84.638%
252, 0.354,  84.448%
253, 0.361,  83.749%
254, 0.368,  83.230%
255, 0.363,  83.760%
256, 0.363,  83.820%
257, 0.372,  83.416%
258, 0.358,  84.022%
259, 0.360,  83.925%
260, 0.362,  83.947%
261, 0.360,  83.998%
262, 0.368,  83.430%
263, 0.359,  83.832%
264, 0.363,  83.885%
265, 0.356,  84.267%
266, 0.359,  83.939%
267, 0.372,  83.378%
268, 0.367,  83.723%
269, 0.351,  84.465%
270, 0.362,  83.723%
271, 0.362,  83.978%
272, 0.355,  84.352%
273, 0.360,  83.998%
274, 0.360,  84.188%
275, 0.367,  83.644%
276, 0.357,  84.279%
277, 0.359,  83.962%
278, 0.359,  84.046%
279, 0.349,  84.517%
280, 0.365,  83.659%
281, 0.361,  84.014%
282, 0.356,  84.265%
283, 0.357,  84.388%
284, 0.366,  83.875%
285, 0.357,  84.162%
286, 0.354,  84.202%
287, 0.360,  84.034%
288, 0.360,  83.982%
289, 0.353,  84.420%
290, 0.356,  84.251%
291, 0.361,  83.683%
292, 0.361,  83.988%
293, 0.362,  83.941%
294, 0.360,  84.143%
295, 0.361,  84.101%
296, 0.355,  84.442%
297, 0.355,  84.198%
298, 0.348,  84.673%
299, 0.350,  84.358%
300, 0.367,  83.549%
301, 0.355,  84.428%
302, 0.355,  84.392%
303, 0.361,  83.986%
304, 0.358,  84.325%
305, 0.364,  83.818%
306, 0.353,  84.358%
307, 0.362,  83.907%
308, 0.354,  84.467%
309, 0.357,  84.182%
310, 0.361,  83.929%
311, 0.375,  83.293%
312, 0.355,  84.160%
313, 0.360,  83.962%
314, 0.359,  83.913%
315, 0.347,  84.679%
316, 0.356,  84.220%
317, 0.362,  83.998%
318, 0.361,  84.034%
319, 0.358,  84.190%
320, 0.348,  84.535%
321, 0.357,  84.069%
322, 0.357,  84.034%
323, 0.353,  84.382%
324, 0.340,  85.020%
325, 0.364,  83.737%
326, 0.349,  84.618%
327, 0.370,  83.420%
328, 0.356,  84.147%
329, 0.353,  84.402%
330, 0.358,  84.103%
331, 0.353,  84.503%
332, 0.349,  84.513%
333, 0.359,  84.133%
334, 0.356,  84.261%
335, 0.361,  84.030%
336, 0.359,  83.826%
337, 0.358,  84.238%
338, 0.341,  85.036%
339, 0.351,  84.529%
340, 0.359,  84.224%
341, 0.358,  84.277%
342, 0.364,  83.778%
343, 0.346,  84.891%
344, 0.356,  84.194%
345, 0.350,  84.653%
346, 0.346,  84.693%
347, 0.355,  84.275%
348, 0.365,  83.782%
349, 0.356,  84.307%
350, 0.344,  84.897%
351, 0.366,  83.636%
352, 0.360,  84.000%
353, 0.359,  84.127%
354, 0.358,  84.075%
355, 0.355,  84.315%
356, 0.356,  84.372%
357, 0.351,  84.481%
358, 0.350,  84.517%
359, 0.363,  83.832%
360, 0.350,  84.598%
361, 0.355,  84.016%
362, 0.348,  84.632%
363, 0.354,  84.390%
364, 0.353,  84.325%
365, 0.352,  84.442%
366, 0.364,  83.630%
367, 0.356,  84.115%
368, 0.340,  85.091%
369, 0.353,  84.422%
370, 0.341,  84.968%
371, 0.359,  83.911%
372, 0.359,  83.998%
373, 0.346,  84.770%
374, 0.353,  84.360%
375, 0.354,  84.360%
376, 0.349,  84.620%
377, 0.351,  84.663%
378, 0.349,  84.612%
379, 0.342,  84.962%
380, 0.349,  84.554%
381, 0.357,  84.149%
382, 0.352,  84.477%
383, 0.353,  84.329%
384, 0.351,  84.648%
385, 0.351,  84.418%
386, 0.353,  84.307%
387, 0.358,  83.901%
388, 0.342,  85.103%
389, 0.353,  84.446%
390, 0.354,  84.418%
391, 0.355,  84.236%
392, 0.349,  84.646%
393, 0.348,  84.768%
394, 0.342,  84.925%
395, 0.347,  84.782%
396, 0.346,  84.741%
397, 0.362,  83.673%
398, 0.356,  84.121%
399, 0.349,  84.677%
400, 0.346,  84.703%
401, 0.353,  84.511%
402, 0.353,  84.277%
403, 0.356,  84.103%
404, 0.347,  84.636%
405, 0.367,  83.653%
406, 0.360,  83.913%
407, 0.348,  84.792%
408, 0.351,  84.511%
409, 0.345,  84.790%
410, 0.358,  84.287%
411, 0.338,  85.281%
412, 0.357,  84.226%
413, 0.342,  84.802%
414, 0.354,  84.319%
415, 0.352,  84.451%
416, 0.334,  85.333%
417, 0.348,  84.560%
418, 0.345,  84.877%
419, 0.359,  84.028%
420, 0.342,  85.018%
421, 0.358,  84.016%
422, 0.345,  84.915%
423, 0.346,  84.804%
424, 0.344,  84.851%
425, 0.346,  84.697%
426, 0.344,  84.818%
427, 0.350,  84.505%
428, 0.347,  84.513%
429, 0.353,  84.400%
430, 0.356,  84.246%
431, 0.348,  84.628%
432, 0.355,  84.339%
433, 0.354,  84.402%
434, 0.336,  85.297%
435, 0.344,  84.901%
436, 0.352,  84.392%
437, 0.348,  84.657%
438, 0.337,  85.327%
439, 0.351,  84.562%
440, 0.347,  84.733%
441, 0.344,  84.806%
442, 0.348,  84.800%
443, 0.349,  84.556%
444, 0.346,  84.774%
445, 0.334,  85.420%
446, 0.343,  85.139%
447, 0.348,  84.671%
448, 0.355,  84.455%
449, 0.347,  84.614%
450, 0.346,  84.925%
451, 0.352,  84.461%
452, 0.348,  84.543%
453, 0.344,  84.945%
454, 0.334,  85.440%
455, 0.351,  84.576%
456, 0.347,  84.549%
457, 0.347,  84.713%
458, 0.352,  84.576%
459, 0.348,  84.487%
460, 0.350,  84.495%
461, 0.353,  84.444%
462, 0.346,  84.715%
463, 0.340,  85.016%
464, 0.351,  84.366%
465, 0.344,  84.966%
466, 0.355,  84.345%
467, 0.353,  84.238%
468, 0.341,  85.000%
469, 0.352,  84.333%
470, 0.349,  84.642%
471, 0.356,  84.101%
472, 0.345,  84.798%
473, 0.344,  84.891%
474, 0.338,  85.160%
475, 0.345,  84.871%
476, 0.352,  84.418%
477, 0.342,  84.903%
478, 0.348,  84.624%
479, 0.341,  84.828%
480, 0.344,  84.743%
481, 0.353,  84.313%
482, 0.342,  84.909%
483, 0.345,  84.745%
484, 0.344,  84.784%
485, 0.345,  84.818%
486, 0.336,  85.343%
487, 0.339,  85.095%
488, 0.348,  84.576%
489, 0.347,  84.739%
490, 0.345,  84.816%
491, 0.345,  84.901%
492, 0.354,  84.214%
493, 0.353,  84.321%
494, 0.348,  84.764%
495, 0.345,  84.871%
496, 0.348,  84.515%
497, 0.343,  84.832%
498, 0.339,  85.020%
499, 0.359,  83.958%
500, 0.337,  85.141%
501, 0.353,  84.319%
502, 0.348,  84.693%
503, 0.347,  84.644%
504, 0.335,  85.475%
505, 0.342,  84.956%
506, 0.343,  84.968%
507, 0.357,  83.954%
508, 0.346,  84.691%
509, 0.360,  83.802%
510, 0.352,  84.255%
511, 0.345,  84.842%
512, 0.340,  85.168%
513, 0.348,  84.794%
514, 0.348,  84.590%
515, 0.350,  84.339%
516, 0.333,  85.446%
517, 0.345,  84.848%
518, 0.353,  84.386%
519, 0.350,  84.428%
520, 0.341,  84.980%
521, 0.340,  85.147%
522, 0.344,  84.929%
523, 0.345,  84.776%
524, 0.339,  85.210%
525, 0.341,  84.816%
526, 0.348,  84.493%
527, 0.343,  85.028%
528, 0.340,  85.038%
529, 0.339,  85.263%
530, 0.345,  84.745%
531, 0.353,  84.408%
532, 0.344,  84.749%
533, 0.338,  85.305%
534, 0.347,  84.683%
535, 0.348,  84.467%
536, 0.338,  85.097%
537, 0.350,  84.582%
538, 0.343,  84.867%
539, 0.339,  85.115%
540, 0.348,  84.638%
541, 0.339,  84.958%
542, 0.343,  84.869%
543, 0.339,  85.160%
544, 0.347,  84.792%
545, 0.349,  84.578%
546, 0.349,  84.675%
547, 0.340,  85.158%
548, 0.345,  84.812%
549, 0.337,  85.234%
550, 0.351,  84.479%
551, 0.336,  85.224%
552, 0.331,  85.410%
553, 0.329,  85.578%
554, 0.345,  84.697%
555, 0.337,  85.174%
556, 0.339,  85.103%
557, 0.346,  84.814%
558, 0.337,  85.232%
559, 0.342,  85.044%
560, 0.344,  84.853%
561, 0.343,  84.840%
562, 0.347,  84.529%
563, 0.341,  85.016%
564, 0.341,  84.844%
565, 0.343,  84.893%
566, 0.341,  84.990%
567, 0.337,  85.305%
568, 0.343,  84.796%
569, 0.339,  84.883%
570, 0.343,  85.046%
571, 0.344,  84.907%
572, 0.348,  84.570%
573, 0.347,  84.586%
574, 0.337,  85.291%
575, 0.337,  85.246%
576, 0.339,  85.010%
577, 0.341,  84.806%
578, 0.347,  84.691%
579, 0.349,  84.586%
580, 0.343,  84.947%
581, 0.343,  84.905%
582, 0.341,  84.996%
583, 0.352,  84.491%
584, 0.333,  85.535%
585, 0.338,  85.139%
586, 0.343,  84.828%
587, 0.341,  84.992%
588, 0.341,  84.923%
589, 0.337,  85.253%
590, 0.349,  84.465%
591, 0.346,  84.541%
592, 0.351,  84.378%
593, 0.332,  85.471%
594, 0.339,  85.091%
595, 0.344,  84.762%
596, 0.347,  84.634%
597, 0.345,  84.818%
598, 0.338,  85.046%
599, 0.341,  85.164%
600, 0.344,  84.814%
601, 0.342,  84.927%
602, 0.340,  85.085%
603, 0.348,  84.582%
604, 0.343,  84.663%
605, 0.340,  84.881%
606, 0.343,  84.721%
607, 0.347,  84.826%
608, 0.348,  84.659%
609, 0.343,  84.998%
610, 0.341,  84.808%
611, 0.348,  84.564%
612, 0.348,  84.733%
613, 0.330,  85.626%
614, 0.344,  84.903%
615, 0.347,  84.667%
616, 0.352,  84.473%
617, 0.341,  85.032%
618, 0.335,  85.537%
619, 0.346,  84.574%
620, 0.339,  85.279%
621, 0.338,  85.137%
622, 0.337,  85.162%
623, 0.348,  84.457%
624, 0.337,  85.196%
625, 0.349,  84.453%
626, 0.338,  85.263%
627, 0.341,  84.832%
628, 0.342,  84.764%
629, 0.340,  85.059%
630, 0.338,  85.156%
631, 0.340,  84.782%
632, 0.337,  85.335%
633, 0.338,  85.273%
634, 0.344,  84.887%
635, 0.344,  85.055%
636, 0.340,  84.976%
637, 0.344,  84.838%
638, 0.341,  85.103%
639, 0.350,  84.709%
640, 0.341,  84.881%
641, 0.348,  84.848%
642, 0.337,  85.111%
643, 0.348,  84.554%
644, 0.347,  84.859%
645, 0.328,  85.529%
646, 0.337,  85.299%
647, 0.329,  85.634%
648, 0.341,  84.935%
649, 0.335,  85.358%
650, 0.347,  84.889%
651, 0.341,  84.988%
652, 0.344,  84.877%
653, 0.333,  85.497%
654, 0.334,  85.230%
655, 0.344,  84.937%
656, 0.346,  84.505%
657, 0.341,  84.972%
658, 0.343,  84.764%
659, 0.345,  84.630%
660, 0.349,  84.487%
661, 0.343,  84.780%
662, 0.346,  84.788%
663, 0.343,  84.756%
664, 0.341,  85.024%
665, 0.346,  84.717%
666, 0.337,  85.186%
667, 0.339,  85.012%
668, 0.339,  85.145%
669, 0.327,  85.717%
670, 0.343,  85.069%
671, 0.333,  85.358%
672, 0.341,  85.067%
673, 0.347,  84.798%
674, 0.344,  84.867%
675, 0.330,  85.592%
676, 0.342,  85.119%
677, 0.334,  85.537%
678, 0.339,  84.956%
679, 0.341,  84.917%
680, 0.344,  84.826%
681, 0.340,  85.139%
682, 0.333,  85.327%
683, 0.341,  84.923%
684, 0.337,  85.194%
685, 0.331,  85.509%
686, 0.336,  85.323%
687, 0.334,  85.285%
688, 0.332,  85.507%
689, 0.341,  84.956%
690, 0.330,  85.673%
691, 0.339,  85.073%
692, 0.336,  85.400%
693, 0.348,  84.347%
694, 0.343,  84.917%
695, 0.344,  84.931%
696, 0.344,  84.796%
697, 0.333,  85.453%
698, 0.332,  85.259%
699, 0.328,  85.483%
700, 0.336,  85.206%
701, 0.337,  85.218%
702, 0.334,  85.412%
703, 0.344,  84.774%
704, 0.334,  85.364%
705, 0.348,  84.677%
706, 0.351,  84.315%
707, 0.336,  85.263%
708, 0.339,  85.154%
709, 0.334,  85.364%
710, 0.347,  84.531%
711, 0.338,  85.255%
712, 0.340,  85.125%
713, 0.336,  85.204%
714, 0.342,  85.085%
715, 0.350,  84.372%
716, 0.338,  85.200%
717, 0.343,  84.978%
718, 0.334,  85.465%
719, 0.338,  85.279%
720, 0.341,  84.905%
721, 0.343,  84.848%
722, 0.343,  84.887%
723, 0.340,  85.149%
724, 0.331,  85.467%
725, 0.329,  85.717%
726, 0.336,  85.337%
727, 0.344,  84.776%
728, 0.327,  85.804%
729, 0.332,  85.364%
730, 0.339,  85.119%
731, 0.332,  85.430%
732, 0.344,  84.743%
733, 0.337,  85.014%
734, 0.341,  84.986%
735, 0.349,  84.671%
736, 0.339,  85.160%
737, 0.335,  85.319%
738, 0.332,  85.578%
739, 0.332,  85.232%
740, 0.329,  85.630%
741, 0.342,  84.913%
742, 0.343,  84.895%
743, 0.339,  85.091%
744, 0.339,  85.040%
745, 0.342,  85.032%
746, 0.333,  85.448%
747, 0.326,  85.796%
748, 0.323,  86.065%
749, 0.347,  84.620%
750, 0.346,  84.828%
751, 0.336,  85.299%
752, 0.334,  85.297%
753, 0.344,  84.875%
754, 0.339,  85.178%
755, 0.345,  84.729%
756, 0.334,  85.368%
757, 0.326,  85.646%
758, 0.351,  84.410%
759, 0.341,  84.998%
760, 0.336,  85.303%
761, 0.340,  85.087%
762, 0.341,  84.887%
763, 0.340,  85.081%
764, 0.348,  84.580%
765, 0.336,  85.307%
766, 0.336,  85.378%
767, 0.339,  85.073%
768, 0.334,  85.448%
769, 0.337,  85.162%
770, 0.335,  85.220%
771, 0.342,  84.790%
772, 0.338,  85.065%
773, 0.334,  85.325%
774, 0.337,  85.416%
775, 0.330,  85.531%
776, 0.342,  84.986%
777, 0.338,  85.008%
778, 0.341,  84.846%
779, 0.338,  85.147%
780, 0.338,  85.028%
781, 0.334,  85.412%
782, 0.334,  85.432%
783, 0.337,  85.075%
784, 0.342,  85.016%
785, 0.340,  85.063%
786, 0.344,  84.788%
787, 0.338,  85.091%
788, 0.339,  85.105%
789, 0.338,  85.158%
790, 0.338,  85.194%
791, 0.343,  84.838%
792, 0.334,  85.186%
793, 0.338,  85.240%
794, 0.333,  85.529%
795, 0.344,  84.897%
796, 0.338,  85.186%
797, 0.334,  85.273%
798, 0.340,  84.990%
799, 0.338,  85.214%
800, 0.341,  84.980%
801, 0.337,  85.214%
802, 0.349,  84.451%
803, 0.335,  85.384%
804, 0.333,  85.216%
805, 0.337,  85.127%
806, 0.343,  84.798%
807, 0.346,  84.626%
808, 0.337,  85.283%
809, 0.332,  85.523%
810, 0.340,  85.123%
811, 0.338,  85.166%
812, 0.340,  84.990%
813, 0.338,  85.141%
814, 0.337,  85.198%
815, 0.341,  84.964%
816, 0.338,  85.158%
817, 0.338,  85.198%
818, 0.345,  85.008%
819, 0.343,  84.907%
820, 0.334,  85.451%
821, 0.326,  85.893%
822, 0.337,  85.030%
823, 0.332,  85.483%
824, 0.340,  84.889%
825, 0.343,  84.762%
826, 0.341,  84.966%
827, 0.335,  85.269%
828, 0.338,  85.210%
829, 0.337,  85.069%
830, 0.340,  84.911%
831, 0.334,  85.396%
832, 0.330,  85.533%
833, 0.335,  85.180%
834, 0.335,  85.265%
835, 0.339,  85.170%
836, 0.339,  85.083%
837, 0.343,  84.879%
838, 0.340,  85.016%
839, 0.337,  85.115%
840, 0.336,  85.004%
841, 0.329,  85.564%
842, 0.334,  85.424%
843, 0.343,  84.814%
844, 0.333,  85.168%
845, 0.342,  85.010%
846, 0.336,  85.335%
847, 0.341,  84.857%
848, 0.338,  85.117%
849, 0.342,  84.958%
850, 0.332,  85.356%
851, 0.335,  85.271%
852, 0.333,  85.226%
853, 0.340,  85.133%
854, 0.332,  85.293%
855, 0.337,  85.127%
856, 0.339,  84.933%
857, 0.339,  85.044%
858, 0.336,  85.212%
859, 0.336,  85.172%
860, 0.336,  85.358%
861, 0.337,  85.255%
862, 0.350,  84.659%
863, 0.334,  85.160%
864, 0.326,  85.941%
865, 0.334,  85.356%
866, 0.336,  85.257%
867, 0.332,  85.220%
868, 0.334,  85.368%
869, 0.344,  84.632%
870, 0.337,  85.158%
871, 0.339,  85.186%
872, 0.332,  85.558%
873, 0.339,  85.125%
874, 0.336,  85.259%
875, 0.337,  85.287%
876, 0.340,  85.147%
877, 0.337,  85.234%
878, 0.331,  85.477%
879, 0.332,  85.473%
880, 0.329,  85.513%
881, 0.337,  85.257%
882, 0.333,  85.471%
883, 0.328,  85.780%
884, 0.341,  84.960%
885, 0.333,  85.362%
886, 0.339,  85.170%
887, 0.333,  85.446%
888, 0.330,  85.659%
889, 0.334,  85.212%
890, 0.344,  84.859%
891, 0.333,  85.420%
892, 0.331,  85.356%
893, 0.339,  85.030%
894, 0.334,  85.236%
895, 0.330,  85.479%
896, 0.336,  85.352%
897, 0.325,  85.925%
898, 0.336,  85.117%
899, 0.341,  84.958%
900, 0.341,  84.992%
901, 0.339,  85.240%
902, 0.330,  85.580%
903, 0.335,  85.356%
904, 0.341,  85.174%
905, 0.337,  85.105%
906, 0.334,  85.562%
907, 0.337,  85.208%
908, 0.335,  85.184%
909, 0.331,  85.475%
910, 0.338,  85.382%
911, 0.332,  85.410%
912, 0.331,  85.634%
913, 0.333,  85.416%
914, 0.337,  85.263%
915, 0.340,  84.927%
916, 0.337,  85.174%
917, 0.331,  85.616%
918, 0.334,  85.457%
919, 0.339,  85.046%
920, 0.341,  84.883%
921, 0.333,  85.224%
922, 0.335,  85.285%
923, 0.330,  85.473%
924, 0.334,  85.261%
925, 0.325,  85.947%
926, 0.333,  85.541%
927, 0.337,  85.119%
928, 0.338,  85.307%
929, 0.334,  85.265%
930, 0.334,  85.477%
931, 0.333,  85.614%
932, 0.321,  86.044%
933, 0.332,  85.646%
934, 0.331,  85.529%
935, 0.334,  85.414%
936, 0.339,  85.105%
937, 0.341,  84.976%
938, 0.328,  85.826%
939, 0.332,  85.533%
940, 0.338,  85.057%
941, 0.340,  84.933%
942, 0.337,  85.244%
943, 0.330,  85.543%
944, 0.329,  85.396%
945, 0.327,  85.705%
946, 0.329,  85.582%
947, 0.337,  85.160%
948, 0.334,  85.222%
949, 0.340,  85.095%
950, 0.338,  85.061%
951, 0.333,  85.212%
952, 0.329,  85.283%
953, 0.337,  85.263%
954, 0.332,  85.519%
955, 0.335,  85.404%
956, 0.335,  85.505%
957, 0.336,  85.469%
958, 0.339,  84.990%
959, 0.335,  85.341%
960, 0.331,  85.473%
961, 0.342,  84.992%
962, 0.328,  85.616%
963, 0.336,  85.210%
964, 0.334,  85.376%
965, 0.340,  85.101%
966, 0.334,  85.392%
967, 0.337,  85.289%
968, 0.336,  85.218%
969, 0.331,  85.446%
970, 0.334,  85.232%
971, 0.335,  85.291%
972, 0.331,  85.428%
973, 0.340,  85.046%
974, 0.342,  85.006%
975, 0.330,  85.444%
976, 0.338,  84.956%
977, 0.323,  85.974%
978, 0.322,  85.941%
979, 0.351,  84.283%
980, 0.341,  85.010%
981, 0.328,  85.731%
982, 0.335,  85.135%
983, 0.338,  85.083%
984, 0.325,  85.776%
985, 0.332,  85.499%
986, 0.328,  85.711%
987, 0.336,  85.297%
988, 0.335,  85.432%
989, 0.334,  85.428%
990, 0.336,  85.139%
991, 0.337,  85.099%
992, 0.334,  85.485%
993, 0.335,  85.426%
994, 0.336,  85.063%
995, 0.327,  85.592%
996, 0.342,  84.917%
997, 0.348,  84.509%
998, 0.333,  85.386%
999, 0.330,  85.509%
