Epoch, Loss, Acc
0, 0.706,  51.204%
1, 0.679,  55.228%
2, 0.671,  56.719%
3, 0.660,  59.323%
4, 0.648,  61.962%
5, 0.641,  63.004%
6, 0.631,  63.964%
7, 0.628,  64.657%
8, 0.621,  65.180%
9, 0.616,  65.368%
10, 0.608,  66.760%
11, 0.603,  67.166%
12, 0.599,  67.141%
13, 0.590,  68.709%
14, 0.589,  68.317%
15, 0.580,  69.644%
16, 0.578,  69.679%
17, 0.572,  70.000%
18, 0.567,  70.436%
19, 0.562,  70.863%
20, 0.558,  71.325%
21, 0.555,  71.848%
22, 0.552,  72.081%
23, 0.542,  72.774%
24, 0.542,  72.661%
25, 0.536,  73.309%
26, 0.533,  73.428%
27, 0.532,  73.339%
28, 0.531,  73.378%
29, 0.526,  73.800%
30, 0.515,  74.412%
31, 0.517,  74.356%
32, 0.516,  74.733%
33, 0.509,  74.636%
34, 0.508,  75.059%
35, 0.504,  75.434%
36, 0.498,  75.812%
37, 0.499,  75.608%
38, 0.494,  76.046%
39, 0.490,  76.251%
40, 0.486,  76.752%
41, 0.484,  76.883%
42, 0.483,  76.774%
43, 0.482,  76.893%
44, 0.473,  77.479%
45, 0.473,  77.497%
46, 0.468,  77.756%
47, 0.469,  77.758%
48, 0.465,  78.174%
49, 0.468,  78.129%
50, 0.464,  78.265%
51, 0.458,  78.731%
52, 0.453,  79.063%
53, 0.453,  78.810%
54, 0.454,  78.721%
55, 0.443,  79.592%
56, 0.451,  79.149%
57, 0.442,  79.578%
58, 0.442,  79.624%
59, 0.444,  79.719%
60, 0.437,  79.844%
61, 0.439,  79.689%
62, 0.434,  80.210%
63, 0.442,  79.224%
64, 0.435,  79.756%
65, 0.433,  80.083%
66, 0.426,  80.463%
67, 0.432,  80.206%
68, 0.426,  80.372%
69, 0.416,  81.111%
70, 0.421,  80.867%
71, 0.414,  81.145%
72, 0.413,  81.339%
73, 0.431,  80.012%
74, 0.422,  80.572%
75, 0.414,  81.000%
76, 0.415,  80.952%
77, 0.417,  81.095%
78, 0.417,  80.822%
79, 0.418,  80.964%
80, 0.411,  81.206%
81, 0.403,  81.895%
82, 0.406,  81.838%
83, 0.408,  81.246%
84, 0.394,  82.244%
85, 0.409,  81.329%
86, 0.402,  81.636%
87, 0.409,  81.305%
88, 0.406,  81.463%
89, 0.402,  81.628%
90, 0.400,  81.883%
91, 0.400,  81.798%
92, 0.414,  81.141%
93, 0.392,  82.622%
94, 0.389,  82.646%
95, 0.402,  81.675%
96, 0.398,  81.964%
97, 0.399,  81.974%
98, 0.399,  81.889%
99, 0.395,  82.291%
100, 0.403,  81.869%
101, 0.391,  82.301%
102, 0.390,  82.495%
103, 0.390,  82.572%
104, 0.395,  82.259%
105, 0.392,  82.160%
106, 0.396,  82.042%
107, 0.395,  82.036%
108, 0.390,  82.501%
109, 0.391,  82.434%
110, 0.400,  81.762%
111, 0.381,  83.127%
112, 0.390,  82.442%
113, 0.390,  82.430%
114, 0.389,  82.422%
115, 0.390,  82.251%
116, 0.396,  81.966%
117, 0.395,  82.246%
118, 0.389,  82.539%
119, 0.387,  82.584%
120, 0.386,  82.772%
121, 0.378,  83.089%
122, 0.384,  82.933%
123, 0.394,  82.139%
124, 0.388,  82.422%
125, 0.379,  83.038%
126, 0.390,  82.469%
127, 0.375,  83.295%
128, 0.378,  83.018%
129, 0.387,  82.434%
130, 0.391,  82.329%
131, 0.387,  82.618%
132, 0.383,  82.816%
133, 0.374,  83.424%
134, 0.388,  82.489%
135, 0.379,  83.149%
136, 0.392,  82.345%
137, 0.386,  82.390%
138, 0.376,  83.257%
139, 0.376,  83.216%
140, 0.382,  82.838%
141, 0.378,  83.164%
142, 0.384,  82.665%
143, 0.372,  83.394%
144, 0.379,  83.095%
145, 0.379,  82.859%
146, 0.380,  83.008%
147, 0.381,  82.859%
148, 0.376,  83.141%
149, 0.361,  84.156%
150, 0.377,  83.293%
151, 0.377,  83.121%
152, 0.379,  82.913%
153, 0.375,  83.287%
154, 0.380,  83.051%
155, 0.374,  83.289%
156, 0.382,  82.891%
157, 0.385,  82.644%
158, 0.368,  83.806%
159, 0.374,  83.368%
160, 0.371,  83.628%
161, 0.382,  82.752%
162, 0.381,  82.749%
163, 0.375,  83.301%
164, 0.368,  83.537%
165, 0.370,  83.410%
166, 0.364,  84.026%
167, 0.365,  83.824%
168, 0.373,  83.386%
169, 0.369,  83.554%
170, 0.372,  83.368%
171, 0.373,  83.273%
172, 0.373,  83.293%
173, 0.382,  82.780%
174, 0.369,  83.455%
175, 0.372,  83.394%
176, 0.373,  83.347%
177, 0.380,  82.929%
178, 0.373,  83.333%
179, 0.378,  83.030%
180, 0.368,  83.556%
181, 0.371,  83.372%
182, 0.374,  83.220%
183, 0.374,  83.388%
184, 0.366,  83.640%
185, 0.367,  83.446%
186, 0.364,  83.838%
187, 0.375,  83.067%
188, 0.377,  83.044%
189, 0.373,  83.372%
190, 0.360,  84.085%
191, 0.364,  84.028%
192, 0.370,  83.356%
193, 0.371,  83.354%
194, 0.372,  83.287%
195, 0.367,  83.661%
196, 0.374,  83.352%
197, 0.366,  83.796%
198, 0.359,  84.194%
199, 0.369,  83.513%
200, 0.368,  83.499%
201, 0.375,  83.182%
202, 0.371,  83.404%
203, 0.365,  83.717%
204, 0.368,  83.687%
205, 0.358,  84.034%
206, 0.384,  82.806%
207, 0.365,  83.810%
208, 0.365,  83.865%
209, 0.357,  84.071%
210, 0.357,  84.026%
211, 0.359,  84.044%
212, 0.366,  83.784%
213, 0.368,  83.749%
214, 0.369,  83.418%
215, 0.362,  83.905%
216, 0.358,  84.248%
217, 0.368,  83.774%
218, 0.363,  83.889%
219, 0.358,  84.014%
220, 0.372,  83.291%
221, 0.360,  83.842%
222, 0.362,  83.903%
223, 0.362,  83.964%
224, 0.377,  83.172%
225, 0.371,  83.398%
226, 0.363,  83.867%
227, 0.357,  84.184%
228, 0.359,  84.178%
229, 0.370,  83.386%
230, 0.367,  83.521%
231, 0.366,  83.620%
232, 0.367,  83.493%
233, 0.361,  83.939%
234, 0.357,  84.135%
235, 0.358,  83.980%
236, 0.356,  84.244%
237, 0.368,  83.543%
238, 0.362,  83.830%
239, 0.367,  83.711%
240, 0.368,  83.487%
241, 0.367,  83.594%
242, 0.350,  84.586%
243, 0.354,  84.465%
244, 0.371,  83.370%
245, 0.356,  84.313%
246, 0.363,  83.915%
247, 0.373,  83.204%
248, 0.358,  84.127%
249, 0.365,  83.749%
250, 0.355,  84.352%
251, 0.360,  83.992%
252, 0.361,  84.061%
253, 0.356,  84.255%
254, 0.368,  83.556%
255, 0.356,  84.317%
256, 0.359,  83.984%
257, 0.362,  83.947%
258, 0.366,  83.754%
259, 0.350,  84.570%
260, 0.353,  84.491%
261, 0.366,  83.638%
262, 0.353,  84.244%
263, 0.357,  84.032%
264, 0.362,  84.127%
265, 0.359,  83.899%
266, 0.361,  83.857%
267, 0.351,  84.251%
268, 0.358,  84.075%
269, 0.360,  84.032%
270, 0.357,  84.107%
271, 0.346,  84.612%
272, 0.361,  84.075%
273, 0.359,  84.044%
274, 0.359,  84.174%
275, 0.358,  84.156%
276, 0.361,  83.844%
277, 0.359,  84.034%
278, 0.360,  84.111%
279, 0.360,  83.956%
280, 0.349,  84.657%
281, 0.365,  83.802%
282, 0.356,  84.147%
283, 0.350,  84.343%
284, 0.363,  83.917%
285, 0.353,  84.392%
286, 0.361,  83.968%
287, 0.356,  84.224%
288, 0.361,  84.020%
289, 0.347,  84.972%
290, 0.347,  84.695%
291, 0.361,  84.162%
292, 0.353,  84.325%
293, 0.357,  84.149%
294, 0.359,  84.067%
295, 0.351,  84.473%
296, 0.348,  84.469%
297, 0.351,  84.390%
298, 0.343,  84.848%
299, 0.357,  84.141%
300, 0.358,  84.105%
301, 0.362,  83.859%
302, 0.349,  84.806%
303, 0.358,  84.107%
304, 0.355,  84.208%
305, 0.358,  84.137%
306, 0.348,  84.695%
307, 0.352,  84.416%
308, 0.346,  84.741%
309, 0.362,  83.861%
310, 0.354,  84.424%
311, 0.358,  84.095%
312, 0.359,  84.131%
313, 0.360,  83.889%
314, 0.364,  83.677%
315, 0.354,  84.178%
316, 0.352,  84.529%
317, 0.354,  84.283%
318, 0.357,  84.164%
319, 0.353,  84.253%
320, 0.360,  84.036%
321, 0.346,  84.871%
322, 0.363,  83.889%
323, 0.357,  84.178%
324, 0.348,  84.925%
325, 0.367,  83.572%
326, 0.360,  83.968%
327, 0.354,  84.232%
328, 0.360,  83.897%
329, 0.352,  84.549%
330, 0.353,  84.297%
331, 0.349,  84.634%
332, 0.365,  83.826%
333, 0.353,  84.360%
334, 0.354,  84.299%
335, 0.356,  84.398%
336, 0.356,  84.204%
337, 0.344,  84.954%
338, 0.349,  84.596%
339, 0.364,  83.974%
340, 0.359,  83.879%
341, 0.355,  83.994%
342, 0.349,  84.521%
343, 0.336,  85.279%
344, 0.351,  84.535%
345, 0.358,  84.277%
346, 0.350,  84.616%
347, 0.349,  84.671%
348, 0.363,  83.895%
349, 0.348,  84.669%
350, 0.345,  84.937%
351, 0.352,  84.283%
352, 0.345,  84.895%
353, 0.354,  84.378%
354, 0.344,  84.921%
355, 0.351,  84.446%
356, 0.345,  84.745%
357, 0.353,  84.374%
358, 0.349,  84.646%
359, 0.348,  84.693%
360, 0.351,  84.523%
361, 0.340,  85.101%
362, 0.352,  84.477%
363, 0.362,  84.030%
364, 0.352,  84.552%
365, 0.353,  84.436%
366, 0.353,  84.370%
367, 0.358,  84.053%
368, 0.355,  84.251%
369, 0.355,  84.196%
370, 0.343,  84.952%
371, 0.352,  84.347%
372, 0.336,  85.384%
373, 0.357,  84.182%
374, 0.358,  83.935%
375, 0.354,  84.323%
376, 0.342,  84.881%
377, 0.344,  84.857%
378, 0.352,  84.317%
379, 0.350,  84.537%
380, 0.352,  84.558%
381, 0.358,  84.176%
382, 0.357,  84.430%
383, 0.355,  84.246%
384, 0.346,  84.576%
385, 0.349,  84.604%
386, 0.345,  84.840%
387, 0.343,  85.113%
388, 0.344,  84.905%
389, 0.346,  84.667%
390, 0.361,  83.867%
391, 0.343,  84.838%
392, 0.337,  85.295%
393, 0.348,  84.719%
394, 0.347,  84.661%
395, 0.346,  84.796%
396, 0.352,  84.418%
397, 0.347,  84.729%
398, 0.354,  84.469%
399, 0.346,  84.875%
400, 0.349,  84.364%
401, 0.350,  84.436%
402, 0.351,  84.426%
403, 0.353,  84.390%
404, 0.348,  84.628%
405, 0.346,  84.721%
406, 0.349,  84.812%
407, 0.356,  84.283%
408, 0.341,  85.042%
409, 0.347,  84.596%
410, 0.351,  84.533%
411, 0.353,  84.418%
412, 0.343,  84.788%
413, 0.349,  84.739%
414, 0.349,  84.507%
415, 0.352,  84.614%
416, 0.349,  84.541%
417, 0.344,  84.762%
418, 0.347,  84.489%
419, 0.356,  84.242%
420, 0.357,  84.311%
421, 0.348,  84.604%
422, 0.349,  84.543%
423, 0.348,  84.715%
424, 0.347,  84.715%
425, 0.354,  84.218%
426, 0.345,  84.727%
427, 0.350,  84.509%
428, 0.352,  84.337%
429, 0.350,  84.317%
430, 0.344,  84.766%
431, 0.352,  84.386%
432, 0.350,  84.469%
433, 0.339,  85.259%
434, 0.347,  84.673%
435, 0.342,  85.119%
436, 0.359,  84.119%
437, 0.344,  84.804%
438, 0.348,  84.741%
439, 0.339,  85.048%
440, 0.341,  85.234%
441, 0.352,  84.232%
442, 0.351,  84.505%
443, 0.350,  84.489%
444, 0.341,  85.101%
445, 0.348,  84.549%
446, 0.337,  85.240%
447, 0.344,  84.863%
448, 0.337,  85.204%
449, 0.356,  84.212%
450, 0.337,  85.281%
451, 0.346,  84.834%
452, 0.347,  84.655%
453, 0.342,  84.891%
454, 0.343,  84.875%
455, 0.344,  84.810%
456, 0.341,  84.980%
457, 0.349,  84.711%
458, 0.338,  85.149%
459, 0.359,  84.133%
460, 0.348,  84.697%
461, 0.352,  84.311%
462, 0.342,  84.857%
463, 0.340,  85.061%
464, 0.344,  84.832%
465, 0.347,  84.655%
466, 0.340,  84.984%
467, 0.346,  84.590%
468, 0.337,  85.285%
469, 0.351,  84.442%
470, 0.343,  84.784%
471, 0.341,  85.119%
472, 0.351,  84.465%
473, 0.344,  84.879%
474, 0.348,  84.535%
475, 0.341,  84.893%
476, 0.344,  84.836%
477, 0.334,  85.424%
478, 0.345,  84.717%
479, 0.344,  84.646%
480, 0.348,  84.475%
481, 0.356,  83.954%
482, 0.340,  85.063%
483, 0.334,  85.362%
484, 0.339,  85.121%
485, 0.341,  85.113%
486, 0.343,  84.810%
487, 0.344,  84.836%
488, 0.340,  85.208%
489, 0.342,  84.875%
490, 0.344,  84.915%
491, 0.352,  84.495%
492, 0.347,  84.752%
493, 0.346,  84.634%
494, 0.344,  84.630%
495, 0.345,  84.749%
496, 0.345,  84.806%
497, 0.350,  84.545%
498, 0.341,  84.990%
499, 0.340,  85.053%
500, 0.339,  85.115%
501, 0.348,  84.606%
502, 0.339,  85.248%
503, 0.349,  84.499%
504, 0.349,  84.358%
505, 0.328,  85.828%
506, 0.332,  85.523%
507, 0.342,  84.756%
508, 0.350,  84.422%
509, 0.349,  84.600%
510, 0.348,  84.588%
511, 0.338,  85.006%
512, 0.351,  84.329%
513, 0.344,  84.859%
514, 0.343,  84.877%
515, 0.335,  85.398%
516, 0.343,  84.893%
517, 0.343,  84.853%
518, 0.348,  84.622%
519, 0.335,  85.271%
520, 0.345,  84.733%
521, 0.347,  84.669%
522, 0.341,  85.028%
523, 0.343,  84.826%
524, 0.336,  85.396%
525, 0.342,  84.927%
526, 0.343,  84.877%
527, 0.336,  85.125%
528, 0.343,  84.707%
529, 0.356,  84.337%
530, 0.341,  84.964%
531, 0.346,  84.634%
532, 0.350,  84.804%
533, 0.349,  84.556%
534, 0.334,  85.422%
535, 0.340,  85.141%
536, 0.345,  84.830%
537, 0.336,  85.162%
538, 0.352,  84.362%
539, 0.341,  85.069%
540, 0.346,  84.743%
541, 0.337,  85.307%
542, 0.354,  84.331%
543, 0.345,  84.681%
544, 0.342,  84.824%
545, 0.347,  84.699%
546, 0.346,  84.719%
547, 0.332,  85.360%
548, 0.340,  85.099%
549, 0.342,  84.756%
550, 0.340,  85.099%
551, 0.343,  84.895%
552, 0.342,  84.863%
553, 0.340,  85.044%
554, 0.337,  85.352%
555, 0.341,  85.048%
556, 0.337,  85.251%
557, 0.337,  85.135%
558, 0.343,  84.927%
559, 0.341,  85.089%
560, 0.350,  84.511%
561, 0.345,  84.764%
562, 0.337,  85.186%
563, 0.338,  85.275%
564, 0.336,  85.218%
565, 0.346,  84.768%
566, 0.342,  84.945%
567, 0.329,  85.521%
568, 0.348,  84.648%
569, 0.352,  84.303%
570, 0.339,  85.038%
571, 0.349,  84.537%
572, 0.341,  84.937%
573, 0.350,  84.479%
574, 0.340,  84.992%
575, 0.351,  84.653%
576, 0.336,  85.168%
577, 0.346,  84.541%
578, 0.339,  85.079%
579, 0.343,  84.824%
580, 0.341,  84.861%
581, 0.349,  84.390%
582, 0.342,  84.865%
583, 0.344,  84.784%
584, 0.347,  84.675%
585, 0.340,  85.051%
586, 0.334,  85.380%
587, 0.343,  84.796%
588, 0.335,  85.323%
589, 0.347,  84.754%
590, 0.338,  85.143%
591, 0.344,  84.798%
592, 0.339,  85.131%
593, 0.340,  85.030%
594, 0.345,  85.063%
595, 0.341,  84.947%
596, 0.339,  85.156%
597, 0.341,  85.190%
598, 0.335,  85.206%
599, 0.339,  85.180%
600, 0.340,  85.079%
601, 0.350,  84.285%
602, 0.336,  85.154%
603, 0.345,  84.737%
604, 0.338,  85.028%
605, 0.339,  85.178%
606, 0.339,  85.115%
607, 0.342,  84.885%
608, 0.344,  84.899%
609, 0.339,  85.109%
610, 0.332,  85.388%
611, 0.337,  85.089%
612, 0.331,  85.608%
613, 0.347,  84.638%
614, 0.333,  85.325%
615, 0.341,  85.042%
616, 0.333,  85.339%
617, 0.338,  85.125%
618, 0.338,  85.038%
619, 0.336,  85.141%
620, 0.336,  85.396%
621, 0.335,  85.368%
622, 0.340,  85.117%
623, 0.339,  85.069%
624, 0.347,  84.471%
625, 0.344,  84.913%
626, 0.334,  85.384%
627, 0.343,  84.903%
628, 0.332,  85.436%
629, 0.340,  85.016%
630, 0.341,  85.057%
631, 0.340,  85.067%
632, 0.341,  84.986%
633, 0.340,  84.988%
634, 0.344,  84.731%
635, 0.329,  85.661%
636, 0.349,  84.410%
637, 0.342,  84.929%
638, 0.354,  84.212%
639, 0.350,  84.368%
640, 0.345,  84.915%
641, 0.341,  84.988%
642, 0.338,  85.265%
643, 0.335,  85.358%
644, 0.341,  85.152%
645, 0.343,  84.879%
646, 0.329,  85.596%
647, 0.346,  84.556%
648, 0.340,  85.053%
649, 0.344,  84.729%
650, 0.325,  85.921%
651, 0.337,  85.356%
652, 0.345,  84.877%
653, 0.346,  84.752%
654, 0.326,  85.844%
655, 0.338,  84.954%
656, 0.350,  84.596%
657, 0.342,  84.814%
658, 0.342,  84.774%
659, 0.341,  84.935%
660, 0.341,  85.061%
661, 0.332,  85.382%
662, 0.336,  85.164%
663, 0.342,  85.000%
664, 0.334,  85.424%
665, 0.336,  85.337%
666, 0.348,  84.566%
667, 0.338,  85.194%
668, 0.344,  84.784%
669, 0.342,  85.065%
670, 0.340,  85.059%
671, 0.332,  85.556%
672, 0.344,  84.790%
673, 0.337,  85.210%
674, 0.348,  84.360%
675, 0.332,  85.497%
676, 0.324,  85.921%
677, 0.339,  85.279%
678, 0.338,  85.313%
679, 0.340,  84.988%
680, 0.342,  84.764%
681, 0.333,  85.325%
682, 0.328,  85.733%
683, 0.337,  85.188%
684, 0.332,  85.404%
685, 0.339,  85.040%
686, 0.344,  84.840%
687, 0.333,  85.327%
688, 0.348,  84.651%
689, 0.329,  85.412%
690, 0.333,  85.453%
691, 0.335,  85.479%
692, 0.338,  85.097%
693, 0.341,  84.968%
694, 0.347,  84.543%
695, 0.339,  85.145%
696, 0.346,  84.802%
697, 0.332,  85.358%
698, 0.333,  85.325%
699, 0.339,  84.935%
700, 0.350,  84.568%
701, 0.343,  84.929%
702, 0.338,  85.053%
703, 0.341,  85.008%
704, 0.341,  84.897%
705, 0.331,  85.574%
706, 0.337,  85.285%
707, 0.344,  84.794%
708, 0.337,  85.137%
709, 0.331,  85.628%
710, 0.329,  85.436%
711, 0.342,  84.982%
712, 0.333,  85.511%
713, 0.343,  84.770%
714, 0.335,  85.265%
715, 0.338,  85.133%
716, 0.330,  85.683%
717, 0.341,  85.139%
718, 0.338,  84.992%
719, 0.341,  84.994%
720, 0.334,  85.451%
721, 0.345,  84.881%
722, 0.335,  85.198%
723, 0.350,  84.479%
724, 0.343,  84.705%
725, 0.335,  85.236%
726, 0.330,  85.533%
727, 0.324,  85.867%
728, 0.326,  85.865%
729, 0.337,  85.293%
730, 0.341,  85.042%
731, 0.342,  84.986%
732, 0.339,  85.107%
733, 0.333,  85.628%
734, 0.329,  85.618%
735, 0.341,  84.893%
736, 0.340,  84.984%
737, 0.350,  84.533%
738, 0.339,  85.133%
739, 0.335,  85.442%
740, 0.334,  85.356%
741, 0.344,  84.824%
742, 0.339,  85.188%
743, 0.328,  85.725%
744, 0.336,  85.259%
745, 0.325,  85.828%
746, 0.347,  84.689%
747, 0.334,  85.501%
748, 0.341,  84.798%
749, 0.329,  85.657%
750, 0.339,  85.079%
751, 0.331,  85.622%
752, 0.334,  85.234%
753, 0.337,  85.343%
754, 0.331,  85.358%
755, 0.336,  85.218%
756, 0.336,  85.285%
757, 0.333,  85.364%
758, 0.332,  85.362%
759, 0.336,  85.253%
760, 0.330,  85.800%
761, 0.338,  85.006%
762, 0.341,  84.992%
763, 0.346,  84.747%
764, 0.346,  84.848%
765, 0.331,  85.463%
766, 0.349,  84.535%
767, 0.338,  85.071%
768, 0.333,  85.406%
769, 0.333,  85.543%
770, 0.324,  86.016%
771, 0.336,  85.311%
772, 0.347,  84.608%
773, 0.337,  85.119%
774, 0.333,  85.655%
775, 0.332,  85.368%
776, 0.344,  84.853%
777, 0.337,  85.135%
778, 0.331,  85.521%
779, 0.342,  84.810%
780, 0.329,  85.659%
781, 0.338,  85.048%
782, 0.327,  85.830%
783, 0.332,  85.570%
784, 0.333,  85.372%
785, 0.336,  85.226%
786, 0.328,  85.644%
787, 0.333,  85.384%
788, 0.329,  85.689%
789, 0.339,  85.123%
790, 0.328,  85.745%
791, 0.341,  84.941%
792, 0.337,  84.976%
793, 0.328,  85.754%
794, 0.329,  85.584%
795, 0.335,  85.263%
796, 0.336,  85.299%
797, 0.330,  85.523%
798, 0.338,  85.218%
799, 0.339,  85.119%
800, 0.331,  85.463%
801, 0.333,  85.358%
802, 0.341,  84.996%
803, 0.329,  85.537%
804, 0.339,  85.263%
805, 0.345,  84.665%
806, 0.340,  84.974%
807, 0.332,  85.442%
808, 0.330,  85.554%
809, 0.330,  85.469%
810, 0.335,  85.392%
811, 0.336,  85.364%
812, 0.337,  85.194%
813, 0.334,  85.422%
814, 0.329,  85.782%
815, 0.337,  85.121%
816, 0.340,  85.028%
817, 0.347,  84.525%
818, 0.336,  85.202%
819, 0.336,  85.137%
820, 0.334,  85.386%
821, 0.338,  85.006%
822, 0.342,  84.988%
823, 0.332,  85.491%
824, 0.336,  85.230%
825, 0.334,  85.238%
826, 0.334,  85.412%
827, 0.326,  85.725%
828, 0.339,  85.061%
829, 0.335,  85.275%
830, 0.332,  85.364%
831, 0.338,  85.091%
832, 0.332,  85.477%
833, 0.334,  85.287%
834, 0.339,  85.212%
835, 0.335,  85.329%
836, 0.330,  85.697%
837, 0.329,  85.545%
838, 0.336,  85.341%
839, 0.338,  85.097%
840, 0.334,  85.406%
841, 0.336,  85.196%
842, 0.336,  85.139%
843, 0.331,  85.465%
844, 0.327,  85.671%
845, 0.322,  86.059%
846, 0.336,  85.038%
847, 0.339,  85.149%
848, 0.335,  85.279%
849, 0.334,  85.354%
850, 0.326,  85.810%
851, 0.336,  85.267%
852, 0.344,  84.804%
853, 0.339,  85.044%
854, 0.336,  85.182%
855, 0.336,  85.261%
856, 0.333,  85.285%
857, 0.320,  86.010%
858, 0.337,  85.075%
859, 0.329,  85.582%
860, 0.339,  85.026%
861, 0.330,  85.663%
862, 0.331,  85.634%
863, 0.332,  85.335%
864, 0.333,  85.293%
865, 0.333,  85.315%
866, 0.340,  85.147%
867, 0.339,  85.081%
868, 0.333,  85.491%
869, 0.331,  85.354%
870, 0.339,  85.149%
871, 0.334,  85.467%
872, 0.339,  84.883%
873, 0.327,  85.582%
874, 0.335,  85.293%
875, 0.337,  85.069%
876, 0.323,  85.909%
877, 0.333,  85.299%
878, 0.337,  85.180%
879, 0.332,  85.473%
880, 0.329,  85.511%
881, 0.334,  85.497%
882, 0.339,  85.133%
883, 0.334,  85.352%
884, 0.333,  85.521%
885, 0.336,  85.133%
886, 0.341,  84.899%
887, 0.341,  84.909%
888, 0.348,  84.554%
889, 0.340,  84.897%
890, 0.323,  86.030%
891, 0.335,  85.283%
892, 0.327,  85.729%
893, 0.332,  85.511%
894, 0.342,  84.909%
895, 0.336,  85.311%
896, 0.325,  85.954%
897, 0.321,  85.960%
898, 0.332,  85.404%
899, 0.334,  85.331%
900, 0.332,  85.560%
901, 0.331,  85.634%
902, 0.336,  85.158%
903, 0.318,  86.234%
904, 0.332,  85.489%
905, 0.330,  85.523%
906, 0.326,  86.073%
907, 0.338,  85.044%
908, 0.323,  86.044%
909, 0.337,  85.085%
910, 0.330,  85.549%
911, 0.327,  85.719%
912, 0.336,  85.283%
913, 0.336,  85.164%
914, 0.331,  85.226%
915, 0.332,  85.446%
916, 0.334,  85.366%
917, 0.336,  85.315%
918, 0.328,  85.661%
919, 0.331,  85.309%
920, 0.343,  84.879%
921, 0.329,  85.822%
922, 0.330,  85.465%
923, 0.339,  84.970%
924, 0.330,  85.549%
925, 0.326,  85.683%
926, 0.325,  85.857%
927, 0.334,  85.329%
928, 0.329,  85.529%
929, 0.335,  85.200%
930, 0.323,  85.960%
931, 0.334,  85.257%
932, 0.333,  85.523%
933, 0.340,  85.065%
934, 0.347,  84.594%
935, 0.327,  85.636%
936, 0.332,  85.388%
937, 0.326,  85.743%
938, 0.323,  86.024%
939, 0.329,  85.416%
940, 0.339,  85.057%
941, 0.333,  85.448%
942, 0.336,  85.180%
943, 0.334,  85.295%
944, 0.333,  85.362%
945, 0.336,  85.210%
946, 0.330,  85.669%
947, 0.328,  85.707%
948, 0.330,  85.414%
949, 0.338,  85.044%
950, 0.329,  85.574%
951, 0.337,  85.220%
952, 0.331,  85.515%
953, 0.326,  85.628%
954, 0.336,  85.135%
955, 0.334,  85.331%
956, 0.338,  85.095%
957, 0.334,  85.325%
958, 0.336,  85.178%
959, 0.326,  85.737%
960, 0.341,  84.921%
961, 0.339,  84.935%
962, 0.327,  85.610%
963, 0.334,  85.238%
964, 0.335,  85.091%
965, 0.326,  85.739%
966, 0.330,  85.465%
967, 0.321,  86.067%
968, 0.342,  84.943%
969, 0.323,  85.802%
970, 0.331,  85.360%
971, 0.344,  84.756%
972, 0.332,  85.374%
973, 0.338,  85.095%
974, 0.328,  85.828%
975, 0.329,  85.790%
976, 0.334,  85.414%
977, 0.335,  85.372%
978, 0.332,  85.511%
979, 0.337,  85.044%
980, 0.330,  85.491%
981, 0.327,  85.808%
982, 0.332,  85.422%
983, 0.333,  85.281%
984, 0.327,  85.590%
985, 0.338,  85.152%
986, 0.330,  85.572%
987, 0.333,  85.360%
988, 0.335,  85.400%
989, 0.328,  85.578%
990, 0.339,  85.125%
991, 0.328,  85.665%
992, 0.334,  85.226%
993, 0.342,  84.857%
994, 0.334,  85.382%
995, 0.326,  85.764%
996, 0.323,  86.202%
997, 0.330,  85.547%
998, 0.337,  85.303%
999, 0.331,  85.279%
